ARM GAS  /tmp/cccV7OPi.s 			page 1


   1              		.syntax unified
   2              		.cpu cortex-m3
   3              		.fpu softvfp
   4              		.eabi_attribute 20, 1
   5              		.eabi_attribute 21, 1
   6              		.eabi_attribute 23, 3
   7              		.eabi_attribute 24, 1
   8              		.eabi_attribute 25, 1
   9              		.eabi_attribute 26, 1
  10              		.eabi_attribute 30, 2
  11              		.eabi_attribute 18, 4
  12              		.thumb
  13              		.file	"main.c"
  14              		.text
  15              	.Ltext0:
  16              		.cfi_sections	.debug_frame
  17              		.section	.text.Thread1,"ax",%progbits
  18              		.align	2
  19              		.p2align 4,,15
  20              		.thumb
  21              		.thumb_func
  22              		.type	Thread1, %function
  23              	Thread1:
  24              	.LFB63:
  25              		.file 1 "main.c"
  26              		.loc 1 26 0
  27              		.cfi_startproc
  28              		@ args = 0, pretend = 0, frame = 0
  29              		@ frame_needed = 0, uses_anonymous_args = 0
  30              	.LVL0:
  31              		.loc 1 29 0
  32 0000 254B     		ldr	r3, .L4
  33 0002 264A     		ldr	r2, .L4+4
  34 0004 9B69     		ldr	r3, [r3, #24]
  35              		.loc 1 26 0
  36 0006 2DE9F047 		push	{r4, r5, r6, r7, r8, r9, sl, lr}
  37              	.LCFI0:
  38              		.cfi_def_cfa_offset 32
  39              		.cfi_offset 14, -4
  40              		.cfi_offset 10, -8
  41              		.cfi_offset 9, -12
  42              		.cfi_offset 8, -16
  43              		.cfi_offset 7, -20
  44              		.cfi_offset 6, -24
  45              		.cfi_offset 5, -28
  46              		.cfi_offset 4, -32
  47              		.loc 1 31 0
  48 000a 4FF48054 		mov	r4, #4096
  49 000e 4FF40049 		mov	r9, #32768
  50              		.loc 1 44 0
  51 0012 4FF44068 		mov	r8, #3072
  52              		.loc 1 49 0
  53 0016 4FF40067 		mov	r7, #2048
  54              		.loc 1 29 0
  55 001a 9A61     		str	r2, [r3, #24]
  56              		.loc 1 31 0
  57 001c C4F20104 		movt	r4, 16385
ARM GAS  /tmp/cccV7OPi.s 			page 2


  58 0020 CA46     		mov	sl, r9
  59              		.loc 1 44 0
  60 0022 C4F20108 		movt	r8, 16385
  61              		.loc 1 49 0
  62 0026 C4F20107 		movt	r7, 16385
  63              	.LVL1:
  64              	.L2:
  65              		.loc 1 31 0 discriminator 1
  66 002a C4F814A0 		str	sl, [r4, #20]
  67              		.loc 1 32 0 discriminator 1
  68 002e 4FF4FA70 		mov	r0, #500
  69 0032 FFF7FEFF 		bl	chThdSleep
  70              		.loc 1 35 0 discriminator 1
  71 0036 2026     		movs	r6, #32
  72              		.loc 1 34 0 discriminator 1
  73 0038 0120     		movs	r0, #1
  74              		.loc 1 33 0 discriminator 1
  75 003a C4F81090 		str	r9, [r4, #16]
  76              		.loc 1 34 0 discriminator 1
  77 003e FFF7FEFF 		bl	chThdSleep
  78              		.loc 1 35 0 discriminator 1
  79 0042 6661     		str	r6, [r4, #20]
  80              		.loc 1 36 0 discriminator 1
  81 0044 4FF4FA70 		mov	r0, #500
  82 0048 FFF7FEFF 		bl	chThdSleep
  83              		.loc 1 39 0 discriminator 1
  84 004c 0425     		movs	r5, #4
  85              		.loc 1 37 0 discriminator 1
  86 004e 2661     		str	r6, [r4, #16]
  87              		.loc 1 38 0 discriminator 1
  88 0050 0120     		movs	r0, #1
  89 0052 FFF7FEFF 		bl	chThdSleep
  90              		.loc 1 39 0 discriminator 1
  91 0056 6561     		str	r5, [r4, #20]
  92              		.loc 1 40 0 discriminator 1
  93 0058 4FF4FA70 		mov	r0, #500
  94 005c FFF7FEFF 		bl	chThdSleep
  95              		.loc 1 44 0 discriminator 1
  96 0060 1026     		movs	r6, #16
  97              		.loc 1 41 0 discriminator 1
  98 0062 2561     		str	r5, [r4, #16]
  99              		.loc 1 42 0 discriminator 1
 100 0064 0120     		movs	r0, #1
 101 0066 FFF7FEFF 		bl	chThdSleep
 102              		.loc 1 44 0 discriminator 1
 103 006a C8F81460 		str	r6, [r8, #20]
 104              		.loc 1 45 0 discriminator 1
 105 006e 4FF4FA70 		mov	r0, #500
 106 0072 FFF7FEFF 		bl	chThdSleep
 107              		.loc 1 49 0 discriminator 1
 108 0076 4FF48075 		mov	r5, #256
 109              		.loc 1 47 0 discriminator 1
 110 007a 0120     		movs	r0, #1
 111              		.loc 1 46 0 discriminator 1
 112 007c C8F81060 		str	r6, [r8, #16]
 113              		.loc 1 47 0 discriminator 1
 114 0080 FFF7FEFF 		bl	chThdSleep
ARM GAS  /tmp/cccV7OPi.s 			page 3


 115              		.loc 1 49 0 discriminator 1
 116 0084 7D61     		str	r5, [r7, #20]
 117              		.loc 1 50 0 discriminator 1
 118 0086 4FF4FA70 		mov	r0, #500
 119 008a FFF7FEFF 		bl	chThdSleep
 120              		.loc 1 51 0 discriminator 1
 121 008e 3D61     		str	r5, [r7, #16]
 122              		.loc 1 52 0 discriminator 1
 123 0090 0120     		movs	r0, #1
 124 0092 FFF7FEFF 		bl	chThdSleep
 125 0096 C8E7     		b	.L2
 126              	.L5:
 127              		.align	2
 128              	.L4:
 129 0098 00000000 		.word	rlist
 130 009c 00000000 		.word	.LC0
 131              		.cfi_endproc
 132              	.LFE63:
 133              		.size	Thread1, .-Thread1
 134              		.section	.text.startup.main,"ax",%progbits
 135              		.align	2
 136              		.p2align 4,,15
 137              		.global	main
 138              		.thumb
 139              		.thumb_func
 140              		.type	main, %function
 141              	main:
 142              	.LFB64:
 143              		.loc 1 60 0
 144              		.cfi_startproc
 145              		@ args = 0, pretend = 0, frame = 16
 146              		@ frame_needed = 0, uses_anonymous_args = 0
 147 0000 2DE9F043 		push	{r4, r5, r6, r7, r8, r9, lr}
 148              	.LCFI1:
 149              		.cfi_def_cfa_offset 28
 150              		.cfi_offset 14, -4
 151              		.cfi_offset 9, -8
 152              		.cfi_offset 8, -12
 153              		.cfi_offset 7, -16
 154              		.cfi_offset 6, -20
 155              		.cfi_offset 5, -24
 156              		.cfi_offset 4, -28
 157 0004 87B0     		sub	sp, sp, #28
 158              	.LCFI2:
 159              		.cfi_def_cfa_offset 56
 160              		.loc 1 70 0
 161 0006 FFF7FEFF 		bl	halInit
 162              		.loc 1 71 0
 163 000a FFF7FEFF 		bl	chSysInit
 164              		.loc 1 84 0
 165 000e 1E48     		ldr	r0, .L8
 166 0010 1E49     		ldr	r1, .L8+4
 167 0012 FFF7FEFF 		bl	sdStart
 168              		.loc 1 89 0
 169 0016 0027     		movs	r7, #0
 170 0018 1D48     		ldr	r0, .L8+8
 171 001a 4FF49871 		mov	r1, #304
ARM GAS  /tmp/cccV7OPi.s 			page 4


 172 001e 4022     		movs	r2, #64
 173 0020 1C4B     		ldr	r3, .L8+12
 174 0022 0097     		str	r7, [sp, #0]
 175 0024 FFF7FEFF 		bl	chThdCreateStatic
 176 0028 03AC     		add	r4, sp, #12
 177              	.LBB2:
 178              		.loc 1 98 0
 179 002a 4FF00108 		mov	r8, #1
 180 002e 4FF00809 		mov	r9, #8
 181 0032 1226     		movs	r6, #18
 182 0034 3425     		movs	r5, #52
 183              	.L7:
 184              		.loc 1 98 0 is_stmt 0 discriminator 1
 185 0036 4FF0560E 		mov	lr, #86
 186 003a 2760     		str	r7, [r4, #0]
 187 003c 8DF810E0 		strb	lr, [sp, #16]
 188              		.loc 1 100 0 is_stmt 1 discriminator 1
 189 0040 03AC     		add	r4, sp, #12
 190              		.loc 1 98 0 discriminator 1
 191 0042 4FF0780E 		mov	lr, #120
 192 0046 8DF811E0 		strb	lr, [sp, #17]
 193              		.loc 1 100 0 discriminator 1
 194 004a 2146     		mov	r1, r4
 195              		.loc 1 98 0 discriminator 1
 196 004c 4FF00D0E 		mov	lr, #13
 197              		.loc 1 100 0 discriminator 1
 198 0050 0A22     		movs	r2, #10
 199 0052 4FF0FF33 		mov	r3, #-1
 200 0056 1048     		ldr	r0, .L8+16
 201              		.loc 1 98 0 discriminator 1
 202 0058 ADF81470 		strh	r7, [sp, #20]	@ movhi
 203 005c 8DF80C80 		strb	r8, [sp, #12]
 204 0060 8DF80D90 		strb	r9, [sp, #13]
 205 0064 8DF80E60 		strb	r6, [sp, #14]
 206 0068 8DF80F50 		strb	r5, [sp, #15]
 207 006c 8DF81260 		strb	r6, [sp, #18]
 208 0070 8DF81350 		strb	r5, [sp, #19]
 209 0074 8DF814E0 		strb	lr, [sp, #20]
 210              	.LVL2:
 211              		.loc 1 100 0 discriminator 1
 212 0078 FFF7FEFF 		bl	chOQWriteTimeout
 213              		.loc 1 101 0 discriminator 1
 214 007c 41F28830 		movw	r0, #5000
 215 0080 FFF7FEFF 		bl	chThdSleep
 216 0084 D7E7     		b	.L7
 217              	.L9:
 218 0086 00BF     		.align	2
 219              	.L8:
 220 0088 00000000 		.word	SD4
 221 008c 00000000 		.word	.LANCHOR0
 222 0090 00000000 		.word	.LANCHOR1
 223 0094 00000000 		.word	Thread1
 224 0098 30000000 		.word	SD4+48
 225              	.LBE2:
 226              		.cfi_endproc
 227              	.LFE64:
 228              		.size	main, .-main
ARM GAS  /tmp/cccV7OPi.s 			page 5


 229 009c AFF30080 		.section	.bss.waThread1,"aw",%nobits
 230              		.align	3
 231              		.set	.LANCHOR1,. + 0
 232              		.type	waThread1, %object
 233              		.size	waThread1, 304
 234              	waThread1:
 235 0000 00000000 		.space	304
 235      00000000 
 235      00000000 
 235      00000000 
 235      00000000 
 236              		.section	.rodata.str1.4,"aMS",%progbits,1
 237              		.align	2
 238              	.LC0:
 239 0000 626C696E 		.ascii	"blinker\000"
 239      6B657200 
 240              		.section	.rodata.default_config.3252,"a",%progbits
 241              		.align	2
 242              		.set	.LANCHOR0,. + 0
 243              		.type	default_config.3252, %object
 244              		.size	default_config.3252, 12
 245              	default_config.3252:
 246 0000 10552200 		.word	2250000
 247 0004 0000     		.short	0
 248 0006 0040     		.short	16384
 249 0008 0000     		.short	0
 250 000a 0000     		.space	2
 251              		.text
 252              	.Letext0:
 253              		.file 2 "/opt/paparazzi/arm-multilib/lib/gcc/arm-none-eabi/4.6.2/include/stddef.h"
 254              		.file 3 "/opt/paparazzi/arm-multilib/lib/gcc/arm-none-eabi/4.6.2/../../../../arm-none-eabi/include
 255              		.file 4 "../../os/ports/GCC/ARMCMx/chtypes.h"
 256              		.file 5 "../../os/kernel/include/chlists.h"
 257              		.file 6 "../../os/kernel/include/chthreads.h"
 258              		.file 7 "../../os/ports/GCC/ARMCMx/chcore_v7m.h"
 259              		.file 8 "../../os/kernel/include/chschd.h"
 260              		.file 9 "../../os/kernel/include/chmtx.h"
 261              		.file 10 "../../os/kernel/include/chevents.h"
 262              		.file 11 "../../os/kernel/include/chqueues.h"
 263              		.file 12 "../../os/hal/platforms/STM32F1xx/stm32f10x.h"
 264              		.file 13 "../../os/hal/platforms/STM32/GPIOv1/pal_lld.h"
 265              		.file 14 "../../os/hal/include/serial.h"
 266              		.file 15 "../../os/hal/platforms/STM32/USARTv1/serial_lld.h"
 267              		.file 16 "../../os/ports/common/ARMCMx/CMSIS/include/core_cm3.h"
 268              		.section	.debug_info,"",%progbits
 269              	.Ldebug_info0:
 270 0000 CB0A0000 		.4byte	0xacb
 271 0004 0200     		.2byte	0x2
 272 0006 00000000 		.4byte	.Ldebug_abbrev0
 273 000a 04       		.byte	0x4
 274 000b 01       		.uleb128 0x1
 275 000c A3010000 		.4byte	.LASF124
 276 0010 01       		.byte	0x1
 277 0011 78020000 		.4byte	.LASF125
 278 0015 1E040000 		.4byte	.LASF126
 279 0019 00000000 		.4byte	0
 280 001d 00000000 		.4byte	0
ARM GAS  /tmp/cccV7OPi.s 			page 6


 281 0021 00000000 		.4byte	.Ldebug_ranges0+0
 282 0025 00000000 		.4byte	.Ldebug_line0
 283 0029 02       		.uleb128 0x2
 284 002a 04       		.byte	0x4
 285 002b 05       		.byte	0x5
 286 002c 696E7400 		.ascii	"int\000"
 287 0030 03       		.uleb128 0x3
 288 0031 00000000 		.4byte	.LASF2
 289 0035 02       		.byte	0x2
 290 0036 D4       		.byte	0xd4
 291 0037 3B000000 		.4byte	0x3b
 292 003b 04       		.uleb128 0x4
 293 003c 04       		.byte	0x4
 294 003d 07       		.byte	0x7
 295 003e 39010000 		.4byte	.LASF0
 296 0042 04       		.uleb128 0x4
 297 0043 01       		.byte	0x1
 298 0044 06       		.byte	0x6
 299 0045 98000000 		.4byte	.LASF1
 300 0049 03       		.uleb128 0x3
 301 004a A7040000 		.4byte	.LASF3
 302 004e 03       		.byte	0x3
 303 004f 2A       		.byte	0x2a
 304 0050 54000000 		.4byte	0x54
 305 0054 04       		.uleb128 0x4
 306 0055 01       		.byte	0x1
 307 0056 08       		.byte	0x8
 308 0057 0F030000 		.4byte	.LASF4
 309 005b 04       		.uleb128 0x4
 310 005c 02       		.byte	0x2
 311 005d 05       		.byte	0x5
 312 005e 3C030000 		.4byte	.LASF5
 313 0062 03       		.uleb128 0x3
 314 0063 46010000 		.4byte	.LASF6
 315 0067 03       		.byte	0x3
 316 0068 36       		.byte	0x36
 317 0069 6D000000 		.4byte	0x6d
 318 006d 04       		.uleb128 0x4
 319 006e 02       		.byte	0x2
 320 006f 07       		.byte	0x7
 321 0070 90010000 		.4byte	.LASF7
 322 0074 03       		.uleb128 0x3
 323 0075 07030000 		.4byte	.LASF8
 324 0079 03       		.byte	0x3
 325 007a 4F       		.byte	0x4f
 326 007b 7F000000 		.4byte	0x7f
 327 007f 04       		.uleb128 0x4
 328 0080 04       		.byte	0x4
 329 0081 05       		.byte	0x5
 330 0082 DD000000 		.4byte	.LASF9
 331 0086 03       		.uleb128 0x3
 332 0087 B7030000 		.4byte	.LASF10
 333 008b 03       		.byte	0x3
 334 008c 50       		.byte	0x50
 335 008d 91000000 		.4byte	0x91
 336 0091 04       		.uleb128 0x4
 337 0092 04       		.byte	0x4
ARM GAS  /tmp/cccV7OPi.s 			page 7


 338 0093 07       		.byte	0x7
 339 0094 DF030000 		.4byte	.LASF11
 340 0098 04       		.uleb128 0x4
 341 0099 08       		.byte	0x8
 342 009a 05       		.byte	0x5
 343 009b 8A000000 		.4byte	.LASF12
 344 009f 03       		.uleb128 0x3
 345 00a0 0E000000 		.4byte	.LASF13
 346 00a4 03       		.byte	0x3
 347 00a5 78       		.byte	0x78
 348 00a6 AA000000 		.4byte	0xaa
 349 00aa 04       		.uleb128 0x4
 350 00ab 08       		.byte	0x8
 351 00ac 07       		.byte	0x7
 352 00ad 30000000 		.4byte	.LASF14
 353 00b1 04       		.uleb128 0x4
 354 00b2 01       		.byte	0x1
 355 00b3 02       		.byte	0x2
 356 00b4 01030000 		.4byte	.LASF15
 357 00b8 03       		.uleb128 0x3
 358 00b9 E7010000 		.4byte	.LASF16
 359 00bd 04       		.byte	0x4
 360 00be 2C       		.byte	0x2c
 361 00bf 49000000 		.4byte	0x49
 362 00c3 03       		.uleb128 0x3
 363 00c4 E6000000 		.4byte	.LASF17
 364 00c8 04       		.byte	0x4
 365 00c9 2D       		.byte	0x2d
 366 00ca 49000000 		.4byte	0x49
 367 00ce 03       		.uleb128 0x3
 368 00cf A6020000 		.4byte	.LASF18
 369 00d3 04       		.byte	0x4
 370 00d4 2E       		.byte	0x2e
 371 00d5 49000000 		.4byte	0x49
 372 00d9 03       		.uleb128 0x3
 373 00da BE000000 		.4byte	.LASF19
 374 00de 04       		.byte	0x4
 375 00df 2F       		.byte	0x2f
 376 00e0 49000000 		.4byte	0x49
 377 00e4 03       		.uleb128 0x3
 378 00e5 F1020000 		.4byte	.LASF20
 379 00e9 04       		.byte	0x4
 380 00ea 30       		.byte	0x30
 381 00eb 86000000 		.4byte	0x86
 382 00ef 03       		.uleb128 0x3
 383 00f0 C5010000 		.4byte	.LASF21
 384 00f4 04       		.byte	0x4
 385 00f5 31       		.byte	0x31
 386 00f6 74000000 		.4byte	0x74
 387 00fa 03       		.uleb128 0x3
 388 00fb FB010000 		.4byte	.LASF22
 389 00ff 04       		.byte	0x4
 390 0100 33       		.byte	0x33
 391 0101 86000000 		.4byte	0x86
 392 0105 03       		.uleb128 0x3
 393 0106 47000000 		.4byte	.LASF23
 394 010a 04       		.byte	0x4
ARM GAS  /tmp/cccV7OPi.s 			page 8


 395 010b 34       		.byte	0x34
 396 010c 86000000 		.4byte	0x86
 397 0110 03       		.uleb128 0x3
 398 0111 09040000 		.4byte	.LASF24
 399 0115 04       		.byte	0x4
 400 0116 35       		.byte	0x35
 401 0117 86000000 		.4byte	0x86
 402 011b 03       		.uleb128 0x3
 403 011c 85030000 		.4byte	.LASF25
 404 0120 05       		.byte	0x5
 405 0121 2A       		.byte	0x2a
 406 0122 26010000 		.4byte	0x126
 407 0126 05       		.uleb128 0x5
 408 0127 85030000 		.4byte	.LASF25
 409 012b 48       		.byte	0x48
 410 012c 06       		.byte	0x6
 411 012d 5E       		.byte	0x5e
 412 012e 4B020000 		.4byte	0x24b
 413 0132 06       		.uleb128 0x6
 414 0133 66030000 		.4byte	.LASF26
 415 0137 06       		.byte	0x6
 416 0138 5F       		.byte	0x5f
 417 0139 70020000 		.4byte	0x270
 418 013d 02       		.byte	0x2
 419 013e 23       		.byte	0x23
 420 013f 00       		.uleb128 0
 421 0140 06       		.uleb128 0x6
 422 0141 E0020000 		.4byte	.LASF27
 423 0145 06       		.byte	0x6
 424 0146 61       		.byte	0x61
 425 0147 70020000 		.4byte	0x270
 426 014b 02       		.byte	0x2
 427 014c 23       		.byte	0x23
 428 014d 04       		.uleb128 0x4
 429 014e 06       		.uleb128 0x6
 430 014f 73000000 		.4byte	.LASF28
 431 0153 06       		.byte	0x6
 432 0154 63       		.byte	0x63
 433 0155 E4000000 		.4byte	0xe4
 434 0159 02       		.byte	0x2
 435 015a 23       		.byte	0x23
 436 015b 08       		.uleb128 0x8
 437 015c 06       		.uleb128 0x6
 438 015d D7040000 		.4byte	.LASF29
 439 0161 06       		.byte	0x6
 440 0162 64       		.byte	0x64
 441 0163 49030000 		.4byte	0x349
 442 0167 02       		.byte	0x2
 443 0168 23       		.byte	0x23
 444 0169 0C       		.uleb128 0xc
 445 016a 06       		.uleb128 0x6
 446 016b 0E010000 		.4byte	.LASF30
 447 016f 06       		.byte	0x6
 448 0170 66       		.byte	0x66
 449 0171 70020000 		.4byte	0x270
 450 0175 02       		.byte	0x2
 451 0176 23       		.byte	0x23
ARM GAS  /tmp/cccV7OPi.s 			page 9


 452 0177 10       		.uleb128 0x10
 453 0178 06       		.uleb128 0x6
 454 0179 5D020000 		.4byte	.LASF31
 455 017d 06       		.byte	0x6
 456 017e 67       		.byte	0x67
 457 017f 70020000 		.4byte	0x270
 458 0183 02       		.byte	0x2
 459 0184 23       		.byte	0x23
 460 0185 14       		.uleb128 0x14
 461 0186 06       		.uleb128 0x6
 462 0187 7F040000 		.4byte	.LASF32
 463 018b 06       		.byte	0x6
 464 018c 6E       		.byte	0x6e
 465 018d D7040000 		.4byte	0x4d7
 466 0191 02       		.byte	0x2
 467 0192 23       		.byte	0x23
 468 0193 18       		.uleb128 0x18
 469 0194 06       		.uleb128 0x6
 470 0195 46030000 		.4byte	.LASF33
 471 0199 06       		.byte	0x6
 472 019a 79       		.byte	0x79
 473 019b C3000000 		.4byte	0xc3
 474 019f 02       		.byte	0x2
 475 01a0 23       		.byte	0x23
 476 01a1 1C       		.uleb128 0x1c
 477 01a2 06       		.uleb128 0x6
 478 01a3 6D030000 		.4byte	.LASF34
 479 01a7 06       		.byte	0x6
 480 01a8 7D       		.byte	0x7d
 481 01a9 B8000000 		.4byte	0xb8
 482 01ad 02       		.byte	0x2
 483 01ae 23       		.byte	0x23
 484 01af 1D       		.uleb128 0x1d
 485 01b0 06       		.uleb128 0x6
 486 01b1 EF000000 		.4byte	.LASF35
 487 01b5 06       		.byte	0x6
 488 01b6 82       		.byte	0x82
 489 01b7 CE000000 		.4byte	0xce
 490 01bb 02       		.byte	0x2
 491 01bc 23       		.byte	0x23
 492 01bd 1E       		.uleb128 0x1e
 493 01be 06       		.uleb128 0x6
 494 01bf 4E030000 		.4byte	.LASF36
 495 01c3 06       		.byte	0x6
 496 01c4 88       		.byte	0x88
 497 01c5 D9000000 		.4byte	0xd9
 498 01c9 02       		.byte	0x2
 499 01ca 23       		.byte	0x23
 500 01cb 1F       		.uleb128 0x1f
 501 01cc 06       		.uleb128 0x6
 502 01cd 5F010000 		.4byte	.LASF37
 503 01d1 06       		.byte	0x6
 504 01d2 8F       		.byte	0x8f
 505 01d3 71030000 		.4byte	0x371
 506 01d7 02       		.byte	0x2
 507 01d8 23       		.byte	0x23
 508 01d9 20       		.uleb128 0x20
ARM GAS  /tmp/cccV7OPi.s 			page 10


 509 01da 07       		.uleb128 0x7
 510 01db 705F7500 		.ascii	"p_u\000"
 511 01df 06       		.byte	0x6
 512 01e0 B4       		.byte	0xb4
 513 01e1 A2040000 		.4byte	0x4a2
 514 01e5 02       		.byte	0x2
 515 01e6 23       		.byte	0x23
 516 01e7 24       		.uleb128 0x24
 517 01e8 06       		.uleb128 0x6
 518 01e9 DD040000 		.4byte	.LASF38
 519 01ed 06       		.byte	0x6
 520 01ee B9       		.byte	0xb9
 521 01ef 98020000 		.4byte	0x298
 522 01f3 02       		.byte	0x2
 523 01f4 23       		.byte	0x23
 524 01f5 28       		.uleb128 0x28
 525 01f6 06       		.uleb128 0x6
 526 01f7 6D010000 		.4byte	.LASF39
 527 01fb 06       		.byte	0x6
 528 01fc BF       		.byte	0xbf
 529 01fd 76020000 		.4byte	0x276
 530 0201 02       		.byte	0x2
 531 0202 23       		.byte	0x23
 532 0203 2C       		.uleb128 0x2c
 533 0204 06       		.uleb128 0x6
 534 0205 C4040000 		.4byte	.LASF40
 535 0209 06       		.byte	0x6
 536 020a C3       		.byte	0xc3
 537 020b EF000000 		.4byte	0xef
 538 020f 02       		.byte	0x2
 539 0210 23       		.byte	0x23
 540 0211 34       		.uleb128 0x34
 541 0212 06       		.uleb128 0x6
 542 0213 98030000 		.4byte	.LASF41
 543 0217 06       		.byte	0x6
 544 0218 C9       		.byte	0xc9
 545 0219 FA000000 		.4byte	0xfa
 546 021d 02       		.byte	0x2
 547 021e 23       		.byte	0x23
 548 021f 38       		.uleb128 0x38
 549 0220 06       		.uleb128 0x6
 550 0221 32030000 		.4byte	.LASF42
 551 0225 06       		.byte	0x6
 552 0226 D0       		.byte	0xd0
 553 0227 E9040000 		.4byte	0x4e9
 554 022b 02       		.byte	0x2
 555 022c 23       		.byte	0x23
 556 022d 3C       		.uleb128 0x3c
 557 022e 06       		.uleb128 0x6
 558 022f 13040000 		.4byte	.LASF43
 559 0233 06       		.byte	0x6
 560 0234 D4       		.byte	0xd4
 561 0235 E4000000 		.4byte	0xe4
 562 0239 02       		.byte	0x2
 563 023a 23       		.byte	0x23
 564 023b 40       		.uleb128 0x40
 565 023c 06       		.uleb128 0x6
ARM GAS  /tmp/cccV7OPi.s 			page 11


 566 023d AE000000 		.4byte	.LASF44
 567 0241 06       		.byte	0x6
 568 0242 DA       		.byte	0xda
 569 0243 AE020000 		.4byte	0x2ae
 570 0247 02       		.byte	0x2
 571 0248 23       		.byte	0x23
 572 0249 44       		.uleb128 0x44
 573 024a 00       		.byte	0
 574 024b 08       		.uleb128 0x8
 575 024c 08       		.byte	0x8
 576 024d 05       		.byte	0x5
 577 024e 61       		.byte	0x61
 578 024f 70020000 		.4byte	0x270
 579 0253 06       		.uleb128 0x6
 580 0254 66030000 		.4byte	.LASF26
 581 0258 05       		.byte	0x5
 582 0259 62       		.byte	0x62
 583 025a 70020000 		.4byte	0x270
 584 025e 02       		.byte	0x2
 585 025f 23       		.byte	0x23
 586 0260 00       		.uleb128 0
 587 0261 06       		.uleb128 0x6
 588 0262 E0020000 		.4byte	.LASF27
 589 0266 05       		.byte	0x5
 590 0267 64       		.byte	0x64
 591 0268 70020000 		.4byte	0x270
 592 026c 02       		.byte	0x2
 593 026d 23       		.byte	0x23
 594 026e 04       		.uleb128 0x4
 595 026f 00       		.byte	0
 596 0270 09       		.uleb128 0x9
 597 0271 04       		.byte	0x4
 598 0272 1B010000 		.4byte	0x11b
 599 0276 03       		.uleb128 0x3
 600 0277 6B020000 		.4byte	.LASF45
 601 027b 05       		.byte	0x5
 602 027c 66       		.byte	0x66
 603 027d 4B020000 		.4byte	0x24b
 604 0281 08       		.uleb128 0x8
 605 0282 04       		.byte	0x4
 606 0283 05       		.byte	0x5
 607 0284 6B       		.byte	0x6b
 608 0285 98020000 		.4byte	0x298
 609 0289 06       		.uleb128 0x6
 610 028a 66030000 		.4byte	.LASF26
 611 028e 05       		.byte	0x5
 612 028f 6D       		.byte	0x6d
 613 0290 70020000 		.4byte	0x270
 614 0294 02       		.byte	0x2
 615 0295 23       		.byte	0x23
 616 0296 00       		.uleb128 0
 617 0297 00       		.byte	0
 618 0298 03       		.uleb128 0x3
 619 0299 EF010000 		.4byte	.LASF46
 620 029d 05       		.byte	0x5
 621 029e 70       		.byte	0x70
 622 029f 81020000 		.4byte	0x281
ARM GAS  /tmp/cccV7OPi.s 			page 12


 623 02a3 03       		.uleb128 0x3
 624 02a4 1E010000 		.4byte	.LASF47
 625 02a8 07       		.byte	0x7
 626 02a9 E5       		.byte	0xe5
 627 02aa AE020000 		.4byte	0x2ae
 628 02ae 0A       		.uleb128 0xa
 629 02af 04       		.byte	0x4
 630 02b0 03       		.uleb128 0x3
 631 02b1 2F020000 		.4byte	.LASF48
 632 02b5 07       		.byte	0x7
 633 02b6 EB       		.byte	0xeb
 634 02b7 9F000000 		.4byte	0x9f
 635 02bb 0B       		.uleb128 0xb
 636 02bc 69040000 		.4byte	.LASF49
 637 02c0 24       		.byte	0x24
 638 02c1 07       		.byte	0x7
 639 02c2 0C01     		.2byte	0x10c
 640 02c4 49030000 		.4byte	0x349
 641 02c8 0C       		.uleb128 0xc
 642 02c9 723400   		.ascii	"r4\000"
 643 02cc 07       		.byte	0x7
 644 02cd 1F01     		.2byte	0x11f
 645 02cf A3020000 		.4byte	0x2a3
 646 02d3 02       		.byte	0x2
 647 02d4 23       		.byte	0x23
 648 02d5 00       		.uleb128 0
 649 02d6 0C       		.uleb128 0xc
 650 02d7 723500   		.ascii	"r5\000"
 651 02da 07       		.byte	0x7
 652 02db 2001     		.2byte	0x120
 653 02dd A3020000 		.4byte	0x2a3
 654 02e1 02       		.byte	0x2
 655 02e2 23       		.byte	0x23
 656 02e3 04       		.uleb128 0x4
 657 02e4 0C       		.uleb128 0xc
 658 02e5 723600   		.ascii	"r6\000"
 659 02e8 07       		.byte	0x7
 660 02e9 2101     		.2byte	0x121
 661 02eb A3020000 		.4byte	0x2a3
 662 02ef 02       		.byte	0x2
 663 02f0 23       		.byte	0x23
 664 02f1 08       		.uleb128 0x8
 665 02f2 0C       		.uleb128 0xc
 666 02f3 723700   		.ascii	"r7\000"
 667 02f6 07       		.byte	0x7
 668 02f7 2201     		.2byte	0x122
 669 02f9 A3020000 		.4byte	0x2a3
 670 02fd 02       		.byte	0x2
 671 02fe 23       		.byte	0x23
 672 02ff 0C       		.uleb128 0xc
 673 0300 0C       		.uleb128 0xc
 674 0301 723800   		.ascii	"r8\000"
 675 0304 07       		.byte	0x7
 676 0305 2301     		.2byte	0x123
 677 0307 A3020000 		.4byte	0x2a3
 678 030b 02       		.byte	0x2
 679 030c 23       		.byte	0x23
ARM GAS  /tmp/cccV7OPi.s 			page 13


 680 030d 10       		.uleb128 0x10
 681 030e 0C       		.uleb128 0xc
 682 030f 723900   		.ascii	"r9\000"
 683 0312 07       		.byte	0x7
 684 0313 2401     		.2byte	0x124
 685 0315 A3020000 		.4byte	0x2a3
 686 0319 02       		.byte	0x2
 687 031a 23       		.byte	0x23
 688 031b 14       		.uleb128 0x14
 689 031c 0C       		.uleb128 0xc
 690 031d 72313000 		.ascii	"r10\000"
 691 0321 07       		.byte	0x7
 692 0322 2501     		.2byte	0x125
 693 0324 A3020000 		.4byte	0x2a3
 694 0328 02       		.byte	0x2
 695 0329 23       		.byte	0x23
 696 032a 18       		.uleb128 0x18
 697 032b 0C       		.uleb128 0xc
 698 032c 72313100 		.ascii	"r11\000"
 699 0330 07       		.byte	0x7
 700 0331 2601     		.2byte	0x126
 701 0333 A3020000 		.4byte	0x2a3
 702 0337 02       		.byte	0x2
 703 0338 23       		.byte	0x23
 704 0339 1C       		.uleb128 0x1c
 705 033a 0C       		.uleb128 0xc
 706 033b 6C7200   		.ascii	"lr\000"
 707 033e 07       		.byte	0x7
 708 033f 2701     		.2byte	0x127
 709 0341 A3020000 		.4byte	0x2a3
 710 0345 02       		.byte	0x2
 711 0346 23       		.byte	0x23
 712 0347 20       		.uleb128 0x20
 713 0348 00       		.byte	0
 714 0349 0B       		.uleb128 0xb
 715 034a 61040000 		.4byte	.LASF50
 716 034e 04       		.byte	0x4
 717 034f 07       		.byte	0x7
 718 0350 3101     		.2byte	0x131
 719 0352 66030000 		.4byte	0x366
 720 0356 0C       		.uleb128 0xc
 721 0357 72313300 		.ascii	"r13\000"
 722 035b 07       		.byte	0x7
 723 035c 3201     		.2byte	0x132
 724 035e 66030000 		.4byte	0x366
 725 0362 02       		.byte	0x2
 726 0363 23       		.byte	0x23
 727 0364 00       		.uleb128 0
 728 0365 00       		.byte	0
 729 0366 09       		.uleb128 0x9
 730 0367 04       		.byte	0x4
 731 0368 BB020000 		.4byte	0x2bb
 732 036c 0D       		.uleb128 0xd
 733 036d 86000000 		.4byte	0x86
 734 0371 0D       		.uleb128 0xd
 735 0372 10010000 		.4byte	0x110
 736 0376 08       		.uleb128 0x8
ARM GAS  /tmp/cccV7OPi.s 			page 14


 737 0377 1C       		.byte	0x1c
 738 0378 08       		.byte	0x8
 739 0379 5E       		.byte	0x5e
 740 037a D3030000 		.4byte	0x3d3
 741 037e 06       		.uleb128 0x6
 742 037f C0030000 		.4byte	.LASF51
 743 0383 08       		.byte	0x8
 744 0384 5F       		.byte	0x5f
 745 0385 76020000 		.4byte	0x276
 746 0389 02       		.byte	0x2
 747 038a 23       		.byte	0x23
 748 038b 00       		.uleb128 0
 749 038c 06       		.uleb128 0x6
 750 038d 58030000 		.4byte	.LASF52
 751 0391 08       		.byte	0x8
 752 0392 60       		.byte	0x60
 753 0393 E4000000 		.4byte	0xe4
 754 0397 02       		.byte	0x2
 755 0398 23       		.byte	0x23
 756 0399 08       		.uleb128 0x8
 757 039a 06       		.uleb128 0x6
 758 039b 65020000 		.4byte	.LASF53
 759 039f 08       		.byte	0x8
 760 03a0 62       		.byte	0x62
 761 03a1 49030000 		.4byte	0x349
 762 03a5 02       		.byte	0x2
 763 03a6 23       		.byte	0x23
 764 03a7 0C       		.uleb128 0xc
 765 03a8 06       		.uleb128 0x6
 766 03a9 16010000 		.4byte	.LASF54
 767 03ad 08       		.byte	0x8
 768 03ae 65       		.byte	0x65
 769 03af 70020000 		.4byte	0x270
 770 03b3 02       		.byte	0x2
 771 03b4 23       		.byte	0x23
 772 03b5 10       		.uleb128 0x10
 773 03b6 06       		.uleb128 0x6
 774 03b7 7F020000 		.4byte	.LASF55
 775 03bb 08       		.byte	0x8
 776 03bc 66       		.byte	0x66
 777 03bd 70020000 		.4byte	0x270
 778 03c1 02       		.byte	0x2
 779 03c2 23       		.byte	0x23
 780 03c3 14       		.uleb128 0x14
 781 03c4 06       		.uleb128 0x6
 782 03c5 69000000 		.4byte	.LASF56
 783 03c9 08       		.byte	0x8
 784 03ca 69       		.byte	0x69
 785 03cb 70020000 		.4byte	0x270
 786 03cf 02       		.byte	0x2
 787 03d0 23       		.byte	0x23
 788 03d1 18       		.uleb128 0x18
 789 03d2 00       		.byte	0
 790 03d3 03       		.uleb128 0x3
 791 03d4 8E040000 		.4byte	.LASF57
 792 03d8 08       		.byte	0x8
 793 03d9 6B       		.byte	0x6b
ARM GAS  /tmp/cccV7OPi.s 			page 15


 794 03da 76030000 		.4byte	0x376
 795 03de 05       		.uleb128 0x5
 796 03df 57020000 		.4byte	.LASF58
 797 03e3 10       		.byte	0x10
 798 03e4 09       		.byte	0x9
 799 03e5 2C       		.byte	0x2c
 800 03e6 15040000 		.4byte	0x415
 801 03ea 06       		.uleb128 0x6
 802 03eb B6000000 		.4byte	.LASF59
 803 03ef 09       		.byte	0x9
 804 03f0 2D       		.byte	0x2d
 805 03f1 76020000 		.4byte	0x276
 806 03f5 02       		.byte	0x2
 807 03f6 23       		.byte	0x23
 808 03f7 00       		.uleb128 0
 809 03f8 06       		.uleb128 0x6
 810 03f9 CF040000 		.4byte	.LASF60
 811 03fd 09       		.byte	0x9
 812 03fe 2F       		.byte	0x2f
 813 03ff 70020000 		.4byte	0x270
 814 0403 02       		.byte	0x2
 815 0404 23       		.byte	0x23
 816 0405 08       		.uleb128 0x8
 817 0406 06       		.uleb128 0x6
 818 0407 02040000 		.4byte	.LASF61
 819 040b 09       		.byte	0x9
 820 040c 31       		.byte	0x31
 821 040d 15040000 		.4byte	0x415
 822 0411 02       		.byte	0x2
 823 0412 23       		.byte	0x23
 824 0413 0C       		.uleb128 0xc
 825 0414 00       		.byte	0
 826 0415 09       		.uleb128 0x9
 827 0416 04       		.byte	0x4
 828 0417 DE030000 		.4byte	0x3de
 829 041b 03       		.uleb128 0x3
 830 041c 57020000 		.4byte	.LASF58
 831 0420 09       		.byte	0x9
 832 0421 33       		.byte	0x33
 833 0422 DE030000 		.4byte	0x3de
 834 0426 03       		.uleb128 0x3
 835 0427 AF040000 		.4byte	.LASF62
 836 042b 0A       		.byte	0xa
 837 042c 2C       		.byte	0x2c
 838 042d 31040000 		.4byte	0x431
 839 0431 05       		.uleb128 0x5
 840 0432 AF040000 		.4byte	.LASF62
 841 0436 10       		.byte	0x10
 842 0437 0A       		.byte	0xa
 843 0438 31       		.byte	0x31
 844 0439 76040000 		.4byte	0x476
 845 043d 06       		.uleb128 0x6
 846 043e 75030000 		.4byte	.LASF63
 847 0442 0A       		.byte	0xa
 848 0443 32       		.byte	0x32
 849 0444 76040000 		.4byte	0x476
 850 0448 02       		.byte	0x2
ARM GAS  /tmp/cccV7OPi.s 			page 16


 851 0449 23       		.byte	0x23
 852 044a 00       		.uleb128 0
 853 044b 06       		.uleb128 0x6
 854 044c 1D030000 		.4byte	.LASF64
 855 0450 0A       		.byte	0xa
 856 0451 35       		.byte	0x35
 857 0452 70020000 		.4byte	0x270
 858 0456 02       		.byte	0x2
 859 0457 23       		.byte	0x23
 860 0458 04       		.uleb128 0x4
 861 0459 06       		.uleb128 0x6
 862 045a 87020000 		.4byte	.LASF65
 863 045e 0A       		.byte	0xa
 864 045f 37       		.byte	0x37
 865 0460 FA000000 		.4byte	0xfa
 866 0464 02       		.byte	0x2
 867 0465 23       		.byte	0x23
 868 0466 08       		.uleb128 0x8
 869 0467 06       		.uleb128 0x6
 870 0468 29030000 		.4byte	.LASF66
 871 046c 0A       		.byte	0xa
 872 046d 3A       		.byte	0x3a
 873 046e 05010000 		.4byte	0x105
 874 0472 02       		.byte	0x2
 875 0473 23       		.byte	0x23
 876 0474 0C       		.uleb128 0xc
 877 0475 00       		.byte	0
 878 0476 09       		.uleb128 0x9
 879 0477 04       		.byte	0x4
 880 0478 26040000 		.4byte	0x426
 881 047c 05       		.uleb128 0x5
 882 047d 27010000 		.4byte	.LASF67
 883 0481 04       		.byte	0x4
 884 0482 0A       		.byte	0xa
 885 0483 41       		.byte	0x41
 886 0484 97040000 		.4byte	0x497
 887 0488 06       		.uleb128 0x6
 888 0489 86040000 		.4byte	.LASF68
 889 048d 0A       		.byte	0xa
 890 048e 42       		.byte	0x42
 891 048f 76040000 		.4byte	0x476
 892 0493 02       		.byte	0x2
 893 0494 23       		.byte	0x23
 894 0495 00       		.uleb128 0
 895 0496 00       		.byte	0
 896 0497 03       		.uleb128 0x3
 897 0498 27010000 		.4byte	.LASF67
 898 049c 0A       		.byte	0xa
 899 049d 45       		.byte	0x45
 900 049e 7C040000 		.4byte	0x47c
 901 04a2 0E       		.uleb128 0xe
 902 04a3 04       		.byte	0x4
 903 04a4 06       		.byte	0x6
 904 04a5 96       		.byte	0x96
 905 04a6 D7040000 		.4byte	0x4d7
 906 04aa 0F       		.uleb128 0xf
 907 04ab 07000000 		.4byte	.LASF69
ARM GAS  /tmp/cccV7OPi.s 			page 17


 908 04af 06       		.byte	0x6
 909 04b0 9D       		.byte	0x9d
 910 04b1 EF000000 		.4byte	0xef
 911 04b5 0F       		.uleb128 0xf
 912 04b6 53000000 		.4byte	.LASF70
 913 04ba 06       		.byte	0x6
 914 04bb A4       		.byte	0xa4
 915 04bc EF000000 		.4byte	0xef
 916 04c0 0F       		.uleb128 0xf
 917 04c1 BD040000 		.4byte	.LASF71
 918 04c5 06       		.byte	0x6
 919 04c6 AB       		.byte	0xab
 920 04c7 AE020000 		.4byte	0x2ae
 921 04cb 0F       		.uleb128 0xf
 922 04cc 5F030000 		.4byte	.LASF72
 923 04d0 06       		.byte	0x6
 924 04d1 B2       		.byte	0xb2
 925 04d2 FA000000 		.4byte	0xfa
 926 04d6 00       		.byte	0
 927 04d7 09       		.uleb128 0x9
 928 04d8 04       		.byte	0x4
 929 04d9 DD040000 		.4byte	0x4dd
 930 04dd 10       		.uleb128 0x10
 931 04de E2040000 		.4byte	0x4e2
 932 04e2 04       		.uleb128 0x4
 933 04e3 01       		.byte	0x1
 934 04e4 08       		.byte	0x8
 935 04e5 FD030000 		.4byte	.LASF73
 936 04e9 09       		.uleb128 0x9
 937 04ea 04       		.byte	0x4
 938 04eb 1B040000 		.4byte	0x41b
 939 04ef 09       		.uleb128 0x9
 940 04f0 04       		.byte	0x4
 941 04f1 F5040000 		.4byte	0x4f5
 942 04f5 11       		.uleb128 0x11
 943 04f6 01       		.byte	0x1
 944 04f7 EF000000 		.4byte	0xef
 945 04fb 05050000 		.4byte	0x505
 946 04ff 12       		.uleb128 0x12
 947 0500 AE020000 		.4byte	0x2ae
 948 0504 00       		.byte	0
 949 0505 03       		.uleb128 0x3
 950 0506 22020000 		.4byte	.LASF74
 951 050a 0B       		.byte	0xb
 952 050b 37       		.byte	0x37
 953 050c 10050000 		.4byte	0x510
 954 0510 05       		.uleb128 0x5
 955 0511 22020000 		.4byte	.LASF74
 956 0515 24       		.byte	0x24
 957 0516 0B       		.byte	0xb
 958 0517 45       		.byte	0x45
 959 0518 8D050000 		.4byte	0x58d
 960 051c 06       		.uleb128 0x6
 961 051d 80000000 		.4byte	.LASF75
 962 0521 0B       		.byte	0xb
 963 0522 46       		.byte	0x46
 964 0523 76020000 		.4byte	0x276
ARM GAS  /tmp/cccV7OPi.s 			page 18


 965 0527 02       		.byte	0x2
 966 0528 23       		.byte	0x23
 967 0529 00       		.uleb128 0
 968 052a 06       		.uleb128 0x6
 969 052b 4D020000 		.4byte	.LASF76
 970 052f 0B       		.byte	0xb
 971 0530 47       		.byte	0x47
 972 0531 30000000 		.4byte	0x30
 973 0535 02       		.byte	0x2
 974 0536 23       		.byte	0x23
 975 0537 08       		.uleb128 0x8
 976 0538 06       		.uleb128 0x6
 977 0539 F6000000 		.4byte	.LASF77
 978 053d 0B       		.byte	0xb
 979 053e 48       		.byte	0x48
 980 053f B0050000 		.4byte	0x5b0
 981 0543 02       		.byte	0x2
 982 0544 23       		.byte	0x23
 983 0545 0C       		.uleb128 0xc
 984 0546 06       		.uleb128 0x6
 985 0547 79040000 		.4byte	.LASF78
 986 054b 0B       		.byte	0xb
 987 054c 49       		.byte	0x49
 988 054d B0050000 		.4byte	0x5b0
 989 0551 02       		.byte	0x2
 990 0552 23       		.byte	0x23
 991 0553 10       		.uleb128 0x10
 992 0554 06       		.uleb128 0x6
 993 0555 FF000000 		.4byte	.LASF79
 994 0559 0B       		.byte	0xb
 995 055a 4B       		.byte	0x4b
 996 055b B0050000 		.4byte	0x5b0
 997 055f 02       		.byte	0x2
 998 0560 23       		.byte	0x23
 999 0561 14       		.uleb128 0x14
 1000 0562 06       		.uleb128 0x6
 1001 0563 F9020000 		.4byte	.LASF80
 1002 0567 0B       		.byte	0xb
 1003 0568 4C       		.byte	0x4c
 1004 0569 B0050000 		.4byte	0x5b0
 1005 056d 02       		.byte	0x2
 1006 056e 23       		.byte	0x23
 1007 056f 18       		.uleb128 0x18
 1008 0570 06       		.uleb128 0x6
 1009 0571 98040000 		.4byte	.LASF81
 1010 0575 0B       		.byte	0xb
 1011 0576 4D       		.byte	0x4d
 1012 0577 8D050000 		.4byte	0x58d
 1013 057b 02       		.byte	0x2
 1014 057c 23       		.byte	0x23
 1015 057d 1C       		.uleb128 0x1c
 1016 057e 06       		.uleb128 0x6
 1017 057f 07010000 		.4byte	.LASF82
 1018 0583 0B       		.byte	0xb
 1019 0584 4E       		.byte	0x4e
 1020 0585 AE020000 		.4byte	0x2ae
 1021 0589 02       		.byte	0x2
ARM GAS  /tmp/cccV7OPi.s 			page 19


 1022 058a 23       		.byte	0x23
 1023 058b 20       		.uleb128 0x20
 1024 058c 00       		.byte	0
 1025 058d 03       		.uleb128 0x3
 1026 058e 18020000 		.4byte	.LASF83
 1027 0592 0B       		.byte	0xb
 1028 0593 3A       		.byte	0x3a
 1029 0594 98050000 		.4byte	0x598
 1030 0598 09       		.uleb128 0x9
 1031 0599 04       		.byte	0x4
 1032 059a 9E050000 		.4byte	0x59e
 1033 059e 13       		.uleb128 0x13
 1034 059f 01       		.byte	0x1
 1035 05a0 AA050000 		.4byte	0x5aa
 1036 05a4 12       		.uleb128 0x12
 1037 05a5 AA050000 		.4byte	0x5aa
 1038 05a9 00       		.byte	0
 1039 05aa 09       		.uleb128 0x9
 1040 05ab 04       		.byte	0x4
 1041 05ac 05050000 		.4byte	0x505
 1042 05b0 09       		.uleb128 0x9
 1043 05b1 04       		.byte	0x4
 1044 05b2 49000000 		.4byte	0x49
 1045 05b6 03       		.uleb128 0x3
 1046 05b7 07020000 		.4byte	.LASF84
 1047 05bb 0B       		.byte	0xb
 1048 05bc 82       		.byte	0x82
 1049 05bd 05050000 		.4byte	0x505
 1050 05c1 03       		.uleb128 0x3
 1051 05c2 17000000 		.4byte	.LASF85
 1052 05c6 0B       		.byte	0xb
 1053 05c7 F5       		.byte	0xf5
 1054 05c8 05050000 		.4byte	0x505
 1055 05cc 11       		.uleb128 0x11
 1056 05cd 01       		.byte	0x1
 1057 05ce 30000000 		.4byte	0x30
 1058 05d2 E6050000 		.4byte	0x5e6
 1059 05d6 12       		.uleb128 0x12
 1060 05d7 AE020000 		.4byte	0x2ae
 1061 05db 12       		.uleb128 0x12
 1062 05dc E6050000 		.4byte	0x5e6
 1063 05e0 12       		.uleb128 0x12
 1064 05e1 30000000 		.4byte	0x30
 1065 05e5 00       		.byte	0
 1066 05e6 09       		.uleb128 0x9
 1067 05e7 04       		.byte	0x4
 1068 05e8 EC050000 		.4byte	0x5ec
 1069 05ec 10       		.uleb128 0x10
 1070 05ed 49000000 		.4byte	0x49
 1071 05f1 09       		.uleb128 0x9
 1072 05f2 04       		.byte	0x4
 1073 05f3 CC050000 		.4byte	0x5cc
 1074 05f7 11       		.uleb128 0x11
 1075 05f8 01       		.byte	0x1
 1076 05f9 30000000 		.4byte	0x30
 1077 05fd 11060000 		.4byte	0x611
 1078 0601 12       		.uleb128 0x12
ARM GAS  /tmp/cccV7OPi.s 			page 20


 1079 0602 AE020000 		.4byte	0x2ae
 1080 0606 12       		.uleb128 0x12
 1081 0607 B0050000 		.4byte	0x5b0
 1082 060b 12       		.uleb128 0x12
 1083 060c 30000000 		.4byte	0x30
 1084 0610 00       		.byte	0
 1085 0611 09       		.uleb128 0x9
 1086 0612 04       		.byte	0x4
 1087 0613 F7050000 		.4byte	0x5f7
 1088 0617 11       		.uleb128 0x11
 1089 0618 01       		.byte	0x1
 1090 0619 EF000000 		.4byte	0xef
 1091 061d 2C060000 		.4byte	0x62c
 1092 0621 12       		.uleb128 0x12
 1093 0622 AE020000 		.4byte	0x2ae
 1094 0626 12       		.uleb128 0x12
 1095 0627 49000000 		.4byte	0x49
 1096 062b 00       		.byte	0
 1097 062c 09       		.uleb128 0x9
 1098 062d 04       		.byte	0x4
 1099 062e 17060000 		.4byte	0x617
 1100 0632 0D       		.uleb128 0xd
 1101 0633 62000000 		.4byte	0x62
 1102 0637 0D       		.uleb128 0xd
 1103 0638 74000000 		.4byte	0x74
 1104 063c 14       		.uleb128 0x14
 1105 063d 1C       		.byte	0x1c
 1106 063e 0C       		.byte	0xc
 1107 063f F703     		.2byte	0x3f7
 1108 0641 AF060000 		.4byte	0x6af
 1109 0645 0C       		.uleb128 0xc
 1110 0646 43524C00 		.ascii	"CRL\000"
 1111 064a 0C       		.byte	0xc
 1112 064b F903     		.2byte	0x3f9
 1113 064d 6C030000 		.4byte	0x36c
 1114 0651 02       		.byte	0x2
 1115 0652 23       		.byte	0x23
 1116 0653 00       		.uleb128 0
 1117 0654 0C       		.uleb128 0xc
 1118 0655 43524800 		.ascii	"CRH\000"
 1119 0659 0C       		.byte	0xc
 1120 065a FA03     		.2byte	0x3fa
 1121 065c 6C030000 		.4byte	0x36c
 1122 0660 02       		.byte	0x2
 1123 0661 23       		.byte	0x23
 1124 0662 04       		.uleb128 0x4
 1125 0663 0C       		.uleb128 0xc
 1126 0664 49445200 		.ascii	"IDR\000"
 1127 0668 0C       		.byte	0xc
 1128 0669 FB03     		.2byte	0x3fb
 1129 066b 6C030000 		.4byte	0x36c
 1130 066f 02       		.byte	0x2
 1131 0670 23       		.byte	0x23
 1132 0671 08       		.uleb128 0x8
 1133 0672 0C       		.uleb128 0xc
 1134 0673 4F445200 		.ascii	"ODR\000"
 1135 0677 0C       		.byte	0xc
ARM GAS  /tmp/cccV7OPi.s 			page 21


 1136 0678 FC03     		.2byte	0x3fc
 1137 067a 6C030000 		.4byte	0x36c
 1138 067e 02       		.byte	0x2
 1139 067f 23       		.byte	0x23
 1140 0680 0C       		.uleb128 0xc
 1141 0681 15       		.uleb128 0x15
 1142 0682 A4000000 		.4byte	.LASF86
 1143 0686 0C       		.byte	0xc
 1144 0687 FD03     		.2byte	0x3fd
 1145 0689 6C030000 		.4byte	0x36c
 1146 068d 02       		.byte	0x2
 1147 068e 23       		.byte	0x23
 1148 068f 10       		.uleb128 0x10
 1149 0690 0C       		.uleb128 0xc
 1150 0691 42525200 		.ascii	"BRR\000"
 1151 0695 0C       		.byte	0xc
 1152 0696 FE03     		.2byte	0x3fe
 1153 0698 6C030000 		.4byte	0x36c
 1154 069c 02       		.byte	0x2
 1155 069d 23       		.byte	0x23
 1156 069e 14       		.uleb128 0x14
 1157 069f 15       		.uleb128 0x15
 1158 06a0 8C030000 		.4byte	.LASF87
 1159 06a4 0C       		.byte	0xc
 1160 06a5 FF03     		.2byte	0x3ff
 1161 06a7 6C030000 		.4byte	0x36c
 1162 06ab 02       		.byte	0x2
 1163 06ac 23       		.byte	0x23
 1164 06ad 18       		.uleb128 0x18
 1165 06ae 00       		.byte	0
 1166 06af 16       		.uleb128 0x16
 1167 06b0 78010000 		.4byte	.LASF88
 1168 06b4 0C       		.byte	0xc
 1169 06b5 0004     		.2byte	0x400
 1170 06b7 3C060000 		.4byte	0x63c
 1171 06bb 14       		.uleb128 0x14
 1172 06bc 1C       		.byte	0x1c
 1173 06bd 0C       		.byte	0xc
 1174 06be E004     		.2byte	0x4e0
 1175 06c0 95070000 		.4byte	0x795
 1176 06c4 0C       		.uleb128 0xc
 1177 06c5 535200   		.ascii	"SR\000"
 1178 06c8 0C       		.byte	0xc
 1179 06c9 E204     		.2byte	0x4e2
 1180 06cb 32060000 		.4byte	0x632
 1181 06cf 02       		.byte	0x2
 1182 06d0 23       		.byte	0x23
 1183 06d1 00       		.uleb128 0
 1184 06d2 15       		.uleb128 0x15
 1185 06d3 AE020000 		.4byte	.LASF89
 1186 06d7 0C       		.byte	0xc
 1187 06d8 E304     		.2byte	0x4e3
 1188 06da 62000000 		.4byte	0x62
 1189 06de 02       		.byte	0x2
 1190 06df 23       		.byte	0x23
 1191 06e0 02       		.uleb128 0x2
 1192 06e1 0C       		.uleb128 0xc
ARM GAS  /tmp/cccV7OPi.s 			page 22


 1193 06e2 445200   		.ascii	"DR\000"
 1194 06e5 0C       		.byte	0xc
 1195 06e6 E404     		.2byte	0x4e4
 1196 06e8 32060000 		.4byte	0x632
 1197 06ec 02       		.byte	0x2
 1198 06ed 23       		.byte	0x23
 1199 06ee 04       		.uleb128 0x4
 1200 06ef 15       		.uleb128 0x15
 1201 06f0 B8020000 		.4byte	.LASF90
 1202 06f4 0C       		.byte	0xc
 1203 06f5 E504     		.2byte	0x4e5
 1204 06f7 62000000 		.4byte	0x62
 1205 06fb 02       		.byte	0x2
 1206 06fc 23       		.byte	0x23
 1207 06fd 06       		.uleb128 0x6
 1208 06fe 0C       		.uleb128 0xc
 1209 06ff 42525200 		.ascii	"BRR\000"
 1210 0703 0C       		.byte	0xc
 1211 0704 E604     		.2byte	0x4e6
 1212 0706 32060000 		.4byte	0x632
 1213 070a 02       		.byte	0x2
 1214 070b 23       		.byte	0x23
 1215 070c 08       		.uleb128 0x8
 1216 070d 15       		.uleb128 0x15
 1217 070e C2020000 		.4byte	.LASF91
 1218 0712 0C       		.byte	0xc
 1219 0713 E704     		.2byte	0x4e7
 1220 0715 62000000 		.4byte	0x62
 1221 0719 02       		.byte	0x2
 1222 071a 23       		.byte	0x23
 1223 071b 0A       		.uleb128 0xa
 1224 071c 0C       		.uleb128 0xc
 1225 071d 43523100 		.ascii	"CR1\000"
 1226 0721 0C       		.byte	0xc
 1227 0722 E804     		.2byte	0x4e8
 1228 0724 32060000 		.4byte	0x632
 1229 0728 02       		.byte	0x2
 1230 0729 23       		.byte	0x23
 1231 072a 0C       		.uleb128 0xc
 1232 072b 15       		.uleb128 0x15
 1233 072c CC020000 		.4byte	.LASF92
 1234 0730 0C       		.byte	0xc
 1235 0731 E904     		.2byte	0x4e9
 1236 0733 62000000 		.4byte	0x62
 1237 0737 02       		.byte	0x2
 1238 0738 23       		.byte	0x23
 1239 0739 0E       		.uleb128 0xe
 1240 073a 0C       		.uleb128 0xc
 1241 073b 43523200 		.ascii	"CR2\000"
 1242 073f 0C       		.byte	0xc
 1243 0740 EA04     		.2byte	0x4ea
 1244 0742 32060000 		.4byte	0x632
 1245 0746 02       		.byte	0x2
 1246 0747 23       		.byte	0x23
 1247 0748 10       		.uleb128 0x10
 1248 0749 15       		.uleb128 0x15
 1249 074a D6020000 		.4byte	.LASF93
ARM GAS  /tmp/cccV7OPi.s 			page 23


 1250 074e 0C       		.byte	0xc
 1251 074f EB04     		.2byte	0x4eb
 1252 0751 62000000 		.4byte	0x62
 1253 0755 02       		.byte	0x2
 1254 0756 23       		.byte	0x23
 1255 0757 12       		.uleb128 0x12
 1256 0758 0C       		.uleb128 0xc
 1257 0759 43523300 		.ascii	"CR3\000"
 1258 075d 0C       		.byte	0xc
 1259 075e EC04     		.2byte	0x4ec
 1260 0760 32060000 		.4byte	0x632
 1261 0764 02       		.byte	0x2
 1262 0765 23       		.byte	0x23
 1263 0766 14       		.uleb128 0x14
 1264 0767 15       		.uleb128 0x15
 1265 0768 AD030000 		.4byte	.LASF94
 1266 076c 0C       		.byte	0xc
 1267 076d ED04     		.2byte	0x4ed
 1268 076f 62000000 		.4byte	0x62
 1269 0773 02       		.byte	0x2
 1270 0774 23       		.byte	0x23
 1271 0775 16       		.uleb128 0x16
 1272 0776 15       		.uleb128 0x15
 1273 0777 A9000000 		.4byte	.LASF95
 1274 077b 0C       		.byte	0xc
 1275 077c EE04     		.2byte	0x4ee
 1276 077e 32060000 		.4byte	0x632
 1277 0782 02       		.byte	0x2
 1278 0783 23       		.byte	0x23
 1279 0784 18       		.uleb128 0x18
 1280 0785 15       		.uleb128 0x15
 1281 0786 E7020000 		.4byte	.LASF96
 1282 078a 0C       		.byte	0xc
 1283 078b EF04     		.2byte	0x4ef
 1284 078d 62000000 		.4byte	0x62
 1285 0791 02       		.byte	0x2
 1286 0792 23       		.byte	0x23
 1287 0793 1A       		.uleb128 0x1a
 1288 0794 00       		.byte	0
 1289 0795 16       		.uleb128 0x16
 1290 0796 D2010000 		.4byte	.LASF97
 1291 079a 0C       		.byte	0xc
 1292 079b F004     		.2byte	0x4f0
 1293 079d BB060000 		.4byte	0x6bb
 1294 07a1 11       		.uleb128 0x11
 1295 07a2 01       		.byte	0x1
 1296 07a3 EF000000 		.4byte	0xef
 1297 07a7 BB070000 		.4byte	0x7bb
 1298 07ab 12       		.uleb128 0x12
 1299 07ac AE020000 		.4byte	0x2ae
 1300 07b0 12       		.uleb128 0x12
 1301 07b1 49000000 		.4byte	0x49
 1302 07b5 12       		.uleb128 0x12
 1303 07b6 10010000 		.4byte	0x110
 1304 07ba 00       		.byte	0
 1305 07bb 09       		.uleb128 0x9
 1306 07bc 04       		.byte	0x4
ARM GAS  /tmp/cccV7OPi.s 			page 24


 1307 07bd A1070000 		.4byte	0x7a1
 1308 07c1 11       		.uleb128 0x11
 1309 07c2 01       		.byte	0x1
 1310 07c3 EF000000 		.4byte	0xef
 1311 07c7 D6070000 		.4byte	0x7d6
 1312 07cb 12       		.uleb128 0x12
 1313 07cc AE020000 		.4byte	0x2ae
 1314 07d0 12       		.uleb128 0x12
 1315 07d1 10010000 		.4byte	0x110
 1316 07d5 00       		.byte	0
 1317 07d6 09       		.uleb128 0x9
 1318 07d7 04       		.byte	0x4
 1319 07d8 C1070000 		.4byte	0x7c1
 1320 07dc 11       		.uleb128 0x11
 1321 07dd 01       		.byte	0x1
 1322 07de 30000000 		.4byte	0x30
 1323 07e2 FB070000 		.4byte	0x7fb
 1324 07e6 12       		.uleb128 0x12
 1325 07e7 AE020000 		.4byte	0x2ae
 1326 07eb 12       		.uleb128 0x12
 1327 07ec E6050000 		.4byte	0x5e6
 1328 07f0 12       		.uleb128 0x12
 1329 07f1 30000000 		.4byte	0x30
 1330 07f5 12       		.uleb128 0x12
 1331 07f6 10010000 		.4byte	0x110
 1332 07fa 00       		.byte	0
 1333 07fb 09       		.uleb128 0x9
 1334 07fc 04       		.byte	0x4
 1335 07fd DC070000 		.4byte	0x7dc
 1336 0801 11       		.uleb128 0x11
 1337 0802 01       		.byte	0x1
 1338 0803 30000000 		.4byte	0x30
 1339 0807 20080000 		.4byte	0x820
 1340 080b 12       		.uleb128 0x12
 1341 080c AE020000 		.4byte	0x2ae
 1342 0810 12       		.uleb128 0x12
 1343 0811 B0050000 		.4byte	0x5b0
 1344 0815 12       		.uleb128 0x12
 1345 0816 30000000 		.4byte	0x30
 1346 081a 12       		.uleb128 0x12
 1347 081b 10010000 		.4byte	0x110
 1348 081f 00       		.byte	0
 1349 0820 09       		.uleb128 0x9
 1350 0821 04       		.byte	0x4
 1351 0822 01080000 		.4byte	0x801
 1352 0826 03       		.uleb128 0x3
 1353 0827 23000000 		.4byte	.LASF98
 1354 082b 0D       		.byte	0xd
 1355 082c 6D       		.byte	0x6d
 1356 082d 86000000 		.4byte	0x86
 1357 0831 17       		.uleb128 0x17
 1358 0832 01       		.byte	0x1
 1359 0833 0E       		.byte	0xe
 1360 0834 64       		.byte	0x64
 1361 0835 4C080000 		.4byte	0x84c
 1362 0839 18       		.uleb128 0x18
 1363 083a A3030000 		.4byte	.LASF99
ARM GAS  /tmp/cccV7OPi.s 			page 25


 1364 083e 00       		.sleb128 0
 1365 083f 18       		.uleb128 0x18
 1366 0840 7D030000 		.4byte	.LASF100
 1367 0844 01       		.sleb128 1
 1368 0845 18       		.uleb128 0x18
 1369 0846 70040000 		.4byte	.LASF101
 1370 084a 02       		.sleb128 2
 1371 084b 00       		.byte	0
 1372 084c 03       		.uleb128 0x3
 1373 084d C8030000 		.4byte	.LASF102
 1374 0851 0E       		.byte	0xe
 1375 0852 68       		.byte	0x68
 1376 0853 31080000 		.4byte	0x831
 1377 0857 03       		.uleb128 0x3
 1378 0858 D2030000 		.4byte	.LASF103
 1379 085c 0E       		.byte	0xe
 1380 085d 6D       		.byte	0x6d
 1381 085e 62080000 		.4byte	0x862
 1382 0862 05       		.uleb128 0x5
 1383 0863 D2030000 		.4byte	.LASF103
 1384 0867 78       		.byte	0x78
 1385 0868 0E       		.byte	0xe
 1386 0869 87       		.byte	0x87
 1387 086a DD080000 		.4byte	0x8dd
 1388 086e 07       		.uleb128 0x7
 1389 086f 766D7400 		.ascii	"vmt\000"
 1390 0873 0E       		.byte	0xe
 1391 0874 89       		.byte	0x89
 1392 0875 A6090000 		.4byte	0x9a6
 1393 0879 02       		.byte	0x2
 1394 087a 23       		.byte	0x23
 1395 087b 00       		.uleb128 0
 1396 087c 06       		.uleb128 0x6
 1397 087d 8A010000 		.4byte	.LASF104
 1398 0881 0E       		.byte	0xe
 1399 0882 8A       		.byte	0x8a
 1400 0883 97040000 		.4byte	0x497
 1401 0887 02       		.byte	0x2
 1402 0888 23       		.byte	0x23
 1403 0889 04       		.uleb128 0x4
 1404 088a 06       		.uleb128 0x6
 1405 088b D7000000 		.4byte	.LASF105
 1406 088f 0E       		.byte	0xe
 1407 0890 8A       		.byte	0x8a
 1408 0891 4C080000 		.4byte	0x84c
 1409 0895 02       		.byte	0x2
 1410 0896 23       		.byte	0x23
 1411 0897 08       		.uleb128 0x8
 1412 0898 06       		.uleb128 0x6
 1413 0899 66010000 		.4byte	.LASF106
 1414 089d 0E       		.byte	0xe
 1415 089e 8A       		.byte	0x8a
 1416 089f B6050000 		.4byte	0x5b6
 1417 08a3 02       		.byte	0x2
 1418 08a4 23       		.byte	0x23
 1419 08a5 0C       		.uleb128 0xc
 1420 08a6 06       		.uleb128 0x6
ARM GAS  /tmp/cccV7OPi.s 			page 26


 1421 08a7 CB010000 		.4byte	.LASF107
 1422 08ab 0E       		.byte	0xe
 1423 08ac 8A       		.byte	0x8a
 1424 08ad C1050000 		.4byte	0x5c1
 1425 08b1 02       		.byte	0x2
 1426 08b2 23       		.byte	0x23
 1427 08b3 30       		.uleb128 0x30
 1428 08b4 07       		.uleb128 0x7
 1429 08b5 696200   		.ascii	"ib\000"
 1430 08b8 0E       		.byte	0xe
 1431 08b9 8A       		.byte	0x8a
 1432 08ba B1090000 		.4byte	0x9b1
 1433 08be 02       		.byte	0x2
 1434 08bf 23       		.byte	0x23
 1435 08c0 54       		.uleb128 0x54
 1436 08c1 07       		.uleb128 0x7
 1437 08c2 6F6200   		.ascii	"ob\000"
 1438 08c5 0E       		.byte	0xe
 1439 08c6 8A       		.byte	0x8a
 1440 08c7 B1090000 		.4byte	0x9b1
 1441 08cb 02       		.byte	0x2
 1442 08cc 23       		.byte	0x23
 1443 08cd 64       		.uleb128 0x64
 1444 08ce 06       		.uleb128 0x6
 1445 08cf 33010000 		.4byte	.LASF108
 1446 08d3 0E       		.byte	0xe
 1447 08d4 8A       		.byte	0x8a
 1448 08d5 C1090000 		.4byte	0x9c1
 1449 08d9 02       		.byte	0x2
 1450 08da 23       		.byte	0x23
 1451 08db 74       		.uleb128 0x74
 1452 08dc 00       		.byte	0
 1453 08dd 08       		.uleb128 0x8
 1454 08de 0C       		.byte	0xc
 1455 08df 0F       		.byte	0xf
 1456 08e0 D7       		.byte	0xd7
 1457 08e1 1E090000 		.4byte	0x91e
 1458 08e5 06       		.uleb128 0x6
 1459 08e6 12020000 		.4byte	.LASF109
 1460 08ea 0F       		.byte	0xf
 1461 08eb DB       		.byte	0xdb
 1462 08ec 86000000 		.4byte	0x86
 1463 08f0 02       		.byte	0x2
 1464 08f1 23       		.byte	0x23
 1465 08f2 00       		.uleb128 0
 1466 08f3 07       		.uleb128 0x7
 1467 08f4 63723100 		.ascii	"cr1\000"
 1468 08f8 0F       		.byte	0xf
 1469 08f9 E0       		.byte	0xe0
 1470 08fa 62000000 		.4byte	0x62
 1471 08fe 02       		.byte	0x2
 1472 08ff 23       		.byte	0x23
 1473 0900 04       		.uleb128 0x4
 1474 0901 07       		.uleb128 0x7
 1475 0902 63723200 		.ascii	"cr2\000"
 1476 0906 0F       		.byte	0xf
 1477 0907 E4       		.byte	0xe4
ARM GAS  /tmp/cccV7OPi.s 			page 27


 1478 0908 62000000 		.4byte	0x62
 1479 090c 02       		.byte	0x2
 1480 090d 23       		.byte	0x23
 1481 090e 06       		.uleb128 0x6
 1482 090f 07       		.uleb128 0x7
 1483 0910 63723300 		.ascii	"cr3\000"
 1484 0914 0F       		.byte	0xf
 1485 0915 E8       		.byte	0xe8
 1486 0916 62000000 		.4byte	0x62
 1487 091a 02       		.byte	0x2
 1488 091b 23       		.byte	0x23
 1489 091c 08       		.uleb128 0x8
 1490 091d 00       		.byte	0
 1491 091e 03       		.uleb128 0x3
 1492 091f 8F020000 		.4byte	.LASF110
 1493 0923 0F       		.byte	0xf
 1494 0924 E9       		.byte	0xe9
 1495 0925 DD080000 		.4byte	0x8dd
 1496 0929 05       		.uleb128 0x5
 1497 092a 4F010000 		.4byte	.LASF111
 1498 092e 20       		.byte	0x20
 1499 092f 0E       		.byte	0xe
 1500 0930 7C       		.byte	0x7c
 1501 0931 A6090000 		.4byte	0x9a6
 1502 0935 06       		.uleb128 0x6
 1503 0936 42020000 		.4byte	.LASF112
 1504 093a 0E       		.byte	0xe
 1505 093b 7D       		.byte	0x7d
 1506 093c F1050000 		.4byte	0x5f1
 1507 0940 02       		.byte	0x2
 1508 0941 23       		.byte	0x23
 1509 0942 00       		.uleb128 0
 1510 0943 06       		.uleb128 0x6
 1511 0944 F8030000 		.4byte	.LASF113
 1512 0948 0E       		.byte	0xe
 1513 0949 7D       		.byte	0x7d
 1514 094a 11060000 		.4byte	0x611
 1515 094e 02       		.byte	0x2
 1516 094f 23       		.byte	0x23
 1517 0950 04       		.uleb128 0x4
 1518 0951 07       		.uleb128 0x7
 1519 0952 70757400 		.ascii	"put\000"
 1520 0956 0E       		.byte	0xe
 1521 0957 7D       		.byte	0x7d
 1522 0958 2C060000 		.4byte	0x62c
 1523 095c 02       		.byte	0x2
 1524 095d 23       		.byte	0x23
 1525 095e 08       		.uleb128 0x8
 1526 095f 07       		.uleb128 0x7
 1527 0960 67657400 		.ascii	"get\000"
 1528 0964 0E       		.byte	0xe
 1529 0965 7D       		.byte	0x7d
 1530 0966 EF040000 		.4byte	0x4ef
 1531 096a 02       		.byte	0x2
 1532 096b 23       		.byte	0x23
 1533 096c 0C       		.uleb128 0xc
 1534 096d 06       		.uleb128 0x6
ARM GAS  /tmp/cccV7OPi.s 			page 28


 1535 096e 48020000 		.4byte	.LASF114
 1536 0972 0E       		.byte	0xe
 1537 0973 7D       		.byte	0x7d
 1538 0974 BB070000 		.4byte	0x7bb
 1539 0978 02       		.byte	0x2
 1540 0979 23       		.byte	0x23
 1541 097a 10       		.uleb128 0x10
 1542 097b 06       		.uleb128 0x6
 1543 097c 85010000 		.4byte	.LASF115
 1544 0980 0E       		.byte	0xe
 1545 0981 7D       		.byte	0x7d
 1546 0982 D6070000 		.4byte	0x7d6
 1547 0986 02       		.byte	0x2
 1548 0987 23       		.byte	0x23
 1549 0988 14       		.uleb128 0x14
 1550 0989 06       		.uleb128 0x6
 1551 098a E0010000 		.4byte	.LASF116
 1552 098e 0E       		.byte	0xe
 1553 098f 7D       		.byte	0x7d
 1554 0990 FB070000 		.4byte	0x7fb
 1555 0994 02       		.byte	0x2
 1556 0995 23       		.byte	0x23
 1557 0996 18       		.uleb128 0x18
 1558 0997 06       		.uleb128 0x6
 1559 0998 7A000000 		.4byte	.LASF117
 1560 099c 0E       		.byte	0xe
 1561 099d 7D       		.byte	0x7d
 1562 099e 20080000 		.4byte	0x820
 1563 09a2 02       		.byte	0x2
 1564 09a3 23       		.byte	0x23
 1565 09a4 1C       		.uleb128 0x1c
 1566 09a5 00       		.byte	0
 1567 09a6 09       		.uleb128 0x9
 1568 09a7 04       		.byte	0x4
 1569 09a8 AC090000 		.4byte	0x9ac
 1570 09ac 10       		.uleb128 0x10
 1571 09ad 29090000 		.4byte	0x929
 1572 09b1 19       		.uleb128 0x19
 1573 09b2 49000000 		.4byte	0x49
 1574 09b6 C1090000 		.4byte	0x9c1
 1575 09ba 1A       		.uleb128 0x1a
 1576 09bb 3B000000 		.4byte	0x3b
 1577 09bf 0F       		.byte	0xf
 1578 09c0 00       		.byte	0
 1579 09c1 09       		.uleb128 0x9
 1580 09c2 04       		.byte	0x4
 1581 09c3 95070000 		.4byte	0x795
 1582 09c7 1B       		.uleb128 0x1b
 1583 09c8 3A020000 		.4byte	.LASF127
 1584 09cc 01       		.byte	0x1
 1585 09cd 1A       		.byte	0x1a
 1586 09ce 01       		.byte	0x1
 1587 09cf EF000000 		.4byte	0xef
 1588 09d3 00000000 		.4byte	.LFB63
 1589 09d7 A0000000 		.4byte	.LFE63
 1590 09db 00000000 		.4byte	.LLST0
 1591 09df F3090000 		.4byte	0x9f3
ARM GAS  /tmp/cccV7OPi.s 			page 29


 1592 09e3 1C       		.uleb128 0x1c
 1593 09e4 61726700 		.ascii	"arg\000"
 1594 09e8 01       		.byte	0x1
 1595 09e9 1A       		.byte	0x1a
 1596 09ea AE020000 		.4byte	0x2ae
 1597 09ee 20000000 		.4byte	.LLST1
 1598 09f2 00       		.byte	0
 1599 09f3 1D       		.uleb128 0x1d
 1600 09f4 01       		.byte	0x1
 1601 09f5 CA040000 		.4byte	.LASF128
 1602 09f9 01       		.byte	0x1
 1603 09fa 3C       		.byte	0x3c
 1604 09fb 01       		.byte	0x1
 1605 09fc 29000000 		.4byte	0x29
 1606 0a00 00000000 		.4byte	.LFB64
 1607 0a04 9C000000 		.4byte	.LFE64
 1608 0a08 33000000 		.4byte	.LLST2
 1609 0a0c 460A0000 		.4byte	0xa46
 1610 0a10 1E       		.uleb128 0x1e
 1611 0a11 C8000000 		.4byte	.LASF118
 1612 0a15 01       		.byte	0x1
 1613 0a16 4C       		.byte	0x4c
 1614 0a17 460A0000 		.4byte	0xa46
 1615 0a1b 05       		.byte	0x5
 1616 0a1c 03       		.byte	0x3
 1617 0a1d 00000000 		.4byte	default_config.3252
 1618 0a21 1F       		.uleb128 0x1f
 1619 0a22 2A000000 		.4byte	.LBB2
 1620 0a26 9C000000 		.4byte	.LBE2
 1621 0a2a 1E       		.uleb128 0x1e
 1622 0a2b 91030000 		.4byte	.LASF119
 1623 0a2f 01       		.byte	0x1
 1624 0a30 62       		.byte	0x62
 1625 0a31 4B0A0000 		.4byte	0xa4b
 1626 0a35 02       		.byte	0x2
 1627 0a36 91       		.byte	0x91
 1628 0a37 54       		.sleb128 -44
 1629 0a38 20       		.uleb128 0x20
 1630 0a39 F1030000 		.4byte	.LASF120
 1631 0a3d 01       		.byte	0x1
 1632 0a3e 63       		.byte	0x63
 1633 0a3f 30000000 		.4byte	0x30
 1634 0a43 0A       		.byte	0xa
 1635 0a44 00       		.byte	0
 1636 0a45 00       		.byte	0
 1637 0a46 10       		.uleb128 0x10
 1638 0a47 1E090000 		.4byte	0x91e
 1639 0a4b 19       		.uleb128 0x19
 1640 0a4c 49000000 		.4byte	0x49
 1641 0a50 5B0A0000 		.4byte	0xa5b
 1642 0a54 1A       		.uleb128 0x1a
 1643 0a55 3B000000 		.4byte	0x3b
 1644 0a59 09       		.byte	0x9
 1645 0a5a 00       		.byte	0
 1646 0a5b 21       		.uleb128 0x21
 1647 0a5c A1040000 		.4byte	.LASF121
 1648 0a60 08       		.byte	0x8
ARM GAS  /tmp/cccV7OPi.s 			page 30


 1649 0a61 6F       		.byte	0x6f
 1650 0a62 D3030000 		.4byte	0x3d3
 1651 0a66 01       		.byte	0x1
 1652 0a67 01       		.byte	0x1
 1653 0a68 22       		.uleb128 0x22
 1654 0a69 5C000000 		.4byte	.LASF122
 1655 0a6d 10       		.byte	0x10
 1656 0a6e 0706     		.2byte	0x607
 1657 0a70 37060000 		.4byte	0x637
 1658 0a74 01       		.byte	0x1
 1659 0a75 01       		.byte	0x1
 1660 0a76 23       		.uleb128 0x23
 1661 0a77 53443400 		.ascii	"SD4\000"
 1662 0a7b 0F       		.byte	0xf
 1663 0a7c 1801     		.2byte	0x118
 1664 0a7e 57080000 		.4byte	0x857
 1665 0a82 01       		.byte	0x1
 1666 0a83 01       		.byte	0x1
 1667 0a84 19       		.uleb128 0x19
 1668 0a85 B0020000 		.4byte	0x2b0
 1669 0a89 940A0000 		.4byte	0xa94
 1670 0a8d 1A       		.uleb128 0x1a
 1671 0a8e 3B000000 		.4byte	0x3b
 1672 0a92 25       		.byte	0x25
 1673 0a93 00       		.byte	0
 1674 0a94 1E       		.uleb128 0x1e
 1675 0a95 9C020000 		.4byte	.LASF123
 1676 0a99 01       		.byte	0x1
 1677 0a9a 19       		.byte	0x19
 1678 0a9b 840A0000 		.4byte	0xa84
 1679 0a9f 05       		.byte	0x5
 1680 0aa0 03       		.byte	0x3
 1681 0aa1 00000000 		.4byte	waThread1
 1682 0aa5 21       		.uleb128 0x21
 1683 0aa6 A1040000 		.4byte	.LASF121
 1684 0aaa 08       		.byte	0x8
 1685 0aab 6F       		.byte	0x6f
 1686 0aac D3030000 		.4byte	0x3d3
 1687 0ab0 01       		.byte	0x1
 1688 0ab1 01       		.byte	0x1
 1689 0ab2 22       		.uleb128 0x22
 1690 0ab3 5C000000 		.4byte	.LASF122
 1691 0ab7 10       		.byte	0x10
 1692 0ab8 0706     		.2byte	0x607
 1693 0aba 37060000 		.4byte	0x637
 1694 0abe 01       		.byte	0x1
 1695 0abf 01       		.byte	0x1
 1696 0ac0 23       		.uleb128 0x23
 1697 0ac1 53443400 		.ascii	"SD4\000"
 1698 0ac5 0F       		.byte	0xf
 1699 0ac6 1801     		.2byte	0x118
 1700 0ac8 57080000 		.4byte	0x857
 1701 0acc 01       		.byte	0x1
 1702 0acd 01       		.byte	0x1
 1703 0ace 00       		.byte	0
 1704              		.section	.debug_abbrev,"",%progbits
 1705              	.Ldebug_abbrev0:
ARM GAS  /tmp/cccV7OPi.s 			page 31


 1706 0000 01       		.uleb128 0x1
 1707 0001 11       		.uleb128 0x11
 1708 0002 01       		.byte	0x1
 1709 0003 25       		.uleb128 0x25
 1710 0004 0E       		.uleb128 0xe
 1711 0005 13       		.uleb128 0x13
 1712 0006 0B       		.uleb128 0xb
 1713 0007 03       		.uleb128 0x3
 1714 0008 0E       		.uleb128 0xe
 1715 0009 1B       		.uleb128 0x1b
 1716 000a 0E       		.uleb128 0xe
 1717 000b 11       		.uleb128 0x11
 1718 000c 01       		.uleb128 0x1
 1719 000d 52       		.uleb128 0x52
 1720 000e 01       		.uleb128 0x1
 1721 000f 55       		.uleb128 0x55
 1722 0010 06       		.uleb128 0x6
 1723 0011 10       		.uleb128 0x10
 1724 0012 06       		.uleb128 0x6
 1725 0013 00       		.byte	0
 1726 0014 00       		.byte	0
 1727 0015 02       		.uleb128 0x2
 1728 0016 24       		.uleb128 0x24
 1729 0017 00       		.byte	0
 1730 0018 0B       		.uleb128 0xb
 1731 0019 0B       		.uleb128 0xb
 1732 001a 3E       		.uleb128 0x3e
 1733 001b 0B       		.uleb128 0xb
 1734 001c 03       		.uleb128 0x3
 1735 001d 08       		.uleb128 0x8
 1736 001e 00       		.byte	0
 1737 001f 00       		.byte	0
 1738 0020 03       		.uleb128 0x3
 1739 0021 16       		.uleb128 0x16
 1740 0022 00       		.byte	0
 1741 0023 03       		.uleb128 0x3
 1742 0024 0E       		.uleb128 0xe
 1743 0025 3A       		.uleb128 0x3a
 1744 0026 0B       		.uleb128 0xb
 1745 0027 3B       		.uleb128 0x3b
 1746 0028 0B       		.uleb128 0xb
 1747 0029 49       		.uleb128 0x49
 1748 002a 13       		.uleb128 0x13
 1749 002b 00       		.byte	0
 1750 002c 00       		.byte	0
 1751 002d 04       		.uleb128 0x4
 1752 002e 24       		.uleb128 0x24
 1753 002f 00       		.byte	0
 1754 0030 0B       		.uleb128 0xb
 1755 0031 0B       		.uleb128 0xb
 1756 0032 3E       		.uleb128 0x3e
 1757 0033 0B       		.uleb128 0xb
 1758 0034 03       		.uleb128 0x3
 1759 0035 0E       		.uleb128 0xe
 1760 0036 00       		.byte	0
 1761 0037 00       		.byte	0
 1762 0038 05       		.uleb128 0x5
ARM GAS  /tmp/cccV7OPi.s 			page 32


 1763 0039 13       		.uleb128 0x13
 1764 003a 01       		.byte	0x1
 1765 003b 03       		.uleb128 0x3
 1766 003c 0E       		.uleb128 0xe
 1767 003d 0B       		.uleb128 0xb
 1768 003e 0B       		.uleb128 0xb
 1769 003f 3A       		.uleb128 0x3a
 1770 0040 0B       		.uleb128 0xb
 1771 0041 3B       		.uleb128 0x3b
 1772 0042 0B       		.uleb128 0xb
 1773 0043 01       		.uleb128 0x1
 1774 0044 13       		.uleb128 0x13
 1775 0045 00       		.byte	0
 1776 0046 00       		.byte	0
 1777 0047 06       		.uleb128 0x6
 1778 0048 0D       		.uleb128 0xd
 1779 0049 00       		.byte	0
 1780 004a 03       		.uleb128 0x3
 1781 004b 0E       		.uleb128 0xe
 1782 004c 3A       		.uleb128 0x3a
 1783 004d 0B       		.uleb128 0xb
 1784 004e 3B       		.uleb128 0x3b
 1785 004f 0B       		.uleb128 0xb
 1786 0050 49       		.uleb128 0x49
 1787 0051 13       		.uleb128 0x13
 1788 0052 38       		.uleb128 0x38
 1789 0053 0A       		.uleb128 0xa
 1790 0054 00       		.byte	0
 1791 0055 00       		.byte	0
 1792 0056 07       		.uleb128 0x7
 1793 0057 0D       		.uleb128 0xd
 1794 0058 00       		.byte	0
 1795 0059 03       		.uleb128 0x3
 1796 005a 08       		.uleb128 0x8
 1797 005b 3A       		.uleb128 0x3a
 1798 005c 0B       		.uleb128 0xb
 1799 005d 3B       		.uleb128 0x3b
 1800 005e 0B       		.uleb128 0xb
 1801 005f 49       		.uleb128 0x49
 1802 0060 13       		.uleb128 0x13
 1803 0061 38       		.uleb128 0x38
 1804 0062 0A       		.uleb128 0xa
 1805 0063 00       		.byte	0
 1806 0064 00       		.byte	0
 1807 0065 08       		.uleb128 0x8
 1808 0066 13       		.uleb128 0x13
 1809 0067 01       		.byte	0x1
 1810 0068 0B       		.uleb128 0xb
 1811 0069 0B       		.uleb128 0xb
 1812 006a 3A       		.uleb128 0x3a
 1813 006b 0B       		.uleb128 0xb
 1814 006c 3B       		.uleb128 0x3b
 1815 006d 0B       		.uleb128 0xb
 1816 006e 01       		.uleb128 0x1
 1817 006f 13       		.uleb128 0x13
 1818 0070 00       		.byte	0
 1819 0071 00       		.byte	0
ARM GAS  /tmp/cccV7OPi.s 			page 33


 1820 0072 09       		.uleb128 0x9
 1821 0073 0F       		.uleb128 0xf
 1822 0074 00       		.byte	0
 1823 0075 0B       		.uleb128 0xb
 1824 0076 0B       		.uleb128 0xb
 1825 0077 49       		.uleb128 0x49
 1826 0078 13       		.uleb128 0x13
 1827 0079 00       		.byte	0
 1828 007a 00       		.byte	0
 1829 007b 0A       		.uleb128 0xa
 1830 007c 0F       		.uleb128 0xf
 1831 007d 00       		.byte	0
 1832 007e 0B       		.uleb128 0xb
 1833 007f 0B       		.uleb128 0xb
 1834 0080 00       		.byte	0
 1835 0081 00       		.byte	0
 1836 0082 0B       		.uleb128 0xb
 1837 0083 13       		.uleb128 0x13
 1838 0084 01       		.byte	0x1
 1839 0085 03       		.uleb128 0x3
 1840 0086 0E       		.uleb128 0xe
 1841 0087 0B       		.uleb128 0xb
 1842 0088 0B       		.uleb128 0xb
 1843 0089 3A       		.uleb128 0x3a
 1844 008a 0B       		.uleb128 0xb
 1845 008b 3B       		.uleb128 0x3b
 1846 008c 05       		.uleb128 0x5
 1847 008d 01       		.uleb128 0x1
 1848 008e 13       		.uleb128 0x13
 1849 008f 00       		.byte	0
 1850 0090 00       		.byte	0
 1851 0091 0C       		.uleb128 0xc
 1852 0092 0D       		.uleb128 0xd
 1853 0093 00       		.byte	0
 1854 0094 03       		.uleb128 0x3
 1855 0095 08       		.uleb128 0x8
 1856 0096 3A       		.uleb128 0x3a
 1857 0097 0B       		.uleb128 0xb
 1858 0098 3B       		.uleb128 0x3b
 1859 0099 05       		.uleb128 0x5
 1860 009a 49       		.uleb128 0x49
 1861 009b 13       		.uleb128 0x13
 1862 009c 38       		.uleb128 0x38
 1863 009d 0A       		.uleb128 0xa
 1864 009e 00       		.byte	0
 1865 009f 00       		.byte	0
 1866 00a0 0D       		.uleb128 0xd
 1867 00a1 35       		.uleb128 0x35
 1868 00a2 00       		.byte	0
 1869 00a3 49       		.uleb128 0x49
 1870 00a4 13       		.uleb128 0x13
 1871 00a5 00       		.byte	0
 1872 00a6 00       		.byte	0
 1873 00a7 0E       		.uleb128 0xe
 1874 00a8 17       		.uleb128 0x17
 1875 00a9 01       		.byte	0x1
 1876 00aa 0B       		.uleb128 0xb
ARM GAS  /tmp/cccV7OPi.s 			page 34


 1877 00ab 0B       		.uleb128 0xb
 1878 00ac 3A       		.uleb128 0x3a
 1879 00ad 0B       		.uleb128 0xb
 1880 00ae 3B       		.uleb128 0x3b
 1881 00af 0B       		.uleb128 0xb
 1882 00b0 01       		.uleb128 0x1
 1883 00b1 13       		.uleb128 0x13
 1884 00b2 00       		.byte	0
 1885 00b3 00       		.byte	0
 1886 00b4 0F       		.uleb128 0xf
 1887 00b5 0D       		.uleb128 0xd
 1888 00b6 00       		.byte	0
 1889 00b7 03       		.uleb128 0x3
 1890 00b8 0E       		.uleb128 0xe
 1891 00b9 3A       		.uleb128 0x3a
 1892 00ba 0B       		.uleb128 0xb
 1893 00bb 3B       		.uleb128 0x3b
 1894 00bc 0B       		.uleb128 0xb
 1895 00bd 49       		.uleb128 0x49
 1896 00be 13       		.uleb128 0x13
 1897 00bf 00       		.byte	0
 1898 00c0 00       		.byte	0
 1899 00c1 10       		.uleb128 0x10
 1900 00c2 26       		.uleb128 0x26
 1901 00c3 00       		.byte	0
 1902 00c4 49       		.uleb128 0x49
 1903 00c5 13       		.uleb128 0x13
 1904 00c6 00       		.byte	0
 1905 00c7 00       		.byte	0
 1906 00c8 11       		.uleb128 0x11
 1907 00c9 15       		.uleb128 0x15
 1908 00ca 01       		.byte	0x1
 1909 00cb 27       		.uleb128 0x27
 1910 00cc 0C       		.uleb128 0xc
 1911 00cd 49       		.uleb128 0x49
 1912 00ce 13       		.uleb128 0x13
 1913 00cf 01       		.uleb128 0x1
 1914 00d0 13       		.uleb128 0x13
 1915 00d1 00       		.byte	0
 1916 00d2 00       		.byte	0
 1917 00d3 12       		.uleb128 0x12
 1918 00d4 05       		.uleb128 0x5
 1919 00d5 00       		.byte	0
 1920 00d6 49       		.uleb128 0x49
 1921 00d7 13       		.uleb128 0x13
 1922 00d8 00       		.byte	0
 1923 00d9 00       		.byte	0
 1924 00da 13       		.uleb128 0x13
 1925 00db 15       		.uleb128 0x15
 1926 00dc 01       		.byte	0x1
 1927 00dd 27       		.uleb128 0x27
 1928 00de 0C       		.uleb128 0xc
 1929 00df 01       		.uleb128 0x1
 1930 00e0 13       		.uleb128 0x13
 1931 00e1 00       		.byte	0
 1932 00e2 00       		.byte	0
 1933 00e3 14       		.uleb128 0x14
ARM GAS  /tmp/cccV7OPi.s 			page 35


 1934 00e4 13       		.uleb128 0x13
 1935 00e5 01       		.byte	0x1
 1936 00e6 0B       		.uleb128 0xb
 1937 00e7 0B       		.uleb128 0xb
 1938 00e8 3A       		.uleb128 0x3a
 1939 00e9 0B       		.uleb128 0xb
 1940 00ea 3B       		.uleb128 0x3b
 1941 00eb 05       		.uleb128 0x5
 1942 00ec 01       		.uleb128 0x1
 1943 00ed 13       		.uleb128 0x13
 1944 00ee 00       		.byte	0
 1945 00ef 00       		.byte	0
 1946 00f0 15       		.uleb128 0x15
 1947 00f1 0D       		.uleb128 0xd
 1948 00f2 00       		.byte	0
 1949 00f3 03       		.uleb128 0x3
 1950 00f4 0E       		.uleb128 0xe
 1951 00f5 3A       		.uleb128 0x3a
 1952 00f6 0B       		.uleb128 0xb
 1953 00f7 3B       		.uleb128 0x3b
 1954 00f8 05       		.uleb128 0x5
 1955 00f9 49       		.uleb128 0x49
 1956 00fa 13       		.uleb128 0x13
 1957 00fb 38       		.uleb128 0x38
 1958 00fc 0A       		.uleb128 0xa
 1959 00fd 00       		.byte	0
 1960 00fe 00       		.byte	0
 1961 00ff 16       		.uleb128 0x16
 1962 0100 16       		.uleb128 0x16
 1963 0101 00       		.byte	0
 1964 0102 03       		.uleb128 0x3
 1965 0103 0E       		.uleb128 0xe
 1966 0104 3A       		.uleb128 0x3a
 1967 0105 0B       		.uleb128 0xb
 1968 0106 3B       		.uleb128 0x3b
 1969 0107 05       		.uleb128 0x5
 1970 0108 49       		.uleb128 0x49
 1971 0109 13       		.uleb128 0x13
 1972 010a 00       		.byte	0
 1973 010b 00       		.byte	0
 1974 010c 17       		.uleb128 0x17
 1975 010d 04       		.uleb128 0x4
 1976 010e 01       		.byte	0x1
 1977 010f 0B       		.uleb128 0xb
 1978 0110 0B       		.uleb128 0xb
 1979 0111 3A       		.uleb128 0x3a
 1980 0112 0B       		.uleb128 0xb
 1981 0113 3B       		.uleb128 0x3b
 1982 0114 0B       		.uleb128 0xb
 1983 0115 01       		.uleb128 0x1
 1984 0116 13       		.uleb128 0x13
 1985 0117 00       		.byte	0
 1986 0118 00       		.byte	0
 1987 0119 18       		.uleb128 0x18
 1988 011a 28       		.uleb128 0x28
 1989 011b 00       		.byte	0
 1990 011c 03       		.uleb128 0x3
ARM GAS  /tmp/cccV7OPi.s 			page 36


 1991 011d 0E       		.uleb128 0xe
 1992 011e 1C       		.uleb128 0x1c
 1993 011f 0D       		.uleb128 0xd
 1994 0120 00       		.byte	0
 1995 0121 00       		.byte	0
 1996 0122 19       		.uleb128 0x19
 1997 0123 01       		.uleb128 0x1
 1998 0124 01       		.byte	0x1
 1999 0125 49       		.uleb128 0x49
 2000 0126 13       		.uleb128 0x13
 2001 0127 01       		.uleb128 0x1
 2002 0128 13       		.uleb128 0x13
 2003 0129 00       		.byte	0
 2004 012a 00       		.byte	0
 2005 012b 1A       		.uleb128 0x1a
 2006 012c 21       		.uleb128 0x21
 2007 012d 00       		.byte	0
 2008 012e 49       		.uleb128 0x49
 2009 012f 13       		.uleb128 0x13
 2010 0130 2F       		.uleb128 0x2f
 2011 0131 0B       		.uleb128 0xb
 2012 0132 00       		.byte	0
 2013 0133 00       		.byte	0
 2014 0134 1B       		.uleb128 0x1b
 2015 0135 2E       		.uleb128 0x2e
 2016 0136 01       		.byte	0x1
 2017 0137 03       		.uleb128 0x3
 2018 0138 0E       		.uleb128 0xe
 2019 0139 3A       		.uleb128 0x3a
 2020 013a 0B       		.uleb128 0xb
 2021 013b 3B       		.uleb128 0x3b
 2022 013c 0B       		.uleb128 0xb
 2023 013d 27       		.uleb128 0x27
 2024 013e 0C       		.uleb128 0xc
 2025 013f 49       		.uleb128 0x49
 2026 0140 13       		.uleb128 0x13
 2027 0141 11       		.uleb128 0x11
 2028 0142 01       		.uleb128 0x1
 2029 0143 12       		.uleb128 0x12
 2030 0144 01       		.uleb128 0x1
 2031 0145 40       		.uleb128 0x40
 2032 0146 06       		.uleb128 0x6
 2033 0147 01       		.uleb128 0x1
 2034 0148 13       		.uleb128 0x13
 2035 0149 00       		.byte	0
 2036 014a 00       		.byte	0
 2037 014b 1C       		.uleb128 0x1c
 2038 014c 05       		.uleb128 0x5
 2039 014d 00       		.byte	0
 2040 014e 03       		.uleb128 0x3
 2041 014f 08       		.uleb128 0x8
 2042 0150 3A       		.uleb128 0x3a
 2043 0151 0B       		.uleb128 0xb
 2044 0152 3B       		.uleb128 0x3b
 2045 0153 0B       		.uleb128 0xb
 2046 0154 49       		.uleb128 0x49
 2047 0155 13       		.uleb128 0x13
ARM GAS  /tmp/cccV7OPi.s 			page 37


 2048 0156 02       		.uleb128 0x2
 2049 0157 06       		.uleb128 0x6
 2050 0158 00       		.byte	0
 2051 0159 00       		.byte	0
 2052 015a 1D       		.uleb128 0x1d
 2053 015b 2E       		.uleb128 0x2e
 2054 015c 01       		.byte	0x1
 2055 015d 3F       		.uleb128 0x3f
 2056 015e 0C       		.uleb128 0xc
 2057 015f 03       		.uleb128 0x3
 2058 0160 0E       		.uleb128 0xe
 2059 0161 3A       		.uleb128 0x3a
 2060 0162 0B       		.uleb128 0xb
 2061 0163 3B       		.uleb128 0x3b
 2062 0164 0B       		.uleb128 0xb
 2063 0165 27       		.uleb128 0x27
 2064 0166 0C       		.uleb128 0xc
 2065 0167 49       		.uleb128 0x49
 2066 0168 13       		.uleb128 0x13
 2067 0169 11       		.uleb128 0x11
 2068 016a 01       		.uleb128 0x1
 2069 016b 12       		.uleb128 0x12
 2070 016c 01       		.uleb128 0x1
 2071 016d 40       		.uleb128 0x40
 2072 016e 06       		.uleb128 0x6
 2073 016f 01       		.uleb128 0x1
 2074 0170 13       		.uleb128 0x13
 2075 0171 00       		.byte	0
 2076 0172 00       		.byte	0
 2077 0173 1E       		.uleb128 0x1e
 2078 0174 34       		.uleb128 0x34
 2079 0175 00       		.byte	0
 2080 0176 03       		.uleb128 0x3
 2081 0177 0E       		.uleb128 0xe
 2082 0178 3A       		.uleb128 0x3a
 2083 0179 0B       		.uleb128 0xb
 2084 017a 3B       		.uleb128 0x3b
 2085 017b 0B       		.uleb128 0xb
 2086 017c 49       		.uleb128 0x49
 2087 017d 13       		.uleb128 0x13
 2088 017e 02       		.uleb128 0x2
 2089 017f 0A       		.uleb128 0xa
 2090 0180 00       		.byte	0
 2091 0181 00       		.byte	0
 2092 0182 1F       		.uleb128 0x1f
 2093 0183 0B       		.uleb128 0xb
 2094 0184 01       		.byte	0x1
 2095 0185 11       		.uleb128 0x11
 2096 0186 01       		.uleb128 0x1
 2097 0187 12       		.uleb128 0x12
 2098 0188 01       		.uleb128 0x1
 2099 0189 00       		.byte	0
 2100 018a 00       		.byte	0
 2101 018b 20       		.uleb128 0x20
 2102 018c 34       		.uleb128 0x34
 2103 018d 00       		.byte	0
 2104 018e 03       		.uleb128 0x3
ARM GAS  /tmp/cccV7OPi.s 			page 38


 2105 018f 0E       		.uleb128 0xe
 2106 0190 3A       		.uleb128 0x3a
 2107 0191 0B       		.uleb128 0xb
 2108 0192 3B       		.uleb128 0x3b
 2109 0193 0B       		.uleb128 0xb
 2110 0194 49       		.uleb128 0x49
 2111 0195 13       		.uleb128 0x13
 2112 0196 1C       		.uleb128 0x1c
 2113 0197 0B       		.uleb128 0xb
 2114 0198 00       		.byte	0
 2115 0199 00       		.byte	0
 2116 019a 21       		.uleb128 0x21
 2117 019b 34       		.uleb128 0x34
 2118 019c 00       		.byte	0
 2119 019d 03       		.uleb128 0x3
 2120 019e 0E       		.uleb128 0xe
 2121 019f 3A       		.uleb128 0x3a
 2122 01a0 0B       		.uleb128 0xb
 2123 01a1 3B       		.uleb128 0x3b
 2124 01a2 0B       		.uleb128 0xb
 2125 01a3 49       		.uleb128 0x49
 2126 01a4 13       		.uleb128 0x13
 2127 01a5 3F       		.uleb128 0x3f
 2128 01a6 0C       		.uleb128 0xc
 2129 01a7 3C       		.uleb128 0x3c
 2130 01a8 0C       		.uleb128 0xc
 2131 01a9 00       		.byte	0
 2132 01aa 00       		.byte	0
 2133 01ab 22       		.uleb128 0x22
 2134 01ac 34       		.uleb128 0x34
 2135 01ad 00       		.byte	0
 2136 01ae 03       		.uleb128 0x3
 2137 01af 0E       		.uleb128 0xe
 2138 01b0 3A       		.uleb128 0x3a
 2139 01b1 0B       		.uleb128 0xb
 2140 01b2 3B       		.uleb128 0x3b
 2141 01b3 05       		.uleb128 0x5
 2142 01b4 49       		.uleb128 0x49
 2143 01b5 13       		.uleb128 0x13
 2144 01b6 3F       		.uleb128 0x3f
 2145 01b7 0C       		.uleb128 0xc
 2146 01b8 3C       		.uleb128 0x3c
 2147 01b9 0C       		.uleb128 0xc
 2148 01ba 00       		.byte	0
 2149 01bb 00       		.byte	0
 2150 01bc 23       		.uleb128 0x23
 2151 01bd 34       		.uleb128 0x34
 2152 01be 00       		.byte	0
 2153 01bf 03       		.uleb128 0x3
 2154 01c0 08       		.uleb128 0x8
 2155 01c1 3A       		.uleb128 0x3a
 2156 01c2 0B       		.uleb128 0xb
 2157 01c3 3B       		.uleb128 0x3b
 2158 01c4 05       		.uleb128 0x5
 2159 01c5 49       		.uleb128 0x49
 2160 01c6 13       		.uleb128 0x13
 2161 01c7 3F       		.uleb128 0x3f
ARM GAS  /tmp/cccV7OPi.s 			page 39


 2162 01c8 0C       		.uleb128 0xc
 2163 01c9 3C       		.uleb128 0x3c
 2164 01ca 0C       		.uleb128 0xc
 2165 01cb 00       		.byte	0
 2166 01cc 00       		.byte	0
 2167 01cd 00       		.byte	0
 2168              		.section	.debug_loc,"",%progbits
 2169              	.Ldebug_loc0:
 2170              	.LLST0:
 2171 0000 00000000 		.4byte	.LFB63
 2172 0004 0A000000 		.4byte	.LCFI0
 2173 0008 0200     		.2byte	0x2
 2174 000a 7D       		.byte	0x7d
 2175 000b 00       		.sleb128 0
 2176 000c 0A000000 		.4byte	.LCFI0
 2177 0010 A0000000 		.4byte	.LFE63
 2178 0014 0200     		.2byte	0x2
 2179 0016 7D       		.byte	0x7d
 2180 0017 20       		.sleb128 32
 2181 0018 00000000 		.4byte	0
 2182 001c 00000000 		.4byte	0
 2183              	.LLST1:
 2184 0020 00000000 		.4byte	.LVL0
 2185 0024 2A000000 		.4byte	.LVL1
 2186 0028 0100     		.2byte	0x1
 2187 002a 50       		.byte	0x50
 2188 002b 00000000 		.4byte	0
 2189 002f 00000000 		.4byte	0
 2190              	.LLST2:
 2191 0033 00000000 		.4byte	.LFB64
 2192 0037 04000000 		.4byte	.LCFI1
 2193 003b 0200     		.2byte	0x2
 2194 003d 7D       		.byte	0x7d
 2195 003e 00       		.sleb128 0
 2196 003f 04000000 		.4byte	.LCFI1
 2197 0043 06000000 		.4byte	.LCFI2
 2198 0047 0200     		.2byte	0x2
 2199 0049 7D       		.byte	0x7d
 2200 004a 1C       		.sleb128 28
 2201 004b 06000000 		.4byte	.LCFI2
 2202 004f 9C000000 		.4byte	.LFE64
 2203 0053 0200     		.2byte	0x2
 2204 0055 7D       		.byte	0x7d
 2205 0056 38       		.sleb128 56
 2206 0057 00000000 		.4byte	0
 2207 005b 00000000 		.4byte	0
 2208              		.section	.debug_aranges,"",%progbits
 2209 0000 24000000 		.4byte	0x24
 2210 0004 0200     		.2byte	0x2
 2211 0006 00000000 		.4byte	.Ldebug_info0
 2212 000a 04       		.byte	0x4
 2213 000b 00       		.byte	0
 2214 000c 0000     		.2byte	0
 2215 000e 0000     		.2byte	0
 2216 0010 00000000 		.4byte	.LFB63
 2217 0014 A0000000 		.4byte	.LFE63-.LFB63
 2218 0018 00000000 		.4byte	.LFB64
ARM GAS  /tmp/cccV7OPi.s 			page 40


 2219 001c 9C000000 		.4byte	.LFE64-.LFB64
 2220 0020 00000000 		.4byte	0
 2221 0024 00000000 		.4byte	0
 2222              		.section	.debug_ranges,"",%progbits
 2223              	.Ldebug_ranges0:
 2224 0000 00000000 		.4byte	.LFB63
 2225 0004 A0000000 		.4byte	.LFE63
 2226 0008 00000000 		.4byte	.LFB64
 2227 000c 9C000000 		.4byte	.LFE64
 2228 0010 00000000 		.4byte	0
 2229 0014 00000000 		.4byte	0
 2230              		.section	.debug_line,"",%progbits
 2231              	.Ldebug_line0:
 2232 0000 4E030000 		.section	.debug_str,"MS",%progbits,1
 2232      02005D02 
 2232      00000201 
 2232      FB0E0D00 
 2232      01010101 
 2233              	.LASF2:
 2234 0000 73697A65 		.ascii	"size_t\000"
 2234      5F7400
 2235              	.LASF69:
 2236 0007 7264796D 		.ascii	"rdymsg\000"
 2236      736700
 2237              	.LASF13:
 2238 000e 75696E74 		.ascii	"uint64_t\000"
 2238      36345F74 
 2238      00
 2239              	.LASF85:
 2240 0017 4F757470 		.ascii	"OutputQueue\000"
 2240      75745175 
 2240      65756500 
 2241              	.LASF98:
 2242 0023 696F706F 		.ascii	"ioportmask_t\000"
 2242      72746D61 
 2242      736B5F74 
 2242      00
 2243              	.LASF14:
 2244 0030 6C6F6E67 		.ascii	"long long unsigned int\000"
 2244      206C6F6E 
 2244      6720756E 
 2244      7369676E 
 2244      65642069 
 2245              	.LASF23:
 2246 0047 666C6167 		.ascii	"flagsmask_t\000"
 2246      736D6173 
 2246      6B5F7400 
 2247              	.LASF70:
 2248 0053 65786974 		.ascii	"exitcode\000"
 2248      636F6465 
 2248      00
 2249              	.LASF122:
 2250 005c 49544D5F 		.ascii	"ITM_RxBuffer\000"
 2250      52784275 
 2250      66666572 
 2250      00
 2251              	.LASF56:
ARM GAS  /tmp/cccV7OPi.s 			page 41


 2252 0069 725F6375 		.ascii	"r_current\000"
 2252      7272656E 
 2252      7400
 2253              	.LASF28:
 2254 0073 705F7072 		.ascii	"p_prio\000"
 2254      696F00
 2255              	.LASF117:
 2256 007a 72656164 		.ascii	"readt\000"
 2256      7400
 2257              	.LASF75:
 2258 0080 715F7761 		.ascii	"q_waiting\000"
 2258      6974696E 
 2258      6700
 2259              	.LASF12:
 2260 008a 6C6F6E67 		.ascii	"long long int\000"
 2260      206C6F6E 
 2260      6720696E 
 2260      7400
 2261              	.LASF1:
 2262 0098 7369676E 		.ascii	"signed char\000"
 2262      65642063 
 2262      68617200 
 2263              	.LASF86:
 2264 00a4 42535252 		.ascii	"BSRR\000"
 2264      00
 2265              	.LASF95:
 2266 00a9 47545052 		.ascii	"GTPR\000"
 2266      00
 2267              	.LASF44:
 2268 00ae 705F6D70 		.ascii	"p_mpool\000"
 2268      6F6F6C00 
 2269              	.LASF59:
 2270 00b6 6D5F7175 		.ascii	"m_queue\000"
 2270      65756500 
 2271              	.LASF19:
 2272 00be 74736C69 		.ascii	"tslices_t\000"
 2272      6365735F 
 2272      7400
 2273              	.LASF118:
 2274 00c8 64656661 		.ascii	"default_config\000"
 2274      756C745F 
 2274      636F6E66 
 2274      696700
 2275              	.LASF105:
 2276 00d7 73746174 		.ascii	"state\000"
 2276      6500
 2277              	.LASF9:
 2278 00dd 6C6F6E67 		.ascii	"long int\000"
 2278      20696E74 
 2278      00
 2279              	.LASF17:
 2280 00e6 74737461 		.ascii	"tstate_t\000"
 2280      74655F74 
 2280      00
 2281              	.LASF35:
 2282 00ef 705F7265 		.ascii	"p_refs\000"
 2282      667300
ARM GAS  /tmp/cccV7OPi.s 			page 42


 2283              	.LASF77:
 2284 00f6 715F6275 		.ascii	"q_buffer\000"
 2284      66666572 
 2284      00
 2285              	.LASF79:
 2286 00ff 715F7772 		.ascii	"q_wrptr\000"
 2286      70747200 
 2287              	.LASF82:
 2288 0107 715F6C69 		.ascii	"q_link\000"
 2288      6E6B00
 2289              	.LASF30:
 2290 010e 705F6E65 		.ascii	"p_newer\000"
 2290      77657200 
 2291              	.LASF54:
 2292 0116 725F6E65 		.ascii	"r_newer\000"
 2292      77657200 
 2293              	.LASF47:
 2294 011e 72656761 		.ascii	"regarm_t\000"
 2294      726D5F74 
 2294      00
 2295              	.LASF67:
 2296 0127 4576656E 		.ascii	"EventSource\000"
 2296      74536F75 
 2296      72636500 
 2297              	.LASF108:
 2298 0133 75736172 		.ascii	"usart\000"
 2298      7400
 2299              	.LASF0:
 2300 0139 756E7369 		.ascii	"unsigned int\000"
 2300      676E6564 
 2300      20696E74 
 2300      00
 2301              	.LASF6:
 2302 0146 75696E74 		.ascii	"uint16_t\000"
 2302      31365F74 
 2302      00
 2303              	.LASF111:
 2304 014f 53657269 		.ascii	"SerialDriverVMT\000"
 2304      616C4472 
 2304      69766572 
 2304      564D5400 
 2305              	.LASF37:
 2306 015f 705F7469 		.ascii	"p_time\000"
 2306      6D6500
 2307              	.LASF106:
 2308 0166 69717565 		.ascii	"iqueue\000"
 2308      756500
 2309              	.LASF39:
 2310 016d 705F6D73 		.ascii	"p_msgqueue\000"
 2310      67717565 
 2310      756500
 2311              	.LASF88:
 2312 0178 4750494F 		.ascii	"GPIO_TypeDef\000"
 2312      5F547970 
 2312      65446566 
 2312      00
 2313              	.LASF115:
ARM GAS  /tmp/cccV7OPi.s 			page 43


 2314 0185 67657474 		.ascii	"gett\000"
 2314      00
 2315              	.LASF104:
 2316 018a 6576656E 		.ascii	"event\000"
 2316      7400
 2317              	.LASF7:
 2318 0190 73686F72 		.ascii	"short unsigned int\000"
 2318      7420756E 
 2318      7369676E 
 2318      65642069 
 2318      6E7400
 2319              	.LASF124:
 2320 01a3 474E5520 		.ascii	"GNU C 4.6.2 20110908 (prerelease)\000"
 2320      4320342E 
 2320      362E3220 
 2320      32303131 
 2320      30393038 
 2321              	.LASF21:
 2322 01c5 6D73675F 		.ascii	"msg_t\000"
 2322      7400
 2323              	.LASF107:
 2324 01cb 6F717565 		.ascii	"oqueue\000"
 2324      756500
 2325              	.LASF97:
 2326 01d2 55534152 		.ascii	"USART_TypeDef\000"
 2326      545F5479 
 2326      70654465 
 2326      6600
 2327              	.LASF116:
 2328 01e0 77726974 		.ascii	"writet\000"
 2328      657400
 2329              	.LASF16:
 2330 01e7 746D6F64 		.ascii	"tmode_t\000"
 2330      655F7400 
 2331              	.LASF46:
 2332 01ef 54687265 		.ascii	"ThreadsList\000"
 2332      6164734C 
 2332      69737400 
 2333              	.LASF22:
 2334 01fb 6576656E 		.ascii	"eventmask_t\000"
 2334      746D6173 
 2334      6B5F7400 
 2335              	.LASF84:
 2336 0207 496E7075 		.ascii	"InputQueue\000"
 2336      74517565 
 2336      756500
 2337              	.LASF109:
 2338 0212 73706565 		.ascii	"speed\000"
 2338      6400
 2339              	.LASF83:
 2340 0218 716E6F74 		.ascii	"qnotify_t\000"
 2340      6966795F 
 2340      7400
 2341              	.LASF74:
 2342 0222 47656E65 		.ascii	"GenericQueue\000"
 2342      72696351 
 2342      75657565 
ARM GAS  /tmp/cccV7OPi.s 			page 44


 2342      00
 2343              	.LASF48:
 2344 022f 73746B61 		.ascii	"stkalign_t\000"
 2344      6C69676E 
 2344      5F7400
 2345              	.LASF127:
 2346 023a 54687265 		.ascii	"Thread1\000"
 2346      61643100 
 2347              	.LASF112:
 2348 0242 77726974 		.ascii	"write\000"
 2348      6500
 2349              	.LASF114:
 2350 0248 70757474 		.ascii	"putt\000"
 2350      00
 2351              	.LASF76:
 2352 024d 715F636F 		.ascii	"q_counter\000"
 2352      756E7465 
 2352      7200
 2353              	.LASF58:
 2354 0257 4D757465 		.ascii	"Mutex\000"
 2354      7800
 2355              	.LASF31:
 2356 025d 705F6F6C 		.ascii	"p_older\000"
 2356      64657200 
 2357              	.LASF53:
 2358 0265 725F6374 		.ascii	"r_ctx\000"
 2358      7800
 2359              	.LASF45:
 2360 026b 54687265 		.ascii	"ThreadsQueue\000"
 2360      61647351 
 2360      75657565 
 2360      00
 2361              	.LASF125:
 2362 0278 6D61696E 		.ascii	"main.c\000"
 2362      2E6300
 2363              	.LASF55:
 2364 027f 725F6F6C 		.ascii	"r_older\000"
 2364      64657200 
 2365              	.LASF65:
 2366 0287 656C5F6D 		.ascii	"el_mask\000"
 2366      61736B00 
 2367              	.LASF110:
 2368 028f 53657269 		.ascii	"SerialConfig\000"
 2368      616C436F 
 2368      6E666967 
 2368      00
 2369              	.LASF123:
 2370 029c 77615468 		.ascii	"waThread1\000"
 2370      72656164 
 2370      3100
 2371              	.LASF18:
 2372 02a6 74726566 		.ascii	"trefs_t\000"
 2372      735F7400 
 2373              	.LASF89:
 2374 02ae 52455345 		.ascii	"RESERVED0\000"
 2374      52564544 
 2374      3000
ARM GAS  /tmp/cccV7OPi.s 			page 45


 2375              	.LASF90:
 2376 02b8 52455345 		.ascii	"RESERVED1\000"
 2376      52564544 
 2376      3100
 2377              	.LASF91:
 2378 02c2 52455345 		.ascii	"RESERVED2\000"
 2378      52564544 
 2378      3200
 2379              	.LASF92:
 2380 02cc 52455345 		.ascii	"RESERVED3\000"
 2380      52564544 
 2380      3300
 2381              	.LASF93:
 2382 02d6 52455345 		.ascii	"RESERVED4\000"
 2382      52564544 
 2382      3400
 2383              	.LASF27:
 2384 02e0 705F7072 		.ascii	"p_prev\000"
 2384      657600
 2385              	.LASF96:
 2386 02e7 52455345 		.ascii	"RESERVED6\000"
 2386      52564544 
 2386      3600
 2387              	.LASF20:
 2388 02f1 74707269 		.ascii	"tprio_t\000"
 2388      6F5F7400 
 2389              	.LASF80:
 2390 02f9 715F7264 		.ascii	"q_rdptr\000"
 2390      70747200 
 2391              	.LASF15:
 2392 0301 5F426F6F 		.ascii	"_Bool\000"
 2392      6C00
 2393              	.LASF8:
 2394 0307 696E7433 		.ascii	"int32_t\000"
 2394      325F7400 
 2395              	.LASF4:
 2396 030f 756E7369 		.ascii	"unsigned char\000"
 2396      676E6564 
 2396      20636861 
 2396      7200
 2397              	.LASF64:
 2398 031d 656C5F6C 		.ascii	"el_listener\000"
 2398      69737465 
 2398      6E657200 
 2399              	.LASF66:
 2400 0329 656C5F66 		.ascii	"el_flags\000"
 2400      6C616773 
 2400      00
 2401              	.LASF42:
 2402 0332 705F6D74 		.ascii	"p_mtxlist\000"
 2402      786C6973 
 2402      7400
 2403              	.LASF5:
 2404 033c 73686F72 		.ascii	"short int\000"
 2404      7420696E 
 2404      7400
 2405              	.LASF33:
ARM GAS  /tmp/cccV7OPi.s 			page 46


 2406 0346 705F7374 		.ascii	"p_state\000"
 2406      61746500 
 2407              	.LASF36:
 2408 034e 705F7072 		.ascii	"p_preempt\000"
 2408      65656D70 
 2408      7400
 2409              	.LASF52:
 2410 0358 725F7072 		.ascii	"r_prio\000"
 2410      696F00
 2411              	.LASF72:
 2412 035f 65776D61 		.ascii	"ewmask\000"
 2412      736B00
 2413              	.LASF26:
 2414 0366 705F6E65 		.ascii	"p_next\000"
 2414      787400
 2415              	.LASF34:
 2416 036d 705F666C 		.ascii	"p_flags\000"
 2416      61677300 
 2417              	.LASF63:
 2418 0375 656C5F6E 		.ascii	"el_next\000"
 2418      65787400 
 2419              	.LASF100:
 2420 037d 53445F53 		.ascii	"SD_STOP\000"
 2420      544F5000 
 2421              	.LASF25:
 2422 0385 54687265 		.ascii	"Thread\000"
 2422      616400
 2423              	.LASF87:
 2424 038c 4C434B52 		.ascii	"LCKR\000"
 2424      00
 2425              	.LASF119:
 2426 0391 72785F62 		.ascii	"rx_buf\000"
 2426      756600
 2427              	.LASF41:
 2428 0398 705F6570 		.ascii	"p_epending\000"
 2428      656E6469 
 2428      6E6700
 2429              	.LASF99:
 2430 03a3 53445F55 		.ascii	"SD_UNINIT\000"
 2430      4E494E49 
 2430      5400
 2431              	.LASF94:
 2432 03ad 52455345 		.ascii	"RESERVED5\000"
 2432      52564544 
 2432      3500
 2433              	.LASF10:
 2434 03b7 75696E74 		.ascii	"uint32_t\000"
 2434      33325F74 
 2434      00
 2435              	.LASF51:
 2436 03c0 725F7175 		.ascii	"r_queue\000"
 2436      65756500 
 2437              	.LASF102:
 2438 03c8 73647374 		.ascii	"sdstate_t\000"
 2438      6174655F 
 2438      7400
 2439              	.LASF103:
ARM GAS  /tmp/cccV7OPi.s 			page 47


 2440 03d2 53657269 		.ascii	"SerialDriver\000"
 2440      616C4472 
 2440      69766572 
 2440      00
 2441              	.LASF11:
 2442 03df 6C6F6E67 		.ascii	"long unsigned int\000"
 2442      20756E73 
 2442      69676E65 
 2442      6420696E 
 2442      7400
 2443              	.LASF120:
 2444 03f1 6C656E67 		.ascii	"length\000"
 2444      746800
 2445              	.LASF113:
 2446 03f8 72656164 		.ascii	"read\000"
 2446      00
 2447              	.LASF73:
 2448 03fd 63686172 		.ascii	"char\000"
 2448      00
 2449              	.LASF61:
 2450 0402 6D5F6E65 		.ascii	"m_next\000"
 2450      787400
 2451              	.LASF24:
 2452 0409 73797374 		.ascii	"systime_t\000"
 2452      696D655F 
 2452      7400
 2453              	.LASF43:
 2454 0413 705F7265 		.ascii	"p_realprio\000"
 2454      616C7072 
 2454      696F00
 2455              	.LASF126:
 2456 041e 2F686F6D 		.ascii	"/home/aggieair/workspace/ChibiOS_2.6.1/demos/ARMCM3"
 2456      652F6167 
 2456      67696561 
 2456      69722F77 
 2456      6F726B73 
 2457 0451 2D53544D 		.ascii	"-STM32F105-LIA/\000"
 2457      33324631 
 2457      30352D4C 
 2457      49412F00 
 2458              	.LASF50:
 2459 0461 636F6E74 		.ascii	"context\000"
 2459      65787400 
 2460              	.LASF49:
 2461 0469 696E7463 		.ascii	"intctx\000"
 2461      747800
 2462              	.LASF101:
 2463 0470 53445F52 		.ascii	"SD_READY\000"
 2463      45414459 
 2463      00
 2464              	.LASF78:
 2465 0479 715F746F 		.ascii	"q_top\000"
 2465      7000
 2466              	.LASF32:
 2467 047f 705F6E61 		.ascii	"p_name\000"
 2467      6D6500
 2468              	.LASF68:
ARM GAS  /tmp/cccV7OPi.s 			page 48


 2469 0486 65735F6E 		.ascii	"es_next\000"
 2469      65787400 
 2470              	.LASF57:
 2471 048e 52656164 		.ascii	"ReadyList\000"
 2471      794C6973 
 2471      7400
 2472              	.LASF81:
 2473 0498 715F6E6F 		.ascii	"q_notify\000"
 2473      74696679 
 2473      00
 2474              	.LASF121:
 2475 04a1 726C6973 		.ascii	"rlist\000"
 2475      7400
 2476              	.LASF3:
 2477 04a7 75696E74 		.ascii	"uint8_t\000"
 2477      385F7400 
 2478              	.LASF62:
 2479 04af 4576656E 		.ascii	"EventListener\000"
 2479      744C6973 
 2479      74656E65 
 2479      7200
 2480              	.LASF71:
 2481 04bd 77746F62 		.ascii	"wtobjp\000"
 2481      6A7000
 2482              	.LASF40:
 2483 04c4 705F6D73 		.ascii	"p_msg\000"
 2483      6700
 2484              	.LASF128:
 2485 04ca 6D61696E 		.ascii	"main\000"
 2485      00
 2486              	.LASF60:
 2487 04cf 6D5F6F77 		.ascii	"m_owner\000"
 2487      6E657200 
 2488              	.LASF29:
 2489 04d7 705F6374 		.ascii	"p_ctx\000"
 2489      7800
 2490              	.LASF38:
 2491 04dd 705F7761 		.ascii	"p_waiting\000"
 2491      6974696E 
 2491      6700
 2492              		.ident	"GCC: (Linaro GCC 4.6-2011.09-1) 4.6.2 20110908 (prerelease)"
ARM GAS  /tmp/cccV7OPi.s 			page 49


DEFINED SYMBOLS
                            *ABS*:0000000000000000 main.c
     /tmp/cccV7OPi.s:18     .text.Thread1:0000000000000000 $t
     /tmp/cccV7OPi.s:23     .text.Thread1:0000000000000000 Thread1
     /tmp/cccV7OPi.s:129    .text.Thread1:0000000000000098 $d
     /tmp/cccV7OPi.s:135    .text.startup.main:0000000000000000 $t
     /tmp/cccV7OPi.s:141    .text.startup.main:0000000000000000 main
     /tmp/cccV7OPi.s:220    .text.startup.main:0000000000000088 $d
     /tmp/cccV7OPi.s:230    .bss.waThread1:0000000000000000 $d
     /tmp/cccV7OPi.s:234    .bss.waThread1:0000000000000000 waThread1
     /tmp/cccV7OPi.s:237    .rodata.str1.4:0000000000000000 $d
     /tmp/cccV7OPi.s:241    .rodata.default_config.3252:0000000000000000 $d
     /tmp/cccV7OPi.s:245    .rodata.default_config.3252:0000000000000000 default_config.3252
                     .debug_frame:0000000000000010 $d
     /tmp/cccV7OPi.s:229    .text.startup.main:000000000000009c $t

UNDEFINED SYMBOLS
chThdSleep
rlist
halInit
chSysInit
sdStart
chThdCreateStatic
chOQWriteTimeout
SD4
