ARM GAS  /tmp/ccq8Ti1x.s 			page 1


   1              		.syntax unified
   2              		.cpu cortex-m3
   3              		.fpu softvfp
   4              		.eabi_attribute 20, 1
   5              		.eabi_attribute 21, 1
   6              		.eabi_attribute 23, 3
   7              		.eabi_attribute 24, 1
   8              		.eabi_attribute 25, 1
   9              		.eabi_attribute 26, 1
  10              		.eabi_attribute 30, 2
  11              		.eabi_attribute 18, 4
  12              		.thumb
  13              		.file	"pal_lld.c"
  14              		.text
  15              	.Ltext0:
  16              		.cfi_sections	.debug_frame
  17              		.section	.text._pal_lld_init,"ax",%progbits
  18              		.align	2
  19              		.p2align 4,,15
  20              		.global	_pal_lld_init
  21              		.thumb
  22              		.thumb_func
  23              		.type	_pal_lld_init, %function
  24              	_pal_lld_init:
  25              	.LFB63:
  26              		.file 1 "../../os/hal/platforms/STM32/GPIOv1/pal_lld.c"
  27              		.loc 1 77 0
  28              		.cfi_startproc
  29              		@ args = 0, pretend = 0, frame = 0
  30              		@ frame_needed = 0, uses_anonymous_args = 0
  31              		@ link register save eliminated.
  32              	.LVL0:
  33              		.loc 1 82 0
  34 0000 4FF48053 		mov	r3, #4096
  35 0004 C4F20203 		movt	r3, 16386
  36 0008 9A69     		ldr	r2, [r3, #24]
  37              		.loc 1 77 0
  38 000a 10B4     		push	{r4}
  39              	.LCFI0:
  40              		.cfi_def_cfa_offset 4
  41              		.cfi_offset 4, -4
  42              		.loc 1 82 0
  43 000c 42F07D02 		orr	r2, r2, #125
  44 0010 9A61     		str	r2, [r3, #24]
  45              		.loc 1 87 0
  46 0012 0368     		ldr	r3, [r0, #0]
  47 0014 4FF40062 		mov	r2, #2048
  48 0018 C4F20102 		movt	r2, 16385
  49 001c D360     		str	r3, [r2, #12]
  50              		.loc 1 88 0
  51 001e 8168     		ldr	r1, [r0, #8]
  52              		.loc 1 90 0
  53 0020 4FF44063 		mov	r3, #3072
  54              		.loc 1 88 0
  55 0024 5160     		str	r1, [r2, #4]
  56              		.loc 1 89 0
  57 0026 4168     		ldr	r1, [r0, #4]
ARM GAS  /tmp/ccq8Ti1x.s 			page 2


  58              		.loc 1 90 0
  59 0028 C4F20103 		movt	r3, 16385
  60              		.loc 1 89 0
  61 002c 1160     		str	r1, [r2, #0]
  62              		.loc 1 90 0
  63 002e C268     		ldr	r2, [r0, #12]
  64              		.loc 1 93 0
  65 0030 4FF48051 		mov	r1, #4096
  66              		.loc 1 90 0
  67 0034 DA60     		str	r2, [r3, #12]
  68              		.loc 1 91 0
  69 0036 4269     		ldr	r2, [r0, #20]
  70              		.loc 1 93 0
  71 0038 C4F20101 		movt	r1, 16385
  72              		.loc 1 91 0
  73 003c 5A60     		str	r2, [r3, #4]
  74              		.loc 1 92 0
  75 003e 0469     		ldr	r4, [r0, #16]
  76              		.loc 1 96 0
  77 0040 4FF4A052 		mov	r2, #5120
  78              		.loc 1 92 0
  79 0044 1C60     		str	r4, [r3, #0]
  80              		.loc 1 93 0
  81 0046 8369     		ldr	r3, [r0, #24]
  82              		.loc 1 96 0
  83 0048 C4F20102 		movt	r2, 16385
  84              		.loc 1 93 0
  85 004c CB60     		str	r3, [r1, #12]
  86              		.loc 1 94 0
  87 004e 046A     		ldr	r4, [r0, #32]
  88              		.loc 1 100 0
  89 0050 4FF4C053 		mov	r3, #6144
  90              		.loc 1 94 0
  91 0054 4C60     		str	r4, [r1, #4]
  92              		.loc 1 95 0
  93 0056 C469     		ldr	r4, [r0, #28]
  94              		.loc 1 100 0
  95 0058 C4F20103 		movt	r3, 16385
  96              		.loc 1 95 0
  97 005c 0C60     		str	r4, [r1, #0]
  98              		.loc 1 96 0
  99 005e 416A     		ldr	r1, [r0, #36]
 100 0060 D160     		str	r1, [r2, #12]
 101              		.loc 1 97 0
 102 0062 C16A     		ldr	r1, [r0, #44]
 103 0064 5160     		str	r1, [r2, #4]
 104              		.loc 1 98 0
 105 0066 816A     		ldr	r1, [r0, #40]
 106 0068 1160     		str	r1, [r2, #0]
 107              		.loc 1 100 0
 108 006a 026B     		ldr	r2, [r0, #48]
 109 006c DA60     		str	r2, [r3, #12]
 110              		.loc 1 101 0
 111 006e 826B     		ldr	r2, [r0, #56]
 112 0070 5A60     		str	r2, [r3, #4]
 113              		.loc 1 102 0
 114 0072 426B     		ldr	r2, [r0, #52]
ARM GAS  /tmp/ccq8Ti1x.s 			page 3


 115 0074 1A60     		str	r2, [r3, #0]
 116              		.loc 1 114 0
 117 0076 10BC     		pop	{r4}
 118 0078 7047     		bx	lr
 119              		.cfi_endproc
 120              	.LFE63:
 121              		.size	_pal_lld_init, .-_pal_lld_init
 122 007a 00BFAFF3 		.section	.text._pal_lld_setgroupmode,"ax",%progbits
 122      0080
 123              		.align	2
 124              		.p2align 4,,15
 125              		.global	_pal_lld_setgroupmode
 126              		.thumb
 127              		.thumb_func
 128              		.type	_pal_lld_setgroupmode, %function
 129              	_pal_lld_setgroupmode:
 130              	.LFB64:
 131              		.loc 1 133 0
 132              		.cfi_startproc
 133              		@ args = 0, pretend = 0, frame = 0
 134              		@ frame_needed = 0, uses_anonymous_args = 0
 135              		@ link register save eliminated.
 136              	.LVL1:
 137              		.loc 1 157 0
 138 0000 032A     		cmp	r2, #3
 139              		.loc 1 133 0
 140 0002 F0B4     		push	{r4, r5, r6, r7}
 141              	.LCFI1:
 142              		.cfi_def_cfa_offset 16
 143              		.cfi_offset 7, -4
 144              		.cfi_offset 6, -8
 145              		.cfi_offset 5, -12
 146              		.cfi_offset 4, -16
 147              		.loc 1 158 0
 148 0004 08BF     		it	eq
 149 0006 0161     		streq	r1, [r0, #16]
 150              		.loc 1 157 0
 151 0008 02D0     		beq	.L4
 152              		.loc 1 159 0
 153 000a 042A     		cmp	r2, #4
 154              		.loc 1 160 0
 155 000c 08BF     		it	eq
 156 000e 4161     		streq	r1, [r0, #20]
 157              	.L4:
 158              		.loc 1 161 0
 159 0010 114C     		ldr	r4, .L12
 160              		.loc 1 162 0
 161 0012 0023     		movs	r3, #0
 162              		.loc 1 161 0
 163 0014 A75C     		ldrb	r7, [r4, r2]	@ zero_extendqisi2
 164              	.LVL2:
 165 0016 0826     		movs	r6, #8
 166              		.loc 1 162 0
 167 0018 1C46     		mov	r4, r3
 168 001a 1A46     		mov	r2, r3
 169              	.LVL3:
 170 001c 1D46     		mov	r5, r3
ARM GAS  /tmp/ccq8Ti1x.s 			page 4


 171              	.LVL4:
 172              	.L9:
 173              		.loc 1 167 0
 174 001e 2401     		lsls	r4, r4, #4
 175              		.loc 1 164 0
 176 0020 1201     		lsls	r2, r2, #4
 177              	.LVL5:
 178              		.loc 1 165 0
 179 0022 2D01     		lsls	r5, r5, #4
 180              	.LVL6:
 181              		.loc 1 166 0
 182 0024 1B01     		lsls	r3, r3, #4
 183              	.LVL7:
 184              		.loc 1 168 0
 185 0026 11F0800F 		tst	r1, #128
 186              		.loc 1 169 0
 187 002a 0CBF     		ite	eq
 188 002c 42F00F02 		orreq	r2, r2, #15
 189              	.LVL8:
 190              		.loc 1 171 0
 191 0030 3B43     		orrne	r3, r3, r7
 192              	.LVL9:
 193              		.loc 1 172 0
 194 0032 11F4004F 		tst	r1, #32768
 195              		.loc 1 173 0
 196 0036 0CBF     		ite	eq
 197 0038 45F00F05 		orreq	r5, r5, #15
 198              	.LVL10:
 199              		.loc 1 175 0
 200 003c 3C43     		orrne	r4, r4, r7
 201              	.LVL11:
 202              		.loc 1 176 0
 203 003e 4900     		lsls	r1, r1, #1
 204              	.LVL12:
 205              		.loc 1 163 0
 206 0040 013E     		subs	r6, r6, #1
 207 0042 ECD1     		bne	.L9
 208              		.loc 1 178 0
 209 0044 4168     		ldr	r1, [r0, #4]
 210              	.LVL13:
 211 0046 0D40     		ands	r5, r5, r1
 212              	.LVL14:
 213 0048 2C43     		orrs	r4, r4, r5
 214              	.LVL15:
 215 004a 4460     		str	r4, [r0, #4]
 216              		.loc 1 179 0
 217 004c 0168     		ldr	r1, [r0, #0]
 218 004e 0A40     		ands	r2, r2, r1
 219              	.LVL16:
 220 0050 1343     		orrs	r3, r3, r2
 221              	.LVL17:
 222 0052 0360     		str	r3, [r0, #0]
 223              		.loc 1 180 0
 224 0054 F0BC     		pop	{r4, r5, r6, r7}
 225 0056 7047     		bx	lr
 226              	.L13:
 227              		.align	2
ARM GAS  /tmp/ccq8Ti1x.s 			page 5


 228              	.L12:
 229 0058 00000000 		.word	.LANCHOR0
 230              		.cfi_endproc
 231              	.LFE64:
 232              		.size	_pal_lld_setgroupmode, .-_pal_lld_setgroupmode
 233 005c AFF30080 		.section	.rodata.cfgtab.3252,"a",%progbits
 234              		.align	2
 235              		.set	.LANCHOR0,. + 0
 236              		.type	cfgtab.3252, %object
 237              		.size	cfgtab.3252, 18
 238              	cfgtab.3252:
 239 0000 04       		.byte	4
 240 0001 02       		.byte	2
 241 0002 04       		.byte	4
 242 0003 08       		.byte	8
 243 0004 08       		.byte	8
 244 0005 00       		.byte	0
 245 0006 03       		.byte	3
 246 0007 07       		.byte	7
 247 0008 08       		.byte	8
 248 0009 08       		.byte	8
 249 000a 08       		.byte	8
 250 000b 08       		.byte	8
 251 000c 08       		.byte	8
 252 000d 08       		.byte	8
 253 000e 08       		.byte	8
 254 000f 08       		.byte	8
 255 0010 0B       		.byte	11
 256 0011 0F       		.byte	15
 257 0012 0000     		.text
 258              	.Letext0:
 259              		.file 2 "/opt/paparazzi/arm-multilib/lib/gcc/arm-none-eabi/4.6.2/../../../../arm-none-eabi/include
 260              		.file 3 "../../os/hal/platforms/STM32F1xx/stm32f10x.h"
 261              		.file 4 "../../os/hal/platforms/STM32/GPIOv1/pal_lld.h"
 262              		.file 5 "../../os/ports/common/ARMCMx/CMSIS/include/core_cm3.h"
 263              		.section	.debug_info,"",%progbits
 264              	.Ldebug_info0:
 265 0000 B9030000 		.4byte	0x3b9
 266 0004 0200     		.2byte	0x2
 267 0006 00000000 		.4byte	.Ldebug_abbrev0
 268 000a 04       		.byte	0x4
 269 000b 01       		.uleb128 0x1
 270 000c 0E020000 		.4byte	.LASF45
 271 0010 01       		.byte	0x1
 272 0011 44000000 		.4byte	.LASF46
 273 0015 EA000000 		.4byte	.LASF47
 274 0019 00000000 		.4byte	0
 275 001d 00000000 		.4byte	0
 276 0021 00000000 		.4byte	.Ldebug_ranges0+0
 277 0025 00000000 		.4byte	.Ldebug_line0
 278 0029 02       		.uleb128 0x2
 279 002a 04       		.byte	0x4
 280 002b 05       		.byte	0x5
 281 002c 696E7400 		.ascii	"int\000"
 282 0030 03       		.uleb128 0x3
 283 0031 04       		.byte	0x4
 284 0032 07       		.byte	0x7
ARM GAS  /tmp/ccq8Ti1x.s 			page 6


 285 0033 95010000 		.4byte	.LASF0
 286 0037 03       		.uleb128 0x3
 287 0038 01       		.byte	0x1
 288 0039 06       		.byte	0x6
 289 003a C1000000 		.4byte	.LASF1
 290 003e 04       		.uleb128 0x4
 291 003f A4000000 		.4byte	.LASF5
 292 0043 02       		.byte	0x2
 293 0044 2A       		.byte	0x2a
 294 0045 49000000 		.4byte	0x49
 295 0049 03       		.uleb128 0x3
 296 004a 01       		.byte	0x1
 297 004b 08       		.byte	0x8
 298 004c 5F010000 		.4byte	.LASF2
 299 0050 03       		.uleb128 0x3
 300 0051 02       		.byte	0x2
 301 0052 05       		.byte	0x5
 302 0053 72000000 		.4byte	.LASF3
 303 0057 03       		.uleb128 0x3
 304 0058 02       		.byte	0x2
 305 0059 07       		.byte	0x7
 306 005a BB010000 		.4byte	.LASF4
 307 005e 04       		.uleb128 0x4
 308 005f D3010000 		.4byte	.LASF6
 309 0063 02       		.byte	0x2
 310 0064 4F       		.byte	0x4f
 311 0065 69000000 		.4byte	0x69
 312 0069 03       		.uleb128 0x3
 313 006a 04       		.byte	0x4
 314 006b 05       		.byte	0x5
 315 006c 2D010000 		.4byte	.LASF7
 316 0070 04       		.uleb128 0x4
 317 0071 8C010000 		.4byte	.LASF8
 318 0075 02       		.byte	0x2
 319 0076 50       		.byte	0x50
 320 0077 7B000000 		.4byte	0x7b
 321 007b 03       		.uleb128 0x3
 322 007c 04       		.byte	0x4
 323 007d 07       		.byte	0x7
 324 007e F7010000 		.4byte	.LASF9
 325 0082 03       		.uleb128 0x3
 326 0083 08       		.byte	0x8
 327 0084 05       		.byte	0x5
 328 0085 DC000000 		.4byte	.LASF10
 329 0089 03       		.uleb128 0x3
 330 008a 08       		.byte	0x8
 331 008b 07       		.byte	0x7
 332 008c 75010000 		.4byte	.LASF11
 333 0090 03       		.uleb128 0x3
 334 0091 01       		.byte	0x1
 335 0092 02       		.byte	0x2
 336 0093 E5010000 		.4byte	.LASF12
 337 0097 05       		.uleb128 0x5
 338 0098 70000000 		.4byte	0x70
 339 009c 03       		.uleb128 0x3
 340 009d 01       		.byte	0x1
 341 009e 08       		.byte	0x8
ARM GAS  /tmp/ccq8Ti1x.s 			page 7


 342 009f CE010000 		.4byte	.LASF13
 343 00a3 05       		.uleb128 0x5
 344 00a4 5E000000 		.4byte	0x5e
 345 00a8 06       		.uleb128 0x6
 346 00a9 1C       		.byte	0x1c
 347 00aa 03       		.byte	0x3
 348 00ab F703     		.2byte	0x3f7
 349 00ad 1B010000 		.4byte	0x11b
 350 00b1 07       		.uleb128 0x7
 351 00b2 43524C00 		.ascii	"CRL\000"
 352 00b6 03       		.byte	0x3
 353 00b7 F903     		.2byte	0x3f9
 354 00b9 97000000 		.4byte	0x97
 355 00bd 02       		.byte	0x2
 356 00be 23       		.byte	0x23
 357 00bf 00       		.uleb128 0
 358 00c0 07       		.uleb128 0x7
 359 00c1 43524800 		.ascii	"CRH\000"
 360 00c5 03       		.byte	0x3
 361 00c6 FA03     		.2byte	0x3fa
 362 00c8 97000000 		.4byte	0x97
 363 00cc 02       		.byte	0x2
 364 00cd 23       		.byte	0x23
 365 00ce 04       		.uleb128 0x4
 366 00cf 07       		.uleb128 0x7
 367 00d0 49445200 		.ascii	"IDR\000"
 368 00d4 03       		.byte	0x3
 369 00d5 FB03     		.2byte	0x3fb
 370 00d7 97000000 		.4byte	0x97
 371 00db 02       		.byte	0x2
 372 00dc 23       		.byte	0x23
 373 00dd 08       		.uleb128 0x8
 374 00de 07       		.uleb128 0x7
 375 00df 4F445200 		.ascii	"ODR\000"
 376 00e3 03       		.byte	0x3
 377 00e4 FC03     		.2byte	0x3fc
 378 00e6 97000000 		.4byte	0x97
 379 00ea 02       		.byte	0x2
 380 00eb 23       		.byte	0x23
 381 00ec 0C       		.uleb128 0xc
 382 00ed 08       		.uleb128 0x8
 383 00ee 8F000000 		.4byte	.LASF14
 384 00f2 03       		.byte	0x3
 385 00f3 FD03     		.2byte	0x3fd
 386 00f5 97000000 		.4byte	0x97
 387 00f9 02       		.byte	0x2
 388 00fa 23       		.byte	0x23
 389 00fb 10       		.uleb128 0x10
 390 00fc 07       		.uleb128 0x7
 391 00fd 42525200 		.ascii	"BRR\000"
 392 0101 03       		.byte	0x3
 393 0102 FE03     		.2byte	0x3fe
 394 0104 97000000 		.4byte	0x97
 395 0108 02       		.byte	0x2
 396 0109 23       		.byte	0x23
 397 010a 14       		.uleb128 0x14
 398 010b 08       		.uleb128 0x8
ARM GAS  /tmp/ccq8Ti1x.s 			page 8


 399 010c 49020000 		.4byte	.LASF15
 400 0110 03       		.byte	0x3
 401 0111 FF03     		.2byte	0x3ff
 402 0113 97000000 		.4byte	0x97
 403 0117 02       		.byte	0x2
 404 0118 23       		.byte	0x23
 405 0119 18       		.uleb128 0x18
 406 011a 00       		.byte	0
 407 011b 09       		.uleb128 0x9
 408 011c 00000000 		.4byte	.LASF16
 409 0120 03       		.byte	0x3
 410 0121 0004     		.2byte	0x400
 411 0123 A8000000 		.4byte	0xa8
 412 0127 06       		.uleb128 0x6
 413 0128 30       		.byte	0x30
 414 0129 03       		.byte	0x3
 415 012a 4204     		.2byte	0x442
 416 012c E4010000 		.4byte	0x1e4
 417 0130 07       		.uleb128 0x7
 418 0131 435200   		.ascii	"CR\000"
 419 0134 03       		.byte	0x3
 420 0135 4404     		.2byte	0x444
 421 0137 97000000 		.4byte	0x97
 422 013b 02       		.byte	0x2
 423 013c 23       		.byte	0x23
 424 013d 00       		.uleb128 0
 425 013e 08       		.uleb128 0x8
 426 013f 44020000 		.4byte	.LASF17
 427 0143 03       		.byte	0x3
 428 0144 4504     		.2byte	0x445
 429 0146 97000000 		.4byte	0x97
 430 014a 02       		.byte	0x2
 431 014b 23       		.byte	0x23
 432 014c 04       		.uleb128 0x4
 433 014d 07       		.uleb128 0x7
 434 014e 43495200 		.ascii	"CIR\000"
 435 0152 03       		.byte	0x3
 436 0153 4604     		.2byte	0x446
 437 0155 97000000 		.4byte	0x97
 438 0159 02       		.byte	0x2
 439 015a 23       		.byte	0x23
 440 015b 08       		.uleb128 0x8
 441 015c 08       		.uleb128 0x8
 442 015d 44010000 		.4byte	.LASF18
 443 0161 03       		.byte	0x3
 444 0162 4704     		.2byte	0x447
 445 0164 97000000 		.4byte	0x97
 446 0168 02       		.byte	0x2
 447 0169 23       		.byte	0x23
 448 016a 0C       		.uleb128 0xc
 449 016b 08       		.uleb128 0x8
 450 016c 81000000 		.4byte	.LASF19
 451 0170 03       		.byte	0x3
 452 0171 4804     		.2byte	0x448
 453 0173 97000000 		.4byte	0x97
 454 0177 02       		.byte	0x2
 455 0178 23       		.byte	0x23
ARM GAS  /tmp/ccq8Ti1x.s 			page 9


 456 0179 10       		.uleb128 0x10
 457 017a 08       		.uleb128 0x8
 458 017b 3D010000 		.4byte	.LASF20
 459 017f 03       		.byte	0x3
 460 0180 4904     		.2byte	0x449
 461 0182 97000000 		.4byte	0x97
 462 0186 02       		.byte	0x2
 463 0187 23       		.byte	0x23
 464 0188 14       		.uleb128 0x14
 465 0189 08       		.uleb128 0x8
 466 018a 6D010000 		.4byte	.LASF21
 467 018e 03       		.byte	0x3
 468 018f 4A04     		.2byte	0x44a
 469 0191 97000000 		.4byte	0x97
 470 0195 02       		.byte	0x2
 471 0196 23       		.byte	0x23
 472 0197 18       		.uleb128 0x18
 473 0198 08       		.uleb128 0x8
 474 0199 AC000000 		.4byte	.LASF22
 475 019d 03       		.byte	0x3
 476 019e 4B04     		.2byte	0x44b
 477 01a0 97000000 		.4byte	0x97
 478 01a4 02       		.byte	0x2
 479 01a5 23       		.byte	0x23
 480 01a6 1C       		.uleb128 0x1c
 481 01a7 08       		.uleb128 0x8
 482 01a8 7C000000 		.4byte	.LASF23
 483 01ac 03       		.byte	0x3
 484 01ad 4C04     		.2byte	0x44c
 485 01af 97000000 		.4byte	0x97
 486 01b3 02       		.byte	0x2
 487 01b4 23       		.byte	0x23
 488 01b5 20       		.uleb128 0x20
 489 01b6 07       		.uleb128 0x7
 490 01b7 43535200 		.ascii	"CSR\000"
 491 01bb 03       		.byte	0x3
 492 01bc 4D04     		.2byte	0x44d
 493 01be 97000000 		.4byte	0x97
 494 01c2 02       		.byte	0x2
 495 01c3 23       		.byte	0x23
 496 01c4 24       		.uleb128 0x24
 497 01c5 08       		.uleb128 0x8
 498 01c6 D4000000 		.4byte	.LASF24
 499 01ca 03       		.byte	0x3
 500 01cb 5004     		.2byte	0x450
 501 01cd 97000000 		.4byte	0x97
 502 01d1 02       		.byte	0x2
 503 01d2 23       		.byte	0x23
 504 01d3 28       		.uleb128 0x28
 505 01d4 08       		.uleb128 0x8
 506 01d5 A2010000 		.4byte	.LASF25
 507 01d9 03       		.byte	0x3
 508 01da 5104     		.2byte	0x451
 509 01dc 97000000 		.4byte	0x97
 510 01e0 02       		.byte	0x2
 511 01e1 23       		.byte	0x23
 512 01e2 2C       		.uleb128 0x2c
ARM GAS  /tmp/ccq8Ti1x.s 			page 10


 513 01e3 00       		.byte	0
 514 01e4 09       		.uleb128 0x9
 515 01e5 14000000 		.4byte	.LASF26
 516 01e9 03       		.byte	0x3
 517 01ea 5804     		.2byte	0x458
 518 01ec 27010000 		.4byte	0x127
 519 01f0 0A       		.uleb128 0xa
 520 01f1 0C       		.byte	0xc
 521 01f2 04       		.byte	0x4
 522 01f3 38       		.byte	0x38
 523 01f4 23020000 		.4byte	0x223
 524 01f8 0B       		.uleb128 0xb
 525 01f9 6F647200 		.ascii	"odr\000"
 526 01fd 04       		.byte	0x4
 527 01fe 3A       		.byte	0x3a
 528 01ff 70000000 		.4byte	0x70
 529 0203 02       		.byte	0x2
 530 0204 23       		.byte	0x23
 531 0205 00       		.uleb128 0
 532 0206 0B       		.uleb128 0xb
 533 0207 63726C00 		.ascii	"crl\000"
 534 020b 04       		.byte	0x4
 535 020c 3C       		.byte	0x3c
 536 020d 70000000 		.4byte	0x70
 537 0211 02       		.byte	0x2
 538 0212 23       		.byte	0x23
 539 0213 04       		.uleb128 0x4
 540 0214 0B       		.uleb128 0xb
 541 0215 63726800 		.ascii	"crh\000"
 542 0219 04       		.byte	0x4
 543 021a 3E       		.byte	0x3e
 544 021b 70000000 		.4byte	0x70
 545 021f 02       		.byte	0x2
 546 0220 23       		.byte	0x23
 547 0221 08       		.uleb128 0x8
 548 0222 00       		.byte	0
 549 0223 04       		.uleb128 0x4
 550 0224 A8010000 		.4byte	.LASF27
 551 0228 04       		.byte	0x4
 552 0229 3F       		.byte	0x3f
 553 022a F0010000 		.4byte	0x1f0
 554 022e 0A       		.uleb128 0xa
 555 022f 3C       		.byte	0x3c
 556 0230 04       		.byte	0x4
 557 0231 48       		.byte	0x48
 558 0232 7D020000 		.4byte	0x27d
 559 0236 0C       		.uleb128 0xc
 560 0237 CD000000 		.4byte	.LASF28
 561 023b 04       		.byte	0x4
 562 023c 4A       		.byte	0x4a
 563 023d 23020000 		.4byte	0x223
 564 0241 02       		.byte	0x2
 565 0242 23       		.byte	0x23
 566 0243 00       		.uleb128 0
 567 0244 0C       		.uleb128 0xc
 568 0245 3D020000 		.4byte	.LASF29
 569 0249 04       		.byte	0x4
ARM GAS  /tmp/ccq8Ti1x.s 			page 11


 570 024a 4C       		.byte	0x4c
 571 024b 23020000 		.4byte	0x223
 572 024f 02       		.byte	0x2
 573 0250 23       		.byte	0x23
 574 0251 0C       		.uleb128 0xc
 575 0252 0C       		.uleb128 0xc
 576 0253 0D000000 		.4byte	.LASF30
 577 0257 04       		.byte	0x4
 578 0258 4E       		.byte	0x4e
 579 0259 23020000 		.4byte	0x223
 580 025d 02       		.byte	0x2
 581 025e 23       		.byte	0x23
 582 025f 18       		.uleb128 0x18
 583 0260 0C       		.uleb128 0xc
 584 0261 36010000 		.4byte	.LASF31
 585 0265 04       		.byte	0x4
 586 0266 50       		.byte	0x50
 587 0267 23020000 		.4byte	0x223
 588 026b 02       		.byte	0x2
 589 026c 23       		.byte	0x23
 590 026d 24       		.uleb128 0x24
 591 026e 0C       		.uleb128 0xc
 592 026f EB010000 		.4byte	.LASF32
 593 0273 04       		.byte	0x4
 594 0274 53       		.byte	0x53
 595 0275 23020000 		.4byte	0x223
 596 0279 02       		.byte	0x2
 597 027a 23       		.byte	0x23
 598 027b 30       		.uleb128 0x30
 599 027c 00       		.byte	0
 600 027d 04       		.uleb128 0x4
 601 027e DB010000 		.4byte	.LASF33
 602 0282 04       		.byte	0x4
 603 0283 5D       		.byte	0x5d
 604 0284 2E020000 		.4byte	0x22e
 605 0288 04       		.uleb128 0x4
 606 0289 B4000000 		.4byte	.LASF34
 607 028d 04       		.byte	0x4
 608 028e 6D       		.byte	0x6d
 609 028f 70000000 		.4byte	0x70
 610 0293 04       		.uleb128 0x4
 611 0294 9B000000 		.4byte	.LASF35
 612 0298 04       		.byte	0x4
 613 0299 72       		.byte	0x72
 614 029a 70000000 		.4byte	0x70
 615 029e 04       		.uleb128 0x4
 616 029f 4D010000 		.4byte	.LASF36
 617 02a3 04       		.byte	0x4
 618 02a4 7A       		.byte	0x7a
 619 02a5 A9020000 		.4byte	0x2a9
 620 02a9 0D       		.uleb128 0xd
 621 02aa 04       		.byte	0x4
 622 02ab 1B010000 		.4byte	0x11b
 623 02af 0E       		.uleb128 0xe
 624 02b0 01       		.byte	0x1
 625 02b1 36000000 		.4byte	.LASF37
 626 02b5 01       		.byte	0x1
ARM GAS  /tmp/ccq8Ti1x.s 			page 12


 627 02b6 4D       		.byte	0x4d
 628 02b7 01       		.byte	0x1
 629 02b8 00000000 		.4byte	.LFB63
 630 02bc 7A000000 		.4byte	.LFE63
 631 02c0 00000000 		.4byte	.LLST0
 632 02c4 D6020000 		.4byte	0x2d6
 633 02c8 0F       		.uleb128 0xf
 634 02c9 94000000 		.4byte	.LASF39
 635 02cd 01       		.byte	0x1
 636 02ce 4D       		.byte	0x4d
 637 02cf D6020000 		.4byte	0x2d6
 638 02d3 01       		.byte	0x1
 639 02d4 50       		.byte	0x50
 640 02d5 00       		.byte	0
 641 02d6 0D       		.uleb128 0xd
 642 02d7 04       		.byte	0x4
 643 02d8 DC020000 		.4byte	0x2dc
 644 02dc 10       		.uleb128 0x10
 645 02dd 7D020000 		.4byte	0x27d
 646 02e1 0E       		.uleb128 0xe
 647 02e2 01       		.byte	0x1
 648 02e3 20000000 		.4byte	.LASF38
 649 02e7 01       		.byte	0x1
 650 02e8 83       		.byte	0x83
 651 02e9 01       		.byte	0x1
 652 02ea 00000000 		.4byte	.LFB64
 653 02ee 5C000000 		.4byte	.LFE64
 654 02f2 20000000 		.4byte	.LLST1
 655 02f6 8B030000 		.4byte	0x38b
 656 02fa 0F       		.uleb128 0xf
 657 02fb F2010000 		.4byte	.LASF40
 658 02ff 01       		.byte	0x1
 659 0300 83       		.byte	0x83
 660 0301 9E020000 		.4byte	0x29e
 661 0305 01       		.byte	0x1
 662 0306 50       		.byte	0x50
 663 0307 11       		.uleb128 0x11
 664 0308 09020000 		.4byte	.LASF41
 665 030c 01       		.byte	0x1
 666 030d 84       		.byte	0x84
 667 030e 88020000 		.4byte	0x288
 668 0312 40000000 		.4byte	.LLST2
 669 0316 11       		.uleb128 0x11
 670 0317 8A000000 		.4byte	.LASF42
 671 031b 01       		.byte	0x1
 672 031c 85       		.byte	0x85
 673 031d 93020000 		.4byte	0x293
 674 0321 53000000 		.4byte	.LLST3
 675 0325 12       		.uleb128 0x12
 676 0326 58010000 		.4byte	.LASF43
 677 032a 01       		.byte	0x1
 678 032b 86       		.byte	0x86
 679 032c 9B030000 		.4byte	0x39b
 680 0330 05       		.byte	0x5
 681 0331 03       		.byte	0x3
 682 0332 00000000 		.4byte	cfgtab.3252
 683 0336 13       		.uleb128 0x13
ARM GAS  /tmp/ccq8Ti1x.s 			page 13


 684 0337 6D6800   		.ascii	"mh\000"
 685 033a 01       		.byte	0x1
 686 033b 9A       		.byte	0x9a
 687 033c 70000000 		.4byte	0x70
 688 0340 66000000 		.4byte	.LLST4
 689 0344 13       		.uleb128 0x13
 690 0345 6D6C00   		.ascii	"ml\000"
 691 0348 01       		.byte	0x1
 692 0349 9A       		.byte	0x9a
 693 034a 70000000 		.4byte	0x70
 694 034e 85000000 		.4byte	.LLST5
 695 0352 13       		.uleb128 0x13
 696 0353 63726800 		.ascii	"crh\000"
 697 0357 01       		.byte	0x1
 698 0358 9A       		.byte	0x9a
 699 0359 70000000 		.4byte	0x70
 700 035d A4000000 		.4byte	.LLST6
 701 0361 13       		.uleb128 0x13
 702 0362 63726C00 		.ascii	"crl\000"
 703 0366 01       		.byte	0x1
 704 0367 9A       		.byte	0x9a
 705 0368 70000000 		.4byte	0x70
 706 036c C3000000 		.4byte	.LLST7
 707 0370 14       		.uleb128 0x14
 708 0371 63666700 		.ascii	"cfg\000"
 709 0375 01       		.byte	0x1
 710 0376 9A       		.byte	0x9a
 711 0377 70000000 		.4byte	0x70
 712 037b 01       		.byte	0x1
 713 037c 57       		.byte	0x57
 714 037d 13       		.uleb128 0x13
 715 037e 6900     		.ascii	"i\000"
 716 0380 01       		.byte	0x1
 717 0381 9B       		.byte	0x9b
 718 0382 30000000 		.4byte	0x30
 719 0386 E2000000 		.4byte	.LLST8
 720 038a 00       		.byte	0
 721 038b 15       		.uleb128 0x15
 722 038c 3E000000 		.4byte	0x3e
 723 0390 9B030000 		.4byte	0x39b
 724 0394 16       		.uleb128 0x16
 725 0395 30000000 		.4byte	0x30
 726 0399 11       		.byte	0x11
 727 039a 00       		.byte	0
 728 039b 10       		.uleb128 0x10
 729 039c 8B030000 		.4byte	0x38b
 730 03a0 17       		.uleb128 0x17
 731 03a1 30020000 		.4byte	.LASF44
 732 03a5 05       		.byte	0x5
 733 03a6 0706     		.2byte	0x607
 734 03a8 A3000000 		.4byte	0xa3
 735 03ac 01       		.byte	0x1
 736 03ad 01       		.byte	0x1
 737 03ae 17       		.uleb128 0x17
 738 03af 30020000 		.4byte	.LASF44
 739 03b3 05       		.byte	0x5
 740 03b4 0706     		.2byte	0x607
ARM GAS  /tmp/ccq8Ti1x.s 			page 14


 741 03b6 A3000000 		.4byte	0xa3
 742 03ba 01       		.byte	0x1
 743 03bb 01       		.byte	0x1
 744 03bc 00       		.byte	0
 745              		.section	.debug_abbrev,"",%progbits
 746              	.Ldebug_abbrev0:
 747 0000 01       		.uleb128 0x1
 748 0001 11       		.uleb128 0x11
 749 0002 01       		.byte	0x1
 750 0003 25       		.uleb128 0x25
 751 0004 0E       		.uleb128 0xe
 752 0005 13       		.uleb128 0x13
 753 0006 0B       		.uleb128 0xb
 754 0007 03       		.uleb128 0x3
 755 0008 0E       		.uleb128 0xe
 756 0009 1B       		.uleb128 0x1b
 757 000a 0E       		.uleb128 0xe
 758 000b 11       		.uleb128 0x11
 759 000c 01       		.uleb128 0x1
 760 000d 52       		.uleb128 0x52
 761 000e 01       		.uleb128 0x1
 762 000f 55       		.uleb128 0x55
 763 0010 06       		.uleb128 0x6
 764 0011 10       		.uleb128 0x10
 765 0012 06       		.uleb128 0x6
 766 0013 00       		.byte	0
 767 0014 00       		.byte	0
 768 0015 02       		.uleb128 0x2
 769 0016 24       		.uleb128 0x24
 770 0017 00       		.byte	0
 771 0018 0B       		.uleb128 0xb
 772 0019 0B       		.uleb128 0xb
 773 001a 3E       		.uleb128 0x3e
 774 001b 0B       		.uleb128 0xb
 775 001c 03       		.uleb128 0x3
 776 001d 08       		.uleb128 0x8
 777 001e 00       		.byte	0
 778 001f 00       		.byte	0
 779 0020 03       		.uleb128 0x3
 780 0021 24       		.uleb128 0x24
 781 0022 00       		.byte	0
 782 0023 0B       		.uleb128 0xb
 783 0024 0B       		.uleb128 0xb
 784 0025 3E       		.uleb128 0x3e
 785 0026 0B       		.uleb128 0xb
 786 0027 03       		.uleb128 0x3
 787 0028 0E       		.uleb128 0xe
 788 0029 00       		.byte	0
 789 002a 00       		.byte	0
 790 002b 04       		.uleb128 0x4
 791 002c 16       		.uleb128 0x16
 792 002d 00       		.byte	0
 793 002e 03       		.uleb128 0x3
 794 002f 0E       		.uleb128 0xe
 795 0030 3A       		.uleb128 0x3a
 796 0031 0B       		.uleb128 0xb
 797 0032 3B       		.uleb128 0x3b
ARM GAS  /tmp/ccq8Ti1x.s 			page 15


 798 0033 0B       		.uleb128 0xb
 799 0034 49       		.uleb128 0x49
 800 0035 13       		.uleb128 0x13
 801 0036 00       		.byte	0
 802 0037 00       		.byte	0
 803 0038 05       		.uleb128 0x5
 804 0039 35       		.uleb128 0x35
 805 003a 00       		.byte	0
 806 003b 49       		.uleb128 0x49
 807 003c 13       		.uleb128 0x13
 808 003d 00       		.byte	0
 809 003e 00       		.byte	0
 810 003f 06       		.uleb128 0x6
 811 0040 13       		.uleb128 0x13
 812 0041 01       		.byte	0x1
 813 0042 0B       		.uleb128 0xb
 814 0043 0B       		.uleb128 0xb
 815 0044 3A       		.uleb128 0x3a
 816 0045 0B       		.uleb128 0xb
 817 0046 3B       		.uleb128 0x3b
 818 0047 05       		.uleb128 0x5
 819 0048 01       		.uleb128 0x1
 820 0049 13       		.uleb128 0x13
 821 004a 00       		.byte	0
 822 004b 00       		.byte	0
 823 004c 07       		.uleb128 0x7
 824 004d 0D       		.uleb128 0xd
 825 004e 00       		.byte	0
 826 004f 03       		.uleb128 0x3
 827 0050 08       		.uleb128 0x8
 828 0051 3A       		.uleb128 0x3a
 829 0052 0B       		.uleb128 0xb
 830 0053 3B       		.uleb128 0x3b
 831 0054 05       		.uleb128 0x5
 832 0055 49       		.uleb128 0x49
 833 0056 13       		.uleb128 0x13
 834 0057 38       		.uleb128 0x38
 835 0058 0A       		.uleb128 0xa
 836 0059 00       		.byte	0
 837 005a 00       		.byte	0
 838 005b 08       		.uleb128 0x8
 839 005c 0D       		.uleb128 0xd
 840 005d 00       		.byte	0
 841 005e 03       		.uleb128 0x3
 842 005f 0E       		.uleb128 0xe
 843 0060 3A       		.uleb128 0x3a
 844 0061 0B       		.uleb128 0xb
 845 0062 3B       		.uleb128 0x3b
 846 0063 05       		.uleb128 0x5
 847 0064 49       		.uleb128 0x49
 848 0065 13       		.uleb128 0x13
 849 0066 38       		.uleb128 0x38
 850 0067 0A       		.uleb128 0xa
 851 0068 00       		.byte	0
 852 0069 00       		.byte	0
 853 006a 09       		.uleb128 0x9
 854 006b 16       		.uleb128 0x16
ARM GAS  /tmp/ccq8Ti1x.s 			page 16


 855 006c 00       		.byte	0
 856 006d 03       		.uleb128 0x3
 857 006e 0E       		.uleb128 0xe
 858 006f 3A       		.uleb128 0x3a
 859 0070 0B       		.uleb128 0xb
 860 0071 3B       		.uleb128 0x3b
 861 0072 05       		.uleb128 0x5
 862 0073 49       		.uleb128 0x49
 863 0074 13       		.uleb128 0x13
 864 0075 00       		.byte	0
 865 0076 00       		.byte	0
 866 0077 0A       		.uleb128 0xa
 867 0078 13       		.uleb128 0x13
 868 0079 01       		.byte	0x1
 869 007a 0B       		.uleb128 0xb
 870 007b 0B       		.uleb128 0xb
 871 007c 3A       		.uleb128 0x3a
 872 007d 0B       		.uleb128 0xb
 873 007e 3B       		.uleb128 0x3b
 874 007f 0B       		.uleb128 0xb
 875 0080 01       		.uleb128 0x1
 876 0081 13       		.uleb128 0x13
 877 0082 00       		.byte	0
 878 0083 00       		.byte	0
 879 0084 0B       		.uleb128 0xb
 880 0085 0D       		.uleb128 0xd
 881 0086 00       		.byte	0
 882 0087 03       		.uleb128 0x3
 883 0088 08       		.uleb128 0x8
 884 0089 3A       		.uleb128 0x3a
 885 008a 0B       		.uleb128 0xb
 886 008b 3B       		.uleb128 0x3b
 887 008c 0B       		.uleb128 0xb
 888 008d 49       		.uleb128 0x49
 889 008e 13       		.uleb128 0x13
 890 008f 38       		.uleb128 0x38
 891 0090 0A       		.uleb128 0xa
 892 0091 00       		.byte	0
 893 0092 00       		.byte	0
 894 0093 0C       		.uleb128 0xc
 895 0094 0D       		.uleb128 0xd
 896 0095 00       		.byte	0
 897 0096 03       		.uleb128 0x3
 898 0097 0E       		.uleb128 0xe
 899 0098 3A       		.uleb128 0x3a
 900 0099 0B       		.uleb128 0xb
 901 009a 3B       		.uleb128 0x3b
 902 009b 0B       		.uleb128 0xb
 903 009c 49       		.uleb128 0x49
 904 009d 13       		.uleb128 0x13
 905 009e 38       		.uleb128 0x38
 906 009f 0A       		.uleb128 0xa
 907 00a0 00       		.byte	0
 908 00a1 00       		.byte	0
 909 00a2 0D       		.uleb128 0xd
 910 00a3 0F       		.uleb128 0xf
 911 00a4 00       		.byte	0
ARM GAS  /tmp/ccq8Ti1x.s 			page 17


 912 00a5 0B       		.uleb128 0xb
 913 00a6 0B       		.uleb128 0xb
 914 00a7 49       		.uleb128 0x49
 915 00a8 13       		.uleb128 0x13
 916 00a9 00       		.byte	0
 917 00aa 00       		.byte	0
 918 00ab 0E       		.uleb128 0xe
 919 00ac 2E       		.uleb128 0x2e
 920 00ad 01       		.byte	0x1
 921 00ae 3F       		.uleb128 0x3f
 922 00af 0C       		.uleb128 0xc
 923 00b0 03       		.uleb128 0x3
 924 00b1 0E       		.uleb128 0xe
 925 00b2 3A       		.uleb128 0x3a
 926 00b3 0B       		.uleb128 0xb
 927 00b4 3B       		.uleb128 0x3b
 928 00b5 0B       		.uleb128 0xb
 929 00b6 27       		.uleb128 0x27
 930 00b7 0C       		.uleb128 0xc
 931 00b8 11       		.uleb128 0x11
 932 00b9 01       		.uleb128 0x1
 933 00ba 12       		.uleb128 0x12
 934 00bb 01       		.uleb128 0x1
 935 00bc 40       		.uleb128 0x40
 936 00bd 06       		.uleb128 0x6
 937 00be 01       		.uleb128 0x1
 938 00bf 13       		.uleb128 0x13
 939 00c0 00       		.byte	0
 940 00c1 00       		.byte	0
 941 00c2 0F       		.uleb128 0xf
 942 00c3 05       		.uleb128 0x5
 943 00c4 00       		.byte	0
 944 00c5 03       		.uleb128 0x3
 945 00c6 0E       		.uleb128 0xe
 946 00c7 3A       		.uleb128 0x3a
 947 00c8 0B       		.uleb128 0xb
 948 00c9 3B       		.uleb128 0x3b
 949 00ca 0B       		.uleb128 0xb
 950 00cb 49       		.uleb128 0x49
 951 00cc 13       		.uleb128 0x13
 952 00cd 02       		.uleb128 0x2
 953 00ce 0A       		.uleb128 0xa
 954 00cf 00       		.byte	0
 955 00d0 00       		.byte	0
 956 00d1 10       		.uleb128 0x10
 957 00d2 26       		.uleb128 0x26
 958 00d3 00       		.byte	0
 959 00d4 49       		.uleb128 0x49
 960 00d5 13       		.uleb128 0x13
 961 00d6 00       		.byte	0
 962 00d7 00       		.byte	0
 963 00d8 11       		.uleb128 0x11
 964 00d9 05       		.uleb128 0x5
 965 00da 00       		.byte	0
 966 00db 03       		.uleb128 0x3
 967 00dc 0E       		.uleb128 0xe
 968 00dd 3A       		.uleb128 0x3a
ARM GAS  /tmp/ccq8Ti1x.s 			page 18


 969 00de 0B       		.uleb128 0xb
 970 00df 3B       		.uleb128 0x3b
 971 00e0 0B       		.uleb128 0xb
 972 00e1 49       		.uleb128 0x49
 973 00e2 13       		.uleb128 0x13
 974 00e3 02       		.uleb128 0x2
 975 00e4 06       		.uleb128 0x6
 976 00e5 00       		.byte	0
 977 00e6 00       		.byte	0
 978 00e7 12       		.uleb128 0x12
 979 00e8 34       		.uleb128 0x34
 980 00e9 00       		.byte	0
 981 00ea 03       		.uleb128 0x3
 982 00eb 0E       		.uleb128 0xe
 983 00ec 3A       		.uleb128 0x3a
 984 00ed 0B       		.uleb128 0xb
 985 00ee 3B       		.uleb128 0x3b
 986 00ef 0B       		.uleb128 0xb
 987 00f0 49       		.uleb128 0x49
 988 00f1 13       		.uleb128 0x13
 989 00f2 02       		.uleb128 0x2
 990 00f3 0A       		.uleb128 0xa
 991 00f4 00       		.byte	0
 992 00f5 00       		.byte	0
 993 00f6 13       		.uleb128 0x13
 994 00f7 34       		.uleb128 0x34
 995 00f8 00       		.byte	0
 996 00f9 03       		.uleb128 0x3
 997 00fa 08       		.uleb128 0x8
 998 00fb 3A       		.uleb128 0x3a
 999 00fc 0B       		.uleb128 0xb
 1000 00fd 3B       		.uleb128 0x3b
 1001 00fe 0B       		.uleb128 0xb
 1002 00ff 49       		.uleb128 0x49
 1003 0100 13       		.uleb128 0x13
 1004 0101 02       		.uleb128 0x2
 1005 0102 06       		.uleb128 0x6
 1006 0103 00       		.byte	0
 1007 0104 00       		.byte	0
 1008 0105 14       		.uleb128 0x14
 1009 0106 34       		.uleb128 0x34
 1010 0107 00       		.byte	0
 1011 0108 03       		.uleb128 0x3
 1012 0109 08       		.uleb128 0x8
 1013 010a 3A       		.uleb128 0x3a
 1014 010b 0B       		.uleb128 0xb
 1015 010c 3B       		.uleb128 0x3b
 1016 010d 0B       		.uleb128 0xb
 1017 010e 49       		.uleb128 0x49
 1018 010f 13       		.uleb128 0x13
 1019 0110 02       		.uleb128 0x2
 1020 0111 0A       		.uleb128 0xa
 1021 0112 00       		.byte	0
 1022 0113 00       		.byte	0
 1023 0114 15       		.uleb128 0x15
 1024 0115 01       		.uleb128 0x1
 1025 0116 01       		.byte	0x1
ARM GAS  /tmp/ccq8Ti1x.s 			page 19


 1026 0117 49       		.uleb128 0x49
 1027 0118 13       		.uleb128 0x13
 1028 0119 01       		.uleb128 0x1
 1029 011a 13       		.uleb128 0x13
 1030 011b 00       		.byte	0
 1031 011c 00       		.byte	0
 1032 011d 16       		.uleb128 0x16
 1033 011e 21       		.uleb128 0x21
 1034 011f 00       		.byte	0
 1035 0120 49       		.uleb128 0x49
 1036 0121 13       		.uleb128 0x13
 1037 0122 2F       		.uleb128 0x2f
 1038 0123 0B       		.uleb128 0xb
 1039 0124 00       		.byte	0
 1040 0125 00       		.byte	0
 1041 0126 17       		.uleb128 0x17
 1042 0127 34       		.uleb128 0x34
 1043 0128 00       		.byte	0
 1044 0129 03       		.uleb128 0x3
 1045 012a 0E       		.uleb128 0xe
 1046 012b 3A       		.uleb128 0x3a
 1047 012c 0B       		.uleb128 0xb
 1048 012d 3B       		.uleb128 0x3b
 1049 012e 05       		.uleb128 0x5
 1050 012f 49       		.uleb128 0x49
 1051 0130 13       		.uleb128 0x13
 1052 0131 3F       		.uleb128 0x3f
 1053 0132 0C       		.uleb128 0xc
 1054 0133 3C       		.uleb128 0x3c
 1055 0134 0C       		.uleb128 0xc
 1056 0135 00       		.byte	0
 1057 0136 00       		.byte	0
 1058 0137 00       		.byte	0
 1059              		.section	.debug_loc,"",%progbits
 1060              	.Ldebug_loc0:
 1061              	.LLST0:
 1062 0000 00000000 		.4byte	.LFB63
 1063 0004 0C000000 		.4byte	.LCFI0
 1064 0008 0200     		.2byte	0x2
 1065 000a 7D       		.byte	0x7d
 1066 000b 00       		.sleb128 0
 1067 000c 0C000000 		.4byte	.LCFI0
 1068 0010 7A000000 		.4byte	.LFE63
 1069 0014 0200     		.2byte	0x2
 1070 0016 7D       		.byte	0x7d
 1071 0017 04       		.sleb128 4
 1072 0018 00000000 		.4byte	0
 1073 001c 00000000 		.4byte	0
 1074              	.LLST1:
 1075 0020 00000000 		.4byte	.LFB64
 1076 0024 04000000 		.4byte	.LCFI1
 1077 0028 0200     		.2byte	0x2
 1078 002a 7D       		.byte	0x7d
 1079 002b 00       		.sleb128 0
 1080 002c 04000000 		.4byte	.LCFI1
 1081 0030 5C000000 		.4byte	.LFE64
 1082 0034 0200     		.2byte	0x2
ARM GAS  /tmp/ccq8Ti1x.s 			page 20


 1083 0036 7D       		.byte	0x7d
 1084 0037 10       		.sleb128 16
 1085 0038 00000000 		.4byte	0
 1086 003c 00000000 		.4byte	0
 1087              	.LLST2:
 1088 0040 00000000 		.4byte	.LVL1
 1089 0044 46000000 		.4byte	.LVL13
 1090 0048 0100     		.2byte	0x1
 1091 004a 51       		.byte	0x51
 1092 004b 00000000 		.4byte	0
 1093 004f 00000000 		.4byte	0
 1094              	.LLST3:
 1095 0053 00000000 		.4byte	.LVL1
 1096 0057 1C000000 		.4byte	.LVL3
 1097 005b 0100     		.2byte	0x1
 1098 005d 52       		.byte	0x52
 1099 005e 00000000 		.4byte	0
 1100 0062 00000000 		.4byte	0
 1101              	.LLST4:
 1102 0066 16000000 		.4byte	.LVL2
 1103 006a 1E000000 		.4byte	.LVL4
 1104 006e 0200     		.2byte	0x2
 1105 0070 30       		.byte	0x30
 1106 0071 9F       		.byte	0x9f
 1107 0072 24000000 		.4byte	.LVL6
 1108 0076 48000000 		.4byte	.LVL14
 1109 007a 0100     		.2byte	0x1
 1110 007c 55       		.byte	0x55
 1111 007d 00000000 		.4byte	0
 1112 0081 00000000 		.4byte	0
 1113              	.LLST5:
 1114 0085 16000000 		.4byte	.LVL2
 1115 0089 1E000000 		.4byte	.LVL4
 1116 008d 0200     		.2byte	0x2
 1117 008f 30       		.byte	0x30
 1118 0090 9F       		.byte	0x9f
 1119 0091 22000000 		.4byte	.LVL5
 1120 0095 50000000 		.4byte	.LVL16
 1121 0099 0100     		.2byte	0x1
 1122 009b 52       		.byte	0x52
 1123 009c 00000000 		.4byte	0
 1124 00a0 00000000 		.4byte	0
 1125              	.LLST6:
 1126 00a4 16000000 		.4byte	.LVL2
 1127 00a8 1E000000 		.4byte	.LVL4
 1128 00ac 0200     		.2byte	0x2
 1129 00ae 30       		.byte	0x30
 1130 00af 9F       		.byte	0x9f
 1131 00b0 26000000 		.4byte	.LVL7
 1132 00b4 4A000000 		.4byte	.LVL15
 1133 00b8 0100     		.2byte	0x1
 1134 00ba 54       		.byte	0x54
 1135 00bb 00000000 		.4byte	0
 1136 00bf 00000000 		.4byte	0
 1137              	.LLST7:
 1138 00c3 16000000 		.4byte	.LVL2
 1139 00c7 1E000000 		.4byte	.LVL4
ARM GAS  /tmp/ccq8Ti1x.s 			page 21


 1140 00cb 0200     		.2byte	0x2
 1141 00cd 30       		.byte	0x30
 1142 00ce 9F       		.byte	0x9f
 1143 00cf 26000000 		.4byte	.LVL7
 1144 00d3 52000000 		.4byte	.LVL17
 1145 00d7 0100     		.2byte	0x1
 1146 00d9 53       		.byte	0x53
 1147 00da 00000000 		.4byte	0
 1148 00de 00000000 		.4byte	0
 1149              	.LLST8:
 1150 00e2 16000000 		.4byte	.LVL2
 1151 00e6 1E000000 		.4byte	.LVL4
 1152 00ea 0200     		.2byte	0x2
 1153 00ec 30       		.byte	0x30
 1154 00ed 9F       		.byte	0x9f
 1155 00ee 00000000 		.4byte	0
 1156 00f2 00000000 		.4byte	0
 1157              		.section	.debug_aranges,"",%progbits
 1158 0000 24000000 		.4byte	0x24
 1159 0004 0200     		.2byte	0x2
 1160 0006 00000000 		.4byte	.Ldebug_info0
 1161 000a 04       		.byte	0x4
 1162 000b 00       		.byte	0
 1163 000c 0000     		.2byte	0
 1164 000e 0000     		.2byte	0
 1165 0010 00000000 		.4byte	.LFB63
 1166 0014 7A000000 		.4byte	.LFE63-.LFB63
 1167 0018 00000000 		.4byte	.LFB64
 1168 001c 5C000000 		.4byte	.LFE64-.LFB64
 1169 0020 00000000 		.4byte	0
 1170 0024 00000000 		.4byte	0
 1171              		.section	.debug_ranges,"",%progbits
 1172              	.Ldebug_ranges0:
 1173 0000 00000000 		.4byte	.LFB63
 1174 0004 7A000000 		.4byte	.LFE63
 1175 0008 00000000 		.4byte	.LFB64
 1176 000c 5C000000 		.4byte	.LFE64
 1177 0010 00000000 		.4byte	0
 1178 0014 00000000 		.4byte	0
 1179              		.section	.debug_line,"",%progbits
 1180              	.Ldebug_line0:
 1181 0000 90010000 		.section	.debug_str,"MS",%progbits,1
 1181      02002001 
 1181      00000201 
 1181      FB0E0D00 
 1181      01010101 
 1182              	.LASF16:
 1183 0000 4750494F 		.ascii	"GPIO_TypeDef\000"
 1183      5F547970 
 1183      65446566 
 1183      00
 1184              	.LASF30:
 1185 000d 50434461 		.ascii	"PCData\000"
 1185      746100
 1186              	.LASF26:
 1187 0014 5243435F 		.ascii	"RCC_TypeDef\000"
 1187      54797065 
ARM GAS  /tmp/ccq8Ti1x.s 			page 22


 1187      44656600 
 1188              	.LASF38:
 1189 0020 5F70616C 		.ascii	"_pal_lld_setgroupmode\000"
 1189      5F6C6C64 
 1189      5F736574 
 1189      67726F75 
 1189      706D6F64 
 1190              	.LASF37:
 1191 0036 5F70616C 		.ascii	"_pal_lld_init\000"
 1191      5F6C6C64 
 1191      5F696E69 
 1191      7400
 1192              	.LASF46:
 1193 0044 2E2E2F2E 		.ascii	"../../os/hal/platforms/STM32/GPIOv1/pal_lld.c\000"
 1193      2E2F6F73 
 1193      2F68616C 
 1193      2F706C61 
 1193      74666F72 
 1194              	.LASF3:
 1195 0072 73686F72 		.ascii	"short int\000"
 1195      7420696E 
 1195      7400
 1196              	.LASF23:
 1197 007c 42444352 		.ascii	"BDCR\000"
 1197      00
 1198              	.LASF19:
 1199 0081 41504231 		.ascii	"APB1RSTR\000"
 1199      52535452 
 1199      00
 1200              	.LASF42:
 1201 008a 6D6F6465 		.ascii	"mode\000"
 1201      00
 1202              	.LASF14:
 1203 008f 42535252 		.ascii	"BSRR\000"
 1203      00
 1204              	.LASF39:
 1205 0094 636F6E66 		.ascii	"config\000"
 1205      696700
 1206              	.LASF35:
 1207 009b 696F6D6F 		.ascii	"iomode_t\000"
 1207      64655F74 
 1207      00
 1208              	.LASF5:
 1209 00a4 75696E74 		.ascii	"uint8_t\000"
 1209      385F7400 
 1210              	.LASF22:
 1211 00ac 41504231 		.ascii	"APB1ENR\000"
 1211      454E5200 
 1212              	.LASF34:
 1213 00b4 696F706F 		.ascii	"ioportmask_t\000"
 1213      72746D61 
 1213      736B5F74 
 1213      00
 1214              	.LASF1:
 1215 00c1 7369676E 		.ascii	"signed char\000"
 1215      65642063 
 1215      68617200 
ARM GAS  /tmp/ccq8Ti1x.s 			page 23


 1216              	.LASF28:
 1217 00cd 50414461 		.ascii	"PAData\000"
 1217      746100
 1218              	.LASF24:
 1219 00d4 41484252 		.ascii	"AHBRSTR\000"
 1219      53545200 
 1220              	.LASF10:
 1221 00dc 6C6F6E67 		.ascii	"long long int\000"
 1221      206C6F6E 
 1221      6720696E 
 1221      7400
 1222              	.LASF47:
 1223 00ea 2F686F6D 		.ascii	"/home/aggieair/workspace/ChibiOS_2.6.1/demos/ARMCM3"
 1223      652F6167 
 1223      67696561 
 1223      69722F77 
 1223      6F726B73 
 1224 011d 2D53544D 		.ascii	"-STM32F105-LIA/\000"
 1224      33324631 
 1224      30352D4C 
 1224      49412F00 
 1225              	.LASF7:
 1226 012d 6C6F6E67 		.ascii	"long int\000"
 1226      20696E74 
 1226      00
 1227              	.LASF31:
 1228 0136 50444461 		.ascii	"PDData\000"
 1228      746100
 1229              	.LASF20:
 1230 013d 41484245 		.ascii	"AHBENR\000"
 1230      4E5200
 1231              	.LASF18:
 1232 0144 41504232 		.ascii	"APB2RSTR\000"
 1232      52535452 
 1232      00
 1233              	.LASF36:
 1234 014d 696F706F 		.ascii	"ioportid_t\000"
 1234      72746964 
 1234      5F7400
 1235              	.LASF43:
 1236 0158 63666774 		.ascii	"cfgtab\000"
 1236      616200
 1237              	.LASF2:
 1238 015f 756E7369 		.ascii	"unsigned char\000"
 1238      676E6564 
 1238      20636861 
 1238      7200
 1239              	.LASF21:
 1240 016d 41504232 		.ascii	"APB2ENR\000"
 1240      454E5200 
 1241              	.LASF11:
 1242 0175 6C6F6E67 		.ascii	"long long unsigned int\000"
 1242      206C6F6E 
 1242      6720756E 
 1242      7369676E 
 1242      65642069 
 1243              	.LASF8:
ARM GAS  /tmp/ccq8Ti1x.s 			page 24


 1244 018c 75696E74 		.ascii	"uint32_t\000"
 1244      33325F74 
 1244      00
 1245              	.LASF0:
 1246 0195 756E7369 		.ascii	"unsigned int\000"
 1246      676E6564 
 1246      20696E74 
 1246      00
 1247              	.LASF25:
 1248 01a2 43464752 		.ascii	"CFGR2\000"
 1248      3200
 1249              	.LASF27:
 1250 01a8 73746D33 		.ascii	"stm32_gpio_setup_t\000"
 1250      325F6770 
 1250      696F5F73 
 1250      65747570 
 1250      5F7400
 1251              	.LASF4:
 1252 01bb 73686F72 		.ascii	"short unsigned int\000"
 1252      7420756E 
 1252      7369676E 
 1252      65642069 
 1252      6E7400
 1253              	.LASF13:
 1254 01ce 63686172 		.ascii	"char\000"
 1254      00
 1255              	.LASF6:
 1256 01d3 696E7433 		.ascii	"int32_t\000"
 1256      325F7400 
 1257              	.LASF33:
 1258 01db 50414C43 		.ascii	"PALConfig\000"
 1258      6F6E6669 
 1258      6700
 1259              	.LASF12:
 1260 01e5 5F426F6F 		.ascii	"_Bool\000"
 1260      6C00
 1261              	.LASF32:
 1262 01eb 50454461 		.ascii	"PEData\000"
 1262      746100
 1263              	.LASF40:
 1264 01f2 706F7274 		.ascii	"port\000"
 1264      00
 1265              	.LASF9:
 1266 01f7 6C6F6E67 		.ascii	"long unsigned int\000"
 1266      20756E73 
 1266      69676E65 
 1266      6420696E 
 1266      7400
 1267              	.LASF41:
 1268 0209 6D61736B 		.ascii	"mask\000"
 1268      00
 1269              	.LASF45:
 1270 020e 474E5520 		.ascii	"GNU C 4.6.2 20110908 (prerelease)\000"
 1270      4320342E 
 1270      362E3220 
 1270      32303131 
 1270      30393038 
ARM GAS  /tmp/ccq8Ti1x.s 			page 25


 1271              	.LASF44:
 1272 0230 49544D5F 		.ascii	"ITM_RxBuffer\000"
 1272      52784275 
 1272      66666572 
 1272      00
 1273              	.LASF29:
 1274 023d 50424461 		.ascii	"PBData\000"
 1274      746100
 1275              	.LASF17:
 1276 0244 43464752 		.ascii	"CFGR\000"
 1276      00
 1277              	.LASF15:
 1278 0249 4C434B52 		.ascii	"LCKR\000"
 1278      00
 1279              		.ident	"GCC: (Linaro GCC 4.6-2011.09-1) 4.6.2 20110908 (prerelease)"
ARM GAS  /tmp/ccq8Ti1x.s 			page 26


DEFINED SYMBOLS
                            *ABS*:0000000000000000 pal_lld.c
     /tmp/ccq8Ti1x.s:18     .text._pal_lld_init:0000000000000000 $t
     /tmp/ccq8Ti1x.s:24     .text._pal_lld_init:0000000000000000 _pal_lld_init
     /tmp/ccq8Ti1x.s:123    .text._pal_lld_setgroupmode:0000000000000000 $t
     /tmp/ccq8Ti1x.s:129    .text._pal_lld_setgroupmode:0000000000000000 _pal_lld_setgroupmode
     /tmp/ccq8Ti1x.s:229    .text._pal_lld_setgroupmode:0000000000000058 $d
     /tmp/ccq8Ti1x.s:234    .rodata.cfgtab.3252:0000000000000000 $d
     /tmp/ccq8Ti1x.s:238    .rodata.cfgtab.3252:0000000000000000 cfgtab.3252
                     .debug_frame:0000000000000010 $d
     /tmp/ccq8Ti1x.s:233    .text._pal_lld_setgroupmode:000000000000005c $t

NO UNDEFINED SYMBOLS
