ARM GAS  /tmp/ccsTk2zX.s 			page 1


   1              		.syntax unified
   2              		.cpu cortex-m3
   3              		.fpu softvfp
   4              		.eabi_attribute 20, 1
   5              		.eabi_attribute 21, 1
   6              		.eabi_attribute 23, 3
   7              		.eabi_attribute 24, 1
   8              		.eabi_attribute 25, 1
   9              		.eabi_attribute 26, 1
  10              		.eabi_attribute 30, 2
  11              		.eabi_attribute 18, 4
  12              		.thumb
  13              		.file	"chcore_v7m.c"
  14              		.text
  15              	.Ltext0:
  16              		.cfi_sections	.debug_frame
  17              		.section	.text._port_switch_from_isr,"ax",%progbits
  18              		.align	2
  19              		.p2align 4,,15
  20              		.global	_port_switch_from_isr
  21              		.thumb
  22              		.thumb_func
  23              		.type	_port_switch_from_isr, %function
  24              	_port_switch_from_isr:
  25              	.LFB11:
  26              		.file 1 "../../os/ports/GCC/ARMCMx/chcore_v7m.c"
  27              		.loc 1 207 0
  28              		.cfi_startproc
  29              		@ Naked Function: prologue and epilogue provided by programmer.
  30              		@ args = 0, pretend = 0, frame = 0
  31              		@ frame_needed = 0, uses_anonymous_args = 0
  32              		.loc 1 210 0
  33 0000 FFF7FEFF 		bl	chSchDoReschedule
  34              		.loc 1 212 0
  35              	@ 212 "../../os/ports/GCC/ARMCMx/chcore_v7m.c" 1
  36              		_port_exit_from_isr:
  37              	@ 0 "" 2
  38              		.loc 1 214 0
  39              	@ 214 "../../os/ports/GCC/ARMCMx/chcore_v7m.c" 1
  40 0004 00DF     		svc     #0
  41              	@ 0 "" 2
  42              		.loc 1 221 0
  43              		.thumb
  44              		.cfi_endproc
  45              	.LFE11:
  46              		.size	_port_switch_from_isr, .-_port_switch_from_isr
  47 0006 00BFAFF3 		.section	.text.SVCallVector,"ax",%progbits
  47      0080AFF3 
  47      0080
  48              		.align	2
  49              		.p2align 4,,15
  50              		.global	SVCallVector
  51              		.thumb
  52              		.thumb_func
  53              		.type	SVCallVector, %function
  54              	SVCallVector:
  55              	.LFB8:
ARM GAS  /tmp/ccsTk2zX.s 			page 2


  56              		.loc 1 65 0
  57              		.cfi_startproc
  58              		@ args = 0, pretend = 0, frame = 0
  59              		@ frame_needed = 0, uses_anonymous_args = 0
  60              		@ link register save eliminated.
  61              		.loc 1 69 0
  62              	@ 69 "../../os/ports/GCC/ARMCMx/chcore_v7m.c" 1
  63 0000 EFF30983 		mrs     r3, PSP
  64              	@ 0 "" 2
  65              	.LVL0:
  66              		.loc 1 73 0
  67              		.thumb
  68 0004 2033     		adds	r3, r3, #32
  69              	.LVL1:
  70              		.loc 1 80 0
  71              	@ 80 "../../os/ports/GCC/ARMCMx/chcore_v7m.c" 1
  72 0006 83F30988 		msr     PSP, r3
  73              	@ 0 "" 2
  74              		.thumb
  75              	.LBB2:
  76              		.loc 1 81 0
  77 000a 0023     		movs	r3, #0
  78              	.LVL2:
  79              	@ 81 "../../os/ports/GCC/ARMCMx/chcore_v7m.c" 1
  80 000c 83F31188 		msr     BASEPRI, r3
  81              	@ 0 "" 2
  82              	.LVL3:
  83              		.thumb
  84              	.LBE2:
  85              		.loc 1 82 0
  86 0010 7047     		bx	lr
  87              		.cfi_endproc
  88              	.LFE8:
  89              		.size	SVCallVector, .-SVCallVector
  90 0012 00BFAFF3 		.section	.text._port_init,"ax",%progbits
  90      0080AFF3 
  90      0080AFF3 
  90      0080
  91              		.align	2
  92              		.p2align 4,,15
  93              		.global	_port_init
  94              		.thumb
  95              		.thumb_func
  96              		.type	_port_init, %function
  97              	_port_init:
  98              	.LFB9:
  99              		.loc 1 118 0
 100              		.cfi_startproc
 101              		@ args = 0, pretend = 0, frame = 0
 102              		@ frame_needed = 0, uses_anonymous_args = 0
 103 0000 08B5     		push	{r3, lr}
 104              	.LCFI0:
 105              		.cfi_def_cfa_offset 8
 106              		.cfi_offset 14, -4
 107              		.cfi_offset 3, -8
 108              		.loc 1 122 0
 109 0002 4FF44072 		mov	r2, #768
ARM GAS  /tmp/ccsTk2zX.s 			page 3


 110              		.loc 1 121 0
 111 0006 4FF46D43 		mov	r3, #60672
 112 000a CEF20003 		movt	r3, 57344
 113              		.loc 1 122 0
 114 000e C0F2FA52 		movt	r2, 1530
 115              		.loc 1 121 0
 116 0012 0021     		movs	r1, #0
 117 0014 9960     		str	r1, [r3, #8]
 118              		.loc 1 125 0
 119 0016 0720     		movs	r0, #7
 120 0018 1021     		movs	r1, #16
 121              		.loc 1 122 0
 122 001a DA60     		str	r2, [r3, #12]
 123              		.loc 1 125 0
 124 001c FFF7FEFF 		bl	nvicSetSystemHandlerPriority
 125              		.loc 1 127 0
 126 0020 0A20     		movs	r0, #10
 127 0022 4FF40071 		mov	r1, #512
 128 0026 FFF7FEFF 		bl	nvicSetSystemHandlerPriority
 129              		.loc 1 129 0
 130 002a 0B20     		movs	r0, #11
 131 002c 8021     		movs	r1, #128
 132              		.loc 1 131 0
 133 002e BDE80840 		pop	{r3, lr}
 134              		.loc 1 129 0
 135 0032 FFF7FEBF 		b	nvicSetSystemHandlerPriority
 136              		.cfi_endproc
 137              	.LFE9:
 138              		.size	_port_init, .-_port_init
 139 0036 00BFAFF3 		.section	.text._port_irq_epilogue,"ax",%progbits
 139      0080AFF3 
 139      0080
 140              		.align	2
 141              		.p2align 4,,15
 142              		.global	_port_irq_epilogue
 143              		.thumb
 144              		.thumb_func
 145              		.type	_port_irq_epilogue, %function
 146              	_port_irq_epilogue:
 147              	.LFB10:
 148              		.loc 1 148 0
 149              		.cfi_startproc
 150              		@ args = 0, pretend = 0, frame = 0
 151              		@ frame_needed = 0, uses_anonymous_args = 0
 152              		@ link register save eliminated.
 153              	.LBB3:
 154              		.loc 1 150 0
 155 0000 2023     		movs	r3, #32
 156              	.LVL4:
 157              	@ 150 "../../os/ports/GCC/ARMCMx/chcore_v7m.c" 1
 158 0002 83F31188 		msr     BASEPRI, r3
 159              	@ 0 "" 2
 160              	.LVL5:
 161              		.thumb
 162              	.LBE3:
 163              		.loc 1 151 0
 164 0006 4FF46D43 		mov	r3, #60672
ARM GAS  /tmp/ccsTk2zX.s 			page 4


 165              	.LVL6:
 166 000a CEF20003 		movt	r3, 57344
 167 000e 5B68     		ldr	r3, [r3, #4]
 168 0010 13F40063 		ands	r3, r3, #2048
 169 0014 19D0     		beq	.L5
 170              	.LBB4:
 171              		.loc 1 155 0
 172              	@ 155 "../../os/ports/GCC/ARMCMx/chcore_v7m.c" 1
 173 0016 EFF30983 		mrs     r3, PSP
 174              	@ 0 "" 2
 175              	.LVL7:
 176              		.loc 1 159 0
 177              		.thumb
 178 001a A3F12002 		sub	r2, r3, #32
 179              		.loc 1 160 0
 180              	@ 160 "../../os/ports/GCC/ARMCMx/chcore_v7m.c" 1
 181 001e 82F30988 		msr     PSP, r2
 182              	@ 0 "" 2
 183              		.loc 1 165 0
 184              		.thumb
 185 0022 1049     		ldr	r1, .L12
 186              		.loc 1 161 0
 187 0024 4FF08070 		mov	r0, #16777216
 188              		.loc 1 165 0
 189 0028 8A69     		ldr	r2, [r1, #24]
 190              		.loc 1 161 0
 191 002a 43F8040C 		str	r0, [r3, #-4]
 192              		.loc 1 165 0
 193 002e D07F     		ldrb	r0, [r2, #31]	@ zero_extendqisi2
 194 0030 0968     		ldr	r1, [r1, #0]
 195 0032 9268     		ldr	r2, [r2, #8]
 196 0034 8968     		ldr	r1, [r1, #8]
 197 0036 58B1     		cbz	r0, .L6
 198              		.loc 1 165 0 is_stmt 0 discriminator 1
 199 0038 9142     		cmp	r1, r2
 200 003a 94BF     		ite	ls
 201 003c 0022     		movls	r2, #0
 202 003e 0122     		movhi	r2, #1
 203 0040 62B1     		cbz	r2, .L8
 204              	.L11:
 205              		.loc 1 167 0 is_stmt 1
 206 0042 094A     		ldr	r2, .L12+4
 207 0044 43F8082C 		str	r2, [r3, #-8]
 208 0048 7047     		bx	lr
 209              	.LVL8:
 210              	.L5:
 211              	.LBE4:
 212              	.LBB5:
 213              		.loc 1 197 0
 214              	@ 197 "../../os/ports/GCC/ARMCMx/chcore_v7m.c" 1
 215 004a 83F31188 		msr     BASEPRI, r3
 216              	@ 0 "" 2
 217              	.LVL9:
 218              		.thumb
 219 004e 7047     		bx	lr
 220              	.LVL10:
 221              	.L6:
ARM GAS  /tmp/ccsTk2zX.s 			page 5


 222              	.LBE5:
 223              	.LBB6:
 224              		.loc 1 165 0 discriminator 2
 225 0050 9142     		cmp	r1, r2
 226 0052 34BF     		ite	cc
 227 0054 0022     		movcc	r2, #0
 228 0056 0122     		movcs	r2, #1
 229 0058 002A     		cmp	r2, #0
 230 005a F2D1     		bne	.L11
 231              	.L8:
 232              		.loc 1 176 0
 233 005c 034A     		ldr	r2, .L12+8
 234 005e 43F8082C 		str	r2, [r3, #-8]
 235 0062 7047     		bx	lr
 236              	.L13:
 237              		.align	2
 238              	.L12:
 239 0064 00000000 		.word	rlist
 240 0068 00000000 		.word	_port_switch_from_isr
 241 006c 04000000 		.word	_port_exit_from_isr
 242              	.LBE6:
 243              		.cfi_endproc
 244              	.LFE10:
 245              		.size	_port_irq_epilogue, .-_port_irq_epilogue
 246              		.section	.text.SysTickVector,"ax",%progbits
 247              		.align	2
 248              		.p2align 4,,15
 249              		.global	SysTickVector
 250              		.thumb
 251              		.thumb_func
 252              		.type	SysTickVector, %function
 253              	SysTickVector:
 254              	.LFB7:
 255              		.loc 1 47 0
 256              		.cfi_startproc
 257              		@ args = 0, pretend = 0, frame = 0
 258              		@ frame_needed = 0, uses_anonymous_args = 0
 259 0000 08B5     		push	{r3, lr}
 260              	.LCFI1:
 261              		.cfi_def_cfa_offset 8
 262              		.cfi_offset 14, -4
 263              		.cfi_offset 3, -8
 264              	.LBB7:
 265              		.loc 1 51 0
 266 0002 2023     		movs	r3, #32
 267              	.LVL11:
 268              	@ 51 "../../os/ports/GCC/ARMCMx/chcore_v7m.c" 1
 269 0004 83F31188 		msr     BASEPRI, r3
 270              	@ 0 "" 2
 271              	.LVL12:
 272              		.thumb
 273              	.LBE7:
 274              		.loc 1 52 0
 275 0008 FFF7FEFF 		bl	chSysTimerHandlerI
 276              	.LVL13:
 277              	.LBB8:
 278              		.loc 1 53 0
ARM GAS  /tmp/ccsTk2zX.s 			page 6


 279 000c 0023     		movs	r3, #0
 280              	.LVL14:
 281              	@ 53 "../../os/ports/GCC/ARMCMx/chcore_v7m.c" 1
 282 000e 83F31188 		msr     BASEPRI, r3
 283              	@ 0 "" 2
 284              	.LVL15:
 285              		.thumb
 286              	.LBE8:
 287              		.loc 1 56 0
 288 0012 BDE80840 		pop	{r3, lr}
 289              		.loc 1 55 0
 290 0016 FFF7FEBF 		b	_port_irq_epilogue
 291              	.LVL16:
 292              		.cfi_endproc
 293              	.LFE7:
 294              		.size	SysTickVector, .-SysTickVector
 295 001a 00BFAFF3 		.section	.text._port_switch,"ax",%progbits
 295      0080
 296              		.align	2
 297              		.p2align 4,,15
 298              		.global	_port_switch
 299              		.thumb
 300              		.thumb_func
 301              		.type	_port_switch, %function
 302              	_port_switch:
 303              	.LFB12:
 304              		.loc 1 236 0
 305              		.cfi_startproc
 306              		@ Naked Function: prologue and epilogue provided by programmer.
 307              		@ args = 0, pretend = 0, frame = 0
 308              		@ frame_needed = 0, uses_anonymous_args = 0
 309              	.LVL17:
 310              		.loc 1 238 0
 311              	@ 238 "../../os/ports/GCC/ARMCMx/chcore_v7m.c" 1
 312 0000 2DE9F04F 		push    {r4, r5, r6, r7, r8, r9, r10, r11, lr}
 313              	@ 0 "" 2
 314              		.loc 1 244 0
 315              	@ 244 "../../os/ports/GCC/ARMCMx/chcore_v7m.c" 1
 316 0004 C1F80CD0 		str     sp, [r1, #12]                          
 317 0008 D0F80CD0 		ldr     sp, [r0, #12]
 318              	@ 0 "" 2
 319              		.loc 1 250 0
 320              	@ 250 "../../os/ports/GCC/ARMCMx/chcore_v7m.c" 1
 321 000c BDE8F08F 		pop     {r4, r5, r6, r7, r8, r9, r10, r11, pc}
 322              	@ 0 "" 2
 323              		.loc 1 252 0
 324              		.thumb
 325              		.cfi_endproc
 326              	.LFE12:
 327              		.size	_port_switch, .-_port_switch
 328              		.section	.text._port_thread_start,"ax",%progbits
 329              		.align	2
 330              		.p2align 4,,15
 331              		.global	_port_thread_start
 332              		.thumb
 333              		.thumb_func
 334              		.type	_port_thread_start, %function
ARM GAS  /tmp/ccsTk2zX.s 			page 7


 335              	_port_thread_start:
 336              	.LFB13:
 337              		.loc 1 259 0
 338              		.cfi_startproc
 339              		@ args = 0, pretend = 0, frame = 0
 340              		@ frame_needed = 0, uses_anonymous_args = 0
 341              		@ link register save eliminated.
 342              	.LBB9:
 343              		.loc 1 261 0
 344 0000 0023     		movs	r3, #0
 345              	.LVL18:
 346              	@ 261 "../../os/ports/GCC/ARMCMx/chcore_v7m.c" 1
 347 0002 83F31188 		msr     BASEPRI, r3
 348              	@ 0 "" 2
 349              	.LVL19:
 350              		.thumb
 351              	.LBE9:
 352              		.loc 1 262 0
 353              	@ 262 "../../os/ports/GCC/ARMCMx/chcore_v7m.c" 1
 354 0006 2846     		mov     r0, r5                                 
 355 0008 A047     		blx     r4                                     
 356 000a FFF7FEFF 		bl      chThdExit
 357              	@ 0 "" 2
 358              		.loc 1 265 0
 359              		.thumb
 360 000e 7047     		bx	lr
 361              		.cfi_endproc
 362              	.LFE13:
 363              		.size	_port_thread_start, .-_port_thread_start
 364              		.text
 365              	.Letext0:
 366              		.file 2 "/opt/paparazzi/arm-multilib/lib/gcc/arm-none-eabi/4.6.2/../../../../arm-none-eabi/include
 367              		.file 3 "../../os/ports/GCC/ARMCMx/chtypes.h"
 368              		.file 4 "../../os/kernel/include/chlists.h"
 369              		.file 5 "../../os/kernel/include/chthreads.h"
 370              		.file 6 "../../os/ports/GCC/ARMCMx/chcore_v7m.h"
 371              		.file 7 "../../os/ports/common/ARMCMx/nvic.h"
 372              		.file 8 "../../os/kernel/include/chschd.h"
 373              		.file 9 "../../os/kernel/include/chmtx.h"
 374              		.section	.debug_info,"",%progbits
 375              	.Ldebug_info0:
 376 0000 EE070000 		.4byte	0x7ee
 377 0004 0200     		.2byte	0x2
 378 0006 00000000 		.4byte	.Ldebug_abbrev0
 379 000a 04       		.byte	0x4
 380 000b 01       		.uleb128 0x1
 381 000c 37010000 		.4byte	.LASF90
 382 0010 01       		.byte	0x1
 383 0011 DA020000 		.4byte	.LASF91
 384 0015 9B020000 		.4byte	.LASF92
 385 0019 00000000 		.4byte	0
 386 001d 00000000 		.4byte	0
 387 0021 18000000 		.4byte	.Ldebug_ranges0+0x18
 388 0025 00000000 		.4byte	.Ldebug_line0
 389 0029 02       		.uleb128 0x2
 390 002a 04       		.byte	0x4
 391 002b 05       		.byte	0x5
ARM GAS  /tmp/ccsTk2zX.s 			page 8


 392 002c 696E7400 		.ascii	"int\000"
 393 0030 03       		.uleb128 0x3
 394 0031 04       		.byte	0x4
 395 0032 07       		.byte	0x7
 396 0033 C7000000 		.4byte	.LASF0
 397 0037 03       		.uleb128 0x3
 398 0038 01       		.byte	0x1
 399 0039 06       		.byte	0x6
 400 003a 5E000000 		.4byte	.LASF1
 401 003e 04       		.uleb128 0x4
 402 003f 64030000 		.4byte	.LASF5
 403 0043 02       		.byte	0x2
 404 0044 2A       		.byte	0x2a
 405 0045 49000000 		.4byte	0x49
 406 0049 03       		.uleb128 0x3
 407 004a 01       		.byte	0x1
 408 004b 08       		.byte	0x8
 409 004c 0A020000 		.4byte	.LASF2
 410 0050 03       		.uleb128 0x3
 411 0051 02       		.byte	0x2
 412 0052 05       		.byte	0x5
 413 0053 28020000 		.4byte	.LASF3
 414 0057 03       		.uleb128 0x3
 415 0058 02       		.byte	0x2
 416 0059 07       		.byte	0x7
 417 005a 24010000 		.4byte	.LASF4
 418 005e 04       		.uleb128 0x4
 419 005f 02020000 		.4byte	.LASF6
 420 0063 02       		.byte	0x2
 421 0064 4F       		.byte	0x4f
 422 0065 69000000 		.4byte	0x69
 423 0069 03       		.uleb128 0x3
 424 006a 04       		.byte	0x4
 425 006b 05       		.byte	0x5
 426 006c 84000000 		.4byte	.LASF7
 427 0070 04       		.uleb128 0x4
 428 0071 78020000 		.4byte	.LASF8
 429 0075 02       		.byte	0x2
 430 0076 50       		.byte	0x50
 431 0077 7B000000 		.4byte	0x7b
 432 007b 03       		.uleb128 0x3
 433 007c 04       		.byte	0x4
 434 007d 07       		.byte	0x7
 435 007e EF000000 		.4byte	.LASF9
 436 0082 03       		.uleb128 0x3
 437 0083 08       		.byte	0x8
 438 0084 05       		.byte	0x5
 439 0085 50000000 		.4byte	.LASF10
 440 0089 03       		.uleb128 0x3
 441 008a 08       		.byte	0x8
 442 008b 07       		.byte	0x7
 443 008c 23000000 		.4byte	.LASF11
 444 0090 03       		.uleb128 0x3
 445 0091 01       		.byte	0x1
 446 0092 02       		.byte	0x2
 447 0093 FC010000 		.4byte	.LASF12
 448 0097 04       		.uleb128 0x4
ARM GAS  /tmp/ccsTk2zX.s 			page 9


 449 0098 88010000 		.4byte	.LASF13
 450 009c 03       		.byte	0x3
 451 009d 2C       		.byte	0x2c
 452 009e 3E000000 		.4byte	0x3e
 453 00a2 04       		.uleb128 0x4
 454 00a3 8D000000 		.4byte	.LASF14
 455 00a7 03       		.byte	0x3
 456 00a8 2D       		.byte	0x2d
 457 00a9 3E000000 		.4byte	0x3e
 458 00ad 04       		.uleb128 0x4
 459 00ae E0010000 		.4byte	.LASF15
 460 00b2 03       		.byte	0x3
 461 00b3 2E       		.byte	0x2e
 462 00b4 3E000000 		.4byte	0x3e
 463 00b8 04       		.uleb128 0x4
 464 00b9 7A000000 		.4byte	.LASF16
 465 00bd 03       		.byte	0x3
 466 00be 2F       		.byte	0x2f
 467 00bf 3E000000 		.4byte	0x3e
 468 00c3 04       		.uleb128 0x4
 469 00c4 F4010000 		.4byte	.LASF17
 470 00c8 03       		.byte	0x3
 471 00c9 30       		.byte	0x30
 472 00ca 70000000 		.4byte	0x70
 473 00ce 04       		.uleb128 0x4
 474 00cf 5E010000 		.4byte	.LASF18
 475 00d3 03       		.byte	0x3
 476 00d4 31       		.byte	0x31
 477 00d5 5E000000 		.4byte	0x5e
 478 00d9 04       		.uleb128 0x4
 479 00da 9C010000 		.4byte	.LASF19
 480 00de 03       		.byte	0x3
 481 00df 33       		.byte	0x33
 482 00e0 70000000 		.4byte	0x70
 483 00e4 04       		.uleb128 0x4
 484 00e5 08030000 		.4byte	.LASF20
 485 00e9 03       		.byte	0x3
 486 00ea 35       		.byte	0x35
 487 00eb 70000000 		.4byte	0x70
 488 00ef 04       		.uleb128 0x4
 489 00f0 66020000 		.4byte	.LASF21
 490 00f4 04       		.byte	0x4
 491 00f5 2A       		.byte	0x2a
 492 00f6 FA000000 		.4byte	0xfa
 493 00fa 05       		.uleb128 0x5
 494 00fb 66020000 		.4byte	.LASF21
 495 00ff 48       		.byte	0x48
 496 0100 05       		.byte	0x5
 497 0101 5E       		.byte	0x5e
 498 0102 1F020000 		.4byte	0x21f
 499 0106 06       		.uleb128 0x6
 500 0107 57020000 		.4byte	.LASF22
 501 010b 05       		.byte	0x5
 502 010c 5F       		.byte	0x5f
 503 010d 44020000 		.4byte	0x244
 504 0111 02       		.byte	0x2
 505 0112 23       		.byte	0x23
ARM GAS  /tmp/ccsTk2zX.s 			page 10


 506 0113 00       		.uleb128 0
 507 0114 06       		.uleb128 0x6
 508 0115 ED010000 		.4byte	.LASF23
 509 0119 05       		.byte	0x5
 510 011a 61       		.byte	0x61
 511 011b 44020000 		.4byte	0x244
 512 011f 02       		.byte	0x2
 513 0120 23       		.byte	0x23
 514 0121 04       		.uleb128 0x4
 515 0122 06       		.uleb128 0x6
 516 0123 49000000 		.4byte	.LASF24
 517 0127 05       		.byte	0x5
 518 0128 63       		.byte	0x63
 519 0129 C3000000 		.4byte	0xc3
 520 012d 02       		.byte	0x2
 521 012e 23       		.byte	0x23
 522 012f 08       		.uleb128 0x8
 523 0130 06       		.uleb128 0x6
 524 0131 98030000 		.4byte	.LASF25
 525 0135 05       		.byte	0x5
 526 0136 64       		.byte	0x64
 527 0137 8A030000 		.4byte	0x38a
 528 013b 02       		.byte	0x2
 529 013c 23       		.byte	0x23
 530 013d 0C       		.uleb128 0xc
 531 013e 06       		.uleb128 0x6
 532 013f A9000000 		.4byte	.LASF26
 533 0143 05       		.byte	0x5
 534 0144 66       		.byte	0x66
 535 0145 44020000 		.4byte	0x244
 536 0149 02       		.byte	0x2
 537 014a 23       		.byte	0x23
 538 014b 10       		.uleb128 0x10
 539 014c 06       		.uleb128 0x6
 540 014d B3010000 		.4byte	.LASF27
 541 0151 05       		.byte	0x5
 542 0152 67       		.byte	0x67
 543 0153 44020000 		.4byte	0x244
 544 0157 02       		.byte	0x2
 545 0158 23       		.byte	0x23
 546 0159 14       		.uleb128 0x14
 547 015a 06       		.uleb128 0x6
 548 015b 7E030000 		.4byte	.LASF28
 549 015f 05       		.byte	0x5
 550 0160 6E       		.byte	0x6e
 551 0161 30060000 		.4byte	0x630
 552 0165 02       		.byte	0x2
 553 0166 23       		.byte	0x23
 554 0167 18       		.uleb128 0x18
 555 0168 06       		.uleb128 0x6
 556 0169 32020000 		.4byte	.LASF29
 557 016d 05       		.byte	0x5
 558 016e 79       		.byte	0x79
 559 016f A2000000 		.4byte	0xa2
 560 0173 02       		.byte	0x2
 561 0174 23       		.byte	0x23
 562 0175 1C       		.uleb128 0x1c
ARM GAS  /tmp/ccsTk2zX.s 			page 11


 563 0176 06       		.uleb128 0x6
 564 0177 5E020000 		.4byte	.LASF30
 565 017b 05       		.byte	0x5
 566 017c 7D       		.byte	0x7d
 567 017d 97000000 		.4byte	0x97
 568 0181 02       		.byte	0x2
 569 0182 23       		.byte	0x23
 570 0183 1D       		.uleb128 0x1d
 571 0184 06       		.uleb128 0x6
 572 0185 48030000 		.4byte	.LASF31
 573 0189 05       		.byte	0x5
 574 018a 82       		.byte	0x82
 575 018b AD000000 		.4byte	0xad
 576 018f 02       		.byte	0x2
 577 0190 23       		.byte	0x23
 578 0191 1E       		.uleb128 0x1e
 579 0192 06       		.uleb128 0x6
 580 0193 3A020000 		.4byte	.LASF32
 581 0197 05       		.byte	0x5
 582 0198 88       		.byte	0x88
 583 0199 B8000000 		.4byte	0xb8
 584 019d 02       		.byte	0x2
 585 019e 23       		.byte	0x23
 586 019f 1F       		.uleb128 0x1f
 587 01a0 06       		.uleb128 0x6
 588 01a1 2A030000 		.4byte	.LASF33
 589 01a5 05       		.byte	0x5
 590 01a6 8F       		.byte	0x8f
 591 01a7 46050000 		.4byte	0x546
 592 01ab 02       		.byte	0x2
 593 01ac 23       		.byte	0x23
 594 01ad 20       		.uleb128 0x20
 595 01ae 07       		.uleb128 0x7
 596 01af 705F7500 		.ascii	"p_u\000"
 597 01b3 05       		.byte	0x5
 598 01b4 B4       		.byte	0xb4
 599 01b5 FB050000 		.4byte	0x5fb
 600 01b9 02       		.byte	0x2
 601 01ba 23       		.byte	0x23
 602 01bb 24       		.uleb128 0x24
 603 01bc 06       		.uleb128 0x6
 604 01bd 9E030000 		.4byte	.LASF34
 605 01c1 05       		.byte	0x5
 606 01c2 B9       		.byte	0xb9
 607 01c3 6C020000 		.4byte	0x26c
 608 01c7 02       		.byte	0x2
 609 01c8 23       		.byte	0x23
 610 01c9 28       		.uleb128 0x28
 611 01ca 06       		.uleb128 0x6
 612 01cb 3D030000 		.4byte	.LASF35
 613 01cf 05       		.byte	0x5
 614 01d0 BF       		.byte	0xbf
 615 01d1 4A020000 		.4byte	0x24a
 616 01d5 02       		.byte	0x2
 617 01d6 23       		.byte	0x23
 618 01d7 2C       		.uleb128 0x2c
 619 01d8 06       		.uleb128 0x6
ARM GAS  /tmp/ccsTk2zX.s 			page 12


 620 01d9 00000000 		.4byte	.LASF36
 621 01dd 05       		.byte	0x5
 622 01de C3       		.byte	0xc3
 623 01df CE000000 		.4byte	0xce
 624 01e3 02       		.byte	0x2
 625 01e4 23       		.byte	0x23
 626 01e5 34       		.uleb128 0x34
 627 01e6 06       		.uleb128 0x6
 628 01e7 6D020000 		.4byte	.LASF37
 629 01eb 05       		.byte	0x5
 630 01ec C9       		.byte	0xc9
 631 01ed D9000000 		.4byte	0xd9
 632 01f1 02       		.byte	0x2
 633 01f2 23       		.byte	0x23
 634 01f3 38       		.uleb128 0x38
 635 01f4 06       		.uleb128 0x6
 636 01f5 1E020000 		.4byte	.LASF38
 637 01f9 05       		.byte	0x5
 638 01fa D0       		.byte	0xd0
 639 01fb 42060000 		.4byte	0x642
 640 01ff 02       		.byte	0x2
 641 0200 23       		.byte	0x23
 642 0201 3C       		.uleb128 0x3c
 643 0202 06       		.uleb128 0x6
 644 0203 12030000 		.4byte	.LASF39
 645 0207 05       		.byte	0x5
 646 0208 D4       		.byte	0xd4
 647 0209 C3000000 		.4byte	0xc3
 648 020d 02       		.byte	0x2
 649 020e 23       		.byte	0x23
 650 020f 40       		.uleb128 0x40
 651 0210 06       		.uleb128 0x6
 652 0211 6A000000 		.4byte	.LASF40
 653 0215 05       		.byte	0x5
 654 0216 DA       		.byte	0xda
 655 0217 82020000 		.4byte	0x282
 656 021b 02       		.byte	0x2
 657 021c 23       		.byte	0x23
 658 021d 44       		.uleb128 0x44
 659 021e 00       		.byte	0
 660 021f 08       		.uleb128 0x8
 661 0220 08       		.byte	0x8
 662 0221 04       		.byte	0x4
 663 0222 61       		.byte	0x61
 664 0223 44020000 		.4byte	0x244
 665 0227 06       		.uleb128 0x6
 666 0228 57020000 		.4byte	.LASF22
 667 022c 04       		.byte	0x4
 668 022d 62       		.byte	0x62
 669 022e 44020000 		.4byte	0x244
 670 0232 02       		.byte	0x2
 671 0233 23       		.byte	0x23
 672 0234 00       		.uleb128 0
 673 0235 06       		.uleb128 0x6
 674 0236 ED010000 		.4byte	.LASF23
 675 023a 04       		.byte	0x4
 676 023b 64       		.byte	0x64
ARM GAS  /tmp/ccsTk2zX.s 			page 13


 677 023c 44020000 		.4byte	0x244
 678 0240 02       		.byte	0x2
 679 0241 23       		.byte	0x23
 680 0242 04       		.uleb128 0x4
 681 0243 00       		.byte	0
 682 0244 09       		.uleb128 0x9
 683 0245 04       		.byte	0x4
 684 0246 EF000000 		.4byte	0xef
 685 024a 04       		.uleb128 0x4
 686 024b C1010000 		.4byte	.LASF41
 687 024f 04       		.byte	0x4
 688 0250 66       		.byte	0x66
 689 0251 1F020000 		.4byte	0x21f
 690 0255 08       		.uleb128 0x8
 691 0256 04       		.byte	0x4
 692 0257 04       		.byte	0x4
 693 0258 6B       		.byte	0x6b
 694 0259 6C020000 		.4byte	0x26c
 695 025d 06       		.uleb128 0x6
 696 025e 57020000 		.4byte	.LASF22
 697 0262 04       		.byte	0x4
 698 0263 6D       		.byte	0x6d
 699 0264 44020000 		.4byte	0x244
 700 0268 02       		.byte	0x2
 701 0269 23       		.byte	0x23
 702 026a 00       		.uleb128 0
 703 026b 00       		.byte	0
 704 026c 04       		.uleb128 0x4
 705 026d 90010000 		.4byte	.LASF42
 706 0271 04       		.byte	0x4
 707 0272 70       		.byte	0x70
 708 0273 55020000 		.4byte	0x255
 709 0277 04       		.uleb128 0x4
 710 0278 BE000000 		.4byte	.LASF43
 711 027c 06       		.byte	0x6
 712 027d E5       		.byte	0xe5
 713 027e 82020000 		.4byte	0x282
 714 0282 0A       		.uleb128 0xa
 715 0283 04       		.byte	0x4
 716 0284 05       		.uleb128 0x5
 717 0285 DB000000 		.4byte	.LASF44
 718 0289 20       		.byte	0x20
 719 028a 06       		.byte	0x6
 720 028b ED       		.byte	0xed
 721 028c FC020000 		.4byte	0x2fc
 722 0290 07       		.uleb128 0x7
 723 0291 723000   		.ascii	"r0\000"
 724 0294 06       		.byte	0x6
 725 0295 EE       		.byte	0xee
 726 0296 77020000 		.4byte	0x277
 727 029a 02       		.byte	0x2
 728 029b 23       		.byte	0x23
 729 029c 00       		.uleb128 0
 730 029d 07       		.uleb128 0x7
 731 029e 723100   		.ascii	"r1\000"
 732 02a1 06       		.byte	0x6
 733 02a2 EF       		.byte	0xef
ARM GAS  /tmp/ccsTk2zX.s 			page 14


 734 02a3 77020000 		.4byte	0x277
 735 02a7 02       		.byte	0x2
 736 02a8 23       		.byte	0x23
 737 02a9 04       		.uleb128 0x4
 738 02aa 07       		.uleb128 0x7
 739 02ab 723200   		.ascii	"r2\000"
 740 02ae 06       		.byte	0x6
 741 02af F0       		.byte	0xf0
 742 02b0 77020000 		.4byte	0x277
 743 02b4 02       		.byte	0x2
 744 02b5 23       		.byte	0x23
 745 02b6 08       		.uleb128 0x8
 746 02b7 07       		.uleb128 0x7
 747 02b8 723300   		.ascii	"r3\000"
 748 02bb 06       		.byte	0x6
 749 02bc F1       		.byte	0xf1
 750 02bd 77020000 		.4byte	0x277
 751 02c1 02       		.byte	0x2
 752 02c2 23       		.byte	0x23
 753 02c3 0C       		.uleb128 0xc
 754 02c4 07       		.uleb128 0x7
 755 02c5 72313200 		.ascii	"r12\000"
 756 02c9 06       		.byte	0x6
 757 02ca F2       		.byte	0xf2
 758 02cb 77020000 		.4byte	0x277
 759 02cf 02       		.byte	0x2
 760 02d0 23       		.byte	0x23
 761 02d1 10       		.uleb128 0x10
 762 02d2 06       		.uleb128 0x6
 763 02d3 D4000000 		.4byte	.LASF45
 764 02d7 06       		.byte	0x6
 765 02d8 F3       		.byte	0xf3
 766 02d9 77020000 		.4byte	0x277
 767 02dd 02       		.byte	0x2
 768 02de 23       		.byte	0x23
 769 02df 14       		.uleb128 0x14
 770 02e0 07       		.uleb128 0x7
 771 02e1 706300   		.ascii	"pc\000"
 772 02e4 06       		.byte	0x6
 773 02e5 F4       		.byte	0xf4
 774 02e6 77020000 		.4byte	0x277
 775 02ea 02       		.byte	0x2
 776 02eb 23       		.byte	0x23
 777 02ec 18       		.uleb128 0x18
 778 02ed 06       		.uleb128 0x6
 779 02ee 44020000 		.4byte	.LASF46
 780 02f2 06       		.byte	0x6
 781 02f3 F5       		.byte	0xf5
 782 02f4 77020000 		.4byte	0x277
 783 02f8 02       		.byte	0x2
 784 02f9 23       		.byte	0x23
 785 02fa 1C       		.uleb128 0x1c
 786 02fb 00       		.byte	0
 787 02fc 0B       		.uleb128 0xb
 788 02fd 36030000 		.4byte	.LASF47
 789 0301 24       		.byte	0x24
 790 0302 06       		.byte	0x6
ARM GAS  /tmp/ccsTk2zX.s 			page 15


 791 0303 0C01     		.2byte	0x10c
 792 0305 8A030000 		.4byte	0x38a
 793 0309 0C       		.uleb128 0xc
 794 030a 723400   		.ascii	"r4\000"
 795 030d 06       		.byte	0x6
 796 030e 1F01     		.2byte	0x11f
 797 0310 77020000 		.4byte	0x277
 798 0314 02       		.byte	0x2
 799 0315 23       		.byte	0x23
 800 0316 00       		.uleb128 0
 801 0317 0C       		.uleb128 0xc
 802 0318 723500   		.ascii	"r5\000"
 803 031b 06       		.byte	0x6
 804 031c 2001     		.2byte	0x120
 805 031e 77020000 		.4byte	0x277
 806 0322 02       		.byte	0x2
 807 0323 23       		.byte	0x23
 808 0324 04       		.uleb128 0x4
 809 0325 0C       		.uleb128 0xc
 810 0326 723600   		.ascii	"r6\000"
 811 0329 06       		.byte	0x6
 812 032a 2101     		.2byte	0x121
 813 032c 77020000 		.4byte	0x277
 814 0330 02       		.byte	0x2
 815 0331 23       		.byte	0x23
 816 0332 08       		.uleb128 0x8
 817 0333 0C       		.uleb128 0xc
 818 0334 723700   		.ascii	"r7\000"
 819 0337 06       		.byte	0x6
 820 0338 2201     		.2byte	0x122
 821 033a 77020000 		.4byte	0x277
 822 033e 02       		.byte	0x2
 823 033f 23       		.byte	0x23
 824 0340 0C       		.uleb128 0xc
 825 0341 0C       		.uleb128 0xc
 826 0342 723800   		.ascii	"r8\000"
 827 0345 06       		.byte	0x6
 828 0346 2301     		.2byte	0x123
 829 0348 77020000 		.4byte	0x277
 830 034c 02       		.byte	0x2
 831 034d 23       		.byte	0x23
 832 034e 10       		.uleb128 0x10
 833 034f 0C       		.uleb128 0xc
 834 0350 723900   		.ascii	"r9\000"
 835 0353 06       		.byte	0x6
 836 0354 2401     		.2byte	0x124
 837 0356 77020000 		.4byte	0x277
 838 035a 02       		.byte	0x2
 839 035b 23       		.byte	0x23
 840 035c 14       		.uleb128 0x14
 841 035d 0C       		.uleb128 0xc
 842 035e 72313000 		.ascii	"r10\000"
 843 0362 06       		.byte	0x6
 844 0363 2501     		.2byte	0x125
 845 0365 77020000 		.4byte	0x277
 846 0369 02       		.byte	0x2
 847 036a 23       		.byte	0x23
ARM GAS  /tmp/ccsTk2zX.s 			page 16


 848 036b 18       		.uleb128 0x18
 849 036c 0C       		.uleb128 0xc
 850 036d 72313100 		.ascii	"r11\000"
 851 0371 06       		.byte	0x6
 852 0372 2601     		.2byte	0x126
 853 0374 77020000 		.4byte	0x277
 854 0378 02       		.byte	0x2
 855 0379 23       		.byte	0x23
 856 037a 1C       		.uleb128 0x1c
 857 037b 0C       		.uleb128 0xc
 858 037c 6C7200   		.ascii	"lr\000"
 859 037f 06       		.byte	0x6
 860 0380 2701     		.2byte	0x127
 861 0382 77020000 		.4byte	0x277
 862 0386 02       		.byte	0x2
 863 0387 23       		.byte	0x23
 864 0388 20       		.uleb128 0x20
 865 0389 00       		.byte	0
 866 038a 0B       		.uleb128 0xb
 867 038b 1C010000 		.4byte	.LASF48
 868 038f 04       		.byte	0x4
 869 0390 06       		.byte	0x6
 870 0391 3101     		.2byte	0x131
 871 0393 A7030000 		.4byte	0x3a7
 872 0397 0C       		.uleb128 0xc
 873 0398 72313300 		.ascii	"r13\000"
 874 039c 06       		.byte	0x6
 875 039d 3201     		.2byte	0x132
 876 039f A7030000 		.4byte	0x3a7
 877 03a3 02       		.byte	0x2
 878 03a4 23       		.byte	0x23
 879 03a5 00       		.uleb128 0
 880 03a6 00       		.byte	0
 881 03a7 09       		.uleb128 0x9
 882 03a8 04       		.byte	0x4
 883 03a9 FC020000 		.4byte	0x2fc
 884 03ad 0D       		.uleb128 0xd
 885 03ae 7B000000 		.4byte	0x7b
 886 03b2 08       		.uleb128 0x8
 887 03b3 8C       		.byte	0x8c
 888 03b4 07       		.byte	0x7
 889 03b5 89       		.byte	0x89
 890 03b6 E2040000 		.4byte	0x4e2
 891 03ba 06       		.uleb128 0x6
 892 03bb 43000000 		.4byte	.LASF49
 893 03bf 07       		.byte	0x7
 894 03c0 8A       		.byte	0x8a
 895 03c1 AD030000 		.4byte	0x3ad
 896 03c5 02       		.byte	0x2
 897 03c6 23       		.byte	0x23
 898 03c7 00       		.uleb128 0
 899 03c8 06       		.uleb128 0x6
 900 03c9 59010000 		.4byte	.LASF50
 901 03cd 07       		.byte	0x7
 902 03ce 8B       		.byte	0x8b
 903 03cf AD030000 		.4byte	0x3ad
 904 03d3 02       		.byte	0x2
ARM GAS  /tmp/ccsTk2zX.s 			page 17


 905 03d4 23       		.byte	0x23
 906 03d5 04       		.uleb128 0x4
 907 03d6 06       		.uleb128 0x6
 908 03d7 01010000 		.4byte	.LASF51
 909 03db 07       		.byte	0x7
 910 03dc 8C       		.byte	0x8c
 911 03dd AD030000 		.4byte	0x3ad
 912 03e1 02       		.byte	0x2
 913 03e2 23       		.byte	0x23
 914 03e3 08       		.uleb128 0x8
 915 03e4 06       		.uleb128 0x6
 916 03e5 64010000 		.4byte	.LASF52
 917 03e9 07       		.byte	0x7
 918 03ea 8D       		.byte	0x8d
 919 03eb AD030000 		.4byte	0x3ad
 920 03ef 02       		.byte	0x2
 921 03f0 23       		.byte	0x23
 922 03f1 0C       		.uleb128 0xc
 923 03f2 07       		.uleb128 0x7
 924 03f3 53435200 		.ascii	"SCR\000"
 925 03f7 07       		.byte	0x7
 926 03f8 8E       		.byte	0x8e
 927 03f9 AD030000 		.4byte	0x3ad
 928 03fd 02       		.byte	0x2
 929 03fe 23       		.byte	0x23
 930 03ff 10       		.uleb128 0x10
 931 0400 07       		.uleb128 0x7
 932 0401 43435200 		.ascii	"CCR\000"
 933 0405 07       		.byte	0x7
 934 0406 8F       		.byte	0x8f
 935 0407 AD030000 		.4byte	0x3ad
 936 040b 02       		.byte	0x2
 937 040c 23       		.byte	0x23
 938 040d 14       		.uleb128 0x14
 939 040e 06       		.uleb128 0x6
 940 040f 31030000 		.4byte	.LASF53
 941 0413 07       		.byte	0x7
 942 0414 90       		.byte	0x90
 943 0415 F2040000 		.4byte	0x4f2
 944 0419 02       		.byte	0x2
 945 041a 23       		.byte	0x23
 946 041b 18       		.uleb128 0x18
 947 041c 06       		.uleb128 0x6
 948 041d 18020000 		.4byte	.LASF54
 949 0421 07       		.byte	0x7
 950 0422 91       		.byte	0x91
 951 0423 AD030000 		.4byte	0x3ad
 952 0427 02       		.byte	0x2
 953 0428 23       		.byte	0x23
 954 0429 24       		.uleb128 0x24
 955 042a 06       		.uleb128 0x6
 956 042b AE010000 		.4byte	.LASF55
 957 042f 07       		.byte	0x7
 958 0430 92       		.byte	0x92
 959 0431 AD030000 		.4byte	0x3ad
 960 0435 02       		.byte	0x2
 961 0436 23       		.byte	0x23
ARM GAS  /tmp/ccsTk2zX.s 			page 18


 962 0437 28       		.uleb128 0x28
 963 0438 06       		.uleb128 0x6
 964 0439 8B030000 		.4byte	.LASF56
 965 043d 07       		.byte	0x7
 966 043e 93       		.byte	0x93
 967 043f AD030000 		.4byte	0x3ad
 968 0443 02       		.byte	0x2
 969 0444 23       		.byte	0x23
 970 0445 2C       		.uleb128 0x2c
 971 0446 06       		.uleb128 0x6
 972 0447 6A010000 		.4byte	.LASF57
 973 044b 07       		.byte	0x7
 974 044c 94       		.byte	0x94
 975 044d AD030000 		.4byte	0x3ad
 976 0451 02       		.byte	0x2
 977 0452 23       		.byte	0x23
 978 0453 30       		.uleb128 0x30
 979 0454 06       		.uleb128 0x6
 980 0455 6F010000 		.4byte	.LASF58
 981 0459 07       		.byte	0x7
 982 045a 95       		.byte	0x95
 983 045b AD030000 		.4byte	0x3ad
 984 045f 02       		.byte	0x2
 985 0460 23       		.byte	0x23
 986 0461 34       		.uleb128 0x34
 987 0462 06       		.uleb128 0x6
 988 0463 B1000000 		.4byte	.LASF59
 989 0467 07       		.byte	0x7
 990 0468 96       		.byte	0x96
 991 0469 AD030000 		.4byte	0x3ad
 992 046d 02       		.byte	0x2
 993 046e 23       		.byte	0x23
 994 046f 38       		.uleb128 0x38
 995 0470 06       		.uleb128 0x6
 996 0471 89020000 		.4byte	.LASF60
 997 0475 07       		.byte	0x7
 998 0476 97       		.byte	0x97
 999 0477 AD030000 		.4byte	0x3ad
 1000 047b 02       		.byte	0x2
 1001 047c 23       		.byte	0x23
 1002 047d 3C       		.uleb128 0x3c
 1003 047e 07       		.uleb128 0x7
 1004 047f 50465200 		.ascii	"PFR\000"
 1005 0483 07       		.byte	0x7
 1006 0484 98       		.byte	0x98
 1007 0485 07050000 		.4byte	0x507
 1008 0489 02       		.byte	0x2
 1009 048a 23       		.byte	0x23
 1010 048b 40       		.uleb128 0x40
 1011 048c 07       		.uleb128 0x7
 1012 048d 44465200 		.ascii	"DFR\000"
 1013 0491 07       		.byte	0x7
 1014 0492 99       		.byte	0x99
 1015 0493 AD030000 		.4byte	0x3ad
 1016 0497 02       		.byte	0x2
 1017 0498 23       		.byte	0x23
 1018 0499 48       		.uleb128 0x48
ARM GAS  /tmp/ccsTk2zX.s 			page 19


 1019 049a 07       		.uleb128 0x7
 1020 049b 41445200 		.ascii	"ADR\000"
 1021 049f 07       		.byte	0x7
 1022 04a0 9A       		.byte	0x9a
 1023 04a1 AD030000 		.4byte	0x3ad
 1024 04a5 02       		.byte	0x2
 1025 04a6 23       		.byte	0x23
 1026 04a7 4C       		.uleb128 0x4c
 1027 04a8 06       		.uleb128 0x6
 1028 04a9 59030000 		.4byte	.LASF61
 1029 04ad 07       		.byte	0x7
 1030 04ae 9B       		.byte	0x9b
 1031 04af 1C050000 		.4byte	0x51c
 1032 04b3 02       		.byte	0x2
 1033 04b4 23       		.byte	0x23
 1034 04b5 50       		.uleb128 0x50
 1035 04b6 07       		.uleb128 0x7
 1036 04b7 53415200 		.ascii	"SAR\000"
 1037 04bb 07       		.byte	0x7
 1038 04bc 9C       		.byte	0x9c
 1039 04bd 31050000 		.4byte	0x531
 1040 04c1 02       		.byte	0x2
 1041 04c2 23       		.byte	0x23
 1042 04c3 60       		.uleb128 0x60
 1043 04c4 06       		.uleb128 0x6
 1044 04c5 8E020000 		.4byte	.LASF62
 1045 04c9 07       		.byte	0x7
 1046 04ca 9D       		.byte	0x9d
 1047 04cb 36050000 		.4byte	0x536
 1048 04cf 02       		.byte	0x2
 1049 04d0 23       		.byte	0x23
 1050 04d1 74       		.uleb128 0x74
 1051 04d2 06       		.uleb128 0x6
 1052 04d3 85030000 		.4byte	.LASF63
 1053 04d7 07       		.byte	0x7
 1054 04d8 9E       		.byte	0x9e
 1055 04d9 AD030000 		.4byte	0x3ad
 1056 04dd 03       		.byte	0x3
 1057 04de 23       		.byte	0x23
 1058 04df 8801     		.uleb128 0x88
 1059 04e1 00       		.byte	0
 1060 04e2 0E       		.uleb128 0xe
 1061 04e3 7B000000 		.4byte	0x7b
 1062 04e7 F2040000 		.4byte	0x4f2
 1063 04eb 0F       		.uleb128 0xf
 1064 04ec 30000000 		.4byte	0x30
 1065 04f0 02       		.byte	0x2
 1066 04f1 00       		.byte	0
 1067 04f2 0D       		.uleb128 0xd
 1068 04f3 E2040000 		.4byte	0x4e2
 1069 04f7 0E       		.uleb128 0xe
 1070 04f8 7B000000 		.4byte	0x7b
 1071 04fc 07050000 		.4byte	0x507
 1072 0500 0F       		.uleb128 0xf
 1073 0501 30000000 		.4byte	0x30
 1074 0505 01       		.byte	0x1
 1075 0506 00       		.byte	0
ARM GAS  /tmp/ccsTk2zX.s 			page 20


 1076 0507 0D       		.uleb128 0xd
 1077 0508 F7040000 		.4byte	0x4f7
 1078 050c 0E       		.uleb128 0xe
 1079 050d 7B000000 		.4byte	0x7b
 1080 0511 1C050000 		.4byte	0x51c
 1081 0515 0F       		.uleb128 0xf
 1082 0516 30000000 		.4byte	0x30
 1083 051a 03       		.byte	0x3
 1084 051b 00       		.byte	0
 1085 051c 0D       		.uleb128 0xd
 1086 051d 0C050000 		.4byte	0x50c
 1087 0521 0E       		.uleb128 0xe
 1088 0522 7B000000 		.4byte	0x7b
 1089 0526 31050000 		.4byte	0x531
 1090 052a 0F       		.uleb128 0xf
 1091 052b 30000000 		.4byte	0x30
 1092 052f 04       		.byte	0x4
 1093 0530 00       		.byte	0
 1094 0531 0D       		.uleb128 0xd
 1095 0532 21050000 		.4byte	0x521
 1096 0536 0D       		.uleb128 0xd
 1097 0537 21050000 		.4byte	0x521
 1098 053b 04       		.uleb128 0x4
 1099 053c 0D000000 		.4byte	.LASF64
 1100 0540 07       		.byte	0x7
 1101 0541 9F       		.byte	0x9f
 1102 0542 B2030000 		.4byte	0x3b2
 1103 0546 0D       		.uleb128 0xd
 1104 0547 E4000000 		.4byte	0xe4
 1105 054b 08       		.uleb128 0x8
 1106 054c 1C       		.byte	0x1c
 1107 054d 08       		.byte	0x8
 1108 054e 5E       		.byte	0x5e
 1109 054f A8050000 		.4byte	0x5a8
 1110 0553 06       		.uleb128 0x6
 1111 0554 81020000 		.4byte	.LASF65
 1112 0558 08       		.byte	0x8
 1113 0559 5F       		.byte	0x5f
 1114 055a 4A020000 		.4byte	0x24a
 1115 055e 02       		.byte	0x2
 1116 055f 23       		.byte	0x23
 1117 0560 00       		.uleb128 0
 1118 0561 06       		.uleb128 0x6
 1119 0562 49020000 		.4byte	.LASF66
 1120 0566 08       		.byte	0x8
 1121 0567 60       		.byte	0x60
 1122 0568 C3000000 		.4byte	0xc3
 1123 056c 02       		.byte	0x2
 1124 056d 23       		.byte	0x23
 1125 056e 08       		.uleb128 0x8
 1126 056f 06       		.uleb128 0x6
 1127 0570 BB010000 		.4byte	.LASF67
 1128 0574 08       		.byte	0x8
 1129 0575 62       		.byte	0x62
 1130 0576 8A030000 		.4byte	0x38a
 1131 057a 02       		.byte	0x2
 1132 057b 23       		.byte	0x23
ARM GAS  /tmp/ccsTk2zX.s 			page 21


 1133 057c 0C       		.uleb128 0xc
 1134 057d 06       		.uleb128 0x6
 1135 057e B6000000 		.4byte	.LASF68
 1136 0582 08       		.byte	0x8
 1137 0583 65       		.byte	0x65
 1138 0584 44020000 		.4byte	0x244
 1139 0588 02       		.byte	0x2
 1140 0589 23       		.byte	0x23
 1141 058a 10       		.uleb128 0x10
 1142 058b 06       		.uleb128 0x6
 1143 058c D8010000 		.4byte	.LASF69
 1144 0590 08       		.byte	0x8
 1145 0591 66       		.byte	0x66
 1146 0592 44020000 		.4byte	0x244
 1147 0596 02       		.byte	0x2
 1148 0597 23       		.byte	0x23
 1149 0598 14       		.uleb128 0x14
 1150 0599 06       		.uleb128 0x6
 1151 059a CE010000 		.4byte	.LASF70
 1152 059e 08       		.byte	0x8
 1153 059f 69       		.byte	0x69
 1154 05a0 44020000 		.4byte	0x244
 1155 05a4 02       		.byte	0x2
 1156 05a5 23       		.byte	0x23
 1157 05a6 18       		.uleb128 0x18
 1158 05a7 00       		.byte	0
 1159 05a8 04       		.uleb128 0x4
 1160 05a9 4F030000 		.4byte	.LASF71
 1161 05ad 08       		.byte	0x8
 1162 05ae 6B       		.byte	0x6b
 1163 05af 4B050000 		.4byte	0x54b
 1164 05b3 05       		.uleb128 0x5
 1165 05b4 A8010000 		.4byte	.LASF72
 1166 05b8 10       		.byte	0x10
 1167 05b9 09       		.byte	0x9
 1168 05ba 2C       		.byte	0x2c
 1169 05bb EA050000 		.4byte	0x5ea
 1170 05bf 06       		.uleb128 0x6
 1171 05c0 72000000 		.4byte	.LASF73
 1172 05c4 09       		.byte	0x9
 1173 05c5 2D       		.byte	0x2d
 1174 05c6 4A020000 		.4byte	0x24a
 1175 05ca 02       		.byte	0x2
 1176 05cb 23       		.byte	0x23
 1177 05cc 00       		.uleb128 0
 1178 05cd 06       		.uleb128 0x6
 1179 05ce 90030000 		.4byte	.LASF74
 1180 05d2 09       		.byte	0x9
 1181 05d3 2F       		.byte	0x2f
 1182 05d4 44020000 		.4byte	0x244
 1183 05d8 02       		.byte	0x2
 1184 05d9 23       		.byte	0x23
 1185 05da 08       		.uleb128 0x8
 1186 05db 06       		.uleb128 0x6
 1187 05dc 01030000 		.4byte	.LASF75
 1188 05e0 09       		.byte	0x9
 1189 05e1 31       		.byte	0x31
ARM GAS  /tmp/ccsTk2zX.s 			page 22


 1190 05e2 EA050000 		.4byte	0x5ea
 1191 05e6 02       		.byte	0x2
 1192 05e7 23       		.byte	0x23
 1193 05e8 0C       		.uleb128 0xc
 1194 05e9 00       		.byte	0
 1195 05ea 09       		.uleb128 0x9
 1196 05eb 04       		.byte	0x4
 1197 05ec B3050000 		.4byte	0x5b3
 1198 05f0 04       		.uleb128 0x4
 1199 05f1 A8010000 		.4byte	.LASF72
 1200 05f5 09       		.byte	0x9
 1201 05f6 33       		.byte	0x33
 1202 05f7 B3050000 		.4byte	0x5b3
 1203 05fb 10       		.uleb128 0x10
 1204 05fc 04       		.byte	0x4
 1205 05fd 05       		.byte	0x5
 1206 05fe 96       		.byte	0x96
 1207 05ff 30060000 		.4byte	0x630
 1208 0603 11       		.uleb128 0x11
 1209 0604 06000000 		.4byte	.LASF76
 1210 0608 05       		.byte	0x5
 1211 0609 9D       		.byte	0x9d
 1212 060a CE000000 		.4byte	0xce
 1213 060e 11       		.uleb128 0x11
 1214 060f 3A000000 		.4byte	.LASF77
 1215 0613 05       		.byte	0x5
 1216 0614 A4       		.byte	0xa4
 1217 0615 CE000000 		.4byte	0xce
 1218 0619 11       		.uleb128 0x11
 1219 061a 77030000 		.4byte	.LASF78
 1220 061e 05       		.byte	0x5
 1221 061f AB       		.byte	0xab
 1222 0620 82020000 		.4byte	0x282
 1223 0624 11       		.uleb128 0x11
 1224 0625 50020000 		.4byte	.LASF79
 1225 0629 05       		.byte	0x5
 1226 062a B2       		.byte	0xb2
 1227 062b D9000000 		.4byte	0xd9
 1228 062f 00       		.byte	0
 1229 0630 09       		.uleb128 0x9
 1230 0631 04       		.byte	0x4
 1231 0632 36060000 		.4byte	0x636
 1232 0636 12       		.uleb128 0x12
 1233 0637 3B060000 		.4byte	0x63b
 1234 063b 03       		.uleb128 0x3
 1235 063c 01       		.byte	0x1
 1236 063d 08       		.byte	0x8
 1237 063e 96020000 		.4byte	.LASF80
 1238 0642 09       		.uleb128 0x9
 1239 0643 04       		.byte	0x4
 1240 0644 F0050000 		.4byte	0x5f0
 1241 0648 13       		.uleb128 0x13
 1242 0649 01       		.byte	0x1
 1243 064a 06010000 		.4byte	.LASF82
 1244 064e 01       		.byte	0x1
 1245 064f CF       		.byte	0xcf
 1246 0650 01       		.byte	0x1
ARM GAS  /tmp/ccsTk2zX.s 			page 23


 1247 0651 00000000 		.4byte	.LFB11
 1248 0655 06000000 		.4byte	.LFE11
 1249 0659 02       		.byte	0x2
 1250 065a 7D       		.byte	0x7d
 1251 065b 00       		.sleb128 0
 1252 065c 14       		.uleb128 0x14
 1253 065d 01       		.byte	0x1
 1254 065e 1D030000 		.4byte	.LASF84
 1255 0662 01       		.byte	0x1
 1256 0663 41       		.byte	0x41
 1257 0664 01       		.byte	0x1
 1258 0665 00000000 		.4byte	.LFB8
 1259 0669 12000000 		.4byte	.LFE8
 1260 066d 02       		.byte	0x2
 1261 066e 7D       		.byte	0x7d
 1262 066f 00       		.sleb128 0
 1263 0670 9D060000 		.4byte	0x69d
 1264 0674 15       		.uleb128 0x15
 1265 0675 E8010000 		.4byte	.LASF81
 1266 0679 01       		.byte	0x1
 1267 067a 42       		.byte	0x42
 1268 067b 9D060000 		.4byte	0x69d
 1269 067f 00000000 		.4byte	.LLST0
 1270 0683 16       		.uleb128 0x16
 1271 0684 0A000000 		.4byte	.LBB2
 1272 0688 10000000 		.4byte	.LBE2
 1273 068c 17       		.uleb128 0x17
 1274 068d 746D7000 		.ascii	"tmp\000"
 1275 0691 01       		.byte	0x1
 1276 0692 51       		.byte	0x51
 1277 0693 70000000 		.4byte	0x70
 1278 0697 20000000 		.4byte	.LLST1
 1279 069b 00       		.byte	0
 1280 069c 00       		.byte	0
 1281 069d 09       		.uleb128 0x9
 1282 069e 04       		.byte	0x4
 1283 069f 84020000 		.4byte	0x284
 1284 06a3 18       		.uleb128 0x18
 1285 06a4 01       		.byte	0x1
 1286 06a5 6C030000 		.4byte	.LASF83
 1287 06a9 01       		.byte	0x1
 1288 06aa 76       		.byte	0x76
 1289 06ab 01       		.byte	0x1
 1290 06ac 00000000 		.4byte	.LFB9
 1291 06b0 36000000 		.4byte	.LFE9
 1292 06b4 33000000 		.4byte	.LLST2
 1293 06b8 14       		.uleb128 0x14
 1294 06b9 01       		.byte	0x1
 1295 06ba 75010000 		.4byte	.LASF85
 1296 06be 01       		.byte	0x1
 1297 06bf 94       		.byte	0x94
 1298 06c0 01       		.byte	0x1
 1299 06c1 00000000 		.4byte	.LFB10
 1300 06c5 70000000 		.4byte	.LFE10
 1301 06c9 02       		.byte	0x2
 1302 06ca 7D       		.byte	0x7d
 1303 06cb 00       		.sleb128 0
ARM GAS  /tmp/ccsTk2zX.s 			page 24


 1304 06cc 20070000 		.4byte	0x720
 1305 06d0 19       		.uleb128 0x19
 1306 06d1 00000000 		.4byte	.LBB3
 1307 06d5 06000000 		.4byte	.LBE3
 1308 06d9 ED060000 		.4byte	0x6ed
 1309 06dd 17       		.uleb128 0x17
 1310 06de 746D7000 		.ascii	"tmp\000"
 1311 06e2 01       		.byte	0x1
 1312 06e3 96       		.byte	0x96
 1313 06e4 70000000 		.4byte	0x70
 1314 06e8 53000000 		.4byte	.LLST3
 1315 06ec 00       		.byte	0
 1316 06ed 1A       		.uleb128 0x1a
 1317 06ee 00000000 		.4byte	.Ldebug_ranges0+0
 1318 06f2 06070000 		.4byte	0x706
 1319 06f6 15       		.uleb128 0x15
 1320 06f7 E8010000 		.4byte	.LASF81
 1321 06fb 01       		.byte	0x1
 1322 06fc 98       		.byte	0x98
 1323 06fd 9D060000 		.4byte	0x69d
 1324 0701 66000000 		.4byte	.LLST4
 1325 0705 00       		.byte	0
 1326 0706 16       		.uleb128 0x16
 1327 0707 4A000000 		.4byte	.LBB5
 1328 070b 50000000 		.4byte	.LBE5
 1329 070f 17       		.uleb128 0x17
 1330 0710 746D7000 		.ascii	"tmp\000"
 1331 0714 01       		.byte	0x1
 1332 0715 C5       		.byte	0xc5
 1333 0716 70000000 		.4byte	0x70
 1334 071a 88000000 		.4byte	.LLST5
 1335 071e 00       		.byte	0
 1336 071f 00       		.byte	0
 1337 0720 1B       		.uleb128 0x1b
 1338 0721 01       		.byte	0x1
 1339 0722 15000000 		.4byte	.LASF86
 1340 0726 01       		.byte	0x1
 1341 0727 2F       		.byte	0x2f
 1342 0728 01       		.byte	0x1
 1343 0729 00000000 		.4byte	.LFB7
 1344 072d 1A000000 		.4byte	.LFE7
 1345 0731 9B000000 		.4byte	.LLST6
 1346 0735 70070000 		.4byte	0x770
 1347 0739 19       		.uleb128 0x19
 1348 073a 02000000 		.4byte	.LBB7
 1349 073e 08000000 		.4byte	.LBE7
 1350 0742 56070000 		.4byte	0x756
 1351 0746 17       		.uleb128 0x17
 1352 0747 746D7000 		.ascii	"tmp\000"
 1353 074b 01       		.byte	0x1
 1354 074c 33       		.byte	0x33
 1355 074d 70000000 		.4byte	0x70
 1356 0751 BB000000 		.4byte	.LLST7
 1357 0755 00       		.byte	0
 1358 0756 16       		.uleb128 0x16
 1359 0757 0C000000 		.4byte	.LBB8
 1360 075b 12000000 		.4byte	.LBE8
ARM GAS  /tmp/ccsTk2zX.s 			page 25


 1361 075f 17       		.uleb128 0x17
 1362 0760 746D7000 		.ascii	"tmp\000"
 1363 0764 01       		.byte	0x1
 1364 0765 35       		.byte	0x35
 1365 0766 70000000 		.4byte	0x70
 1366 076a CE000000 		.4byte	.LLST8
 1367 076e 00       		.byte	0
 1368 076f 00       		.byte	0
 1369 0770 14       		.uleb128 0x14
 1370 0771 01       		.byte	0x1
 1371 0772 E2000000 		.4byte	.LASF87
 1372 0776 01       		.byte	0x1
 1373 0777 EC       		.byte	0xec
 1374 0778 01       		.byte	0x1
 1375 0779 00000000 		.4byte	.LFB12
 1376 077d 10000000 		.4byte	.LFE12
 1377 0781 02       		.byte	0x2
 1378 0782 7D       		.byte	0x7d
 1379 0783 00       		.sleb128 0
 1380 0784 A3070000 		.4byte	0x7a3
 1381 0788 1C       		.uleb128 0x1c
 1382 0789 6E747000 		.ascii	"ntp\000"
 1383 078d 01       		.byte	0x1
 1384 078e EC       		.byte	0xec
 1385 078f 44020000 		.4byte	0x244
 1386 0793 01       		.byte	0x1
 1387 0794 50       		.byte	0x50
 1388 0795 1C       		.uleb128 0x1c
 1389 0796 6F747000 		.ascii	"otp\000"
 1390 079a 01       		.byte	0x1
 1391 079b EC       		.byte	0xec
 1392 079c 44020000 		.4byte	0x244
 1393 07a0 01       		.byte	0x1
 1394 07a1 51       		.byte	0x51
 1395 07a2 00       		.byte	0
 1396 07a3 1D       		.uleb128 0x1d
 1397 07a4 01       		.byte	0x1
 1398 07a5 96000000 		.4byte	.LASF88
 1399 07a9 01       		.byte	0x1
 1400 07aa 0301     		.2byte	0x103
 1401 07ac 01       		.byte	0x1
 1402 07ad 00000000 		.4byte	.LFB13
 1403 07b1 10000000 		.4byte	.LFE13
 1404 07b5 02       		.byte	0x2
 1405 07b6 7D       		.byte	0x7d
 1406 07b7 00       		.sleb128 0
 1407 07b8 D7070000 		.4byte	0x7d7
 1408 07bc 16       		.uleb128 0x16
 1409 07bd 00000000 		.4byte	.LBB9
 1410 07c1 06000000 		.4byte	.LBE9
 1411 07c5 1E       		.uleb128 0x1e
 1412 07c6 746D7000 		.ascii	"tmp\000"
 1413 07ca 01       		.byte	0x1
 1414 07cb 0501     		.2byte	0x105
 1415 07cd 70000000 		.4byte	0x70
 1416 07d1 E1000000 		.4byte	.LLST9
 1417 07d5 00       		.byte	0
ARM GAS  /tmp/ccsTk2zX.s 			page 26


 1418 07d6 00       		.byte	0
 1419 07d7 1F       		.uleb128 0x1f
 1420 07d8 5E030000 		.4byte	.LASF89
 1421 07dc 08       		.byte	0x8
 1422 07dd 6F       		.byte	0x6f
 1423 07de A8050000 		.4byte	0x5a8
 1424 07e2 01       		.byte	0x1
 1425 07e3 01       		.byte	0x1
 1426 07e4 1F       		.uleb128 0x1f
 1427 07e5 5E030000 		.4byte	.LASF89
 1428 07e9 08       		.byte	0x8
 1429 07ea 6F       		.byte	0x6f
 1430 07eb A8050000 		.4byte	0x5a8
 1431 07ef 01       		.byte	0x1
 1432 07f0 01       		.byte	0x1
 1433 07f1 00       		.byte	0
 1434              		.section	.debug_abbrev,"",%progbits
 1435              	.Ldebug_abbrev0:
 1436 0000 01       		.uleb128 0x1
 1437 0001 11       		.uleb128 0x11
 1438 0002 01       		.byte	0x1
 1439 0003 25       		.uleb128 0x25
 1440 0004 0E       		.uleb128 0xe
 1441 0005 13       		.uleb128 0x13
 1442 0006 0B       		.uleb128 0xb
 1443 0007 03       		.uleb128 0x3
 1444 0008 0E       		.uleb128 0xe
 1445 0009 1B       		.uleb128 0x1b
 1446 000a 0E       		.uleb128 0xe
 1447 000b 11       		.uleb128 0x11
 1448 000c 01       		.uleb128 0x1
 1449 000d 52       		.uleb128 0x52
 1450 000e 01       		.uleb128 0x1
 1451 000f 55       		.uleb128 0x55
 1452 0010 06       		.uleb128 0x6
 1453 0011 10       		.uleb128 0x10
 1454 0012 06       		.uleb128 0x6
 1455 0013 00       		.byte	0
 1456 0014 00       		.byte	0
 1457 0015 02       		.uleb128 0x2
 1458 0016 24       		.uleb128 0x24
 1459 0017 00       		.byte	0
 1460 0018 0B       		.uleb128 0xb
 1461 0019 0B       		.uleb128 0xb
 1462 001a 3E       		.uleb128 0x3e
 1463 001b 0B       		.uleb128 0xb
 1464 001c 03       		.uleb128 0x3
 1465 001d 08       		.uleb128 0x8
 1466 001e 00       		.byte	0
 1467 001f 00       		.byte	0
 1468 0020 03       		.uleb128 0x3
 1469 0021 24       		.uleb128 0x24
 1470 0022 00       		.byte	0
 1471 0023 0B       		.uleb128 0xb
 1472 0024 0B       		.uleb128 0xb
 1473 0025 3E       		.uleb128 0x3e
 1474 0026 0B       		.uleb128 0xb
ARM GAS  /tmp/ccsTk2zX.s 			page 27


 1475 0027 03       		.uleb128 0x3
 1476 0028 0E       		.uleb128 0xe
 1477 0029 00       		.byte	0
 1478 002a 00       		.byte	0
 1479 002b 04       		.uleb128 0x4
 1480 002c 16       		.uleb128 0x16
 1481 002d 00       		.byte	0
 1482 002e 03       		.uleb128 0x3
 1483 002f 0E       		.uleb128 0xe
 1484 0030 3A       		.uleb128 0x3a
 1485 0031 0B       		.uleb128 0xb
 1486 0032 3B       		.uleb128 0x3b
 1487 0033 0B       		.uleb128 0xb
 1488 0034 49       		.uleb128 0x49
 1489 0035 13       		.uleb128 0x13
 1490 0036 00       		.byte	0
 1491 0037 00       		.byte	0
 1492 0038 05       		.uleb128 0x5
 1493 0039 13       		.uleb128 0x13
 1494 003a 01       		.byte	0x1
 1495 003b 03       		.uleb128 0x3
 1496 003c 0E       		.uleb128 0xe
 1497 003d 0B       		.uleb128 0xb
 1498 003e 0B       		.uleb128 0xb
 1499 003f 3A       		.uleb128 0x3a
 1500 0040 0B       		.uleb128 0xb
 1501 0041 3B       		.uleb128 0x3b
 1502 0042 0B       		.uleb128 0xb
 1503 0043 01       		.uleb128 0x1
 1504 0044 13       		.uleb128 0x13
 1505 0045 00       		.byte	0
 1506 0046 00       		.byte	0
 1507 0047 06       		.uleb128 0x6
 1508 0048 0D       		.uleb128 0xd
 1509 0049 00       		.byte	0
 1510 004a 03       		.uleb128 0x3
 1511 004b 0E       		.uleb128 0xe
 1512 004c 3A       		.uleb128 0x3a
 1513 004d 0B       		.uleb128 0xb
 1514 004e 3B       		.uleb128 0x3b
 1515 004f 0B       		.uleb128 0xb
 1516 0050 49       		.uleb128 0x49
 1517 0051 13       		.uleb128 0x13
 1518 0052 38       		.uleb128 0x38
 1519 0053 0A       		.uleb128 0xa
 1520 0054 00       		.byte	0
 1521 0055 00       		.byte	0
 1522 0056 07       		.uleb128 0x7
 1523 0057 0D       		.uleb128 0xd
 1524 0058 00       		.byte	0
 1525 0059 03       		.uleb128 0x3
 1526 005a 08       		.uleb128 0x8
 1527 005b 3A       		.uleb128 0x3a
 1528 005c 0B       		.uleb128 0xb
 1529 005d 3B       		.uleb128 0x3b
 1530 005e 0B       		.uleb128 0xb
 1531 005f 49       		.uleb128 0x49
ARM GAS  /tmp/ccsTk2zX.s 			page 28


 1532 0060 13       		.uleb128 0x13
 1533 0061 38       		.uleb128 0x38
 1534 0062 0A       		.uleb128 0xa
 1535 0063 00       		.byte	0
 1536 0064 00       		.byte	0
 1537 0065 08       		.uleb128 0x8
 1538 0066 13       		.uleb128 0x13
 1539 0067 01       		.byte	0x1
 1540 0068 0B       		.uleb128 0xb
 1541 0069 0B       		.uleb128 0xb
 1542 006a 3A       		.uleb128 0x3a
 1543 006b 0B       		.uleb128 0xb
 1544 006c 3B       		.uleb128 0x3b
 1545 006d 0B       		.uleb128 0xb
 1546 006e 01       		.uleb128 0x1
 1547 006f 13       		.uleb128 0x13
 1548 0070 00       		.byte	0
 1549 0071 00       		.byte	0
 1550 0072 09       		.uleb128 0x9
 1551 0073 0F       		.uleb128 0xf
 1552 0074 00       		.byte	0
 1553 0075 0B       		.uleb128 0xb
 1554 0076 0B       		.uleb128 0xb
 1555 0077 49       		.uleb128 0x49
 1556 0078 13       		.uleb128 0x13
 1557 0079 00       		.byte	0
 1558 007a 00       		.byte	0
 1559 007b 0A       		.uleb128 0xa
 1560 007c 0F       		.uleb128 0xf
 1561 007d 00       		.byte	0
 1562 007e 0B       		.uleb128 0xb
 1563 007f 0B       		.uleb128 0xb
 1564 0080 00       		.byte	0
 1565 0081 00       		.byte	0
 1566 0082 0B       		.uleb128 0xb
 1567 0083 13       		.uleb128 0x13
 1568 0084 01       		.byte	0x1
 1569 0085 03       		.uleb128 0x3
 1570 0086 0E       		.uleb128 0xe
 1571 0087 0B       		.uleb128 0xb
 1572 0088 0B       		.uleb128 0xb
 1573 0089 3A       		.uleb128 0x3a
 1574 008a 0B       		.uleb128 0xb
 1575 008b 3B       		.uleb128 0x3b
 1576 008c 05       		.uleb128 0x5
 1577 008d 01       		.uleb128 0x1
 1578 008e 13       		.uleb128 0x13
 1579 008f 00       		.byte	0
 1580 0090 00       		.byte	0
 1581 0091 0C       		.uleb128 0xc
 1582 0092 0D       		.uleb128 0xd
 1583 0093 00       		.byte	0
 1584 0094 03       		.uleb128 0x3
 1585 0095 08       		.uleb128 0x8
 1586 0096 3A       		.uleb128 0x3a
 1587 0097 0B       		.uleb128 0xb
 1588 0098 3B       		.uleb128 0x3b
ARM GAS  /tmp/ccsTk2zX.s 			page 29


 1589 0099 05       		.uleb128 0x5
 1590 009a 49       		.uleb128 0x49
 1591 009b 13       		.uleb128 0x13
 1592 009c 38       		.uleb128 0x38
 1593 009d 0A       		.uleb128 0xa
 1594 009e 00       		.byte	0
 1595 009f 00       		.byte	0
 1596 00a0 0D       		.uleb128 0xd
 1597 00a1 35       		.uleb128 0x35
 1598 00a2 00       		.byte	0
 1599 00a3 49       		.uleb128 0x49
 1600 00a4 13       		.uleb128 0x13
 1601 00a5 00       		.byte	0
 1602 00a6 00       		.byte	0
 1603 00a7 0E       		.uleb128 0xe
 1604 00a8 01       		.uleb128 0x1
 1605 00a9 01       		.byte	0x1
 1606 00aa 49       		.uleb128 0x49
 1607 00ab 13       		.uleb128 0x13
 1608 00ac 01       		.uleb128 0x1
 1609 00ad 13       		.uleb128 0x13
 1610 00ae 00       		.byte	0
 1611 00af 00       		.byte	0
 1612 00b0 0F       		.uleb128 0xf
 1613 00b1 21       		.uleb128 0x21
 1614 00b2 00       		.byte	0
 1615 00b3 49       		.uleb128 0x49
 1616 00b4 13       		.uleb128 0x13
 1617 00b5 2F       		.uleb128 0x2f
 1618 00b6 0B       		.uleb128 0xb
 1619 00b7 00       		.byte	0
 1620 00b8 00       		.byte	0
 1621 00b9 10       		.uleb128 0x10
 1622 00ba 17       		.uleb128 0x17
 1623 00bb 01       		.byte	0x1
 1624 00bc 0B       		.uleb128 0xb
 1625 00bd 0B       		.uleb128 0xb
 1626 00be 3A       		.uleb128 0x3a
 1627 00bf 0B       		.uleb128 0xb
 1628 00c0 3B       		.uleb128 0x3b
 1629 00c1 0B       		.uleb128 0xb
 1630 00c2 01       		.uleb128 0x1
 1631 00c3 13       		.uleb128 0x13
 1632 00c4 00       		.byte	0
 1633 00c5 00       		.byte	0
 1634 00c6 11       		.uleb128 0x11
 1635 00c7 0D       		.uleb128 0xd
 1636 00c8 00       		.byte	0
 1637 00c9 03       		.uleb128 0x3
 1638 00ca 0E       		.uleb128 0xe
 1639 00cb 3A       		.uleb128 0x3a
 1640 00cc 0B       		.uleb128 0xb
 1641 00cd 3B       		.uleb128 0x3b
 1642 00ce 0B       		.uleb128 0xb
 1643 00cf 49       		.uleb128 0x49
 1644 00d0 13       		.uleb128 0x13
 1645 00d1 00       		.byte	0
ARM GAS  /tmp/ccsTk2zX.s 			page 30


 1646 00d2 00       		.byte	0
 1647 00d3 12       		.uleb128 0x12
 1648 00d4 26       		.uleb128 0x26
 1649 00d5 00       		.byte	0
 1650 00d6 49       		.uleb128 0x49
 1651 00d7 13       		.uleb128 0x13
 1652 00d8 00       		.byte	0
 1653 00d9 00       		.byte	0
 1654 00da 13       		.uleb128 0x13
 1655 00db 2E       		.uleb128 0x2e
 1656 00dc 00       		.byte	0
 1657 00dd 3F       		.uleb128 0x3f
 1658 00de 0C       		.uleb128 0xc
 1659 00df 03       		.uleb128 0x3
 1660 00e0 0E       		.uleb128 0xe
 1661 00e1 3A       		.uleb128 0x3a
 1662 00e2 0B       		.uleb128 0xb
 1663 00e3 3B       		.uleb128 0x3b
 1664 00e4 0B       		.uleb128 0xb
 1665 00e5 27       		.uleb128 0x27
 1666 00e6 0C       		.uleb128 0xc
 1667 00e7 11       		.uleb128 0x11
 1668 00e8 01       		.uleb128 0x1
 1669 00e9 12       		.uleb128 0x12
 1670 00ea 01       		.uleb128 0x1
 1671 00eb 40       		.uleb128 0x40
 1672 00ec 0A       		.uleb128 0xa
 1673 00ed 00       		.byte	0
 1674 00ee 00       		.byte	0
 1675 00ef 14       		.uleb128 0x14
 1676 00f0 2E       		.uleb128 0x2e
 1677 00f1 01       		.byte	0x1
 1678 00f2 3F       		.uleb128 0x3f
 1679 00f3 0C       		.uleb128 0xc
 1680 00f4 03       		.uleb128 0x3
 1681 00f5 0E       		.uleb128 0xe
 1682 00f6 3A       		.uleb128 0x3a
 1683 00f7 0B       		.uleb128 0xb
 1684 00f8 3B       		.uleb128 0x3b
 1685 00f9 0B       		.uleb128 0xb
 1686 00fa 27       		.uleb128 0x27
 1687 00fb 0C       		.uleb128 0xc
 1688 00fc 11       		.uleb128 0x11
 1689 00fd 01       		.uleb128 0x1
 1690 00fe 12       		.uleb128 0x12
 1691 00ff 01       		.uleb128 0x1
 1692 0100 40       		.uleb128 0x40
 1693 0101 0A       		.uleb128 0xa
 1694 0102 01       		.uleb128 0x1
 1695 0103 13       		.uleb128 0x13
 1696 0104 00       		.byte	0
 1697 0105 00       		.byte	0
 1698 0106 15       		.uleb128 0x15
 1699 0107 34       		.uleb128 0x34
 1700 0108 00       		.byte	0
 1701 0109 03       		.uleb128 0x3
 1702 010a 0E       		.uleb128 0xe
ARM GAS  /tmp/ccsTk2zX.s 			page 31


 1703 010b 3A       		.uleb128 0x3a
 1704 010c 0B       		.uleb128 0xb
 1705 010d 3B       		.uleb128 0x3b
 1706 010e 0B       		.uleb128 0xb
 1707 010f 49       		.uleb128 0x49
 1708 0110 13       		.uleb128 0x13
 1709 0111 02       		.uleb128 0x2
 1710 0112 06       		.uleb128 0x6
 1711 0113 00       		.byte	0
 1712 0114 00       		.byte	0
 1713 0115 16       		.uleb128 0x16
 1714 0116 0B       		.uleb128 0xb
 1715 0117 01       		.byte	0x1
 1716 0118 11       		.uleb128 0x11
 1717 0119 01       		.uleb128 0x1
 1718 011a 12       		.uleb128 0x12
 1719 011b 01       		.uleb128 0x1
 1720 011c 00       		.byte	0
 1721 011d 00       		.byte	0
 1722 011e 17       		.uleb128 0x17
 1723 011f 34       		.uleb128 0x34
 1724 0120 00       		.byte	0
 1725 0121 03       		.uleb128 0x3
 1726 0122 08       		.uleb128 0x8
 1727 0123 3A       		.uleb128 0x3a
 1728 0124 0B       		.uleb128 0xb
 1729 0125 3B       		.uleb128 0x3b
 1730 0126 0B       		.uleb128 0xb
 1731 0127 49       		.uleb128 0x49
 1732 0128 13       		.uleb128 0x13
 1733 0129 02       		.uleb128 0x2
 1734 012a 06       		.uleb128 0x6
 1735 012b 00       		.byte	0
 1736 012c 00       		.byte	0
 1737 012d 18       		.uleb128 0x18
 1738 012e 2E       		.uleb128 0x2e
 1739 012f 00       		.byte	0
 1740 0130 3F       		.uleb128 0x3f
 1741 0131 0C       		.uleb128 0xc
 1742 0132 03       		.uleb128 0x3
 1743 0133 0E       		.uleb128 0xe
 1744 0134 3A       		.uleb128 0x3a
 1745 0135 0B       		.uleb128 0xb
 1746 0136 3B       		.uleb128 0x3b
 1747 0137 0B       		.uleb128 0xb
 1748 0138 27       		.uleb128 0x27
 1749 0139 0C       		.uleb128 0xc
 1750 013a 11       		.uleb128 0x11
 1751 013b 01       		.uleb128 0x1
 1752 013c 12       		.uleb128 0x12
 1753 013d 01       		.uleb128 0x1
 1754 013e 40       		.uleb128 0x40
 1755 013f 06       		.uleb128 0x6
 1756 0140 00       		.byte	0
 1757 0141 00       		.byte	0
 1758 0142 19       		.uleb128 0x19
 1759 0143 0B       		.uleb128 0xb
ARM GAS  /tmp/ccsTk2zX.s 			page 32


 1760 0144 01       		.byte	0x1
 1761 0145 11       		.uleb128 0x11
 1762 0146 01       		.uleb128 0x1
 1763 0147 12       		.uleb128 0x12
 1764 0148 01       		.uleb128 0x1
 1765 0149 01       		.uleb128 0x1
 1766 014a 13       		.uleb128 0x13
 1767 014b 00       		.byte	0
 1768 014c 00       		.byte	0
 1769 014d 1A       		.uleb128 0x1a
 1770 014e 0B       		.uleb128 0xb
 1771 014f 01       		.byte	0x1
 1772 0150 55       		.uleb128 0x55
 1773 0151 06       		.uleb128 0x6
 1774 0152 01       		.uleb128 0x1
 1775 0153 13       		.uleb128 0x13
 1776 0154 00       		.byte	0
 1777 0155 00       		.byte	0
 1778 0156 1B       		.uleb128 0x1b
 1779 0157 2E       		.uleb128 0x2e
 1780 0158 01       		.byte	0x1
 1781 0159 3F       		.uleb128 0x3f
 1782 015a 0C       		.uleb128 0xc
 1783 015b 03       		.uleb128 0x3
 1784 015c 0E       		.uleb128 0xe
 1785 015d 3A       		.uleb128 0x3a
 1786 015e 0B       		.uleb128 0xb
 1787 015f 3B       		.uleb128 0x3b
 1788 0160 0B       		.uleb128 0xb
 1789 0161 27       		.uleb128 0x27
 1790 0162 0C       		.uleb128 0xc
 1791 0163 11       		.uleb128 0x11
 1792 0164 01       		.uleb128 0x1
 1793 0165 12       		.uleb128 0x12
 1794 0166 01       		.uleb128 0x1
 1795 0167 40       		.uleb128 0x40
 1796 0168 06       		.uleb128 0x6
 1797 0169 01       		.uleb128 0x1
 1798 016a 13       		.uleb128 0x13
 1799 016b 00       		.byte	0
 1800 016c 00       		.byte	0
 1801 016d 1C       		.uleb128 0x1c
 1802 016e 05       		.uleb128 0x5
 1803 016f 00       		.byte	0
 1804 0170 03       		.uleb128 0x3
 1805 0171 08       		.uleb128 0x8
 1806 0172 3A       		.uleb128 0x3a
 1807 0173 0B       		.uleb128 0xb
 1808 0174 3B       		.uleb128 0x3b
 1809 0175 0B       		.uleb128 0xb
 1810 0176 49       		.uleb128 0x49
 1811 0177 13       		.uleb128 0x13
 1812 0178 02       		.uleb128 0x2
 1813 0179 0A       		.uleb128 0xa
 1814 017a 00       		.byte	0
 1815 017b 00       		.byte	0
 1816 017c 1D       		.uleb128 0x1d
ARM GAS  /tmp/ccsTk2zX.s 			page 33


 1817 017d 2E       		.uleb128 0x2e
 1818 017e 01       		.byte	0x1
 1819 017f 3F       		.uleb128 0x3f
 1820 0180 0C       		.uleb128 0xc
 1821 0181 03       		.uleb128 0x3
 1822 0182 0E       		.uleb128 0xe
 1823 0183 3A       		.uleb128 0x3a
 1824 0184 0B       		.uleb128 0xb
 1825 0185 3B       		.uleb128 0x3b
 1826 0186 05       		.uleb128 0x5
 1827 0187 27       		.uleb128 0x27
 1828 0188 0C       		.uleb128 0xc
 1829 0189 11       		.uleb128 0x11
 1830 018a 01       		.uleb128 0x1
 1831 018b 12       		.uleb128 0x12
 1832 018c 01       		.uleb128 0x1
 1833 018d 40       		.uleb128 0x40
 1834 018e 0A       		.uleb128 0xa
 1835 018f 01       		.uleb128 0x1
 1836 0190 13       		.uleb128 0x13
 1837 0191 00       		.byte	0
 1838 0192 00       		.byte	0
 1839 0193 1E       		.uleb128 0x1e
 1840 0194 34       		.uleb128 0x34
 1841 0195 00       		.byte	0
 1842 0196 03       		.uleb128 0x3
 1843 0197 08       		.uleb128 0x8
 1844 0198 3A       		.uleb128 0x3a
 1845 0199 0B       		.uleb128 0xb
 1846 019a 3B       		.uleb128 0x3b
 1847 019b 05       		.uleb128 0x5
 1848 019c 49       		.uleb128 0x49
 1849 019d 13       		.uleb128 0x13
 1850 019e 02       		.uleb128 0x2
 1851 019f 06       		.uleb128 0x6
 1852 01a0 00       		.byte	0
 1853 01a1 00       		.byte	0
 1854 01a2 1F       		.uleb128 0x1f
 1855 01a3 34       		.uleb128 0x34
 1856 01a4 00       		.byte	0
 1857 01a5 03       		.uleb128 0x3
 1858 01a6 0E       		.uleb128 0xe
 1859 01a7 3A       		.uleb128 0x3a
 1860 01a8 0B       		.uleb128 0xb
 1861 01a9 3B       		.uleb128 0x3b
 1862 01aa 0B       		.uleb128 0xb
 1863 01ab 49       		.uleb128 0x49
 1864 01ac 13       		.uleb128 0x13
 1865 01ad 3F       		.uleb128 0x3f
 1866 01ae 0C       		.uleb128 0xc
 1867 01af 3C       		.uleb128 0x3c
 1868 01b0 0C       		.uleb128 0xc
 1869 01b1 00       		.byte	0
 1870 01b2 00       		.byte	0
 1871 01b3 00       		.byte	0
 1872              		.section	.debug_loc,"",%progbits
 1873              	.Ldebug_loc0:
ARM GAS  /tmp/ccsTk2zX.s 			page 34


 1874              	.LLST0:
 1875 0000 04000000 		.4byte	.LVL0
 1876 0004 06000000 		.4byte	.LVL1
 1877 0008 0300     		.2byte	0x3
 1878 000a 73       		.byte	0x73
 1879 000b 20       		.sleb128 32
 1880 000c 9F       		.byte	0x9f
 1881 000d 06000000 		.4byte	.LVL1
 1882 0011 0C000000 		.4byte	.LVL2
 1883 0015 0100     		.2byte	0x1
 1884 0017 53       		.byte	0x53
 1885 0018 00000000 		.4byte	0
 1886 001c 00000000 		.4byte	0
 1887              	.LLST1:
 1888 0020 10000000 		.4byte	.LVL3
 1889 0024 12000000 		.4byte	.LFE8
 1890 0028 0100     		.2byte	0x1
 1891 002a 53       		.byte	0x53
 1892 002b 00000000 		.4byte	0
 1893 002f 00000000 		.4byte	0
 1894              	.LLST2:
 1895 0033 00000000 		.4byte	.LFB9
 1896 0037 02000000 		.4byte	.LCFI0
 1897 003b 0200     		.2byte	0x2
 1898 003d 7D       		.byte	0x7d
 1899 003e 00       		.sleb128 0
 1900 003f 02000000 		.4byte	.LCFI0
 1901 0043 36000000 		.4byte	.LFE9
 1902 0047 0200     		.2byte	0x2
 1903 0049 7D       		.byte	0x7d
 1904 004a 08       		.sleb128 8
 1905 004b 00000000 		.4byte	0
 1906 004f 00000000 		.4byte	0
 1907              	.LLST3:
 1908 0053 06000000 		.4byte	.LVL5
 1909 0057 0A000000 		.4byte	.LVL6
 1910 005b 0100     		.2byte	0x1
 1911 005d 53       		.byte	0x53
 1912 005e 00000000 		.4byte	0
 1913 0062 00000000 		.4byte	0
 1914              	.LLST4:
 1915 0066 1A000000 		.4byte	.LVL7
 1916 006a 4A000000 		.4byte	.LVL8
 1917 006e 0300     		.2byte	0x3
 1918 0070 73       		.byte	0x73
 1919 0071 60       		.sleb128 -32
 1920 0072 9F       		.byte	0x9f
 1921 0073 50000000 		.4byte	.LVL10
 1922 0077 70000000 		.4byte	.LFE10
 1923 007b 0300     		.2byte	0x3
 1924 007d 73       		.byte	0x73
 1925 007e 60       		.sleb128 -32
 1926 007f 9F       		.byte	0x9f
 1927 0080 00000000 		.4byte	0
 1928 0084 00000000 		.4byte	0
 1929              	.LLST5:
 1930 0088 4E000000 		.4byte	.LVL9
ARM GAS  /tmp/ccsTk2zX.s 			page 35


 1931 008c 50000000 		.4byte	.LVL10
 1932 0090 0100     		.2byte	0x1
 1933 0092 53       		.byte	0x53
 1934 0093 00000000 		.4byte	0
 1935 0097 00000000 		.4byte	0
 1936              	.LLST6:
 1937 009b 00000000 		.4byte	.LFB7
 1938 009f 02000000 		.4byte	.LCFI1
 1939 00a3 0200     		.2byte	0x2
 1940 00a5 7D       		.byte	0x7d
 1941 00a6 00       		.sleb128 0
 1942 00a7 02000000 		.4byte	.LCFI1
 1943 00ab 1A000000 		.4byte	.LFE7
 1944 00af 0200     		.2byte	0x2
 1945 00b1 7D       		.byte	0x7d
 1946 00b2 08       		.sleb128 8
 1947 00b3 00000000 		.4byte	0
 1948 00b7 00000000 		.4byte	0
 1949              	.LLST7:
 1950 00bb 08000000 		.4byte	.LVL12
 1951 00bf 0B000000 		.4byte	.LVL13-1
 1952 00c3 0100     		.2byte	0x1
 1953 00c5 53       		.byte	0x53
 1954 00c6 00000000 		.4byte	0
 1955 00ca 00000000 		.4byte	0
 1956              	.LLST8:
 1957 00ce 12000000 		.4byte	.LVL15
 1958 00d2 19000000 		.4byte	.LVL16-1
 1959 00d6 0100     		.2byte	0x1
 1960 00d8 53       		.byte	0x53
 1961 00d9 00000000 		.4byte	0
 1962 00dd 00000000 		.4byte	0
 1963              	.LLST9:
 1964 00e1 06000000 		.4byte	.LVL19
 1965 00e5 10000000 		.4byte	.LFE13
 1966 00e9 0100     		.2byte	0x1
 1967 00eb 53       		.byte	0x53
 1968 00ec 00000000 		.4byte	0
 1969 00f0 00000000 		.4byte	0
 1970              		.section	.debug_aranges,"",%progbits
 1971 0000 4C000000 		.4byte	0x4c
 1972 0004 0200     		.2byte	0x2
 1973 0006 00000000 		.4byte	.Ldebug_info0
 1974 000a 04       		.byte	0x4
 1975 000b 00       		.byte	0
 1976 000c 0000     		.2byte	0
 1977 000e 0000     		.2byte	0
 1978 0010 00000000 		.4byte	.LFB11
 1979 0014 06000000 		.4byte	.LFE11-.LFB11
 1980 0018 00000000 		.4byte	.LFB8
 1981 001c 12000000 		.4byte	.LFE8-.LFB8
 1982 0020 00000000 		.4byte	.LFB9
 1983 0024 36000000 		.4byte	.LFE9-.LFB9
 1984 0028 00000000 		.4byte	.LFB10
 1985 002c 70000000 		.4byte	.LFE10-.LFB10
 1986 0030 00000000 		.4byte	.LFB7
 1987 0034 1A000000 		.4byte	.LFE7-.LFB7
ARM GAS  /tmp/ccsTk2zX.s 			page 36


 1988 0038 00000000 		.4byte	.LFB12
 1989 003c 10000000 		.4byte	.LFE12-.LFB12
 1990 0040 00000000 		.4byte	.LFB13
 1991 0044 10000000 		.4byte	.LFE13-.LFB13
 1992 0048 00000000 		.4byte	0
 1993 004c 00000000 		.4byte	0
 1994              		.section	.debug_ranges,"",%progbits
 1995              	.Ldebug_ranges0:
 1996 0000 16000000 		.4byte	.LBB4
 1997 0004 4A000000 		.4byte	.LBE4
 1998 0008 50000000 		.4byte	.LBB6
 1999 000c 70000000 		.4byte	.LBE6
 2000 0010 00000000 		.4byte	0
 2001 0014 00000000 		.4byte	0
 2002 0018 00000000 		.4byte	.LFB11
 2003 001c 06000000 		.4byte	.LFE11
 2004 0020 00000000 		.4byte	.LFB8
 2005 0024 12000000 		.4byte	.LFE8
 2006 0028 00000000 		.4byte	.LFB9
 2007 002c 36000000 		.4byte	.LFE9
 2008 0030 00000000 		.4byte	.LFB10
 2009 0034 70000000 		.4byte	.LFE10
 2010 0038 00000000 		.4byte	.LFB7
 2011 003c 1A000000 		.4byte	.LFE7
 2012 0040 00000000 		.4byte	.LFB12
 2013 0044 10000000 		.4byte	.LFE12
 2014 0048 00000000 		.4byte	.LFB13
 2015 004c 10000000 		.4byte	.LFE13
 2016 0050 00000000 		.4byte	0
 2017 0054 00000000 		.4byte	0
 2018              		.section	.debug_line,"",%progbits
 2019              	.Ldebug_line0:
 2020 0000 E9010000 		.section	.debug_str,"MS",%progbits,1
 2020      02003201 
 2020      00000201 
 2020      FB0E0D00 
 2020      01010101 
 2021              	.LASF36:
 2022 0000 705F6D73 		.ascii	"p_msg\000"
 2022      6700
 2023              	.LASF76:
 2024 0006 7264796D 		.ascii	"rdymsg\000"
 2024      736700
 2025              	.LASF64:
 2026 000d 434D785F 		.ascii	"CMx_SCB\000"
 2026      53434200 
 2027              	.LASF86:
 2028 0015 53797354 		.ascii	"SysTickVector\000"
 2028      69636B56 
 2028      6563746F 
 2028      7200
 2029              	.LASF11:
 2030 0023 6C6F6E67 		.ascii	"long long unsigned int\000"
 2030      206C6F6E 
 2030      6720756E 
 2030      7369676E 
 2030      65642069 
ARM GAS  /tmp/ccsTk2zX.s 			page 37


 2031              	.LASF77:
 2032 003a 65786974 		.ascii	"exitcode\000"
 2032      636F6465 
 2032      00
 2033              	.LASF49:
 2034 0043 43505549 		.ascii	"CPUID\000"
 2034      4400
 2035              	.LASF24:
 2036 0049 705F7072 		.ascii	"p_prio\000"
 2036      696F00
 2037              	.LASF10:
 2038 0050 6C6F6E67 		.ascii	"long long int\000"
 2038      206C6F6E 
 2038      6720696E 
 2038      7400
 2039              	.LASF1:
 2040 005e 7369676E 		.ascii	"signed char\000"
 2040      65642063 
 2040      68617200 
 2041              	.LASF40:
 2042 006a 705F6D70 		.ascii	"p_mpool\000"
 2042      6F6F6C00 
 2043              	.LASF73:
 2044 0072 6D5F7175 		.ascii	"m_queue\000"
 2044      65756500 
 2045              	.LASF16:
 2046 007a 74736C69 		.ascii	"tslices_t\000"
 2046      6365735F 
 2046      7400
 2047              	.LASF7:
 2048 0084 6C6F6E67 		.ascii	"long int\000"
 2048      20696E74 
 2048      00
 2049              	.LASF14:
 2050 008d 74737461 		.ascii	"tstate_t\000"
 2050      74655F74 
 2050      00
 2051              	.LASF88:
 2052 0096 5F706F72 		.ascii	"_port_thread_start\000"
 2052      745F7468 
 2052      72656164 
 2052      5F737461 
 2052      727400
 2053              	.LASF26:
 2054 00a9 705F6E65 		.ascii	"p_newer\000"
 2054      77657200 
 2055              	.LASF59:
 2056 00b1 42464152 		.ascii	"BFAR\000"
 2056      00
 2057              	.LASF68:
 2058 00b6 725F6E65 		.ascii	"r_newer\000"
 2058      77657200 
 2059              	.LASF43:
 2060 00be 72656761 		.ascii	"regarm_t\000"
 2060      726D5F74 
 2060      00
 2061              	.LASF0:
ARM GAS  /tmp/ccsTk2zX.s 			page 38


 2062 00c7 756E7369 		.ascii	"unsigned int\000"
 2062      676E6564 
 2062      20696E74 
 2062      00
 2063              	.LASF45:
 2064 00d4 6C725F74 		.ascii	"lr_thd\000"
 2064      686400
 2065              	.LASF44:
 2066 00db 65787463 		.ascii	"extctx\000"
 2066      747800
 2067              	.LASF87:
 2068 00e2 5F706F72 		.ascii	"_port_switch\000"
 2068      745F7377 
 2068      69746368 
 2068      00
 2069              	.LASF9:
 2070 00ef 6C6F6E67 		.ascii	"long unsigned int\000"
 2070      20756E73 
 2070      69676E65 
 2070      6420696E 
 2070      7400
 2071              	.LASF51:
 2072 0101 56544F52 		.ascii	"VTOR\000"
 2072      00
 2073              	.LASF82:
 2074 0106 5F706F72 		.ascii	"_port_switch_from_isr\000"
 2074      745F7377 
 2074      69746368 
 2074      5F66726F 
 2074      6D5F6973 
 2075              	.LASF48:
 2076 011c 636F6E74 		.ascii	"context\000"
 2076      65787400 
 2077              	.LASF4:
 2078 0124 73686F72 		.ascii	"short unsigned int\000"
 2078      7420756E 
 2078      7369676E 
 2078      65642069 
 2078      6E7400
 2079              	.LASF90:
 2080 0137 474E5520 		.ascii	"GNU C 4.6.2 20110908 (prerelease)\000"
 2080      4320342E 
 2080      362E3220 
 2080      32303131 
 2080      30393038 
 2081              	.LASF50:
 2082 0159 49435352 		.ascii	"ICSR\000"
 2082      00
 2083              	.LASF18:
 2084 015e 6D73675F 		.ascii	"msg_t\000"
 2084      7400
 2085              	.LASF52:
 2086 0164 41495243 		.ascii	"AIRCR\000"
 2086      5200
 2087              	.LASF57:
 2088 016a 44465352 		.ascii	"DFSR\000"
 2088      00
ARM GAS  /tmp/ccsTk2zX.s 			page 39


 2089              	.LASF58:
 2090 016f 4D4D4641 		.ascii	"MMFAR\000"
 2090      5200
 2091              	.LASF85:
 2092 0175 5F706F72 		.ascii	"_port_irq_epilogue\000"
 2092      745F6972 
 2092      715F6570 
 2092      696C6F67 
 2092      756500
 2093              	.LASF13:
 2094 0188 746D6F64 		.ascii	"tmode_t\000"
 2094      655F7400 
 2095              	.LASF42:
 2096 0190 54687265 		.ascii	"ThreadsList\000"
 2096      6164734C 
 2096      69737400 
 2097              	.LASF19:
 2098 019c 6576656E 		.ascii	"eventmask_t\000"
 2098      746D6173 
 2098      6B5F7400 
 2099              	.LASF72:
 2100 01a8 4D757465 		.ascii	"Mutex\000"
 2100      7800
 2101              	.LASF55:
 2102 01ae 43465352 		.ascii	"CFSR\000"
 2102      00
 2103              	.LASF27:
 2104 01b3 705F6F6C 		.ascii	"p_older\000"
 2104      64657200 
 2105              	.LASF67:
 2106 01bb 725F6374 		.ascii	"r_ctx\000"
 2106      7800
 2107              	.LASF41:
 2108 01c1 54687265 		.ascii	"ThreadsQueue\000"
 2108      61647351 
 2108      75657565 
 2108      00
 2109              	.LASF70:
 2110 01ce 725F6375 		.ascii	"r_current\000"
 2110      7272656E 
 2110      7400
 2111              	.LASF69:
 2112 01d8 725F6F6C 		.ascii	"r_older\000"
 2112      64657200 
 2113              	.LASF15:
 2114 01e0 74726566 		.ascii	"trefs_t\000"
 2114      735F7400 
 2115              	.LASF81:
 2116 01e8 63747870 		.ascii	"ctxp\000"
 2116      00
 2117              	.LASF23:
 2118 01ed 705F7072 		.ascii	"p_prev\000"
 2118      657600
 2119              	.LASF17:
 2120 01f4 74707269 		.ascii	"tprio_t\000"
 2120      6F5F7400 
 2121              	.LASF12:
ARM GAS  /tmp/ccsTk2zX.s 			page 40


 2122 01fc 5F426F6F 		.ascii	"_Bool\000"
 2122      6C00
 2123              	.LASF6:
 2124 0202 696E7433 		.ascii	"int32_t\000"
 2124      325F7400 
 2125              	.LASF2:
 2126 020a 756E7369 		.ascii	"unsigned char\000"
 2126      676E6564 
 2126      20636861 
 2126      7200
 2127              	.LASF54:
 2128 0218 53484353 		.ascii	"SHCSR\000"
 2128      5200
 2129              	.LASF38:
 2130 021e 705F6D74 		.ascii	"p_mtxlist\000"
 2130      786C6973 
 2130      7400
 2131              	.LASF3:
 2132 0228 73686F72 		.ascii	"short int\000"
 2132      7420696E 
 2132      7400
 2133              	.LASF29:
 2134 0232 705F7374 		.ascii	"p_state\000"
 2134      61746500 
 2135              	.LASF32:
 2136 023a 705F7072 		.ascii	"p_preempt\000"
 2136      65656D70 
 2136      7400
 2137              	.LASF46:
 2138 0244 78707372 		.ascii	"xpsr\000"
 2138      00
 2139              	.LASF66:
 2140 0249 725F7072 		.ascii	"r_prio\000"
 2140      696F00
 2141              	.LASF79:
 2142 0250 65776D61 		.ascii	"ewmask\000"
 2142      736B00
 2143              	.LASF22:
 2144 0257 705F6E65 		.ascii	"p_next\000"
 2144      787400
 2145              	.LASF30:
 2146 025e 705F666C 		.ascii	"p_flags\000"
 2146      61677300 
 2147              	.LASF21:
 2148 0266 54687265 		.ascii	"Thread\000"
 2148      616400
 2149              	.LASF37:
 2150 026d 705F6570 		.ascii	"p_epending\000"
 2150      656E6469 
 2150      6E6700
 2151              	.LASF8:
 2152 0278 75696E74 		.ascii	"uint32_t\000"
 2152      33325F74 
 2152      00
 2153              	.LASF65:
 2154 0281 725F7175 		.ascii	"r_queue\000"
 2154      65756500 
ARM GAS  /tmp/ccsTk2zX.s 			page 41


 2155              	.LASF60:
 2156 0289 41465352 		.ascii	"AFSR\000"
 2156      00
 2157              	.LASF62:
 2158 028e 756E7573 		.ascii	"unused1\000"
 2158      65643100 
 2159              	.LASF80:
 2160 0296 63686172 		.ascii	"char\000"
 2160      00
 2161              	.LASF92:
 2162 029b 2F686F6D 		.ascii	"/home/aggieair/workspace/ChibiOS_2.6.1/demos/ARMCM3"
 2162      652F6167 
 2162      67696561 
 2162      69722F77 
 2162      6F726B73 
 2163 02ce 2D53544D 		.ascii	"-STM32F107/\000"
 2163      33324631 
 2163      30372F00 
 2164              	.LASF91:
 2165 02da 2E2E2F2E 		.ascii	"../../os/ports/GCC/ARMCMx/chcore_v7m.c\000"
 2165      2E2F6F73 
 2165      2F706F72 
 2165      74732F47 
 2165      43432F41 
 2166              	.LASF75:
 2167 0301 6D5F6E65 		.ascii	"m_next\000"
 2167      787400
 2168              	.LASF20:
 2169 0308 73797374 		.ascii	"systime_t\000"
 2169      696D655F 
 2169      7400
 2170              	.LASF39:
 2171 0312 705F7265 		.ascii	"p_realprio\000"
 2171      616C7072 
 2171      696F00
 2172              	.LASF84:
 2173 031d 53564361 		.ascii	"SVCallVector\000"
 2173      6C6C5665 
 2173      63746F72 
 2173      00
 2174              	.LASF33:
 2175 032a 705F7469 		.ascii	"p_time\000"
 2175      6D6500
 2176              	.LASF53:
 2177 0331 53485052 		.ascii	"SHPR\000"
 2177      00
 2178              	.LASF47:
 2179 0336 696E7463 		.ascii	"intctx\000"
 2179      747800
 2180              	.LASF35:
 2181 033d 705F6D73 		.ascii	"p_msgqueue\000"
 2181      67717565 
 2181      756500
 2182              	.LASF31:
 2183 0348 705F7265 		.ascii	"p_refs\000"
 2183      667300
 2184              	.LASF71:
ARM GAS  /tmp/ccsTk2zX.s 			page 42


 2185 034f 52656164 		.ascii	"ReadyList\000"
 2185      794C6973 
 2185      7400
 2186              	.LASF61:
 2187 0359 4D4D4652 		.ascii	"MMFR\000"
 2187      00
 2188              	.LASF89:
 2189 035e 726C6973 		.ascii	"rlist\000"
 2189      7400
 2190              	.LASF5:
 2191 0364 75696E74 		.ascii	"uint8_t\000"
 2191      385F7400 
 2192              	.LASF83:
 2193 036c 5F706F72 		.ascii	"_port_init\000"
 2193      745F696E 
 2193      697400
 2194              	.LASF78:
 2195 0377 77746F62 		.ascii	"wtobjp\000"
 2195      6A7000
 2196              	.LASF28:
 2197 037e 705F6E61 		.ascii	"p_name\000"
 2197      6D6500
 2198              	.LASF63:
 2199 0385 43504143 		.ascii	"CPACR\000"
 2199      5200
 2200              	.LASF56:
 2201 038b 48465352 		.ascii	"HFSR\000"
 2201      00
 2202              	.LASF74:
 2203 0390 6D5F6F77 		.ascii	"m_owner\000"
 2203      6E657200 
 2204              	.LASF25:
 2205 0398 705F6374 		.ascii	"p_ctx\000"
 2205      7800
 2206              	.LASF34:
 2207 039e 705F7761 		.ascii	"p_waiting\000"
 2207      6974696E 
 2207      6700
 2208              		.ident	"GCC: (Linaro GCC 4.6-2011.09-1) 4.6.2 20110908 (prerelease)"
ARM GAS  /tmp/ccsTk2zX.s 			page 43


DEFINED SYMBOLS
                            *ABS*:0000000000000000 chcore_v7m.c
     /tmp/ccsTk2zX.s:18     .text._port_switch_from_isr:0000000000000000 $t
     /tmp/ccsTk2zX.s:24     .text._port_switch_from_isr:0000000000000000 _port_switch_from_isr
     /tmp/ccsTk2zX.s:36     .text._port_switch_from_isr:0000000000000004 _port_exit_from_isr
     /tmp/ccsTk2zX.s:48     .text.SVCallVector:0000000000000000 $t
     /tmp/ccsTk2zX.s:54     .text.SVCallVector:0000000000000000 SVCallVector
     /tmp/ccsTk2zX.s:91     .text._port_init:0000000000000000 $t
     /tmp/ccsTk2zX.s:97     .text._port_init:0000000000000000 _port_init
     /tmp/ccsTk2zX.s:140    .text._port_irq_epilogue:0000000000000000 $t
     /tmp/ccsTk2zX.s:146    .text._port_irq_epilogue:0000000000000000 _port_irq_epilogue
     /tmp/ccsTk2zX.s:239    .text._port_irq_epilogue:0000000000000064 $d
     /tmp/ccsTk2zX.s:247    .text.SysTickVector:0000000000000000 $t
     /tmp/ccsTk2zX.s:253    .text.SysTickVector:0000000000000000 SysTickVector
     /tmp/ccsTk2zX.s:296    .text._port_switch:0000000000000000 $t
     /tmp/ccsTk2zX.s:302    .text._port_switch:0000000000000000 _port_switch
     /tmp/ccsTk2zX.s:329    .text._port_thread_start:0000000000000000 $t
     /tmp/ccsTk2zX.s:335    .text._port_thread_start:0000000000000000 _port_thread_start
                     .debug_frame:0000000000000010 $d

UNDEFINED SYMBOLS
chSchDoReschedule
nvicSetSystemHandlerPriority
rlist
chSysTimerHandlerI
chThdExit
