ARM GAS  /tmp/ccipJ5k7.s 			page 1


   1              		.syntax unified
   2              		.cpu cortex-m3
   3              		.fpu softvfp
   4              		.eabi_attribute 20, 1
   5              		.eabi_attribute 21, 1
   6              		.eabi_attribute 23, 3
   7              		.eabi_attribute 24, 1
   8              		.eabi_attribute 25, 1
   9              		.eabi_attribute 26, 1
  10              		.eabi_attribute 30, 2
  11              		.eabi_attribute 18, 4
  12              		.thumb
  13              		.file	"vectors.c"
  14              		.text
  15              	.Ltext0:
  16              		.cfi_sections	.debug_frame
  17              		.section	.text._unhandled_exception,"ax",%progbits
  18              		.align	2
  19              		.p2align 4,,15
  20              		.global	_unhandled_exception
  21              		.thumb
  22              		.thumb_func
  23              		.type	_unhandled_exception, %function
  24              	_unhandled_exception:
  25              	.LFB7:
  26              		.file 1 "../../os/ports/GCC/ARMCMx/STM32F1xx/vectors.c"
  27              		.loc 1 241 0
  28              		.cfi_startproc
  29              		@ Naked Function: prologue and epilogue provided by programmer.
  30              		@ Volatile: function does not return.
  31              		@ args = 0, pretend = 0, frame = 0
  32              		@ frame_needed = 0, uses_anonymous_args = 0
  33              	.L2:
  34 0000 FEE7     		b	.L2
  35              		.cfi_endproc
  36              	.LFE7:
  37              		.size	_unhandled_exception, .-_unhandled_exception
  38              		.global	_vectors
  39              		.weak	NMIVector
  40              		.thumb_set NMIVector,_unhandled_exception
  41              		.weak	HardFaultVector
  42              		.thumb_set HardFaultVector,_unhandled_exception
  43              		.weak	MemManageVector
  44              		.thumb_set MemManageVector,_unhandled_exception
  45              		.weak	BusFaultVector
  46              		.thumb_set BusFaultVector,_unhandled_exception
  47              		.weak	UsageFaultVector
  48              		.thumb_set UsageFaultVector,_unhandled_exception
  49              		.weak	Vector1C
  50              		.thumb_set Vector1C,_unhandled_exception
  51              		.weak	Vector20
  52              		.thumb_set Vector20,_unhandled_exception
  53              		.weak	Vector24
  54              		.thumb_set Vector24,_unhandled_exception
  55              		.weak	Vector28
  56              		.thumb_set Vector28,_unhandled_exception
  57              		.weak	SVCallVector
ARM GAS  /tmp/ccipJ5k7.s 			page 2


  58              		.thumb_set SVCallVector,_unhandled_exception
  59              		.weak	DebugMonitorVector
  60              		.thumb_set DebugMonitorVector,_unhandled_exception
  61              		.weak	Vector34
  62              		.thumb_set Vector34,_unhandled_exception
  63              		.weak	PendSVVector
  64              		.thumb_set PendSVVector,_unhandled_exception
  65              		.weak	SysTickVector
  66              		.thumb_set SysTickVector,_unhandled_exception
  67              		.weak	Vector40
  68              		.thumb_set Vector40,_unhandled_exception
  69              		.weak	Vector44
  70              		.thumb_set Vector44,_unhandled_exception
  71              		.weak	Vector48
  72              		.thumb_set Vector48,_unhandled_exception
  73              		.weak	Vector4C
  74              		.thumb_set Vector4C,_unhandled_exception
  75              		.weak	Vector50
  76              		.thumb_set Vector50,_unhandled_exception
  77              		.weak	Vector54
  78              		.thumb_set Vector54,_unhandled_exception
  79              		.weak	Vector58
  80              		.thumb_set Vector58,_unhandled_exception
  81              		.weak	Vector5C
  82              		.thumb_set Vector5C,_unhandled_exception
  83              		.weak	Vector60
  84              		.thumb_set Vector60,_unhandled_exception
  85              		.weak	Vector64
  86              		.thumb_set Vector64,_unhandled_exception
  87              		.weak	Vector68
  88              		.thumb_set Vector68,_unhandled_exception
  89              		.weak	Vector6C
  90              		.thumb_set Vector6C,_unhandled_exception
  91              		.weak	Vector70
  92              		.thumb_set Vector70,_unhandled_exception
  93              		.weak	Vector74
  94              		.thumb_set Vector74,_unhandled_exception
  95              		.weak	Vector78
  96              		.thumb_set Vector78,_unhandled_exception
  97              		.weak	Vector7C
  98              		.thumb_set Vector7C,_unhandled_exception
  99              		.weak	Vector80
 100              		.thumb_set Vector80,_unhandled_exception
 101              		.weak	Vector84
 102              		.thumb_set Vector84,_unhandled_exception
 103              		.weak	Vector88
 104              		.thumb_set Vector88,_unhandled_exception
 105              		.weak	Vector8C
 106              		.thumb_set Vector8C,_unhandled_exception
 107              		.weak	Vector90
 108              		.thumb_set Vector90,_unhandled_exception
 109              		.weak	Vector94
 110              		.thumb_set Vector94,_unhandled_exception
 111              		.weak	Vector98
 112              		.thumb_set Vector98,_unhandled_exception
 113              		.weak	Vector9C
 114              		.thumb_set Vector9C,_unhandled_exception
ARM GAS  /tmp/ccipJ5k7.s 			page 3


 115              		.weak	VectorA0
 116              		.thumb_set VectorA0,_unhandled_exception
 117              		.weak	VectorA4
 118              		.thumb_set VectorA4,_unhandled_exception
 119              		.weak	VectorA8
 120              		.thumb_set VectorA8,_unhandled_exception
 121              		.weak	VectorAC
 122              		.thumb_set VectorAC,_unhandled_exception
 123              		.weak	VectorB0
 124              		.thumb_set VectorB0,_unhandled_exception
 125              		.weak	VectorB4
 126              		.thumb_set VectorB4,_unhandled_exception
 127              		.weak	VectorB8
 128              		.thumb_set VectorB8,_unhandled_exception
 129              		.weak	VectorBC
 130              		.thumb_set VectorBC,_unhandled_exception
 131              		.weak	VectorC0
 132              		.thumb_set VectorC0,_unhandled_exception
 133              		.weak	VectorC4
 134              		.thumb_set VectorC4,_unhandled_exception
 135              		.weak	VectorC8
 136              		.thumb_set VectorC8,_unhandled_exception
 137              		.weak	VectorCC
 138              		.thumb_set VectorCC,_unhandled_exception
 139              		.weak	VectorD0
 140              		.thumb_set VectorD0,_unhandled_exception
 141              		.weak	VectorD4
 142              		.thumb_set VectorD4,_unhandled_exception
 143              		.weak	VectorD8
 144              		.thumb_set VectorD8,_unhandled_exception
 145              		.weak	VectorDC
 146              		.thumb_set VectorDC,_unhandled_exception
 147              		.weak	VectorE0
 148              		.thumb_set VectorE0,_unhandled_exception
 149              		.weak	VectorE4
 150              		.thumb_set VectorE4,_unhandled_exception
 151              		.weak	VectorE8
 152              		.thumb_set VectorE8,_unhandled_exception
 153              		.weak	VectorEC
 154              		.thumb_set VectorEC,_unhandled_exception
 155              		.weak	VectorF0
 156              		.thumb_set VectorF0,_unhandled_exception
 157              		.weak	VectorF4
 158              		.thumb_set VectorF4,_unhandled_exception
 159              		.weak	VectorF8
 160              		.thumb_set VectorF8,_unhandled_exception
 161              		.weak	VectorFC
 162              		.thumb_set VectorFC,_unhandled_exception
 163              		.weak	Vector100
 164              		.thumb_set Vector100,_unhandled_exception
 165              		.weak	Vector104
 166              		.thumb_set Vector104,_unhandled_exception
 167              		.weak	Vector108
 168              		.thumb_set Vector108,_unhandled_exception
 169              		.weak	Vector10C
 170              		.thumb_set Vector10C,_unhandled_exception
 171              		.weak	Vector110
ARM GAS  /tmp/ccipJ5k7.s 			page 4


 172              		.thumb_set Vector110,_unhandled_exception
 173              		.weak	Vector114
 174              		.thumb_set Vector114,_unhandled_exception
 175              		.weak	Vector118
 176              		.thumb_set Vector118,_unhandled_exception
 177              		.weak	Vector11C
 178              		.thumb_set Vector11C,_unhandled_exception
 179              		.weak	Vector120
 180              		.thumb_set Vector120,_unhandled_exception
 181              		.weak	Vector124
 182              		.thumb_set Vector124,_unhandled_exception
 183              		.weak	Vector128
 184              		.thumb_set Vector128,_unhandled_exception
 185              		.weak	Vector12C
 186              		.thumb_set Vector12C,_unhandled_exception
 187              		.weak	Vector130
 188              		.thumb_set Vector130,_unhandled_exception
 189              		.weak	Vector134
 190              		.thumb_set Vector134,_unhandled_exception
 191              		.weak	Vector138
 192              		.thumb_set Vector138,_unhandled_exception
 193              		.weak	Vector13C
 194              		.thumb_set Vector13C,_unhandled_exception
 195              		.weak	Vector140
 196              		.thumb_set Vector140,_unhandled_exception
 197              		.weak	Vector144
 198              		.thumb_set Vector144,_unhandled_exception
 199              		.weak	Vector148
 200              		.thumb_set Vector148,_unhandled_exception
 201              		.weak	Vector14C
 202              		.thumb_set Vector14C,_unhandled_exception
 203 0002 00BFAFF3 		.section	vectors,"aw",%progbits
 203      0080AFF3 
 203      0080AFF3 
 203      0080
 204              		.align	2
 205              		.type	_vectors, %object
 206              		.size	_vectors, 336
 207              	_vectors:
 208 0000 00000000 		.word	__main_stack_end__
 209 0004 00000000 		.word	ResetHandler
 210 0008 00000000 		.word	NMIVector
 211 000c 00000000 		.word	HardFaultVector
 212 0010 00000000 		.word	MemManageVector
 213 0014 00000000 		.word	BusFaultVector
 214 0018 00000000 		.word	UsageFaultVector
 215 001c 00000000 		.word	Vector1C
 216 0020 00000000 		.word	Vector20
 217 0024 00000000 		.word	Vector24
 218 0028 00000000 		.word	Vector28
 219 002c 00000000 		.word	SVCallVector
 220 0030 00000000 		.word	DebugMonitorVector
 221 0034 00000000 		.word	Vector34
 222 0038 00000000 		.word	PendSVVector
 223 003c 00000000 		.word	SysTickVector
 224 0040 00000000 		.word	Vector40
 225 0044 00000000 		.word	Vector44
ARM GAS  /tmp/ccipJ5k7.s 			page 5


 226 0048 00000000 		.word	Vector48
 227 004c 00000000 		.word	Vector4C
 228 0050 00000000 		.word	Vector50
 229 0054 00000000 		.word	Vector54
 230 0058 00000000 		.word	Vector58
 231 005c 00000000 		.word	Vector5C
 232 0060 00000000 		.word	Vector60
 233 0064 00000000 		.word	Vector64
 234 0068 00000000 		.word	Vector68
 235 006c 00000000 		.word	Vector6C
 236 0070 00000000 		.word	Vector70
 237 0074 00000000 		.word	Vector74
 238 0078 00000000 		.word	Vector78
 239 007c 00000000 		.word	Vector7C
 240 0080 00000000 		.word	Vector80
 241 0084 00000000 		.word	Vector84
 242 0088 00000000 		.word	Vector88
 243 008c 00000000 		.word	Vector8C
 244 0090 00000000 		.word	Vector90
 245 0094 00000000 		.word	Vector94
 246 0098 00000000 		.word	Vector98
 247 009c 00000000 		.word	Vector9C
 248 00a0 00000000 		.word	VectorA0
 249 00a4 00000000 		.word	VectorA4
 250 00a8 00000000 		.word	VectorA8
 251 00ac 00000000 		.word	VectorAC
 252 00b0 00000000 		.word	VectorB0
 253 00b4 00000000 		.word	VectorB4
 254 00b8 00000000 		.word	VectorB8
 255 00bc 00000000 		.word	VectorBC
 256 00c0 00000000 		.word	VectorC0
 257 00c4 00000000 		.word	VectorC4
 258 00c8 00000000 		.word	VectorC8
 259 00cc 00000000 		.word	VectorCC
 260 00d0 00000000 		.word	VectorD0
 261 00d4 00000000 		.word	VectorD4
 262 00d8 00000000 		.word	VectorD8
 263 00dc 00000000 		.word	VectorDC
 264 00e0 00000000 		.word	VectorE0
 265 00e4 00000000 		.word	VectorE4
 266 00e8 00000000 		.word	VectorE8
 267 00ec 00000000 		.word	VectorEC
 268 00f0 00000000 		.word	VectorF0
 269 00f4 00000000 		.word	VectorF4
 270 00f8 00000000 		.word	VectorF8
 271 00fc 00000000 		.word	VectorFC
 272 0100 00000000 		.word	Vector100
 273 0104 00000000 		.word	Vector104
 274 0108 00000000 		.word	Vector108
 275 010c 00000000 		.word	Vector10C
 276 0110 00000000 		.word	Vector110
 277 0114 00000000 		.word	Vector114
 278 0118 00000000 		.word	Vector118
 279 011c 00000000 		.word	Vector11C
 280 0120 00000000 		.word	Vector120
 281 0124 00000000 		.word	Vector124
 282 0128 00000000 		.word	Vector128
ARM GAS  /tmp/ccipJ5k7.s 			page 6


 283 012c 00000000 		.word	Vector12C
 284 0130 00000000 		.word	Vector130
 285 0134 00000000 		.word	Vector134
 286 0138 00000000 		.word	Vector138
 287 013c 00000000 		.word	Vector13C
 288 0140 00000000 		.word	Vector140
 289 0144 00000000 		.word	Vector144
 290 0148 00000000 		.word	Vector148
 291 014c 00000000 		.word	Vector14C
 292              		.text
 293              	.Letext0:
 294              		.file 2 "/opt/paparazzi/arm-multilib/lib/gcc/arm-none-eabi/4.6.2/../../../../arm-none-eabi/include
 295              		.section	.debug_info,"",%progbits
 296              	.Ldebug_info0:
 297 0000 F1010000 		.4byte	0x1f1
 298 0004 0200     		.2byte	0x2
 299 0006 00000000 		.4byte	.Ldebug_abbrev0
 300 000a 04       		.byte	0x4
 301 000b 01       		.uleb128 0x1
 302 000c 15020000 		.4byte	.LASF33
 303 0010 01       		.byte	0x1
 304 0011 A4000000 		.4byte	.LASF34
 305 0015 88010000 		.4byte	.LASF35
 306 0019 00000000 		.4byte	0
 307 001d 00000000 		.4byte	0
 308 0021 00000000 		.4byte	.Ldebug_ranges0+0
 309 0025 00000000 		.4byte	.Ldebug_line0
 310 0029 02       		.uleb128 0x2
 311 002a 04       		.byte	0x4
 312 002b 05       		.byte	0x5
 313 002c 696E7400 		.ascii	"int\000"
 314 0030 03       		.uleb128 0x3
 315 0031 04       		.byte	0x4
 316 0032 07       		.byte	0x7
 317 0033 8C000000 		.4byte	.LASF0
 318 0037 03       		.uleb128 0x3
 319 0038 01       		.byte	0x1
 320 0039 06       		.byte	0x6
 321 003a E6010000 		.4byte	.LASF1
 322 003e 03       		.uleb128 0x3
 323 003f 01       		.byte	0x1
 324 0040 08       		.byte	0x8
 325 0041 41000000 		.4byte	.LASF2
 326 0045 03       		.uleb128 0x3
 327 0046 02       		.byte	0x2
 328 0047 05       		.byte	0x5
 329 0048 7E010000 		.4byte	.LASF3
 330 004c 03       		.uleb128 0x3
 331 004d 02       		.byte	0x2
 332 004e 07       		.byte	0x7
 333 004f 61000000 		.4byte	.LASF4
 334 0053 03       		.uleb128 0x3
 335 0054 04       		.byte	0x4
 336 0055 05       		.byte	0x5
 337 0056 DD010000 		.4byte	.LASF5
 338 005a 04       		.uleb128 0x4
 339 005b D4010000 		.4byte	.LASF11
ARM GAS  /tmp/ccipJ5k7.s 			page 7


 340 005f 02       		.byte	0x2
 341 0060 50       		.byte	0x50
 342 0061 65000000 		.4byte	0x65
 343 0065 03       		.uleb128 0x3
 344 0066 04       		.byte	0x4
 345 0067 07       		.byte	0x7
 346 0068 4F000000 		.4byte	.LASF6
 347 006c 03       		.uleb128 0x3
 348 006d 08       		.byte	0x8
 349 006e 05       		.byte	0x5
 350 006f 3D010000 		.4byte	.LASF7
 351 0073 03       		.uleb128 0x3
 352 0074 08       		.byte	0x8
 353 0075 07       		.byte	0x7
 354 0076 D2000000 		.4byte	.LASF8
 355 007a 03       		.uleb128 0x3
 356 007b 01       		.byte	0x1
 357 007c 02       		.byte	0x2
 358 007d 0F020000 		.4byte	.LASF9
 359 0081 03       		.uleb128 0x3
 360 0082 01       		.byte	0x1
 361 0083 08       		.byte	0x8
 362 0084 4B010000 		.4byte	.LASF10
 363 0088 04       		.uleb128 0x4
 364 0089 09000000 		.4byte	.LASF12
 365 008d 01       		.byte	0x1
 366 008e 48       		.byte	0x48
 367 008f 93000000 		.4byte	0x93
 368 0093 05       		.uleb128 0x5
 369 0094 04       		.byte	0x4
 370 0095 99000000 		.4byte	0x99
 371 0099 06       		.uleb128 0x6
 372 009a 01       		.byte	0x1
 373 009b 07       		.uleb128 0x7
 374 009c 5001     		.2byte	0x150
 375 009e 01       		.byte	0x1
 376 009f 4D       		.byte	0x4d
 377 00a0 93010000 		.4byte	0x193
 378 00a4 08       		.uleb128 0x8
 379 00a5 28000000 		.4byte	.LASF13
 380 00a9 01       		.byte	0x1
 381 00aa 4E       		.byte	0x4e
 382 00ab 93010000 		.4byte	0x193
 383 00af 02       		.byte	0x2
 384 00b0 23       		.byte	0x23
 385 00b1 00       		.uleb128 0
 386 00b2 08       		.uleb128 0x8
 387 00b3 C7010000 		.4byte	.LASF14
 388 00b7 01       		.byte	0x1
 389 00b8 4F       		.byte	0x4f
 390 00b9 88000000 		.4byte	0x88
 391 00bd 02       		.byte	0x2
 392 00be 23       		.byte	0x23
 393 00bf 04       		.uleb128 0x4
 394 00c0 08       		.uleb128 0x8
 395 00c1 99000000 		.4byte	.LASF15
 396 00c5 01       		.byte	0x1
ARM GAS  /tmp/ccipJ5k7.s 			page 8


 397 00c6 50       		.byte	0x50
 398 00c7 88000000 		.4byte	0x88
 399 00cb 02       		.byte	0x2
 400 00cc 23       		.byte	0x23
 401 00cd 08       		.uleb128 0x8
 402 00ce 08       		.uleb128 0x8
 403 00cf 2C010000 		.4byte	.LASF16
 404 00d3 01       		.byte	0x1
 405 00d4 51       		.byte	0x51
 406 00d5 88000000 		.4byte	0x88
 407 00d9 02       		.byte	0x2
 408 00da 23       		.byte	0x23
 409 00db 0C       		.uleb128 0xc
 410 00dc 08       		.uleb128 0x8
 411 00dd 50010000 		.4byte	.LASF17
 412 00e1 01       		.byte	0x1
 413 00e2 52       		.byte	0x52
 414 00e3 88000000 		.4byte	0x88
 415 00e7 02       		.byte	0x2
 416 00e8 23       		.byte	0x23
 417 00e9 10       		.uleb128 0x10
 418 00ea 08       		.uleb128 0x8
 419 00eb E9000000 		.4byte	.LASF18
 420 00ef 01       		.byte	0x1
 421 00f0 53       		.byte	0x53
 422 00f1 88000000 		.4byte	0x88
 423 00f5 02       		.byte	0x2
 424 00f6 23       		.byte	0x23
 425 00f7 14       		.uleb128 0x14
 426 00f8 08       		.uleb128 0x8
 427 00f9 02010000 		.4byte	.LASF19
 428 00fd 01       		.byte	0x1
 429 00fe 54       		.byte	0x54
 430 00ff 88000000 		.4byte	0x88
 431 0103 02       		.byte	0x2
 432 0104 23       		.byte	0x23
 433 0105 18       		.uleb128 0x18
 434 0106 08       		.uleb128 0x8
 435 0107 74000000 		.4byte	.LASF20
 436 010b 01       		.byte	0x1
 437 010c 55       		.byte	0x55
 438 010d 88000000 		.4byte	0x88
 439 0111 02       		.byte	0x2
 440 0112 23       		.byte	0x23
 441 0113 1C       		.uleb128 0x1c
 442 0114 08       		.uleb128 0x8
 443 0115 06020000 		.4byte	.LASF21
 444 0119 01       		.byte	0x1
 445 011a 56       		.byte	0x56
 446 011b 88000000 		.4byte	0x88
 447 011f 02       		.byte	0x2
 448 0120 23       		.byte	0x23
 449 0121 20       		.uleb128 0x20
 450 0122 08       		.uleb128 0x8
 451 0123 00000000 		.4byte	.LASF22
 452 0127 01       		.byte	0x1
 453 0128 57       		.byte	0x57
ARM GAS  /tmp/ccipJ5k7.s 			page 9


 454 0129 88000000 		.4byte	0x88
 455 012d 02       		.byte	0x2
 456 012e 23       		.byte	0x23
 457 012f 24       		.uleb128 0x24
 458 0130 08       		.uleb128 0x8
 459 0131 F9000000 		.4byte	.LASF23
 460 0135 01       		.byte	0x1
 461 0136 58       		.byte	0x58
 462 0137 88000000 		.4byte	0x88
 463 013b 02       		.byte	0x2
 464 013c 23       		.byte	0x23
 465 013d 28       		.uleb128 0x28
 466 013e 08       		.uleb128 0x8
 467 013f 33000000 		.4byte	.LASF24
 468 0143 01       		.byte	0x1
 469 0144 59       		.byte	0x59
 470 0145 88000000 		.4byte	0x88
 471 0149 02       		.byte	0x2
 472 014a 23       		.byte	0x23
 473 014b 2C       		.uleb128 0x2c
 474 014c 08       		.uleb128 0x8
 475 014d F2010000 		.4byte	.LASF25
 476 0151 01       		.byte	0x1
 477 0152 5A       		.byte	0x5a
 478 0153 88000000 		.4byte	0x88
 479 0157 02       		.byte	0x2
 480 0158 23       		.byte	0x23
 481 0159 30       		.uleb128 0x30
 482 015a 08       		.uleb128 0x8
 483 015b 16000000 		.4byte	.LASF26
 484 015f 01       		.byte	0x1
 485 0160 5B       		.byte	0x5b
 486 0161 88000000 		.4byte	0x88
 487 0165 02       		.byte	0x2
 488 0166 23       		.byte	0x23
 489 0167 34       		.uleb128 0x34
 490 0168 08       		.uleb128 0x8
 491 0169 1E010000 		.4byte	.LASF27
 492 016d 01       		.byte	0x1
 493 016e 5C       		.byte	0x5c
 494 016f 88000000 		.4byte	0x88
 495 0173 02       		.byte	0x2
 496 0174 23       		.byte	0x23
 497 0175 38       		.uleb128 0x38
 498 0176 08       		.uleb128 0x8
 499 0177 7D000000 		.4byte	.LASF28
 500 017b 01       		.byte	0x1
 501 017c 5D       		.byte	0x5d
 502 017d 88000000 		.4byte	0x88
 503 0181 02       		.byte	0x2
 504 0182 23       		.byte	0x23
 505 0183 3C       		.uleb128 0x3c
 506 0184 08       		.uleb128 0x8
 507 0185 76010000 		.4byte	.LASF29
 508 0189 01       		.byte	0x1
 509 018a 5E       		.byte	0x5e
 510 018b 99010000 		.4byte	0x199
ARM GAS  /tmp/ccipJ5k7.s 			page 10


 511 018f 02       		.byte	0x2
 512 0190 23       		.byte	0x23
 513 0191 40       		.uleb128 0x40
 514 0192 00       		.byte	0
 515 0193 05       		.uleb128 0x5
 516 0194 04       		.byte	0x4
 517 0195 5A000000 		.4byte	0x5a
 518 0199 09       		.uleb128 0x9
 519 019a 88000000 		.4byte	0x88
 520 019e A9010000 		.4byte	0x1a9
 521 01a2 0A       		.uleb128 0xa
 522 01a3 30000000 		.4byte	0x30
 523 01a7 43       		.byte	0x43
 524 01a8 00       		.byte	0
 525 01a9 04       		.uleb128 0x4
 526 01aa 14010000 		.4byte	.LASF30
 527 01ae 01       		.byte	0x1
 528 01af 5F       		.byte	0x5f
 529 01b0 9B000000 		.4byte	0x9b
 530 01b4 0B       		.uleb128 0xb
 531 01b5 01       		.byte	0x1
 532 01b6 61010000 		.4byte	.LASF36
 533 01ba 01       		.byte	0x1
 534 01bb F1       		.byte	0xf1
 535 01bc 01       		.byte	0x1
 536 01bd 00000000 		.4byte	.LFB7
 537 01c1 02000000 		.4byte	.LFE7
 538 01c5 02       		.byte	0x2
 539 01c6 7D       		.byte	0x7d
 540 01c7 00       		.sleb128 0
 541 01c8 0C       		.uleb128 0xc
 542 01c9 37020000 		.4byte	.LASF31
 543 01cd 01       		.byte	0x1
 544 01ce 62       		.byte	0x62
 545 01cf 5A000000 		.4byte	0x5a
 546 01d3 01       		.byte	0x1
 547 01d4 01       		.byte	0x1
 548 01d5 0C       		.uleb128 0xc
 549 01d6 37020000 		.4byte	.LASF31
 550 01da 01       		.byte	0x1
 551 01db 62       		.byte	0x62
 552 01dc 5A000000 		.4byte	0x5a
 553 01e0 01       		.byte	0x1
 554 01e1 01       		.byte	0x1
 555 01e2 0D       		.uleb128 0xd
 556 01e3 1F000000 		.4byte	.LASF32
 557 01e7 01       		.byte	0x1
 558 01e8 C5       		.byte	0xc5
 559 01e9 A9010000 		.4byte	0x1a9
 560 01ed 01       		.byte	0x1
 561 01ee 05       		.byte	0x5
 562 01ef 03       		.byte	0x3
 563 01f0 00000000 		.4byte	_vectors
 564 01f4 00       		.byte	0
 565              		.section	.debug_abbrev,"",%progbits
 566              	.Ldebug_abbrev0:
 567 0000 01       		.uleb128 0x1
ARM GAS  /tmp/ccipJ5k7.s 			page 11


 568 0001 11       		.uleb128 0x11
 569 0002 01       		.byte	0x1
 570 0003 25       		.uleb128 0x25
 571 0004 0E       		.uleb128 0xe
 572 0005 13       		.uleb128 0x13
 573 0006 0B       		.uleb128 0xb
 574 0007 03       		.uleb128 0x3
 575 0008 0E       		.uleb128 0xe
 576 0009 1B       		.uleb128 0x1b
 577 000a 0E       		.uleb128 0xe
 578 000b 11       		.uleb128 0x11
 579 000c 01       		.uleb128 0x1
 580 000d 52       		.uleb128 0x52
 581 000e 01       		.uleb128 0x1
 582 000f 55       		.uleb128 0x55
 583 0010 06       		.uleb128 0x6
 584 0011 10       		.uleb128 0x10
 585 0012 06       		.uleb128 0x6
 586 0013 00       		.byte	0
 587 0014 00       		.byte	0
 588 0015 02       		.uleb128 0x2
 589 0016 24       		.uleb128 0x24
 590 0017 00       		.byte	0
 591 0018 0B       		.uleb128 0xb
 592 0019 0B       		.uleb128 0xb
 593 001a 3E       		.uleb128 0x3e
 594 001b 0B       		.uleb128 0xb
 595 001c 03       		.uleb128 0x3
 596 001d 08       		.uleb128 0x8
 597 001e 00       		.byte	0
 598 001f 00       		.byte	0
 599 0020 03       		.uleb128 0x3
 600 0021 24       		.uleb128 0x24
 601 0022 00       		.byte	0
 602 0023 0B       		.uleb128 0xb
 603 0024 0B       		.uleb128 0xb
 604 0025 3E       		.uleb128 0x3e
 605 0026 0B       		.uleb128 0xb
 606 0027 03       		.uleb128 0x3
 607 0028 0E       		.uleb128 0xe
 608 0029 00       		.byte	0
 609 002a 00       		.byte	0
 610 002b 04       		.uleb128 0x4
 611 002c 16       		.uleb128 0x16
 612 002d 00       		.byte	0
 613 002e 03       		.uleb128 0x3
 614 002f 0E       		.uleb128 0xe
 615 0030 3A       		.uleb128 0x3a
 616 0031 0B       		.uleb128 0xb
 617 0032 3B       		.uleb128 0x3b
 618 0033 0B       		.uleb128 0xb
 619 0034 49       		.uleb128 0x49
 620 0035 13       		.uleb128 0x13
 621 0036 00       		.byte	0
 622 0037 00       		.byte	0
 623 0038 05       		.uleb128 0x5
 624 0039 0F       		.uleb128 0xf
ARM GAS  /tmp/ccipJ5k7.s 			page 12


 625 003a 00       		.byte	0
 626 003b 0B       		.uleb128 0xb
 627 003c 0B       		.uleb128 0xb
 628 003d 49       		.uleb128 0x49
 629 003e 13       		.uleb128 0x13
 630 003f 00       		.byte	0
 631 0040 00       		.byte	0
 632 0041 06       		.uleb128 0x6
 633 0042 15       		.uleb128 0x15
 634 0043 00       		.byte	0
 635 0044 27       		.uleb128 0x27
 636 0045 0C       		.uleb128 0xc
 637 0046 00       		.byte	0
 638 0047 00       		.byte	0
 639 0048 07       		.uleb128 0x7
 640 0049 13       		.uleb128 0x13
 641 004a 01       		.byte	0x1
 642 004b 0B       		.uleb128 0xb
 643 004c 05       		.uleb128 0x5
 644 004d 3A       		.uleb128 0x3a
 645 004e 0B       		.uleb128 0xb
 646 004f 3B       		.uleb128 0x3b
 647 0050 0B       		.uleb128 0xb
 648 0051 01       		.uleb128 0x1
 649 0052 13       		.uleb128 0x13
 650 0053 00       		.byte	0
 651 0054 00       		.byte	0
 652 0055 08       		.uleb128 0x8
 653 0056 0D       		.uleb128 0xd
 654 0057 00       		.byte	0
 655 0058 03       		.uleb128 0x3
 656 0059 0E       		.uleb128 0xe
 657 005a 3A       		.uleb128 0x3a
 658 005b 0B       		.uleb128 0xb
 659 005c 3B       		.uleb128 0x3b
 660 005d 0B       		.uleb128 0xb
 661 005e 49       		.uleb128 0x49
 662 005f 13       		.uleb128 0x13
 663 0060 38       		.uleb128 0x38
 664 0061 0A       		.uleb128 0xa
 665 0062 00       		.byte	0
 666 0063 00       		.byte	0
 667 0064 09       		.uleb128 0x9
 668 0065 01       		.uleb128 0x1
 669 0066 01       		.byte	0x1
 670 0067 49       		.uleb128 0x49
 671 0068 13       		.uleb128 0x13
 672 0069 01       		.uleb128 0x1
 673 006a 13       		.uleb128 0x13
 674 006b 00       		.byte	0
 675 006c 00       		.byte	0
 676 006d 0A       		.uleb128 0xa
 677 006e 21       		.uleb128 0x21
 678 006f 00       		.byte	0
 679 0070 49       		.uleb128 0x49
 680 0071 13       		.uleb128 0x13
 681 0072 2F       		.uleb128 0x2f
ARM GAS  /tmp/ccipJ5k7.s 			page 13


 682 0073 0B       		.uleb128 0xb
 683 0074 00       		.byte	0
 684 0075 00       		.byte	0
 685 0076 0B       		.uleb128 0xb
 686 0077 2E       		.uleb128 0x2e
 687 0078 00       		.byte	0
 688 0079 3F       		.uleb128 0x3f
 689 007a 0C       		.uleb128 0xc
 690 007b 03       		.uleb128 0x3
 691 007c 0E       		.uleb128 0xe
 692 007d 3A       		.uleb128 0x3a
 693 007e 0B       		.uleb128 0xb
 694 007f 3B       		.uleb128 0x3b
 695 0080 0B       		.uleb128 0xb
 696 0081 27       		.uleb128 0x27
 697 0082 0C       		.uleb128 0xc
 698 0083 11       		.uleb128 0x11
 699 0084 01       		.uleb128 0x1
 700 0085 12       		.uleb128 0x12
 701 0086 01       		.uleb128 0x1
 702 0087 40       		.uleb128 0x40
 703 0088 0A       		.uleb128 0xa
 704 0089 00       		.byte	0
 705 008a 00       		.byte	0
 706 008b 0C       		.uleb128 0xc
 707 008c 34       		.uleb128 0x34
 708 008d 00       		.byte	0
 709 008e 03       		.uleb128 0x3
 710 008f 0E       		.uleb128 0xe
 711 0090 3A       		.uleb128 0x3a
 712 0091 0B       		.uleb128 0xb
 713 0092 3B       		.uleb128 0x3b
 714 0093 0B       		.uleb128 0xb
 715 0094 49       		.uleb128 0x49
 716 0095 13       		.uleb128 0x13
 717 0096 3F       		.uleb128 0x3f
 718 0097 0C       		.uleb128 0xc
 719 0098 3C       		.uleb128 0x3c
 720 0099 0C       		.uleb128 0xc
 721 009a 00       		.byte	0
 722 009b 00       		.byte	0
 723 009c 0D       		.uleb128 0xd
 724 009d 34       		.uleb128 0x34
 725 009e 00       		.byte	0
 726 009f 03       		.uleb128 0x3
 727 00a0 0E       		.uleb128 0xe
 728 00a1 3A       		.uleb128 0x3a
 729 00a2 0B       		.uleb128 0xb
 730 00a3 3B       		.uleb128 0x3b
 731 00a4 0B       		.uleb128 0xb
 732 00a5 49       		.uleb128 0x49
 733 00a6 13       		.uleb128 0x13
 734 00a7 3F       		.uleb128 0x3f
 735 00a8 0C       		.uleb128 0xc
 736 00a9 02       		.uleb128 0x2
 737 00aa 0A       		.uleb128 0xa
 738 00ab 00       		.byte	0
ARM GAS  /tmp/ccipJ5k7.s 			page 14


 739 00ac 00       		.byte	0
 740 00ad 00       		.byte	0
 741              		.section	.debug_aranges,"",%progbits
 742 0000 1C000000 		.4byte	0x1c
 743 0004 0200     		.2byte	0x2
 744 0006 00000000 		.4byte	.Ldebug_info0
 745 000a 04       		.byte	0x4
 746 000b 00       		.byte	0
 747 000c 0000     		.2byte	0
 748 000e 0000     		.2byte	0
 749 0010 00000000 		.4byte	.LFB7
 750 0014 02000000 		.4byte	.LFE7-.LFB7
 751 0018 00000000 		.4byte	0
 752 001c 00000000 		.4byte	0
 753              		.section	.debug_ranges,"",%progbits
 754              	.Ldebug_ranges0:
 755 0000 00000000 		.4byte	.LFB7
 756 0004 02000000 		.4byte	.LFE7
 757 0008 00000000 		.4byte	0
 758 000c 00000000 		.4byte	0
 759              		.section	.debug_line,"",%progbits
 760              	.Ldebug_line0:
 761 0000 C0000000 		.section	.debug_str,"MS",%progbits,1
 761      0200AA00 
 761      00000201 
 761      FB0E0D00 
 761      01010101 
 762              	.LASF22:
 763 0000 76656374 		.ascii	"vector24\000"
 763      6F723234 
 763      00
 764              	.LASF12:
 765 0009 6972715F 		.ascii	"irq_vector_t\000"
 765      76656374 
 765      6F725F74 
 765      00
 766              	.LASF26:
 767 0016 76656374 		.ascii	"vector34\000"
 767      6F723334 
 767      00
 768              	.LASF32:
 769 001f 5F766563 		.ascii	"_vectors\000"
 769      746F7273 
 769      00
 770              	.LASF13:
 771 0028 696E6974 		.ascii	"init_stack\000"
 771      5F737461 
 771      636B00
 772              	.LASF24:
 773 0033 73766361 		.ascii	"svcall_vector\000"
 773      6C6C5F76 
 773      6563746F 
 773      7200
 774              	.LASF2:
 775 0041 756E7369 		.ascii	"unsigned char\000"
 775      676E6564 
 775      20636861 
ARM GAS  /tmp/ccipJ5k7.s 			page 15


 775      7200
 776              	.LASF6:
 777 004f 6C6F6E67 		.ascii	"long unsigned int\000"
 777      20756E73 
 777      69676E65 
 777      6420696E 
 777      7400
 778              	.LASF4:
 779 0061 73686F72 		.ascii	"short unsigned int\000"
 779      7420756E 
 779      7369676E 
 779      65642069 
 779      6E7400
 780              	.LASF20:
 781 0074 76656374 		.ascii	"vector1c\000"
 781      6F723163 
 781      00
 782              	.LASF28:
 783 007d 73797374 		.ascii	"systick_vector\000"
 783      69636B5F 
 783      76656374 
 783      6F7200
 784              	.LASF0:
 785 008c 756E7369 		.ascii	"unsigned int\000"
 785      676E6564 
 785      20696E74 
 785      00
 786              	.LASF15:
 787 0099 6E6D695F 		.ascii	"nmi_vector\000"
 787      76656374 
 787      6F7200
 788              	.LASF34:
 789 00a4 2E2E2F2E 		.ascii	"../../os/ports/GCC/ARMCMx/STM32F1xx/vectors.c\000"
 789      2E2F6F73 
 789      2F706F72 
 789      74732F47 
 789      43432F41 
 790              	.LASF8:
 791 00d2 6C6F6E67 		.ascii	"long long unsigned int\000"
 791      206C6F6E 
 791      6720756E 
 791      7369676E 
 791      65642069 
 792              	.LASF18:
 793 00e9 62757366 		.ascii	"busfault_vector\000"
 793      61756C74 
 793      5F766563 
 793      746F7200 
 794              	.LASF23:
 795 00f9 76656374 		.ascii	"vector28\000"
 795      6F723238 
 795      00
 796              	.LASF19:
 797 0102 75736167 		.ascii	"usagefault_vector\000"
 797      65666175 
 797      6C745F76 
 797      6563746F 
ARM GAS  /tmp/ccipJ5k7.s 			page 16


 797      7200
 798              	.LASF30:
 799 0114 76656374 		.ascii	"vectors_t\000"
 799      6F72735F 
 799      7400
 800              	.LASF27:
 801 011e 70656E64 		.ascii	"pendsv_vector\000"
 801      73765F76 
 801      6563746F 
 801      7200
 802              	.LASF16:
 803 012c 68617264 		.ascii	"hardfault_vector\000"
 803      6661756C 
 803      745F7665 
 803      63746F72 
 803      00
 804              	.LASF7:
 805 013d 6C6F6E67 		.ascii	"long long int\000"
 805      206C6F6E 
 805      6720696E 
 805      7400
 806              	.LASF10:
 807 014b 63686172 		.ascii	"char\000"
 807      00
 808              	.LASF17:
 809 0150 6D656D6D 		.ascii	"memmanage_vector\000"
 809      616E6167 
 809      655F7665 
 809      63746F72 
 809      00
 810              	.LASF36:
 811 0161 5F756E68 		.ascii	"_unhandled_exception\000"
 811      616E646C 
 811      65645F65 
 811      78636570 
 811      74696F6E 
 812              	.LASF29:
 813 0176 76656374 		.ascii	"vectors\000"
 813      6F727300 
 814              	.LASF3:
 815 017e 73686F72 		.ascii	"short int\000"
 815      7420696E 
 815      7400
 816              	.LASF35:
 817 0188 2F686F6D 		.ascii	"/home/aggieair/workspace/ChibiOS_2.6.1/demos/ARMCM3"
 817      652F6167 
 817      67696561 
 817      69722F77 
 817      6F726B73 
 818 01bb 2D53544D 		.ascii	"-STM32F107/\000"
 818      33324631 
 818      30372F00 
 819              	.LASF14:
 820 01c7 72657365 		.ascii	"reset_vector\000"
 820      745F7665 
 820      63746F72 
 820      00
ARM GAS  /tmp/ccipJ5k7.s 			page 17


 821              	.LASF11:
 822 01d4 75696E74 		.ascii	"uint32_t\000"
 822      33325F74 
 822      00
 823              	.LASF5:
 824 01dd 6C6F6E67 		.ascii	"long int\000"
 824      20696E74 
 824      00
 825              	.LASF1:
 826 01e6 7369676E 		.ascii	"signed char\000"
 826      65642063 
 826      68617200 
 827              	.LASF25:
 828 01f2 64656275 		.ascii	"debugmonitor_vector\000"
 828      676D6F6E 
 828      69746F72 
 828      5F766563 
 828      746F7200 
 829              	.LASF21:
 830 0206 76656374 		.ascii	"vector20\000"
 830      6F723230 
 830      00
 831              	.LASF9:
 832 020f 5F426F6F 		.ascii	"_Bool\000"
 832      6C00
 833              	.LASF33:
 834 0215 474E5520 		.ascii	"GNU C 4.6.2 20110908 (prerelease)\000"
 834      4320342E 
 834      362E3220 
 834      32303131 
 834      30393038 
 835              	.LASF31:
 836 0237 5F5F6D61 		.ascii	"__main_stack_end__\000"
 836      696E5F73 
 836      7461636B 
 836      5F656E64 
 836      5F5F00
 837              		.ident	"GCC: (Linaro GCC 4.6-2011.09-1) 4.6.2 20110908 (prerelease)"
ARM GAS  /tmp/ccipJ5k7.s 			page 18


DEFINED SYMBOLS
                            *ABS*:0000000000000000 vectors.c
     /tmp/ccipJ5k7.s:18     .text._unhandled_exception:0000000000000000 $t
     /tmp/ccipJ5k7.s:24     .text._unhandled_exception:0000000000000000 _unhandled_exception
     /tmp/ccipJ5k7.s:207    vectors:0000000000000000 _vectors
     /tmp/ccipJ5k7.s:24     .text._unhandled_exception:0000000000000000 NMIVector
     /tmp/ccipJ5k7.s:24     .text._unhandled_exception:0000000000000000 HardFaultVector
     /tmp/ccipJ5k7.s:24     .text._unhandled_exception:0000000000000000 MemManageVector
     /tmp/ccipJ5k7.s:24     .text._unhandled_exception:0000000000000000 BusFaultVector
     /tmp/ccipJ5k7.s:24     .text._unhandled_exception:0000000000000000 UsageFaultVector
     /tmp/ccipJ5k7.s:24     .text._unhandled_exception:0000000000000000 Vector1C
     /tmp/ccipJ5k7.s:24     .text._unhandled_exception:0000000000000000 Vector20
     /tmp/ccipJ5k7.s:24     .text._unhandled_exception:0000000000000000 Vector24
     /tmp/ccipJ5k7.s:24     .text._unhandled_exception:0000000000000000 Vector28
     /tmp/ccipJ5k7.s:24     .text._unhandled_exception:0000000000000000 SVCallVector
     /tmp/ccipJ5k7.s:24     .text._unhandled_exception:0000000000000000 DebugMonitorVector
     /tmp/ccipJ5k7.s:24     .text._unhandled_exception:0000000000000000 Vector34
     /tmp/ccipJ5k7.s:24     .text._unhandled_exception:0000000000000000 PendSVVector
     /tmp/ccipJ5k7.s:24     .text._unhandled_exception:0000000000000000 SysTickVector
     /tmp/ccipJ5k7.s:24     .text._unhandled_exception:0000000000000000 Vector40
     /tmp/ccipJ5k7.s:24     .text._unhandled_exception:0000000000000000 Vector44
     /tmp/ccipJ5k7.s:24     .text._unhandled_exception:0000000000000000 Vector48
     /tmp/ccipJ5k7.s:24     .text._unhandled_exception:0000000000000000 Vector4C
     /tmp/ccipJ5k7.s:24     .text._unhandled_exception:0000000000000000 Vector50
     /tmp/ccipJ5k7.s:24     .text._unhandled_exception:0000000000000000 Vector54
     /tmp/ccipJ5k7.s:24     .text._unhandled_exception:0000000000000000 Vector58
     /tmp/ccipJ5k7.s:24     .text._unhandled_exception:0000000000000000 Vector5C
     /tmp/ccipJ5k7.s:24     .text._unhandled_exception:0000000000000000 Vector60
     /tmp/ccipJ5k7.s:24     .text._unhandled_exception:0000000000000000 Vector64
     /tmp/ccipJ5k7.s:24     .text._unhandled_exception:0000000000000000 Vector68
     /tmp/ccipJ5k7.s:24     .text._unhandled_exception:0000000000000000 Vector6C
     /tmp/ccipJ5k7.s:24     .text._unhandled_exception:0000000000000000 Vector70
     /tmp/ccipJ5k7.s:24     .text._unhandled_exception:0000000000000000 Vector74
     /tmp/ccipJ5k7.s:24     .text._unhandled_exception:0000000000000000 Vector78
     /tmp/ccipJ5k7.s:24     .text._unhandled_exception:0000000000000000 Vector7C
     /tmp/ccipJ5k7.s:24     .text._unhandled_exception:0000000000000000 Vector80
     /tmp/ccipJ5k7.s:24     .text._unhandled_exception:0000000000000000 Vector84
     /tmp/ccipJ5k7.s:24     .text._unhandled_exception:0000000000000000 Vector88
     /tmp/ccipJ5k7.s:24     .text._unhandled_exception:0000000000000000 Vector8C
     /tmp/ccipJ5k7.s:24     .text._unhandled_exception:0000000000000000 Vector90
     /tmp/ccipJ5k7.s:24     .text._unhandled_exception:0000000000000000 Vector94
     /tmp/ccipJ5k7.s:24     .text._unhandled_exception:0000000000000000 Vector98
     /tmp/ccipJ5k7.s:24     .text._unhandled_exception:0000000000000000 Vector9C
     /tmp/ccipJ5k7.s:24     .text._unhandled_exception:0000000000000000 VectorA0
     /tmp/ccipJ5k7.s:24     .text._unhandled_exception:0000000000000000 VectorA4
     /tmp/ccipJ5k7.s:24     .text._unhandled_exception:0000000000000000 VectorA8
     /tmp/ccipJ5k7.s:24     .text._unhandled_exception:0000000000000000 VectorAC
     /tmp/ccipJ5k7.s:24     .text._unhandled_exception:0000000000000000 VectorB0
     /tmp/ccipJ5k7.s:24     .text._unhandled_exception:0000000000000000 VectorB4
     /tmp/ccipJ5k7.s:24     .text._unhandled_exception:0000000000000000 VectorB8
     /tmp/ccipJ5k7.s:24     .text._unhandled_exception:0000000000000000 VectorBC
     /tmp/ccipJ5k7.s:24     .text._unhandled_exception:0000000000000000 VectorC0
     /tmp/ccipJ5k7.s:24     .text._unhandled_exception:0000000000000000 VectorC4
     /tmp/ccipJ5k7.s:24     .text._unhandled_exception:0000000000000000 VectorC8
     /tmp/ccipJ5k7.s:24     .text._unhandled_exception:0000000000000000 VectorCC
     /tmp/ccipJ5k7.s:24     .text._unhandled_exception:0000000000000000 VectorD0
     /tmp/ccipJ5k7.s:24     .text._unhandled_exception:0000000000000000 VectorD4
ARM GAS  /tmp/ccipJ5k7.s 			page 19


     /tmp/ccipJ5k7.s:24     .text._unhandled_exception:0000000000000000 VectorD8
     /tmp/ccipJ5k7.s:24     .text._unhandled_exception:0000000000000000 VectorDC
     /tmp/ccipJ5k7.s:24     .text._unhandled_exception:0000000000000000 VectorE0
     /tmp/ccipJ5k7.s:24     .text._unhandled_exception:0000000000000000 VectorE4
     /tmp/ccipJ5k7.s:24     .text._unhandled_exception:0000000000000000 VectorE8
     /tmp/ccipJ5k7.s:24     .text._unhandled_exception:0000000000000000 VectorEC
     /tmp/ccipJ5k7.s:24     .text._unhandled_exception:0000000000000000 VectorF0
     /tmp/ccipJ5k7.s:24     .text._unhandled_exception:0000000000000000 VectorF4
     /tmp/ccipJ5k7.s:24     .text._unhandled_exception:0000000000000000 VectorF8
     /tmp/ccipJ5k7.s:24     .text._unhandled_exception:0000000000000000 VectorFC
     /tmp/ccipJ5k7.s:24     .text._unhandled_exception:0000000000000000 Vector100
     /tmp/ccipJ5k7.s:24     .text._unhandled_exception:0000000000000000 Vector104
     /tmp/ccipJ5k7.s:24     .text._unhandled_exception:0000000000000000 Vector108
     /tmp/ccipJ5k7.s:24     .text._unhandled_exception:0000000000000000 Vector10C
     /tmp/ccipJ5k7.s:24     .text._unhandled_exception:0000000000000000 Vector110
     /tmp/ccipJ5k7.s:24     .text._unhandled_exception:0000000000000000 Vector114
     /tmp/ccipJ5k7.s:24     .text._unhandled_exception:0000000000000000 Vector118
     /tmp/ccipJ5k7.s:24     .text._unhandled_exception:0000000000000000 Vector11C
     /tmp/ccipJ5k7.s:24     .text._unhandled_exception:0000000000000000 Vector120
     /tmp/ccipJ5k7.s:24     .text._unhandled_exception:0000000000000000 Vector124
     /tmp/ccipJ5k7.s:24     .text._unhandled_exception:0000000000000000 Vector128
     /tmp/ccipJ5k7.s:24     .text._unhandled_exception:0000000000000000 Vector12C
     /tmp/ccipJ5k7.s:24     .text._unhandled_exception:0000000000000000 Vector130
     /tmp/ccipJ5k7.s:24     .text._unhandled_exception:0000000000000000 Vector134
     /tmp/ccipJ5k7.s:24     .text._unhandled_exception:0000000000000000 Vector138
     /tmp/ccipJ5k7.s:24     .text._unhandled_exception:0000000000000000 Vector13C
     /tmp/ccipJ5k7.s:24     .text._unhandled_exception:0000000000000000 Vector140
     /tmp/ccipJ5k7.s:24     .text._unhandled_exception:0000000000000000 Vector144
     /tmp/ccipJ5k7.s:24     .text._unhandled_exception:0000000000000000 Vector148
     /tmp/ccipJ5k7.s:24     .text._unhandled_exception:0000000000000000 Vector14C
     /tmp/ccipJ5k7.s:204    vectors:0000000000000000 $d
                     .debug_frame:0000000000000010 $d

UNDEFINED SYMBOLS
__main_stack_end__
ResetHandler
