ARM GAS  /tmp/cchosg1M.s 			page 1


   1              		.syntax unified
   2              		.cpu cortex-m4
   3              		.fpu softvfp
   4              		.eabi_attribute 20, 1
   5              		.eabi_attribute 21, 1
   6              		.eabi_attribute 23, 3
   7              		.eabi_attribute 24, 1
   8              		.eabi_attribute 25, 1
   9              		.eabi_attribute 26, 1
  10              		.eabi_attribute 30, 2
  11              		.eabi_attribute 18, 4
  12              		.thumb
  13              		.file	"chprintf.c"
  14              		.text
  15              	.Ltext0:
  16              		.cfi_sections	.debug_frame
  17              		.section	.text.chprintf,"ax",%progbits
  18              		.align	2
  19              		.p2align 4,,15
  20              		.global	chprintf
  21              		.thumb
  22              		.thumb_func
  23              		.type	chprintf, %function
  24              	chprintf:
  25              	.LFB9:
  26              		.file 1 "../../os/various/chprintf.c"
  27              		.loc 1 108 0
  28              		.cfi_startproc
  29              		@ args = 4, pretend = 12, frame = 32
  30              		@ frame_needed = 0, uses_anonymous_args = 1
  31              	.LVL0:
  32 0000 0EB4     		push	{r1, r2, r3}
  33              	.LCFI0:
  34              		.cfi_def_cfa_offset 12
  35              		.cfi_offset 3, -4
  36              		.cfi_offset 2, -8
  37              		.cfi_offset 1, -12
  38 0002 2DE9F04F 		push	{r4, r5, r6, r7, r8, r9, sl, fp, lr}
  39              	.LCFI1:
  40              		.cfi_def_cfa_offset 48
  41              		.cfi_offset 14, -16
  42              		.cfi_offset 11, -20
  43              		.cfi_offset 10, -24
  44              		.cfi_offset 9, -28
  45              		.cfi_offset 8, -32
  46              		.cfi_offset 7, -36
  47              		.cfi_offset 6, -40
  48              		.cfi_offset 5, -44
  49              		.cfi_offset 4, -48
  50 0006 88B0     		sub	sp, sp, #32
  51              	.LCFI2:
  52              		.cfi_def_cfa_offset 80
  53              		.loc 1 108 0
  54 0008 11AB     		add	r3, sp, #68
  55              		.loc 1 132 0
  56 000a 04AA     		add	r2, sp, #16
  57              		.loc 1 108 0
ARM GAS  /tmp/cchosg1M.s 			page 2


  58 000c 53F8044B 		ldr	r4, [r3], #4
  59              		.loc 1 132 0
  60 0010 0292     		str	r2, [sp, #8]
  61              		.loc 1 121 0
  62 0012 0793     		str	r3, [sp, #28]
  63              		.loc 1 236 0
  64 0014 0DF11103 		add	r3, sp, #17
  65              	.LBB12:
  66              	.LBB13:
  67              	.LBB14:
  68              		.loc 1 53 0
  69 0018 4CF6CD47 		movw	r7, #52429
  70              	.LBE14:
  71              	.LBE13:
  72              	.LBE12:
  73              		.loc 1 236 0
  74 001c C2EB0308 		rsb	r8, r2, r3
  75 0020 0193     		str	r3, [sp, #4]
  76              		.loc 1 108 0
  77 0022 0546     		mov	r5, r0
  78              		.loc 1 236 0
  79 0024 CDF80C80 		str	r8, [sp, #12]
  80              	.LBB19:
  81              	.LBB17:
  82              	.LBB15:
  83              		.loc 1 53 0
  84 0028 CCF6CC47 		movt	r7, 52428
  85              	.LVL1:
  86              	.L69:
  87              	.LBE15:
  88              	.LBE17:
  89              	.LBE19:
  90              		.loc 1 123 0
  91 002c 2178     		ldrb	r1, [r4, #0]	@ zero_extendqisi2
  92              	.LVL2:
  93              		.loc 1 124 0
  94 002e 59B1     		cbz	r1, .L70
  95              	.LVL3:
  96              	.L75:
  97              		.loc 1 128 0
  98 0030 2529     		cmp	r1, #37
  99              		.loc 1 123 0
 100 0032 04F10108 		add	r8, r4, #1
 101              		.loc 1 128 0
 102 0036 0CD0     		beq	.L4
 103              		.loc 1 129 0
 104 0038 2B68     		ldr	r3, [r5, #0]
 105              		.loc 1 123 0
 106 003a 4446     		mov	r4, r8
 107              		.loc 1 129 0
 108 003c 2846     		mov	r0, r5
 109 003e 9B68     		ldr	r3, [r3, #8]
 110 0040 9847     		blx	r3
 111              	.LVL4:
 112              		.loc 1 123 0
 113 0042 2178     		ldrb	r1, [r4, #0]	@ zero_extendqisi2
 114              	.LVL5:
ARM GAS  /tmp/cchosg1M.s 			page 3


 115              		.loc 1 124 0
 116 0044 0029     		cmp	r1, #0
 117 0046 F3D1     		bne	.L75
 118              	.LVL6:
 119              	.L70:
 120              		.loc 1 261 0
 121 0048 08B0     		add	sp, sp, #32
 122 004a BDE8F04F 		pop	{r4, r5, r6, r7, r8, r9, sl, fp, lr}
 123 004e 03B0     		add	sp, sp, #12
 124 0050 7047     		bx	lr
 125              	.L4:
 126              	.LVL7:
 127              		.loc 1 135 0
 128 0052 6278     		ldrb	r2, [r4, #1]	@ zero_extendqisi2
 129 0054 2D2A     		cmp	r2, #45
 130              		.loc 1 136 0
 131 0056 03BF     		ittte	eq
 132 0058 A278     		ldrbeq	r2, [r4, #2]	@ zero_extendqisi2
 133 005a 04F10208 		addeq	r8, r4, #2
 134              	.LVL8:
 135              		.loc 1 137 0
 136 005e 4FF0010B 		moveq	fp, #1
 137              		.loc 1 134 0
 138 0062 4FF0000B 		movne	fp, #0
 139              	.LVL9:
 140              		.loc 1 139 0
 141 0066 2026     		movs	r6, #32
 142              		.loc 1 140 0
 143 0068 2E2A     		cmp	r2, #46
 144 006a 18BF     		it	ne
 145 006c 302A     		cmpne	r2, #48
 146 006e 04D1     		bne	.L7
 147              	.LVL10:
 148              		.loc 1 141 0
 149 0070 98F80120 		ldrb	r2, [r8, #1]	@ zero_extendqisi2
 150              		.loc 1 142 0
 151 0074 3026     		movs	r6, #48
 152              		.loc 1 141 0
 153 0076 08F10108 		add	r8, r8, #1
 154              	.LVL11:
 155              	.L7:
 156 007a 0798     		ldr	r0, [sp, #28]
 157              		.loc 1 142 0
 158 007c 4446     		mov	r4, r8
 159              		.loc 1 144 0
 160 007e 0023     		movs	r3, #0
 161 0080 06E0     		b	.L10
 162              	.LVL12:
 163              	.L76:
 164              		.loc 1 150 0
 165 0082 0178     		ldrb	r1, [r0, #0]	@ zero_extendqisi2
 166              	.LVL13:
 167 0084 0430     		adds	r0, r0, #4
 168              	.LVL14:
 169              	.L8:
 170              		.loc 1 153 0
 171 0086 03EB8303 		add	r3, r3, r3, lsl #2
ARM GAS  /tmp/cchosg1M.s 			page 4


 172              	.LVL15:
 173 008a 2278     		ldrb	r2, [r4, #0]	@ zero_extendqisi2
 174 008c 01EB4303 		add	r3, r1, r3, lsl #1
 175              	.LVL16:
 176              	.L10:
 177              		.loc 1 147 0
 178 0090 A2F13001 		sub	r1, r2, #48
 179 0094 C9B2     		uxtb	r1, r1
 180              		.loc 1 146 0
 181 0096 0134     		adds	r4, r4, #1
 182              	.LVL17:
 183              		.loc 1 147 0
 184 0098 0929     		cmp	r1, #9
 185 009a F4D9     		bls	.L8
 186              		.loc 1 149 0
 187 009c 2A2A     		cmp	r2, #42
 188 009e F0D0     		beq	.L76
 189              		.loc 1 156 0
 190 00a0 2E2A     		cmp	r2, #46
 191              		.loc 1 154 0
 192 00a2 0790     		str	r0, [sp, #28]
 193              	.LVL18:
 194              		.loc 1 156 0
 195 00a4 4FF0000C 		mov	ip, #0
 196 00a8 4BD0     		beq	.L14
 197              	.LVL19:
 198              		.loc 1 170 0
 199 00aa 6C2A     		cmp	r2, #108
 200 00ac 18BF     		it	ne
 201 00ae 4C2A     		cmpne	r2, #76
 202 00b0 55D1     		bne	.L15
 203              	.LVL20:
 204              	.L77:
 205              		.loc 1 172 0
 206 00b2 2178     		ldrb	r1, [r4, #0]	@ zero_extendqisi2
 207              		.loc 1 171 0
 208 00b4 0120     		movs	r0, #1
 209              		.loc 1 172 0
 210 00b6 11B1     		cbz	r1, .L16
 211              	.LVL21:
 212              		.loc 1 173 0
 213 00b8 0134     		adds	r4, r4, #1
 214              	.LVL22:
 215 00ba 0A46     		mov	r2, r1
 216              		.loc 1 171 0
 217 00bc 0120     		movs	r0, #1
 218              	.LVL23:
 219              	.L16:
 220              		.loc 1 179 0
 221 00be A2F14401 		sub	r1, r2, #68
 222 00c2 3429     		cmp	r1, #52
 223 00c4 00F23181 		bhi	.L17
 224 00c8 DFE811F0 		tbh	[pc, r1, lsl #1]
 225              	.L24:
 226 00cc FB00     		.2byte	(.L18-.L24)/2
 227 00ce 2F01     		.2byte	(.L17-.L24)/2
 228 00d0 2F01     		.2byte	(.L17-.L24)/2
ARM GAS  /tmp/cchosg1M.s 			page 5


 229 00d2 2F01     		.2byte	(.L17-.L24)/2
 230 00d4 2F01     		.2byte	(.L17-.L24)/2
 231 00d6 FB00     		.2byte	(.L18-.L24)/2
 232 00d8 2F01     		.2byte	(.L17-.L24)/2
 233 00da 2F01     		.2byte	(.L17-.L24)/2
 234 00dc 2F01     		.2byte	(.L17-.L24)/2
 235 00de 2F01     		.2byte	(.L17-.L24)/2
 236 00e0 2F01     		.2byte	(.L17-.L24)/2
 237 00e2 F800     		.2byte	(.L19-.L24)/2
 238 00e4 2F01     		.2byte	(.L17-.L24)/2
 239 00e6 2F01     		.2byte	(.L17-.L24)/2
 240 00e8 2F01     		.2byte	(.L17-.L24)/2
 241 00ea 2F01     		.2byte	(.L17-.L24)/2
 242 00ec 2F01     		.2byte	(.L17-.L24)/2
 243 00ee EF00     		.2byte	(.L52-.L24)/2
 244 00f0 2F01     		.2byte	(.L17-.L24)/2
 245 00f2 2F01     		.2byte	(.L17-.L24)/2
 246 00f4 BC00     		.2byte	(.L21-.L24)/2
 247 00f6 2F01     		.2byte	(.L17-.L24)/2
 248 00f8 2F01     		.2byte	(.L17-.L24)/2
 249 00fa 2F01     		.2byte	(.L17-.L24)/2
 250 00fc 2F01     		.2byte	(.L17-.L24)/2
 251 00fe 2F01     		.2byte	(.L17-.L24)/2
 252 0100 2F01     		.2byte	(.L17-.L24)/2
 253 0102 2F01     		.2byte	(.L17-.L24)/2
 254 0104 2F01     		.2byte	(.L17-.L24)/2
 255 0106 2F01     		.2byte	(.L17-.L24)/2
 256 0108 2F01     		.2byte	(.L17-.L24)/2
 257 010a 9500     		.2byte	(.L22-.L24)/2
 258 010c FB00     		.2byte	(.L18-.L24)/2
 259 010e 2F01     		.2byte	(.L17-.L24)/2
 260 0110 2F01     		.2byte	(.L17-.L24)/2
 261 0112 2F01     		.2byte	(.L17-.L24)/2
 262 0114 2F01     		.2byte	(.L17-.L24)/2
 263 0116 FB00     		.2byte	(.L18-.L24)/2
 264 0118 2F01     		.2byte	(.L17-.L24)/2
 265 011a 2F01     		.2byte	(.L17-.L24)/2
 266 011c 2F01     		.2byte	(.L17-.L24)/2
 267 011e 2F01     		.2byte	(.L17-.L24)/2
 268 0120 2F01     		.2byte	(.L17-.L24)/2
 269 0122 F800     		.2byte	(.L19-.L24)/2
 270 0124 2F01     		.2byte	(.L17-.L24)/2
 271 0126 2F01     		.2byte	(.L17-.L24)/2
 272 0128 2F01     		.2byte	(.L17-.L24)/2
 273 012a 5000     		.2byte	(.L23-.L24)/2
 274 012c 2F01     		.2byte	(.L17-.L24)/2
 275 012e EF00     		.2byte	(.L52-.L24)/2
 276 0130 2F01     		.2byte	(.L17-.L24)/2
 277 0132 2F01     		.2byte	(.L17-.L24)/2
 278 0134 BC00     		.2byte	(.L21-.L24)/2
 279              	.LVL24:
 280              	.L13:
 281              		.loc 1 162 0
 282 0136 0178     		ldrb	r1, [r0, #0]	@ zero_extendqisi2
 283              	.LVL25:
 284 0138 0430     		adds	r0, r0, #4
 285              	.LVL26:
ARM GAS  /tmp/cchosg1M.s 			page 6


 286              	.L12:
 287              		.loc 1 165 0
 288 013a 0CEB8C0C 		add	ip, ip, ip, lsl #2
 289              	.LVL27:
 290              		.loc 1 166 0
 291 013e 01EB4C0C 		add	ip, r1, ip, lsl #1
 292              	.LVL28:
 293              	.L14:
 294              		.loc 1 158 0
 295 0142 14F8012B 		ldrb	r2, [r4], #1	@ zero_extendqisi2
 296              	.LVL29:
 297              		.loc 1 159 0
 298 0146 A2F13001 		sub	r1, r2, #48
 299 014a C9B2     		uxtb	r1, r1
 300 014c 0929     		cmp	r1, #9
 301 014e F4D9     		bls	.L12
 302              		.loc 1 161 0
 303 0150 2A2A     		cmp	r2, #42
 304 0152 F0D0     		beq	.L13
 305              		.loc 1 170 0
 306 0154 6C2A     		cmp	r2, #108
 307 0156 18BF     		it	ne
 308 0158 4C2A     		cmpne	r2, #76
 309              		.loc 1 161 0
 310 015a 0790     		str	r0, [sp, #28]
 311              		.loc 1 170 0
 312 015c A9D0     		beq	.L77
 313              	.LVL30:
 314              	.L15:
 315              		.loc 1 176 0
 316 015e A2F14100 		sub	r0, r2, #65
 317 0162 1928     		cmp	r0, #25
 318 0164 8CBF     		ite	hi
 319 0166 0020     		movhi	r0, #0
 320 0168 0120     		movls	r0, #1
 321 016a A8E7     		b	.L16
 322              	.LVL31:
 323              	.L23:
 324              		.loc 1 186 0
 325 016c 079A     		ldr	r2, [sp, #28]
 326              	.LVL32:
 327 016e 111D     		adds	r1, r2, #4
 328              	.LVL33:
 329 0170 0791     		str	r1, [sp, #28]
 330 0172 D2F80080 		ldr	r8, [r2, #0]
 331              	.LVL34:
 332              		.loc 1 187 0
 333 0176 40F20000 		movw	r0, #:lower16:.LC0
 334              	.LVL35:
 335 017a C0F20000 		movt	r0, #:upper16:.LC0
 336 017e B8F1000F 		cmp	r8, #0
 337 0182 08BF     		it	eq
 338 0184 8046     		moveq	r8, r0
 339              	.LVL36:
 340              		.loc 1 189 0
 341 0186 47F6FF71 		movw	r1, #32767
 342              		.loc 1 190 0
ARM GAS  /tmp/cchosg1M.s 			page 7


 343 018a 98F80020 		ldrb	r2, [r8, #0]	@ zero_extendqisi2
 344              		.loc 1 189 0
 345 018e BCF1000F 		cmp	ip, #0
 346 0192 08BF     		it	eq
 347 0194 8C46     		moveq	ip, r1
 348              	.LVL37:
 349              		.loc 1 190 0
 350 0196 9146     		mov	r9, r2
 351              		.loc 1 185 0
 352 0198 2026     		movs	r6, #32
 353              		.loc 1 190 0
 354 019a 002A     		cmp	r2, #0
 355 019c 36D0     		beq	.L25
 356              	.LVL38:
 357              		.loc 1 108 0
 358 019e C444     		add	ip, r8, ip
 359              	.LVL39:
 360 01a0 C146     		mov	r9, r8
 361 01a2 01E0     		b	.L29
 362              	.LVL40:
 363              	.L28:
 364              		.loc 1 190 0 discriminator 2
 365 01a4 E145     		cmp	r9, ip
 366 01a6 03D0     		beq	.L73
 367              	.LVL41:
 368              	.L29:
 369              		.loc 1 190 0 is_stmt 0 discriminator 1
 370 01a8 19F8012F 		ldrb	r2, [r9, #1]!	@ zero_extendqisi2
 371              	.LVL42:
 372 01ac 002A     		cmp	r2, #0
 373 01ae F9D1     		bne	.L28
 374              	.L73:
 375              		.loc 1 190 0
 376 01b0 C8EB0909 		rsb	r9, r8, r9
 377              	.LVL43:
 378              		.loc 1 240 0 is_stmt 1
 379 01b4 C9EB0303 		rsb	r3, r9, r3
 380              	.LVL44:
 381              		.loc 1 185 0
 382 01b8 2026     		movs	r6, #32
 383              	.LVL45:
 384              		.loc 1 240 0
 385 01ba 23EAE37A 		bic	sl, r3, r3, asr #31
 386              	.LVL46:
 387              		.loc 1 242 0
 388 01be BBF1000F 		cmp	fp, #0
 389 01c2 2AD0     		beq	.L78
 390              	.LVL47:
 391              	.L42:
 392              		.loc 1 253 0 discriminator 1
 393 01c4 B9F1000F 		cmp	r9, #0
 394 01c8 08DD     		ble	.L45
 395              		.loc 1 108 0
 396 01ca C144     		add	r9, r8, r9
 397              	.LVL48:
 398              	.L46:
 399              		.loc 1 254 0
ARM GAS  /tmp/cchosg1M.s 			page 8


 400 01cc 2B68     		ldr	r3, [r5, #0]
 401 01ce 18F8011B 		ldrb	r1, [r8], #1	@ zero_extendqisi2
 402              	.LVL49:
 403 01d2 9B68     		ldr	r3, [r3, #8]
 404 01d4 2846     		mov	r0, r5
 405 01d6 9847     		blx	r3
 406              	.LVL50:
 407              		.loc 1 253 0
 408 01d8 C845     		cmp	r8, r9
 409 01da F7D1     		bne	.L46
 410              	.L45:
 411              	.LVL51:
 412              		.loc 1 256 0 discriminator 1
 413 01dc BAF1000F 		cmp	sl, #0
 414 01e0 3FF424AF 		beq	.L69
 415              	.L58:
 416              		.loc 1 257 0
 417 01e4 2B68     		ldr	r3, [r5, #0]
 418 01e6 2846     		mov	r0, r5
 419 01e8 9B68     		ldr	r3, [r3, #8]
 420 01ea 3146     		mov	r1, r6
 421 01ec 9847     		blx	r3
 422              	.LVL52:
 423              		.loc 1 256 0
 424 01ee BAF1010A 		subs	sl, sl, #1
 425              	.LVL53:
 426 01f2 F7D1     		bne	.L58
 427 01f4 1AE7     		b	.L69
 428              	.LVL54:
 429              	.L22:
 430              		.loc 1 182 0
 431 01f6 079A     		ldr	r2, [sp, #28]
 432              	.LVL55:
 433 01f8 DDF80C90 		ldr	r9, [sp, #12]
 434 01fc 1168     		ldr	r1, [r2, #0]
 435              	.LVL56:
 436 01fe 0432     		adds	r2, r2, #4
 437 0200 0792     		str	r2, [sp, #28]
 438 0202 8DF81010 		strb	r1, [sp, #16]
 439              	.LVL57:
 440              		.loc 1 181 0
 441 0206 2026     		movs	r6, #32
 442              		.loc 1 133 0
 443 0208 0DF11008 		add	r8, sp, #16
 444              	.LVL58:
 445              	.L25:
 446              		.loc 1 240 0
 447 020c C9EB0303 		rsb	r3, r9, r3
 448              	.LVL59:
 449 0210 23EAE37A 		bic	sl, r3, r3, asr #31
 450              	.LVL60:
 451              		.loc 1 242 0
 452 0214 BBF1000F 		cmp	fp, #0
 453 0218 D4D1     		bne	.L42
 454              	.LVL61:
 455              	.L78:
 456              		.loc 1 243 0
ARM GAS  /tmp/cchosg1M.s 			page 9


 457 021a CAF1000A 		rsb	sl, sl, #0
 458              	.LVL62:
 459              		.loc 1 244 0
 460 021e BAF1000F 		cmp	sl, #0
 461 0222 CFD0     		beq	.L42
 462              		.loc 1 245 0
 463 0224 98F80030 		ldrb	r3, [r8, #0]	@ zero_extendqisi2
 464 0228 2D2B     		cmp	r3, #45
 465 022a 08BF     		it	eq
 466 022c 302E     		cmpeq	r6, #48
 467 022e 00F09180 		beq	.L79
 468              	.LVL63:
 469              	.L59:
 470              		.loc 1 250 0 discriminator 1
 471 0232 2B68     		ldr	r3, [r5, #0]
 472 0234 2846     		mov	r0, r5
 473 0236 9B68     		ldr	r3, [r3, #8]
 474 0238 3146     		mov	r1, r6
 475 023a 9847     		blx	r3
 476              	.LVL64:
 477              		.loc 1 251 0 discriminator 1
 478 023c 1AF1010A 		adds	sl, sl, #1
 479              	.LVL65:
 480 0240 F7D1     		bne	.L59
 481 0242 BFE7     		b	.L42
 482              	.LVL66:
 483              	.L21:
 484              		.loc 1 179 0
 485 0244 4FF01008 		mov	r8, #16
 486              	.LVL67:
 487              	.L20:
 488              		.loc 1 230 0
 489 0248 079A     		ldr	r2, [sp, #28]
 490              		.loc 1 229 0
 491 024a 0028     		cmp	r0, #0
 492 024c 32D0     		beq	.L36
 493              	.L81:
 494              		.loc 1 230 0
 495 024e 111D     		adds	r1, r2, #4
 496 0250 0791     		str	r1, [sp, #28]
 497 0252 1168     		ldr	r1, [r2, #0]
 498              	.LVL68:
 499              	.L37:
 500              		.loc 1 232 0
 501 0254 0DF11A0C 		add	ip, sp, #26
 502              	.LVL69:
 503 0258 0846     		mov	r0, r1
 504 025a B146     		mov	r9, r6
 505              	.LVL70:
 506              	.L39:
 507              	.LBB20:
 508              	.LBB21:
 509              	.LBB22:
 510              		.loc 1 53 0
 511 025c B1FBF8F6 		udiv	r6, r1, r8
 512 0260 08FB1611 		mls	r1, r8, r6, r1
 513              	.LVL71:
ARM GAS  /tmp/cchosg1M.s 			page 10


 514              		.loc 1 54 0
 515 0264 01F13002 		add	r2, r1, #48
 516              	.LVL72:
 517              		.loc 1 55 0
 518 0268 392A     		cmp	r2, #57
 519              		.loc 1 56 0
 520 026a C8BF     		it	gt
 521 026c 01F13702 		addgt	r2, r1, #55
 522              	.LVL73:
 523              		.loc 1 57 0
 524 0270 D2B2     		uxtb	r2, r2
 525              	.LVL74:
 526              		.loc 1 59 0
 527 0272 B0FBF8F0 		udiv	r0, r0, r8
 528              	.LVL75:
 529              		.loc 1 57 0
 530 0276 E246     		mov	sl, ip
 531              	.LVL76:
 532              		.loc 1 58 0
 533 0278 3146     		mov	r1, r6
 534              	.LVL77:
 535              		.loc 1 57 0
 536 027a 0CF80129 		strb	r2, [ip], #-1
 537              	.LVL78:
 538              		.loc 1 59 0
 539 027e 0028     		cmp	r0, #0
 540 0280 ECD1     		bne	.L39
 541 0282 4E46     		mov	r6, r9
 542              	.LVL79:
 543              		.loc 1 61 0
 544 0284 0DF11B09 		add	r9, sp, #27
 545              	.LVL80:
 546              		.loc 1 108 0
 547 0288 0DF11008 		add	r8, sp, #16
 548              	.LVL81:
 549              		.loc 1 61 0
 550 028c CAEB0909 		rsb	r9, sl, r9
 551              	.LVL82:
 552              		.loc 1 108 0
 553 0290 08EB0900 		add	r0, r8, r9
 554              	.LVL83:
 555              	.LBE22:
 556              	.LBE21:
 557              	.LBE20:
 558              		.loc 1 132 0
 559 0294 4146     		mov	r1, r8
 560              	.LVL84:
 561 0296 01E0     		b	.L41
 562              	.LVL85:
 563              	.L80:
 564              	.LBB25:
 565              	.LBB24:
 566              	.LBB23:
 567              		.loc 1 64 0
 568 0298 1AF8012F 		ldrb	r2, [sl, #1]!	@ zero_extendqisi2
 569              	.L41:
 570              		.loc 1 63 0
ARM GAS  /tmp/cchosg1M.s 			page 11


 571 029c 01F8012B 		strb	r2, [r1], #1
 572              	.LVL86:
 573              		.loc 1 64 0
 574 02a0 8142     		cmp	r1, r0
 575 02a2 F9D1     		bne	.L80
 576              	.LBE23:
 577              	.LBE24:
 578              	.LBE25:
 579              		.loc 1 133 0
 580 02a4 0DF11008 		add	r8, sp, #16
 581              		.loc 1 237 0
 582 02a8 B0E7     		b	.L25
 583              	.LVL87:
 584              	.L52:
 585              		.loc 1 179 0
 586 02aa 4FF00A08 		mov	r8, #10
 587              	.LVL88:
 588              		.loc 1 230 0
 589 02ae 079A     		ldr	r2, [sp, #28]
 590              		.loc 1 229 0
 591 02b0 0028     		cmp	r0, #0
 592 02b2 CCD1     		bne	.L81
 593              	.L36:
 594              		.loc 1 232 0
 595 02b4 101D     		adds	r0, r2, #4
 596              	.LVL89:
 597 02b6 1168     		ldr	r1, [r2, #0]
 598              	.LVL90:
 599 02b8 0790     		str	r0, [sp, #28]
 600 02ba CBE7     		b	.L37
 601              	.LVL91:
 602              	.L19:
 603 02bc 4FF00808 		mov	r8, #8
 604 02c0 C2E7     		b	.L20
 605              	.LVL92:
 606              	.L18:
 607              		.loc 1 198 0
 608 02c2 079A     		ldr	r2, [sp, #28]
 609              	.LVL93:
 610 02c4 111D     		adds	r1, r2, #4
 611              	.LVL94:
 612              		.loc 1 197 0
 613 02c6 0028     		cmp	r0, #0
 614 02c8 36D1     		bne	.L82
 615              		.loc 1 200 0
 616 02ca 1068     		ldr	r0, [r2, #0]
 617              	.LVL95:
 618 02cc 0791     		str	r1, [sp, #28]
 619              		.loc 1 201 0
 620 02ce 0028     		cmp	r0, #0
 621              		.loc 1 132 0
 622 02d0 A8BF     		it	ge
 623 02d2 0DF11009 		addge	r9, sp, #16
 624              		.loc 1 201 0
 625 02d6 36DB     		blt	.L83
 626              	.LVL96:
 627              	.L32:
ARM GAS  /tmp/cchosg1M.s 			page 12


 628              	.LBB26:
 629              	.LBB18:
 630              	.LBB16:
 631              		.loc 1 51 0
 632 02d8 09F10B0A 		add	sl, r9, #11
 633              	.LVL97:
 634 02dc 8046     		mov	r8, r0
 635 02de D446     		mov	ip, sl
 636              	.LVL98:
 637              	.L33:
 638              		.loc 1 53 0
 639 02e0 A7FB0021 		umull	r2, r1, r7, r0
 640 02e4 C908     		lsrs	r1, r1, #3
 641 02e6 0A46     		mov	r2, r1
 642 02e8 01EB8101 		add	r1, r1, r1, lsl #2
 643 02ec A0EB4101 		sub	r1, r0, r1, lsl #1
 644              	.LVL99:
 645              		.loc 1 54 0
 646 02f0 3031     		adds	r1, r1, #48
 647              	.LVL100:
 648              		.loc 1 59 0
 649 02f2 A7FB0808 		umull	r0, r8, r7, r8
 650              	.LVL101:
 651              		.loc 1 57 0
 652 02f6 C9B2     		uxtb	r1, r1
 653              	.LVL102:
 654              		.loc 1 59 0
 655 02f8 5FEAD808 		lsrs	r8, r8, #3
 656              		.loc 1 57 0
 657 02fc 0CF8011D 		strb	r1, [ip, #-1]!
 658              	.LVL103:
 659              		.loc 1 58 0
 660 0300 1046     		mov	r0, r2
 661              	.LVL104:
 662              		.loc 1 59 0
 663 0302 EDD1     		bne	.L33
 664              		.loc 1 61 0
 665 0304 CCEB0A0A 		rsb	sl, ip, sl
 666              	.LVL105:
 667              		.loc 1 108 0
 668 0308 09EB0A00 		add	r0, r9, sl
 669 030c 4A46     		mov	r2, r9
 670              	.LVL106:
 671 030e 01E0     		b	.L35
 672              	.LVL107:
 673              	.L84:
 674              		.loc 1 64 0
 675 0310 1CF8011F 		ldrb	r1, [ip, #1]!	@ zero_extendqisi2
 676              	.L35:
 677              		.loc 1 63 0
 678 0314 02F8011B 		strb	r1, [r2], #1
 679              	.LVL108:
 680              		.loc 1 64 0
 681 0318 8242     		cmp	r2, r0
 682 031a F9D1     		bne	.L84
 683              	.LVL109:
 684 031c 029A     		ldr	r2, [sp, #8]
ARM GAS  /tmp/cchosg1M.s 			page 13


 685              	.LVL110:
 686              		.loc 1 205 0
 687 031e D144     		add	r9, r9, sl
 688              	.LVL111:
 689              		.loc 1 64 0
 690 0320 C2EB0909 		rsb	r9, r2, r9
 691              	.LBE16:
 692              	.LBE18:
 693              	.LBE26:
 694              		.loc 1 133 0
 695 0324 0DF11008 		add	r8, sp, #16
 696              		.loc 1 206 0
 697 0328 70E7     		b	.L25
 698              	.LVL112:
 699              	.L17:
 700              		.loc 1 236 0
 701 032a 8DF81020 		strb	r2, [sp, #16]
 702              	.LVL113:
 703 032e DDF80C90 		ldr	r9, [sp, #12]
 704              		.loc 1 133 0
 705 0332 0DF11008 		add	r8, sp, #16
 706 0336 69E7     		b	.L25
 707              	.LVL114:
 708              	.L82:
 709              		.loc 1 198 0
 710 0338 1068     		ldr	r0, [r2, #0]
 711              	.LVL115:
 712 033a 0791     		str	r1, [sp, #28]
 713              		.loc 1 201 0
 714 033c 0028     		cmp	r0, #0
 715              		.loc 1 132 0
 716 033e A8BF     		it	ge
 717 0340 0DF11009 		addge	r9, sp, #16
 718              		.loc 1 201 0
 719 0344 C8DA     		bge	.L32
 720              	.LVL116:
 721              	.L83:
 722              		.loc 1 202 0
 723 0346 2D22     		movs	r2, #45
 724 0348 8DF81020 		strb	r2, [sp, #16]
 725              	.LVL117:
 726              		.loc 1 203 0
 727 034c 4042     		negs	r0, r0
 728              	.LVL118:
 729              		.loc 1 202 0
 730 034e 0DF11109 		add	r9, sp, #17
 731 0352 C1E7     		b	.L32
 732              	.LVL119:
 733              	.L79:
 734              		.loc 1 246 0
 735 0354 2B68     		ldr	r3, [r5, #0]
 736 0356 2846     		mov	r0, r5
 737 0358 9B68     		ldr	r3, [r3, #8]
 738 035a 2D21     		movs	r1, #45
 739 035c 9847     		blx	r3
 740 035e 08F10108 		add	r8, r8, #1
 741              	.LVL120:
ARM GAS  /tmp/cchosg1M.s 			page 14


 742              		.loc 1 247 0
 743 0362 09F1FF39 		add	r9, r9, #-1
 744              	.LVL121:
 745 0366 64E7     		b	.L59
 746              		.cfi_endproc
 747              	.LFE9:
 748              		.size	chprintf, .-chprintf
 749 0368 AFF30080 		.section	.rodata.str1.4,"aMS",%progbits,1
 749      AFF30080 
 750              		.align	2
 751              	.LC0:
 752 0000 286E756C 		.ascii	"(null)\000"
 752      6C2900
 753 0007 00       		.text
 754              	.Letext0:
 755              		.file 2 "/opt/paparazzi/arm-multilib/lib/gcc/arm-none-eabi/4.6.2/include/stdarg.h"
 756              		.file 3 "/opt/paparazzi/arm-multilib/lib/gcc/arm-none-eabi/4.6.2/include/stddef.h"
 757              		.file 4 "/opt/paparazzi/arm-multilib/lib/gcc/arm-none-eabi/4.6.2/../../../../arm-none-eabi/include
 758              		.file 5 "../../os/ports/GCC/ARMCMx/chtypes.h"
 759              		.file 6 "<built-in>"
 760              		.file 7 "../../os/kernel/include/chstreams.h"
 761              		.section	.debug_info,"",%progbits
 762              	.Ldebug_info0:
 763 0000 8D040000 		.4byte	0x48d
 764 0004 0200     		.2byte	0x2
 765 0006 00000000 		.4byte	.Ldebug_abbrev0
 766 000a 04       		.byte	0x4
 767 000b 01       		.uleb128 0x1
 768 000c 44000000 		.4byte	.LASF33
 769 0010 01       		.byte	0x1
 770 0011 2F010000 		.4byte	.LASF34
 771 0015 91000000 		.4byte	.LASF35
 772 0019 00000000 		.4byte	0
 773 001d 00000000 		.4byte	0
 774 0021 A8000000 		.4byte	.Ldebug_ranges0+0xa8
 775 0025 00000000 		.4byte	.Ldebug_line0
 776 0029 02       		.uleb128 0x2
 777 002a 14010000 		.4byte	.LASF0
 778 002e 02       		.byte	0x2
 779 002f 28       		.byte	0x28
 780 0030 34000000 		.4byte	0x34
 781 0034 03       		.uleb128 0x3
 782 0035 85010000 		.4byte	.LASF18
 783 0039 04       		.byte	0x4
 784 003a 06       		.byte	0x6
 785 003b 00       		.byte	0
 786 003c 4E000000 		.4byte	0x4e
 787 0040 04       		.uleb128 0x4
 788 0041 07000000 		.4byte	.LASF36
 789 0045 4E000000 		.4byte	0x4e
 790 0049 02       		.byte	0x2
 791 004a 23       		.byte	0x23
 792 004b 00       		.uleb128 0
 793 004c 01       		.byte	0x1
 794 004d 00       		.byte	0
 795 004e 05       		.uleb128 0x5
 796 004f 04       		.byte	0x4
ARM GAS  /tmp/cchosg1M.s 			page 15


 797 0050 02       		.uleb128 0x2
 798 0051 66000000 		.4byte	.LASF1
 799 0055 02       		.byte	0x2
 800 0056 66       		.byte	0x66
 801 0057 29000000 		.4byte	0x29
 802 005b 06       		.uleb128 0x6
 803 005c 04       		.byte	0x4
 804 005d 05       		.byte	0x5
 805 005e 696E7400 		.ascii	"int\000"
 806 0062 02       		.uleb128 0x2
 807 0063 00000000 		.4byte	.LASF2
 808 0067 03       		.byte	0x3
 809 0068 D4       		.byte	0xd4
 810 0069 6D000000 		.4byte	0x6d
 811 006d 07       		.uleb128 0x7
 812 006e 04       		.byte	0x4
 813 006f 07       		.byte	0x7
 814 0070 14000000 		.4byte	.LASF3
 815 0074 07       		.uleb128 0x7
 816 0075 01       		.byte	0x1
 817 0076 06       		.byte	0x6
 818 0077 E2010000 		.4byte	.LASF4
 819 007b 02       		.uleb128 0x2
 820 007c C1010000 		.4byte	.LASF5
 821 0080 04       		.byte	0x4
 822 0081 2A       		.byte	0x2a
 823 0082 86000000 		.4byte	0x86
 824 0086 07       		.uleb128 0x7
 825 0087 01       		.byte	0x1
 826 0088 08       		.byte	0x8
 827 0089 83000000 		.4byte	.LASF6
 828 008d 07       		.uleb128 0x7
 829 008e 02       		.byte	0x2
 830 008f 05       		.byte	0x5
 831 0090 B7010000 		.4byte	.LASF7
 832 0094 07       		.uleb128 0x7
 833 0095 02       		.byte	0x2
 834 0096 07       		.byte	0x7
 835 0097 EC000000 		.4byte	.LASF8
 836 009b 02       		.uleb128 0x2
 837 009c 76010000 		.4byte	.LASF9
 838 00a0 04       		.byte	0x4
 839 00a1 4F       		.byte	0x4f
 840 00a2 A6000000 		.4byte	0xa6
 841 00a6 07       		.uleb128 0x7
 842 00a7 04       		.byte	0x4
 843 00a8 05       		.byte	0x5
 844 00a9 D9010000 		.4byte	.LASF10
 845 00ad 07       		.uleb128 0x7
 846 00ae 04       		.byte	0x4
 847 00af 07       		.byte	0x7
 848 00b0 DA000000 		.4byte	.LASF11
 849 00b4 07       		.uleb128 0x7
 850 00b5 08       		.byte	0x8
 851 00b6 05       		.byte	0x5
 852 00b7 8F010000 		.4byte	.LASF12
 853 00bb 07       		.uleb128 0x7
ARM GAS  /tmp/cchosg1M.s 			page 16


 854 00bc 08       		.byte	0x8
 855 00bd 07       		.byte	0x7
 856 00be 4B010000 		.4byte	.LASF13
 857 00c2 02       		.uleb128 0x2
 858 00c3 21000000 		.4byte	.LASF14
 859 00c7 05       		.byte	0x5
 860 00c8 2B       		.byte	0x2b
 861 00c9 CD000000 		.4byte	0xcd
 862 00cd 07       		.uleb128 0x7
 863 00ce 01       		.byte	0x1
 864 00cf 02       		.byte	0x2
 865 00d0 F3010000 		.4byte	.LASF15
 866 00d4 02       		.uleb128 0x2
 867 00d5 70010000 		.4byte	.LASF16
 868 00d9 05       		.byte	0x5
 869 00da 31       		.byte	0x31
 870 00db 9B000000 		.4byte	0x9b
 871 00df 08       		.uleb128 0x8
 872 00e0 04       		.byte	0x4
 873 00e1 E5000000 		.4byte	0xe5
 874 00e5 09       		.uleb128 0x9
 875 00e6 EA000000 		.4byte	0xea
 876 00ea 07       		.uleb128 0x7
 877 00eb 01       		.byte	0x1
 878 00ec 08       		.byte	0x8
 879 00ed A7010000 		.4byte	.LASF17
 880 00f1 08       		.uleb128 0x8
 881 00f2 04       		.byte	0x4
 882 00f3 F7000000 		.4byte	0xf7
 883 00f7 0A       		.uleb128 0xa
 884 00f8 01       		.byte	0x1
 885 00f9 D4000000 		.4byte	0xd4
 886 00fd 07010000 		.4byte	0x107
 887 0101 0B       		.uleb128 0xb
 888 0102 4E000000 		.4byte	0x4e
 889 0106 00       		.byte	0
 890 0107 08       		.uleb128 0x8
 891 0108 04       		.byte	0x4
 892 0109 7B000000 		.4byte	0x7b
 893 010d 03       		.uleb128 0x3
 894 010e F9010000 		.4byte	.LASF19
 895 0112 10       		.byte	0x10
 896 0113 07       		.byte	0x7
 897 0114 48       		.byte	0x48
 898 0115 52010000 		.4byte	0x152
 899 0119 0C       		.uleb128 0xc
 900 011a FF000000 		.4byte	.LASF20
 901 011e 07       		.byte	0x7
 902 011f 49       		.byte	0x49
 903 0120 77010000 		.4byte	0x177
 904 0124 02       		.byte	0x2
 905 0125 23       		.byte	0x23
 906 0126 00       		.uleb128 0
 907 0127 0C       		.uleb128 0xc
 908 0128 23010000 		.4byte	.LASF21
 909 012c 07       		.byte	0x7
 910 012d 49       		.byte	0x49
ARM GAS  /tmp/cchosg1M.s 			page 17


 911 012e 97010000 		.4byte	0x197
 912 0132 02       		.byte	0x2
 913 0133 23       		.byte	0x23
 914 0134 04       		.uleb128 0x4
 915 0135 0D       		.uleb128 0xd
 916 0136 70757400 		.ascii	"put\000"
 917 013a 07       		.byte	0x7
 918 013b 49       		.byte	0x49
 919 013c B2010000 		.4byte	0x1b2
 920 0140 02       		.byte	0x2
 921 0141 23       		.byte	0x23
 922 0142 08       		.uleb128 0x8
 923 0143 0D       		.uleb128 0xd
 924 0144 67657400 		.ascii	"get\000"
 925 0148 07       		.byte	0x7
 926 0149 49       		.byte	0x49
 927 014a F1000000 		.4byte	0xf1
 928 014e 02       		.byte	0x2
 929 014f 23       		.byte	0x23
 930 0150 0C       		.uleb128 0xc
 931 0151 00       		.byte	0
 932 0152 0A       		.uleb128 0xa
 933 0153 01       		.byte	0x1
 934 0154 62000000 		.4byte	0x62
 935 0158 6C010000 		.4byte	0x16c
 936 015c 0B       		.uleb128 0xb
 937 015d 4E000000 		.4byte	0x4e
 938 0161 0B       		.uleb128 0xb
 939 0162 6C010000 		.4byte	0x16c
 940 0166 0B       		.uleb128 0xb
 941 0167 62000000 		.4byte	0x62
 942 016b 00       		.byte	0
 943 016c 08       		.uleb128 0x8
 944 016d 04       		.byte	0x4
 945 016e 72010000 		.4byte	0x172
 946 0172 09       		.uleb128 0x9
 947 0173 7B000000 		.4byte	0x7b
 948 0177 08       		.uleb128 0x8
 949 0178 04       		.byte	0x4
 950 0179 52010000 		.4byte	0x152
 951 017d 0A       		.uleb128 0xa
 952 017e 01       		.byte	0x1
 953 017f 62000000 		.4byte	0x62
 954 0183 97010000 		.4byte	0x197
 955 0187 0B       		.uleb128 0xb
 956 0188 4E000000 		.4byte	0x4e
 957 018c 0B       		.uleb128 0xb
 958 018d 07010000 		.4byte	0x107
 959 0191 0B       		.uleb128 0xb
 960 0192 62000000 		.4byte	0x62
 961 0196 00       		.byte	0
 962 0197 08       		.uleb128 0x8
 963 0198 04       		.byte	0x4
 964 0199 7D010000 		.4byte	0x17d
 965 019d 0A       		.uleb128 0xa
 966 019e 01       		.byte	0x1
 967 019f D4000000 		.4byte	0xd4
ARM GAS  /tmp/cchosg1M.s 			page 18


 968 01a3 B2010000 		.4byte	0x1b2
 969 01a7 0B       		.uleb128 0xb
 970 01a8 4E000000 		.4byte	0x4e
 971 01ac 0B       		.uleb128 0xb
 972 01ad 7B000000 		.4byte	0x7b
 973 01b1 00       		.byte	0
 974 01b2 08       		.uleb128 0x8
 975 01b3 04       		.byte	0x4
 976 01b4 9D010000 		.4byte	0x19d
 977 01b8 0E       		.uleb128 0xe
 978 01b9 04       		.byte	0x4
 979 01ba 07       		.byte	0x7
 980 01bb 51       		.byte	0x51
 981 01bc CF010000 		.4byte	0x1cf
 982 01c0 0D       		.uleb128 0xd
 983 01c1 766D7400 		.ascii	"vmt\000"
 984 01c5 07       		.byte	0x7
 985 01c6 53       		.byte	0x53
 986 01c7 CF010000 		.4byte	0x1cf
 987 01cb 02       		.byte	0x2
 988 01cc 23       		.byte	0x23
 989 01cd 00       		.uleb128 0
 990 01ce 00       		.byte	0
 991 01cf 08       		.uleb128 0x8
 992 01d0 04       		.byte	0x4
 993 01d1 D5010000 		.4byte	0x1d5
 994 01d5 09       		.uleb128 0x9
 995 01d6 0D010000 		.4byte	0x10d
 996 01da 02       		.uleb128 0x2
 997 01db 6E000000 		.4byte	.LASF22
 998 01df 07       		.byte	0x7
 999 01e0 55       		.byte	0x55
 1000 01e1 B8010000 		.4byte	0x1b8
 1001 01e5 0F       		.uleb128 0xf
 1002 01e6 28000000 		.4byte	.LASF25
 1003 01ea 01       		.byte	0x1
 1004 01eb 24       		.byte	0x24
 1005 01ec 01       		.byte	0x1
 1006 01ed 46020000 		.4byte	0x246
 1007 01f1 01       		.byte	0x1
 1008 01f2 46020000 		.4byte	0x246
 1009 01f6 10       		.uleb128 0x10
 1010 01f7 7000     		.ascii	"p\000"
 1011 01f9 01       		.byte	0x1
 1012 01fa 24       		.byte	0x24
 1013 01fb 46020000 		.4byte	0x246
 1014 01ff 10       		.uleb128 0x10
 1015 0200 6E756D00 		.ascii	"num\000"
 1016 0204 01       		.byte	0x1
 1017 0205 25       		.byte	0x25
 1018 0206 A6000000 		.4byte	0xa6
 1019 020a 11       		.uleb128 0x11
 1020 020b 6A010000 		.4byte	.LASF23
 1021 020f 01       		.byte	0x1
 1022 0210 26       		.byte	0x26
 1023 0211 6D000000 		.4byte	0x6d
 1024 0215 11       		.uleb128 0x11
ARM GAS  /tmp/cchosg1M.s 			page 19


 1025 0216 62010000 		.4byte	.LASF24
 1026 021a 01       		.byte	0x1
 1027 021b 27       		.byte	0x27
 1028 021c A6000000 		.4byte	0xa6
 1029 0220 12       		.uleb128 0x12
 1030 0221 6900     		.ascii	"i\000"
 1031 0223 01       		.byte	0x1
 1032 0224 28       		.byte	0x28
 1033 0225 5B000000 		.4byte	0x5b
 1034 0229 12       		.uleb128 0x12
 1035 022a 7100     		.ascii	"q\000"
 1036 022c 01       		.byte	0x1
 1037 022d 29       		.byte	0x29
 1038 022e 46020000 		.4byte	0x246
 1039 0232 12       		.uleb128 0x12
 1040 0233 6C00     		.ascii	"l\000"
 1041 0235 01       		.byte	0x1
 1042 0236 2A       		.byte	0x2a
 1043 0237 A6000000 		.4byte	0xa6
 1044 023b 12       		.uleb128 0x12
 1045 023c 6C6C00   		.ascii	"ll\000"
 1046 023f 01       		.byte	0x1
 1047 0240 2A       		.byte	0x2a
 1048 0241 A6000000 		.4byte	0xa6
 1049 0245 00       		.byte	0
 1050 0246 08       		.uleb128 0x8
 1051 0247 04       		.byte	0x4
 1052 0248 EA000000 		.4byte	0xea
 1053 024c 0F       		.uleb128 0xf
 1054 024d EE010000 		.4byte	.LASF26
 1055 0251 01       		.byte	0x1
 1056 0252 45       		.byte	0x45
 1057 0253 01       		.byte	0x1
 1058 0254 46020000 		.4byte	0x246
 1059 0258 01       		.byte	0x1
 1060 0259 7D020000 		.4byte	0x27d
 1061 025d 10       		.uleb128 0x10
 1062 025e 7000     		.ascii	"p\000"
 1063 0260 01       		.byte	0x1
 1064 0261 45       		.byte	0x45
 1065 0262 46020000 		.4byte	0x246
 1066 0266 10       		.uleb128 0x10
 1067 0267 6E756D00 		.ascii	"num\000"
 1068 026b 01       		.byte	0x1
 1069 026c 45       		.byte	0x45
 1070 026d A6000000 		.4byte	0xa6
 1071 0271 11       		.uleb128 0x11
 1072 0272 6A010000 		.4byte	.LASF23
 1073 0276 01       		.byte	0x1
 1074 0277 45       		.byte	0x45
 1075 0278 6D000000 		.4byte	0x6d
 1076 027c 00       		.byte	0
 1077 027d 13       		.uleb128 0x13
 1078 027e 01       		.byte	0x1
 1079 027f 0B010000 		.4byte	.LASF37
 1080 0283 01       		.byte	0x1
 1081 0284 6C       		.byte	0x6c
ARM GAS  /tmp/cchosg1M.s 			page 20


 1082 0285 01       		.byte	0x1
 1083 0286 00000000 		.4byte	.LFB9
 1084 028a 68030000 		.4byte	.LFE9
 1085 028e 00000000 		.4byte	.LLST0
 1086 0292 7E040000 		.4byte	0x47e
 1087 0296 14       		.uleb128 0x14
 1088 0297 63687000 		.ascii	"chp\000"
 1089 029b 01       		.byte	0x1
 1090 029c 6C       		.byte	0x6c
 1091 029d 7E040000 		.4byte	0x47e
 1092 02a1 39000000 		.4byte	.LLST1
 1093 02a5 14       		.uleb128 0x14
 1094 02a6 666D7400 		.ascii	"fmt\000"
 1095 02aa 01       		.byte	0x1
 1096 02ab 6C       		.byte	0x6c
 1097 02ac DF000000 		.4byte	0xdf
 1098 02b0 57000000 		.4byte	.LLST2
 1099 02b4 15       		.uleb128 0x15
 1100 02b5 16       		.uleb128 0x16
 1101 02b6 617000   		.ascii	"ap\000"
 1102 02b9 01       		.byte	0x1
 1103 02ba 6D       		.byte	0x6d
 1104 02bb 50000000 		.4byte	0x50
 1105 02bf 02       		.byte	0x2
 1106 02c0 91       		.byte	0x91
 1107 02c1 4C       		.sleb128 -52
 1108 02c2 17       		.uleb128 0x17
 1109 02c3 7000     		.ascii	"p\000"
 1110 02c5 01       		.byte	0x1
 1111 02c6 6E       		.byte	0x6e
 1112 02c7 46020000 		.4byte	0x246
 1113 02cb D4000000 		.4byte	.LLST3
 1114 02cf 17       		.uleb128 0x17
 1115 02d0 7300     		.ascii	"s\000"
 1116 02d2 01       		.byte	0x1
 1117 02d3 6E       		.byte	0x6e
 1118 02d4 46020000 		.4byte	0x246
 1119 02d8 7F010000 		.4byte	.LLST4
 1120 02dc 17       		.uleb128 0x17
 1121 02dd 6300     		.ascii	"c\000"
 1122 02df 01       		.byte	0x1
 1123 02e0 6E       		.byte	0x6e
 1124 02e1 EA000000 		.4byte	0xea
 1125 02e5 F5010000 		.4byte	.LLST5
 1126 02e9 18       		.uleb128 0x18
 1127 02ea 28010000 		.4byte	.LASF27
 1128 02ee 01       		.byte	0x1
 1129 02ef 6E       		.byte	0x6e
 1130 02f0 EA000000 		.4byte	0xea
 1131 02f4 AE020000 		.4byte	.LLST6
 1132 02f8 17       		.uleb128 0x17
 1133 02f9 6900     		.ascii	"i\000"
 1134 02fb 01       		.byte	0x1
 1135 02fc 6F       		.byte	0x6f
 1136 02fd 5B000000 		.4byte	0x5b
 1137 0301 2C030000 		.4byte	.LLST7
 1138 0305 18       		.uleb128 0x18
ARM GAS  /tmp/cchosg1M.s 			page 21


 1139 0306 9D010000 		.4byte	.LASF28
 1140 030a 01       		.byte	0x1
 1141 030b 6F       		.byte	0x6f
 1142 030c 5B000000 		.4byte	0x5b
 1143 0310 62030000 		.4byte	.LLST8
 1144 0314 18       		.uleb128 0x18
 1145 0315 05010000 		.4byte	.LASF29
 1146 0319 01       		.byte	0x1
 1147 031a 6F       		.byte	0x6f
 1148 031b 5B000000 		.4byte	0x5b
 1149 031f D4030000 		.4byte	.LLST9
 1150 0323 18       		.uleb128 0x18
 1151 0324 0C000000 		.4byte	.LASF30
 1152 0328 01       		.byte	0x1
 1153 0329 70       		.byte	0x70
 1154 032a C2000000 		.4byte	0xc2
 1155 032e 7B040000 		.4byte	.LLST10
 1156 0332 18       		.uleb128 0x18
 1157 0333 AC010000 		.4byte	.LASF31
 1158 0337 01       		.byte	0x1
 1159 0338 70       		.byte	0x70
 1160 0339 C2000000 		.4byte	0xc2
 1161 033d DC040000 		.4byte	.LLST11
 1162 0341 17       		.uleb128 0x17
 1163 0342 6C00     		.ascii	"l\000"
 1164 0344 01       		.byte	0x1
 1165 0345 71       		.byte	0x71
 1166 0346 A6000000 		.4byte	0xa6
 1167 034a 07050000 		.4byte	.LLST12
 1168 034e 19       		.uleb128 0x19
 1169 034f 7E010000 		.4byte	.LASF32
 1170 0353 01       		.byte	0x1
 1171 0354 76       		.byte	0x76
 1172 0355 84040000 		.4byte	0x484
 1173 0359 02       		.byte	0x2
 1174 035a 91       		.byte	0x91
 1175 035b 40       		.sleb128 -64
 1176 035c 1A       		.uleb128 0x1a
 1177 035d C9010000 		.4byte	.LASF38
 1178 0361 01       		.byte	0x1
 1179 0362 E4       		.byte	0xe4
 1180 0363 48020000 		.4byte	.L20
 1181 0367 1B       		.uleb128 0x1b
 1182 0368 4C020000 		.4byte	0x24c
 1183 036c 18000000 		.4byte	.LBB12
 1184 0370 00000000 		.4byte	.Ldebug_ranges0+0
 1185 0374 01       		.byte	0x1
 1186 0375 CD       		.byte	0xcd
 1187 0376 F4030000 		.4byte	0x3f4
 1188 037a 1C       		.uleb128 0x1c
 1189 037b 71020000 		.4byte	0x271
 1190 037f 56050000 		.4byte	.LLST13
 1191 0383 1C       		.uleb128 0x1c
 1192 0384 66020000 		.4byte	0x266
 1193 0388 6A050000 		.4byte	.LLST14
 1194 038c 1C       		.uleb128 0x1c
 1195 038d 5D020000 		.4byte	0x25d
ARM GAS  /tmp/cchosg1M.s 			page 22


 1196 0391 7D050000 		.4byte	.LLST15
 1197 0395 1D       		.uleb128 0x1d
 1198 0396 E5010000 		.4byte	0x1e5
 1199 039a 18000000 		.4byte	.LBB13
 1200 039e 20000000 		.4byte	.Ldebug_ranges0+0x20
 1201 03a2 01       		.byte	0x1
 1202 03a3 47       		.byte	0x47
 1203 03a4 1C       		.uleb128 0x1c
 1204 03a5 15020000 		.4byte	0x215
 1205 03a9 90050000 		.4byte	.LLST16
 1206 03ad 1C       		.uleb128 0x1c
 1207 03ae 0A020000 		.4byte	0x20a
 1208 03b2 B0050000 		.4byte	.LLST17
 1209 03b6 1C       		.uleb128 0x1c
 1210 03b7 FF010000 		.4byte	0x1ff
 1211 03bb CF050000 		.4byte	.LLST18
 1212 03bf 1C       		.uleb128 0x1c
 1213 03c0 F6010000 		.4byte	0x1f6
 1214 03c4 ED050000 		.4byte	.LLST19
 1215 03c8 1E       		.uleb128 0x1e
 1216 03c9 40000000 		.4byte	.Ldebug_ranges0+0x40
 1217 03cd 1F       		.uleb128 0x1f
 1218 03ce 20020000 		.4byte	0x220
 1219 03d2 23060000 		.4byte	.LLST20
 1220 03d6 1F       		.uleb128 0x1f
 1221 03d7 29020000 		.4byte	0x229
 1222 03db 4E060000 		.4byte	.LLST21
 1223 03df 1F       		.uleb128 0x1f
 1224 03e0 32020000 		.4byte	0x232
 1225 03e4 79060000 		.4byte	.LLST22
 1226 03e8 1F       		.uleb128 0x1f
 1227 03e9 3B020000 		.4byte	0x23b
 1228 03ed B8060000 		.4byte	.LLST23
 1229 03f1 00       		.byte	0
 1230 03f2 00       		.byte	0
 1231 03f3 00       		.byte	0
 1232 03f4 1D       		.uleb128 0x1d
 1233 03f5 4C020000 		.4byte	0x24c
 1234 03f9 5C020000 		.4byte	.LBB20
 1235 03fd 60000000 		.4byte	.Ldebug_ranges0+0x60
 1236 0401 01       		.byte	0x1
 1237 0402 E9       		.byte	0xe9
 1238 0403 1C       		.uleb128 0x1c
 1239 0404 71020000 		.4byte	0x271
 1240 0408 F7060000 		.4byte	.LLST24
 1241 040c 1C       		.uleb128 0x1c
 1242 040d 66020000 		.4byte	0x266
 1243 0411 0A070000 		.4byte	.LLST25
 1244 0415 1C       		.uleb128 0x1c
 1245 0416 5D020000 		.4byte	0x25d
 1246 041a 1D070000 		.4byte	.LLST26
 1247 041e 1D       		.uleb128 0x1d
 1248 041f E5010000 		.4byte	0x1e5
 1249 0423 5C020000 		.4byte	.LBB21
 1250 0427 78000000 		.4byte	.Ldebug_ranges0+0x78
 1251 042b 01       		.byte	0x1
 1252 042c 47       		.byte	0x47
ARM GAS  /tmp/cchosg1M.s 			page 23


 1253 042d 1C       		.uleb128 0x1c
 1254 042e 15020000 		.4byte	0x215
 1255 0432 90050000 		.4byte	.LLST16
 1256 0436 1C       		.uleb128 0x1c
 1257 0437 0A020000 		.4byte	0x20a
 1258 043b B0050000 		.4byte	.LLST17
 1259 043f 1C       		.uleb128 0x1c
 1260 0440 FF010000 		.4byte	0x1ff
 1261 0444 CF050000 		.4byte	.LLST18
 1262 0448 1C       		.uleb128 0x1c
 1263 0449 F6010000 		.4byte	0x1f6
 1264 044d ED050000 		.4byte	.LLST19
 1265 0451 1E       		.uleb128 0x1e
 1266 0452 90000000 		.4byte	.Ldebug_ranges0+0x90
 1267 0456 1F       		.uleb128 0x1f
 1268 0457 20020000 		.4byte	0x220
 1269 045b 32070000 		.4byte	.LLST27
 1270 045f 1F       		.uleb128 0x1f
 1271 0460 29020000 		.4byte	0x229
 1272 0464 5B070000 		.4byte	.LLST28
 1273 0468 1F       		.uleb128 0x1f
 1274 0469 32020000 		.4byte	0x232
 1275 046d 79060000 		.4byte	.LLST22
 1276 0471 1F       		.uleb128 0x1f
 1277 0472 3B020000 		.4byte	0x23b
 1278 0476 B8060000 		.4byte	.LLST23
 1279 047a 00       		.byte	0
 1280 047b 00       		.byte	0
 1281 047c 00       		.byte	0
 1282 047d 00       		.byte	0
 1283 047e 08       		.uleb128 0x8
 1284 047f 04       		.byte	0x4
 1285 0480 DA010000 		.4byte	0x1da
 1286 0484 20       		.uleb128 0x20
 1287 0485 EA000000 		.4byte	0xea
 1288 0489 21       		.uleb128 0x21
 1289 048a 6D000000 		.4byte	0x6d
 1290 048e 0B       		.byte	0xb
 1291 048f 00       		.byte	0
 1292 0490 00       		.byte	0
 1293              		.section	.debug_abbrev,"",%progbits
 1294              	.Ldebug_abbrev0:
 1295 0000 01       		.uleb128 0x1
 1296 0001 11       		.uleb128 0x11
 1297 0002 01       		.byte	0x1
 1298 0003 25       		.uleb128 0x25
 1299 0004 0E       		.uleb128 0xe
 1300 0005 13       		.uleb128 0x13
 1301 0006 0B       		.uleb128 0xb
 1302 0007 03       		.uleb128 0x3
 1303 0008 0E       		.uleb128 0xe
 1304 0009 1B       		.uleb128 0x1b
 1305 000a 0E       		.uleb128 0xe
 1306 000b 11       		.uleb128 0x11
 1307 000c 01       		.uleb128 0x1
 1308 000d 52       		.uleb128 0x52
 1309 000e 01       		.uleb128 0x1
ARM GAS  /tmp/cchosg1M.s 			page 24


 1310 000f 55       		.uleb128 0x55
 1311 0010 06       		.uleb128 0x6
 1312 0011 10       		.uleb128 0x10
 1313 0012 06       		.uleb128 0x6
 1314 0013 00       		.byte	0
 1315 0014 00       		.byte	0
 1316 0015 02       		.uleb128 0x2
 1317 0016 16       		.uleb128 0x16
 1318 0017 00       		.byte	0
 1319 0018 03       		.uleb128 0x3
 1320 0019 0E       		.uleb128 0xe
 1321 001a 3A       		.uleb128 0x3a
 1322 001b 0B       		.uleb128 0xb
 1323 001c 3B       		.uleb128 0x3b
 1324 001d 0B       		.uleb128 0xb
 1325 001e 49       		.uleb128 0x49
 1326 001f 13       		.uleb128 0x13
 1327 0020 00       		.byte	0
 1328 0021 00       		.byte	0
 1329 0022 03       		.uleb128 0x3
 1330 0023 13       		.uleb128 0x13
 1331 0024 01       		.byte	0x1
 1332 0025 03       		.uleb128 0x3
 1333 0026 0E       		.uleb128 0xe
 1334 0027 0B       		.uleb128 0xb
 1335 0028 0B       		.uleb128 0xb
 1336 0029 3A       		.uleb128 0x3a
 1337 002a 0B       		.uleb128 0xb
 1338 002b 3B       		.uleb128 0x3b
 1339 002c 0B       		.uleb128 0xb
 1340 002d 01       		.uleb128 0x1
 1341 002e 13       		.uleb128 0x13
 1342 002f 00       		.byte	0
 1343 0030 00       		.byte	0
 1344 0031 04       		.uleb128 0x4
 1345 0032 0D       		.uleb128 0xd
 1346 0033 00       		.byte	0
 1347 0034 03       		.uleb128 0x3
 1348 0035 0E       		.uleb128 0xe
 1349 0036 49       		.uleb128 0x49
 1350 0037 13       		.uleb128 0x13
 1351 0038 38       		.uleb128 0x38
 1352 0039 0A       		.uleb128 0xa
 1353 003a 34       		.uleb128 0x34
 1354 003b 0C       		.uleb128 0xc
 1355 003c 00       		.byte	0
 1356 003d 00       		.byte	0
 1357 003e 05       		.uleb128 0x5
 1358 003f 0F       		.uleb128 0xf
 1359 0040 00       		.byte	0
 1360 0041 0B       		.uleb128 0xb
 1361 0042 0B       		.uleb128 0xb
 1362 0043 00       		.byte	0
 1363 0044 00       		.byte	0
 1364 0045 06       		.uleb128 0x6
 1365 0046 24       		.uleb128 0x24
 1366 0047 00       		.byte	0
ARM GAS  /tmp/cchosg1M.s 			page 25


 1367 0048 0B       		.uleb128 0xb
 1368 0049 0B       		.uleb128 0xb
 1369 004a 3E       		.uleb128 0x3e
 1370 004b 0B       		.uleb128 0xb
 1371 004c 03       		.uleb128 0x3
 1372 004d 08       		.uleb128 0x8
 1373 004e 00       		.byte	0
 1374 004f 00       		.byte	0
 1375 0050 07       		.uleb128 0x7
 1376 0051 24       		.uleb128 0x24
 1377 0052 00       		.byte	0
 1378 0053 0B       		.uleb128 0xb
 1379 0054 0B       		.uleb128 0xb
 1380 0055 3E       		.uleb128 0x3e
 1381 0056 0B       		.uleb128 0xb
 1382 0057 03       		.uleb128 0x3
 1383 0058 0E       		.uleb128 0xe
 1384 0059 00       		.byte	0
 1385 005a 00       		.byte	0
 1386 005b 08       		.uleb128 0x8
 1387 005c 0F       		.uleb128 0xf
 1388 005d 00       		.byte	0
 1389 005e 0B       		.uleb128 0xb
 1390 005f 0B       		.uleb128 0xb
 1391 0060 49       		.uleb128 0x49
 1392 0061 13       		.uleb128 0x13
 1393 0062 00       		.byte	0
 1394 0063 00       		.byte	0
 1395 0064 09       		.uleb128 0x9
 1396 0065 26       		.uleb128 0x26
 1397 0066 00       		.byte	0
 1398 0067 49       		.uleb128 0x49
 1399 0068 13       		.uleb128 0x13
 1400 0069 00       		.byte	0
 1401 006a 00       		.byte	0
 1402 006b 0A       		.uleb128 0xa
 1403 006c 15       		.uleb128 0x15
 1404 006d 01       		.byte	0x1
 1405 006e 27       		.uleb128 0x27
 1406 006f 0C       		.uleb128 0xc
 1407 0070 49       		.uleb128 0x49
 1408 0071 13       		.uleb128 0x13
 1409 0072 01       		.uleb128 0x1
 1410 0073 13       		.uleb128 0x13
 1411 0074 00       		.byte	0
 1412 0075 00       		.byte	0
 1413 0076 0B       		.uleb128 0xb
 1414 0077 05       		.uleb128 0x5
 1415 0078 00       		.byte	0
 1416 0079 49       		.uleb128 0x49
 1417 007a 13       		.uleb128 0x13
 1418 007b 00       		.byte	0
 1419 007c 00       		.byte	0
 1420 007d 0C       		.uleb128 0xc
 1421 007e 0D       		.uleb128 0xd
 1422 007f 00       		.byte	0
 1423 0080 03       		.uleb128 0x3
ARM GAS  /tmp/cchosg1M.s 			page 26


 1424 0081 0E       		.uleb128 0xe
 1425 0082 3A       		.uleb128 0x3a
 1426 0083 0B       		.uleb128 0xb
 1427 0084 3B       		.uleb128 0x3b
 1428 0085 0B       		.uleb128 0xb
 1429 0086 49       		.uleb128 0x49
 1430 0087 13       		.uleb128 0x13
 1431 0088 38       		.uleb128 0x38
 1432 0089 0A       		.uleb128 0xa
 1433 008a 00       		.byte	0
 1434 008b 00       		.byte	0
 1435 008c 0D       		.uleb128 0xd
 1436 008d 0D       		.uleb128 0xd
 1437 008e 00       		.byte	0
 1438 008f 03       		.uleb128 0x3
 1439 0090 08       		.uleb128 0x8
 1440 0091 3A       		.uleb128 0x3a
 1441 0092 0B       		.uleb128 0xb
 1442 0093 3B       		.uleb128 0x3b
 1443 0094 0B       		.uleb128 0xb
 1444 0095 49       		.uleb128 0x49
 1445 0096 13       		.uleb128 0x13
 1446 0097 38       		.uleb128 0x38
 1447 0098 0A       		.uleb128 0xa
 1448 0099 00       		.byte	0
 1449 009a 00       		.byte	0
 1450 009b 0E       		.uleb128 0xe
 1451 009c 13       		.uleb128 0x13
 1452 009d 01       		.byte	0x1
 1453 009e 0B       		.uleb128 0xb
 1454 009f 0B       		.uleb128 0xb
 1455 00a0 3A       		.uleb128 0x3a
 1456 00a1 0B       		.uleb128 0xb
 1457 00a2 3B       		.uleb128 0x3b
 1458 00a3 0B       		.uleb128 0xb
 1459 00a4 01       		.uleb128 0x1
 1460 00a5 13       		.uleb128 0x13
 1461 00a6 00       		.byte	0
 1462 00a7 00       		.byte	0
 1463 00a8 0F       		.uleb128 0xf
 1464 00a9 2E       		.uleb128 0x2e
 1465 00aa 01       		.byte	0x1
 1466 00ab 03       		.uleb128 0x3
 1467 00ac 0E       		.uleb128 0xe
 1468 00ad 3A       		.uleb128 0x3a
 1469 00ae 0B       		.uleb128 0xb
 1470 00af 3B       		.uleb128 0x3b
 1471 00b0 0B       		.uleb128 0xb
 1472 00b1 27       		.uleb128 0x27
 1473 00b2 0C       		.uleb128 0xc
 1474 00b3 49       		.uleb128 0x49
 1475 00b4 13       		.uleb128 0x13
 1476 00b5 20       		.uleb128 0x20
 1477 00b6 0B       		.uleb128 0xb
 1478 00b7 01       		.uleb128 0x1
 1479 00b8 13       		.uleb128 0x13
 1480 00b9 00       		.byte	0
ARM GAS  /tmp/cchosg1M.s 			page 27


 1481 00ba 00       		.byte	0
 1482 00bb 10       		.uleb128 0x10
 1483 00bc 05       		.uleb128 0x5
 1484 00bd 00       		.byte	0
 1485 00be 03       		.uleb128 0x3
 1486 00bf 08       		.uleb128 0x8
 1487 00c0 3A       		.uleb128 0x3a
 1488 00c1 0B       		.uleb128 0xb
 1489 00c2 3B       		.uleb128 0x3b
 1490 00c3 0B       		.uleb128 0xb
 1491 00c4 49       		.uleb128 0x49
 1492 00c5 13       		.uleb128 0x13
 1493 00c6 00       		.byte	0
 1494 00c7 00       		.byte	0
 1495 00c8 11       		.uleb128 0x11
 1496 00c9 05       		.uleb128 0x5
 1497 00ca 00       		.byte	0
 1498 00cb 03       		.uleb128 0x3
 1499 00cc 0E       		.uleb128 0xe
 1500 00cd 3A       		.uleb128 0x3a
 1501 00ce 0B       		.uleb128 0xb
 1502 00cf 3B       		.uleb128 0x3b
 1503 00d0 0B       		.uleb128 0xb
 1504 00d1 49       		.uleb128 0x49
 1505 00d2 13       		.uleb128 0x13
 1506 00d3 00       		.byte	0
 1507 00d4 00       		.byte	0
 1508 00d5 12       		.uleb128 0x12
 1509 00d6 34       		.uleb128 0x34
 1510 00d7 00       		.byte	0
 1511 00d8 03       		.uleb128 0x3
 1512 00d9 08       		.uleb128 0x8
 1513 00da 3A       		.uleb128 0x3a
 1514 00db 0B       		.uleb128 0xb
 1515 00dc 3B       		.uleb128 0x3b
 1516 00dd 0B       		.uleb128 0xb
 1517 00de 49       		.uleb128 0x49
 1518 00df 13       		.uleb128 0x13
 1519 00e0 00       		.byte	0
 1520 00e1 00       		.byte	0
 1521 00e2 13       		.uleb128 0x13
 1522 00e3 2E       		.uleb128 0x2e
 1523 00e4 01       		.byte	0x1
 1524 00e5 3F       		.uleb128 0x3f
 1525 00e6 0C       		.uleb128 0xc
 1526 00e7 03       		.uleb128 0x3
 1527 00e8 0E       		.uleb128 0xe
 1528 00e9 3A       		.uleb128 0x3a
 1529 00ea 0B       		.uleb128 0xb
 1530 00eb 3B       		.uleb128 0x3b
 1531 00ec 0B       		.uleb128 0xb
 1532 00ed 27       		.uleb128 0x27
 1533 00ee 0C       		.uleb128 0xc
 1534 00ef 11       		.uleb128 0x11
 1535 00f0 01       		.uleb128 0x1
 1536 00f1 12       		.uleb128 0x12
 1537 00f2 01       		.uleb128 0x1
ARM GAS  /tmp/cchosg1M.s 			page 28


 1538 00f3 40       		.uleb128 0x40
 1539 00f4 06       		.uleb128 0x6
 1540 00f5 01       		.uleb128 0x1
 1541 00f6 13       		.uleb128 0x13
 1542 00f7 00       		.byte	0
 1543 00f8 00       		.byte	0
 1544 00f9 14       		.uleb128 0x14
 1545 00fa 05       		.uleb128 0x5
 1546 00fb 00       		.byte	0
 1547 00fc 03       		.uleb128 0x3
 1548 00fd 08       		.uleb128 0x8
 1549 00fe 3A       		.uleb128 0x3a
 1550 00ff 0B       		.uleb128 0xb
 1551 0100 3B       		.uleb128 0x3b
 1552 0101 0B       		.uleb128 0xb
 1553 0102 49       		.uleb128 0x49
 1554 0103 13       		.uleb128 0x13
 1555 0104 02       		.uleb128 0x2
 1556 0105 06       		.uleb128 0x6
 1557 0106 00       		.byte	0
 1558 0107 00       		.byte	0
 1559 0108 15       		.uleb128 0x15
 1560 0109 18       		.uleb128 0x18
 1561 010a 00       		.byte	0
 1562 010b 00       		.byte	0
 1563 010c 00       		.byte	0
 1564 010d 16       		.uleb128 0x16
 1565 010e 34       		.uleb128 0x34
 1566 010f 00       		.byte	0
 1567 0110 03       		.uleb128 0x3
 1568 0111 08       		.uleb128 0x8
 1569 0112 3A       		.uleb128 0x3a
 1570 0113 0B       		.uleb128 0xb
 1571 0114 3B       		.uleb128 0x3b
 1572 0115 0B       		.uleb128 0xb
 1573 0116 49       		.uleb128 0x49
 1574 0117 13       		.uleb128 0x13
 1575 0118 02       		.uleb128 0x2
 1576 0119 0A       		.uleb128 0xa
 1577 011a 00       		.byte	0
 1578 011b 00       		.byte	0
 1579 011c 17       		.uleb128 0x17
 1580 011d 34       		.uleb128 0x34
 1581 011e 00       		.byte	0
 1582 011f 03       		.uleb128 0x3
 1583 0120 08       		.uleb128 0x8
 1584 0121 3A       		.uleb128 0x3a
 1585 0122 0B       		.uleb128 0xb
 1586 0123 3B       		.uleb128 0x3b
 1587 0124 0B       		.uleb128 0xb
 1588 0125 49       		.uleb128 0x49
 1589 0126 13       		.uleb128 0x13
 1590 0127 02       		.uleb128 0x2
 1591 0128 06       		.uleb128 0x6
 1592 0129 00       		.byte	0
 1593 012a 00       		.byte	0
 1594 012b 18       		.uleb128 0x18
ARM GAS  /tmp/cchosg1M.s 			page 29


 1595 012c 34       		.uleb128 0x34
 1596 012d 00       		.byte	0
 1597 012e 03       		.uleb128 0x3
 1598 012f 0E       		.uleb128 0xe
 1599 0130 3A       		.uleb128 0x3a
 1600 0131 0B       		.uleb128 0xb
 1601 0132 3B       		.uleb128 0x3b
 1602 0133 0B       		.uleb128 0xb
 1603 0134 49       		.uleb128 0x49
 1604 0135 13       		.uleb128 0x13
 1605 0136 02       		.uleb128 0x2
 1606 0137 06       		.uleb128 0x6
 1607 0138 00       		.byte	0
 1608 0139 00       		.byte	0
 1609 013a 19       		.uleb128 0x19
 1610 013b 34       		.uleb128 0x34
 1611 013c 00       		.byte	0
 1612 013d 03       		.uleb128 0x3
 1613 013e 0E       		.uleb128 0xe
 1614 013f 3A       		.uleb128 0x3a
 1615 0140 0B       		.uleb128 0xb
 1616 0141 3B       		.uleb128 0x3b
 1617 0142 0B       		.uleb128 0xb
 1618 0143 49       		.uleb128 0x49
 1619 0144 13       		.uleb128 0x13
 1620 0145 02       		.uleb128 0x2
 1621 0146 0A       		.uleb128 0xa
 1622 0147 00       		.byte	0
 1623 0148 00       		.byte	0
 1624 0149 1A       		.uleb128 0x1a
 1625 014a 0A       		.uleb128 0xa
 1626 014b 00       		.byte	0
 1627 014c 03       		.uleb128 0x3
 1628 014d 0E       		.uleb128 0xe
 1629 014e 3A       		.uleb128 0x3a
 1630 014f 0B       		.uleb128 0xb
 1631 0150 3B       		.uleb128 0x3b
 1632 0151 0B       		.uleb128 0xb
 1633 0152 11       		.uleb128 0x11
 1634 0153 01       		.uleb128 0x1
 1635 0154 00       		.byte	0
 1636 0155 00       		.byte	0
 1637 0156 1B       		.uleb128 0x1b
 1638 0157 1D       		.uleb128 0x1d
 1639 0158 01       		.byte	0x1
 1640 0159 31       		.uleb128 0x31
 1641 015a 13       		.uleb128 0x13
 1642 015b 52       		.uleb128 0x52
 1643 015c 01       		.uleb128 0x1
 1644 015d 55       		.uleb128 0x55
 1645 015e 06       		.uleb128 0x6
 1646 015f 58       		.uleb128 0x58
 1647 0160 0B       		.uleb128 0xb
 1648 0161 59       		.uleb128 0x59
 1649 0162 0B       		.uleb128 0xb
 1650 0163 01       		.uleb128 0x1
 1651 0164 13       		.uleb128 0x13
ARM GAS  /tmp/cchosg1M.s 			page 30


 1652 0165 00       		.byte	0
 1653 0166 00       		.byte	0
 1654 0167 1C       		.uleb128 0x1c
 1655 0168 05       		.uleb128 0x5
 1656 0169 00       		.byte	0
 1657 016a 31       		.uleb128 0x31
 1658 016b 13       		.uleb128 0x13
 1659 016c 02       		.uleb128 0x2
 1660 016d 06       		.uleb128 0x6
 1661 016e 00       		.byte	0
 1662 016f 00       		.byte	0
 1663 0170 1D       		.uleb128 0x1d
 1664 0171 1D       		.uleb128 0x1d
 1665 0172 01       		.byte	0x1
 1666 0173 31       		.uleb128 0x31
 1667 0174 13       		.uleb128 0x13
 1668 0175 52       		.uleb128 0x52
 1669 0176 01       		.uleb128 0x1
 1670 0177 55       		.uleb128 0x55
 1671 0178 06       		.uleb128 0x6
 1672 0179 58       		.uleb128 0x58
 1673 017a 0B       		.uleb128 0xb
 1674 017b 59       		.uleb128 0x59
 1675 017c 0B       		.uleb128 0xb
 1676 017d 00       		.byte	0
 1677 017e 00       		.byte	0
 1678 017f 1E       		.uleb128 0x1e
 1679 0180 0B       		.uleb128 0xb
 1680 0181 01       		.byte	0x1
 1681 0182 55       		.uleb128 0x55
 1682 0183 06       		.uleb128 0x6
 1683 0184 00       		.byte	0
 1684 0185 00       		.byte	0
 1685 0186 1F       		.uleb128 0x1f
 1686 0187 34       		.uleb128 0x34
 1687 0188 00       		.byte	0
 1688 0189 31       		.uleb128 0x31
 1689 018a 13       		.uleb128 0x13
 1690 018b 02       		.uleb128 0x2
 1691 018c 06       		.uleb128 0x6
 1692 018d 00       		.byte	0
 1693 018e 00       		.byte	0
 1694 018f 20       		.uleb128 0x20
 1695 0190 01       		.uleb128 0x1
 1696 0191 01       		.byte	0x1
 1697 0192 49       		.uleb128 0x49
 1698 0193 13       		.uleb128 0x13
 1699 0194 00       		.byte	0
 1700 0195 00       		.byte	0
 1701 0196 21       		.uleb128 0x21
 1702 0197 21       		.uleb128 0x21
 1703 0198 00       		.byte	0
 1704 0199 49       		.uleb128 0x49
 1705 019a 13       		.uleb128 0x13
 1706 019b 2F       		.uleb128 0x2f
 1707 019c 0B       		.uleb128 0xb
 1708 019d 00       		.byte	0
ARM GAS  /tmp/cchosg1M.s 			page 31


 1709 019e 00       		.byte	0
 1710 019f 00       		.byte	0
 1711              		.section	.debug_loc,"",%progbits
 1712              	.Ldebug_loc0:
 1713              	.LLST0:
 1714 0000 00000000 		.4byte	.LFB9
 1715 0004 02000000 		.4byte	.LCFI0
 1716 0008 0200     		.2byte	0x2
 1717 000a 7D       		.byte	0x7d
 1718 000b 00       		.sleb128 0
 1719 000c 02000000 		.4byte	.LCFI0
 1720 0010 06000000 		.4byte	.LCFI1
 1721 0014 0200     		.2byte	0x2
 1722 0016 7D       		.byte	0x7d
 1723 0017 0C       		.sleb128 12
 1724 0018 06000000 		.4byte	.LCFI1
 1725 001c 08000000 		.4byte	.LCFI2
 1726 0020 0200     		.2byte	0x2
 1727 0022 7D       		.byte	0x7d
 1728 0023 30       		.sleb128 48
 1729 0024 08000000 		.4byte	.LCFI2
 1730 0028 68030000 		.4byte	.LFE9
 1731 002c 0300     		.2byte	0x3
 1732 002e 7D       		.byte	0x7d
 1733 002f D000     		.sleb128 80
 1734 0031 00000000 		.4byte	0
 1735 0035 00000000 		.4byte	0
 1736              	.LLST1:
 1737 0039 00000000 		.4byte	.LVL0
 1738 003d 2C000000 		.4byte	.LVL1
 1739 0041 0100     		.2byte	0x1
 1740 0043 50       		.byte	0x50
 1741 0044 2C000000 		.4byte	.LVL1
 1742 0048 68030000 		.4byte	.LFE9
 1743 004c 0100     		.2byte	0x1
 1744 004e 55       		.byte	0x55
 1745 004f 00000000 		.4byte	0
 1746 0053 00000000 		.4byte	0
 1747              	.LLST2:
 1748 0057 00000000 		.4byte	.LVL0
 1749 005b 2C000000 		.4byte	.LVL1
 1750 005f 0200     		.2byte	0x2
 1751 0061 91       		.byte	0x91
 1752 0062 74       		.sleb128 -12
 1753 0063 2C000000 		.4byte	.LVL1
 1754 0067 2E000000 		.4byte	.LVL2
 1755 006b 0100     		.2byte	0x1
 1756 006d 54       		.byte	0x54
 1757 006e 2E000000 		.4byte	.LVL2
 1758 0072 30000000 		.4byte	.LVL3
 1759 0076 0300     		.2byte	0x3
 1760 0078 74       		.byte	0x74
 1761 0079 01       		.sleb128 1
 1762 007a 9F       		.byte	0x9f
 1763 007b 42000000 		.4byte	.LVL4
 1764 007f 44000000 		.4byte	.LVL5
 1765 0083 0100     		.2byte	0x1
ARM GAS  /tmp/cchosg1M.s 			page 32


 1766 0085 58       		.byte	0x58
 1767 0086 44000000 		.4byte	.LVL5
 1768 008a 48000000 		.4byte	.LVL6
 1769 008e 0300     		.2byte	0x3
 1770 0090 78       		.byte	0x78
 1771 0091 01       		.sleb128 1
 1772 0092 9F       		.byte	0x9f
 1773 0093 5E000000 		.4byte	.LVL8
 1774 0097 70000000 		.4byte	.LVL10
 1775 009b 0100     		.2byte	0x1
 1776 009d 58       		.byte	0x58
 1777 009e 70000000 		.4byte	.LVL10
 1778 00a2 7A000000 		.4byte	.LVL11
 1779 00a6 0300     		.2byte	0x3
 1780 00a8 78       		.byte	0x78
 1781 00a9 01       		.sleb128 1
 1782 00aa 9F       		.byte	0x9f
 1783 00ab 7A000000 		.4byte	.LVL11
 1784 00af 82000000 		.4byte	.LVL12
 1785 00b3 0100     		.2byte	0x1
 1786 00b5 58       		.byte	0x58
 1787 00b6 82000000 		.4byte	.LVL12
 1788 00ba 42010000 		.4byte	.LVL28
 1789 00be 0100     		.2byte	0x1
 1790 00c0 54       		.byte	0x54
 1791 00c1 46010000 		.4byte	.LVL29
 1792 00c5 68030000 		.4byte	.LFE9
 1793 00c9 0100     		.2byte	0x1
 1794 00cb 54       		.byte	0x54
 1795 00cc 00000000 		.4byte	0
 1796 00d0 00000000 		.4byte	0
 1797              	.LLST3:
 1798 00d4 52000000 		.4byte	.LVL7
 1799 00d8 96010000 		.4byte	.LVL37
 1800 00dc 0300     		.2byte	0x3
 1801 00de 91       		.byte	0x91
 1802 00df A07F     		.sleb128 -96
 1803 00e1 96010000 		.4byte	.LVL37
 1804 00e5 A4010000 		.4byte	.LVL40
 1805 00e9 0100     		.2byte	0x1
 1806 00eb 58       		.byte	0x58
 1807 00ec A4010000 		.4byte	.LVL40
 1808 00f0 A8010000 		.4byte	.LVL41
 1809 00f4 0300     		.2byte	0x3
 1810 00f6 79       		.byte	0x79
 1811 00f7 7F       		.sleb128 -1
 1812 00f8 9F       		.byte	0x9f
 1813 00f9 A8010000 		.4byte	.LVL41
 1814 00fd AC010000 		.4byte	.LVL42
 1815 0101 0100     		.2byte	0x1
 1816 0103 59       		.byte	0x59
 1817 0104 AC010000 		.4byte	.LVL42
 1818 0108 B4010000 		.4byte	.LVL43
 1819 010c 0300     		.2byte	0x3
 1820 010e 79       		.byte	0x79
 1821 010f 7F       		.sleb128 -1
 1822 0110 9F       		.byte	0x9f
ARM GAS  /tmp/cchosg1M.s 			page 33


 1823 0111 F6010000 		.4byte	.LVL54
 1824 0115 06020000 		.4byte	.LVL57
 1825 0119 0300     		.2byte	0x3
 1826 011b 91       		.byte	0x91
 1827 011c A07F     		.sleb128 -96
 1828 011e 06020000 		.4byte	.LVL57
 1829 0122 0C020000 		.4byte	.LVL58
 1830 0126 0300     		.2byte	0x3
 1831 0128 91       		.byte	0x91
 1832 0129 9C7F     		.sleb128 -100
 1833 012b 44020000 		.4byte	.LVL66
 1834 012f D8020000 		.4byte	.LVL96
 1835 0133 0300     		.2byte	0x3
 1836 0135 91       		.byte	0x91
 1837 0136 A07F     		.sleb128 -96
 1838 0138 D8020000 		.4byte	.LVL96
 1839 013c 1C030000 		.4byte	.LVL109
 1840 0140 0100     		.2byte	0x1
 1841 0142 59       		.byte	0x59
 1842 0143 2A030000 		.4byte	.LVL112
 1843 0147 2E030000 		.4byte	.LVL113
 1844 014b 0300     		.2byte	0x3
 1845 014d 91       		.byte	0x91
 1846 014e A07F     		.sleb128 -96
 1847 0150 2E030000 		.4byte	.LVL113
 1848 0154 38030000 		.4byte	.LVL114
 1849 0158 0300     		.2byte	0x3
 1850 015a 91       		.byte	0x91
 1851 015b 9C7F     		.sleb128 -100
 1852 015d 38030000 		.4byte	.LVL114
 1853 0161 4C030000 		.4byte	.LVL117
 1854 0165 0300     		.2byte	0x3
 1855 0167 91       		.byte	0x91
 1856 0168 A07F     		.sleb128 -96
 1857 016a 4C030000 		.4byte	.LVL117
 1858 016e 54030000 		.4byte	.LVL119
 1859 0172 0300     		.2byte	0x3
 1860 0174 91       		.byte	0x91
 1861 0175 9C7F     		.sleb128 -100
 1862 0177 00000000 		.4byte	0
 1863 017b 00000000 		.4byte	0
 1864              	.LLST4:
 1865 017f 52000000 		.4byte	.LVL7
 1866 0183 76010000 		.4byte	.LVL34
 1867 0187 0300     		.2byte	0x3
 1868 0189 91       		.byte	0x91
 1869 018a A07F     		.sleb128 -96
 1870 018c 76010000 		.4byte	.LVL34
 1871 0190 86010000 		.4byte	.LVL36
 1872 0194 0400     		.2byte	0x4
 1873 0196 91       		.byte	0x91
 1874 0197 B47F     		.sleb128 -76
 1875 0199 06       		.byte	0x6
 1876 019a 86010000 		.4byte	.LVL36
 1877 019e D2010000 		.4byte	.LVL49
 1878 01a2 0100     		.2byte	0x1
 1879 01a4 58       		.byte	0x58
ARM GAS  /tmp/cchosg1M.s 			page 34


 1880 01a5 D2010000 		.4byte	.LVL49
 1881 01a9 D8010000 		.4byte	.LVL50
 1882 01ad 0300     		.2byte	0x3
 1883 01af 78       		.byte	0x78
 1884 01b0 7F       		.sleb128 -1
 1885 01b1 9F       		.byte	0x9f
 1886 01b2 D8010000 		.4byte	.LVL50
 1887 01b6 F6010000 		.4byte	.LVL54
 1888 01ba 0100     		.2byte	0x1
 1889 01bc 58       		.byte	0x58
 1890 01bd F6010000 		.4byte	.LVL54
 1891 01c1 0C020000 		.4byte	.LVL58
 1892 01c5 0300     		.2byte	0x3
 1893 01c7 91       		.byte	0x91
 1894 01c8 A07F     		.sleb128 -96
 1895 01ca 0C020000 		.4byte	.LVL58
 1896 01ce 32020000 		.4byte	.LVL63
 1897 01d2 0100     		.2byte	0x1
 1898 01d4 58       		.byte	0x58
 1899 01d5 44020000 		.4byte	.LVL66
 1900 01d9 54030000 		.4byte	.LVL119
 1901 01dd 0300     		.2byte	0x3
 1902 01df 91       		.byte	0x91
 1903 01e0 A07F     		.sleb128 -96
 1904 01e2 54030000 		.4byte	.LVL119
 1905 01e6 68030000 		.4byte	.LFE9
 1906 01ea 0100     		.2byte	0x1
 1907 01ec 58       		.byte	0x58
 1908 01ed 00000000 		.4byte	0
 1909 01f1 00000000 		.4byte	0
 1910              	.LLST5:
 1911 01f5 2E000000 		.4byte	.LVL2
 1912 01f9 30000000 		.4byte	.LVL3
 1913 01fd 0100     		.2byte	0x1
 1914 01ff 51       		.byte	0x51
 1915 0200 44000000 		.4byte	.LVL5
 1916 0204 48000000 		.4byte	.LVL6
 1917 0208 0100     		.2byte	0x1
 1918 020a 51       		.byte	0x51
 1919 020b 82000000 		.4byte	.LVL12
 1920 020f 84000000 		.4byte	.LVL13
 1921 0213 0100     		.2byte	0x1
 1922 0215 52       		.byte	0x52
 1923 0216 84000000 		.4byte	.LVL13
 1924 021a 90000000 		.4byte	.LVL16
 1925 021e 0100     		.2byte	0x1
 1926 0220 51       		.byte	0x51
 1927 0221 90000000 		.4byte	.LVL16
 1928 0225 B2000000 		.4byte	.LVL20
 1929 0229 0100     		.2byte	0x1
 1930 022b 52       		.byte	0x52
 1931 022c B8000000 		.4byte	.LVL21
 1932 0230 BE000000 		.4byte	.LVL23
 1933 0234 0100     		.2byte	0x1
 1934 0236 51       		.byte	0x51
 1935 0237 BE000000 		.4byte	.LVL23
 1936 023b 38010000 		.4byte	.LVL25
ARM GAS  /tmp/cchosg1M.s 			page 35


 1937 023f 0100     		.2byte	0x1
 1938 0241 52       		.byte	0x52
 1939 0242 38010000 		.4byte	.LVL25
 1940 0246 42010000 		.4byte	.LVL28
 1941 024a 0100     		.2byte	0x1
 1942 024c 51       		.byte	0x51
 1943 024d 46010000 		.4byte	.LVL29
 1944 0251 5E010000 		.4byte	.LVL30
 1945 0255 0100     		.2byte	0x1
 1946 0257 52       		.byte	0x52
 1947 0258 6C010000 		.4byte	.LVL31
 1948 025c 6E010000 		.4byte	.LVL32
 1949 0260 0100     		.2byte	0x1
 1950 0262 52       		.byte	0x52
 1951 0263 F6010000 		.4byte	.LVL54
 1952 0267 F8010000 		.4byte	.LVL55
 1953 026b 0100     		.2byte	0x1
 1954 026d 52       		.byte	0x52
 1955 026e 44020000 		.4byte	.LVL66
 1956 0272 48020000 		.4byte	.LVL67
 1957 0276 0100     		.2byte	0x1
 1958 0278 52       		.byte	0x52
 1959 0279 AA020000 		.4byte	.LVL87
 1960 027d AE020000 		.4byte	.LVL88
 1961 0281 0100     		.2byte	0x1
 1962 0283 52       		.byte	0x52
 1963 0284 BC020000 		.4byte	.LVL91
 1964 0288 C2020000 		.4byte	.LVL92
 1965 028c 0200     		.2byte	0x2
 1966 028e 38       		.byte	0x38
 1967 028f 9F       		.byte	0x9f
 1968 0290 C2020000 		.4byte	.LVL92
 1969 0294 C4020000 		.4byte	.LVL93
 1970 0298 0100     		.2byte	0x1
 1971 029a 52       		.byte	0x52
 1972 029b 2A030000 		.4byte	.LVL112
 1973 029f 38030000 		.4byte	.LVL114
 1974 02a3 0100     		.2byte	0x1
 1975 02a5 52       		.byte	0x52
 1976 02a6 00000000 		.4byte	0
 1977 02aa 00000000 		.4byte	0
 1978              	.LLST6:
 1979 02ae 66000000 		.4byte	.LVL9
 1980 02b2 70000000 		.4byte	.LVL10
 1981 02b6 0300     		.2byte	0x3
 1982 02b8 08       		.byte	0x8
 1983 02b9 20       		.byte	0x20
 1984 02ba 9F       		.byte	0x9f
 1985 02bb 70000000 		.4byte	.LVL10
 1986 02bf 7A000000 		.4byte	.LVL11
 1987 02c3 0300     		.2byte	0x3
 1988 02c5 08       		.byte	0x8
 1989 02c6 30       		.byte	0x30
 1990 02c7 9F       		.byte	0x9f
 1991 02c8 7A000000 		.4byte	.LVL11
 1992 02cc 6C010000 		.4byte	.LVL31
 1993 02d0 0100     		.2byte	0x1
ARM GAS  /tmp/cchosg1M.s 			page 36


 1994 02d2 56       		.byte	0x56
 1995 02d3 6C010000 		.4byte	.LVL31
 1996 02d7 BA010000 		.4byte	.LVL45
 1997 02db 0300     		.2byte	0x3
 1998 02dd 08       		.byte	0x8
 1999 02de 20       		.byte	0x20
 2000 02df 9F       		.byte	0x9f
 2001 02e0 BA010000 		.4byte	.LVL45
 2002 02e4 C4010000 		.4byte	.LVL47
 2003 02e8 0100     		.2byte	0x1
 2004 02ea 56       		.byte	0x56
 2005 02eb F6010000 		.4byte	.LVL54
 2006 02ef 0C020000 		.4byte	.LVL58
 2007 02f3 0300     		.2byte	0x3
 2008 02f5 08       		.byte	0x8
 2009 02f6 20       		.byte	0x20
 2010 02f7 9F       		.byte	0x9f
 2011 02f8 0C020000 		.4byte	.LVL58
 2012 02fc 1A020000 		.4byte	.LVL61
 2013 0300 0100     		.2byte	0x1
 2014 0302 56       		.byte	0x56
 2015 0303 44020000 		.4byte	.LVL66
 2016 0307 5C020000 		.4byte	.LVL70
 2017 030b 0100     		.2byte	0x1
 2018 030d 56       		.byte	0x56
 2019 030e 5C020000 		.4byte	.LVL70
 2020 0312 88020000 		.4byte	.LVL80
 2021 0316 0100     		.2byte	0x1
 2022 0318 59       		.byte	0x59
 2023 0319 88020000 		.4byte	.LVL80
 2024 031d 54030000 		.4byte	.LVL119
 2025 0321 0100     		.2byte	0x1
 2026 0323 56       		.byte	0x56
 2027 0324 00000000 		.4byte	0
 2028 0328 00000000 		.4byte	0
 2029              	.LLST7:
 2030 032c BA010000 		.4byte	.LVL45
 2031 0330 C4010000 		.4byte	.LVL47
 2032 0334 0100     		.2byte	0x1
 2033 0336 59       		.byte	0x59
 2034 0337 C4010000 		.4byte	.LVL47
 2035 033b CC010000 		.4byte	.LVL48
 2036 033f 0300     		.2byte	0x3
 2037 0341 79       		.byte	0x79
 2038 0342 7F       		.sleb128 -1
 2039 0343 9F       		.byte	0x9f
 2040 0344 0C020000 		.4byte	.LVL58
 2041 0348 32020000 		.4byte	.LVL63
 2042 034c 0100     		.2byte	0x1
 2043 034e 59       		.byte	0x59
 2044 034f 54030000 		.4byte	.LVL119
 2045 0353 68030000 		.4byte	.LFE9
 2046 0357 0100     		.2byte	0x1
 2047 0359 59       		.byte	0x59
 2048 035a 00000000 		.4byte	0
 2049 035e 00000000 		.4byte	0
 2050              	.LLST8:
ARM GAS  /tmp/cchosg1M.s 			page 37


 2051 0362 A4000000 		.4byte	.LVL18
 2052 0366 AA000000 		.4byte	.LVL19
 2053 036a 0200     		.2byte	0x2
 2054 036c 30       		.byte	0x30
 2055 036d 9F       		.byte	0x9f
 2056 036e AA000000 		.4byte	.LVL19
 2057 0372 3E010000 		.4byte	.LVL27
 2058 0376 0100     		.2byte	0x1
 2059 0378 5C       		.byte	0x5c
 2060 0379 3E010000 		.4byte	.LVL27
 2061 037d 42010000 		.4byte	.LVL28
 2062 0381 0500     		.2byte	0x5
 2063 0383 7C       		.byte	0x7c
 2064 0384 00       		.sleb128 0
 2065 0385 31       		.byte	0x31
 2066 0386 24       		.byte	0x24
 2067 0387 9F       		.byte	0x9f
 2068 0388 42010000 		.4byte	.LVL28
 2069 038c 9E010000 		.4byte	.LVL38
 2070 0390 0100     		.2byte	0x1
 2071 0392 5C       		.byte	0x5c
 2072 0393 9E010000 		.4byte	.LVL38
 2073 0397 A0010000 		.4byte	.LVL39
 2074 039b 0300     		.2byte	0x3
 2075 039d 7C       		.byte	0x7c
 2076 039e 7F       		.sleb128 -1
 2077 039f 9F       		.byte	0x9f
 2078 03a0 F6010000 		.4byte	.LVL54
 2079 03a4 0C020000 		.4byte	.LVL58
 2080 03a8 0100     		.2byte	0x1
 2081 03aa 5C       		.byte	0x5c
 2082 03ab 44020000 		.4byte	.LVL66
 2083 03af 58020000 		.4byte	.LVL69
 2084 03b3 0100     		.2byte	0x1
 2085 03b5 5C       		.byte	0x5c
 2086 03b6 AA020000 		.4byte	.LVL87
 2087 03ba E0020000 		.4byte	.LVL98
 2088 03be 0100     		.2byte	0x1
 2089 03c0 5C       		.byte	0x5c
 2090 03c1 2A030000 		.4byte	.LVL112
 2091 03c5 54030000 		.4byte	.LVL119
 2092 03c9 0100     		.2byte	0x1
 2093 03cb 5C       		.byte	0x5c
 2094 03cc 00000000 		.4byte	0
 2095 03d0 00000000 		.4byte	0
 2096              	.LLST9:
 2097 03d4 7A000000 		.4byte	.LVL11
 2098 03d8 82000000 		.4byte	.LVL12
 2099 03dc 0200     		.2byte	0x2
 2100 03de 30       		.byte	0x30
 2101 03df 9F       		.byte	0x9f
 2102 03e0 82000000 		.4byte	.LVL12
 2103 03e4 8A000000 		.4byte	.LVL15
 2104 03e8 0100     		.2byte	0x1
 2105 03ea 53       		.byte	0x53
 2106 03eb 90000000 		.4byte	.LVL16
 2107 03ef B8010000 		.4byte	.LVL44
ARM GAS  /tmp/cchosg1M.s 			page 38


 2108 03f3 0100     		.2byte	0x1
 2109 03f5 53       		.byte	0x53
 2110 03f6 BA010000 		.4byte	.LVL45
 2111 03fa BE010000 		.4byte	.LVL46
 2112 03fe 0100     		.2byte	0x1
 2113 0400 53       		.byte	0x53
 2114 0401 BE010000 		.4byte	.LVL46
 2115 0405 CC010000 		.4byte	.LVL48
 2116 0409 0100     		.2byte	0x1
 2117 040b 5A       		.byte	0x5a
 2118 040c DC010000 		.4byte	.LVL51
 2119 0410 EE010000 		.4byte	.LVL52
 2120 0414 0100     		.2byte	0x1
 2121 0416 5A       		.byte	0x5a
 2122 0417 EE010000 		.4byte	.LVL52
 2123 041b F2010000 		.4byte	.LVL53
 2124 041f 0300     		.2byte	0x3
 2125 0421 7A       		.byte	0x7a
 2126 0422 7F       		.sleb128 -1
 2127 0423 9F       		.byte	0x9f
 2128 0424 F2010000 		.4byte	.LVL53
 2129 0428 F6010000 		.4byte	.LVL54
 2130 042c 0100     		.2byte	0x1
 2131 042e 5A       		.byte	0x5a
 2132 042f F6010000 		.4byte	.LVL54
 2133 0433 14020000 		.4byte	.LVL60
 2134 0437 0100     		.2byte	0x1
 2135 0439 53       		.byte	0x53
 2136 043a 14020000 		.4byte	.LVL60
 2137 043e 3C020000 		.4byte	.LVL64
 2138 0442 0100     		.2byte	0x1
 2139 0444 5A       		.byte	0x5a
 2140 0445 3C020000 		.4byte	.LVL64
 2141 0449 40020000 		.4byte	.LVL65
 2142 044d 0300     		.2byte	0x3
 2143 044f 7A       		.byte	0x7a
 2144 0450 01       		.sleb128 1
 2145 0451 9F       		.byte	0x9f
 2146 0452 40020000 		.4byte	.LVL65
 2147 0456 44020000 		.4byte	.LVL66
 2148 045a 0100     		.2byte	0x1
 2149 045c 5A       		.byte	0x5a
 2150 045d 44020000 		.4byte	.LVL66
 2151 0461 54030000 		.4byte	.LVL119
 2152 0465 0100     		.2byte	0x1
 2153 0467 53       		.byte	0x53
 2154 0468 54030000 		.4byte	.LVL119
 2155 046c 68030000 		.4byte	.LFE9
 2156 0470 0100     		.2byte	0x1
 2157 0472 5A       		.byte	0x5a
 2158 0473 00000000 		.4byte	0
 2159 0477 00000000 		.4byte	0
 2160              	.LLST10:
 2161 047b B2000000 		.4byte	.LVL20
 2162 047f BE000000 		.4byte	.LVL23
 2163 0483 0200     		.2byte	0x2
 2164 0485 31       		.byte	0x31
ARM GAS  /tmp/cchosg1M.s 			page 39


 2165 0486 9F       		.byte	0x9f
 2166 0487 BE000000 		.4byte	.LVL23
 2167 048b 36010000 		.4byte	.LVL24
 2168 048f 0100     		.2byte	0x1
 2169 0491 50       		.byte	0x50
 2170 0492 6C010000 		.4byte	.LVL31
 2171 0496 7A010000 		.4byte	.LVL35
 2172 049a 0100     		.2byte	0x1
 2173 049c 50       		.byte	0x50
 2174 049d F6010000 		.4byte	.LVL54
 2175 04a1 0C020000 		.4byte	.LVL58
 2176 04a5 0100     		.2byte	0x1
 2177 04a7 50       		.byte	0x50
 2178 04a8 44020000 		.4byte	.LVL66
 2179 04ac 54020000 		.4byte	.LVL68
 2180 04b0 0100     		.2byte	0x1
 2181 04b2 50       		.byte	0x50
 2182 04b3 AA020000 		.4byte	.LVL87
 2183 04b7 B6020000 		.4byte	.LVL89
 2184 04bb 0100     		.2byte	0x1
 2185 04bd 50       		.byte	0x50
 2186 04be BC020000 		.4byte	.LVL91
 2187 04c2 CC020000 		.4byte	.LVL95
 2188 04c6 0100     		.2byte	0x1
 2189 04c8 50       		.byte	0x50
 2190 04c9 2A030000 		.4byte	.LVL112
 2191 04cd 3A030000 		.4byte	.LVL115
 2192 04d1 0100     		.2byte	0x1
 2193 04d3 50       		.byte	0x50
 2194 04d4 00000000 		.4byte	0
 2195 04d8 00000000 		.4byte	0
 2196              	.LLST11:
 2197 04dc 52000000 		.4byte	.LVL7
 2198 04e0 5E000000 		.4byte	.LVL8
 2199 04e4 0200     		.2byte	0x2
 2200 04e6 30       		.byte	0x30
 2201 04e7 9F       		.byte	0x9f
 2202 04e8 5E000000 		.4byte	.LVL8
 2203 04ec 66000000 		.4byte	.LVL9
 2204 04f0 0200     		.2byte	0x2
 2205 04f2 31       		.byte	0x31
 2206 04f3 9F       		.byte	0x9f
 2207 04f4 66000000 		.4byte	.LVL9
 2208 04f8 68030000 		.4byte	.LFE9
 2209 04fc 0100     		.2byte	0x1
 2210 04fe 5B       		.byte	0x5b
 2211 04ff 00000000 		.4byte	0
 2212 0503 00000000 		.4byte	0
 2213              	.LLST12:
 2214 0507 54020000 		.4byte	.LVL68
 2215 050b 5C020000 		.4byte	.LVL70
 2216 050f 0100     		.2byte	0x1
 2217 0511 51       		.byte	0x51
 2218 0512 B8020000 		.4byte	.LVL90
 2219 0516 BC020000 		.4byte	.LVL91
 2220 051a 0200     		.2byte	0x2
 2221 051c 72       		.byte	0x72
ARM GAS  /tmp/cchosg1M.s 			page 40


 2222 051d 00       		.sleb128 0
 2223 051e CC020000 		.4byte	.LVL95
 2224 0522 D8020000 		.4byte	.LVL96
 2225 0526 0400     		.2byte	0x4
 2226 0528 91       		.byte	0x91
 2227 0529 B47F     		.sleb128 -76
 2228 052b 06       		.byte	0x6
 2229 052c D8020000 		.4byte	.LVL96
 2230 0530 E0020000 		.4byte	.LVL98
 2231 0534 0100     		.2byte	0x1
 2232 0536 50       		.byte	0x50
 2233 0537 3A030000 		.4byte	.LVL115
 2234 053b 46030000 		.4byte	.LVL116
 2235 053f 0200     		.2byte	0x2
 2236 0541 72       		.byte	0x72
 2237 0542 00       		.sleb128 0
 2238 0543 46030000 		.4byte	.LVL116
 2239 0547 54030000 		.4byte	.LVL119
 2240 054b 0100     		.2byte	0x1
 2241 054d 50       		.byte	0x50
 2242 054e 00000000 		.4byte	0
 2243 0552 00000000 		.4byte	0
 2244              	.LLST13:
 2245 0556 D8020000 		.4byte	.LVL96
 2246 055a 2A030000 		.4byte	.LVL112
 2247 055e 0200     		.2byte	0x2
 2248 0560 3A       		.byte	0x3a
 2249 0561 9F       		.byte	0x9f
 2250 0562 00000000 		.4byte	0
 2251 0566 00000000 		.4byte	0
 2252              	.LLST14:
 2253 056a D8020000 		.4byte	.LVL96
 2254 056e E0020000 		.4byte	.LVL98
 2255 0572 0100     		.2byte	0x1
 2256 0574 50       		.byte	0x50
 2257 0575 00000000 		.4byte	0
 2258 0579 00000000 		.4byte	0
 2259              	.LLST15:
 2260 057d D8020000 		.4byte	.LVL96
 2261 0581 20030000 		.4byte	.LVL111
 2262 0585 0100     		.2byte	0x1
 2263 0587 59       		.byte	0x59
 2264 0588 00000000 		.4byte	0
 2265 058c 00000000 		.4byte	0
 2266              	.LLST16:
 2267 0590 54020000 		.4byte	.LVL68
 2268 0594 AA020000 		.4byte	.LVL87
 2269 0598 0200     		.2byte	0x2
 2270 059a 30       		.byte	0x30
 2271 059b 9F       		.byte	0x9f
 2272 059c D8020000 		.4byte	.LVL96
 2273 05a0 2A030000 		.4byte	.LVL112
 2274 05a4 0200     		.2byte	0x2
 2275 05a6 30       		.byte	0x30
 2276 05a7 9F       		.byte	0x9f
 2277 05a8 00000000 		.4byte	0
 2278 05ac 00000000 		.4byte	0
ARM GAS  /tmp/cchosg1M.s 			page 41


 2279              	.LLST17:
 2280 05b0 54020000 		.4byte	.LVL68
 2281 05b4 8C020000 		.4byte	.LVL81
 2282 05b8 0100     		.2byte	0x1
 2283 05ba 58       		.byte	0x58
 2284 05bb D8020000 		.4byte	.LVL96
 2285 05bf 2A030000 		.4byte	.LVL112
 2286 05c3 0200     		.2byte	0x2
 2287 05c5 3A       		.byte	0x3a
 2288 05c6 9F       		.byte	0x9f
 2289 05c7 00000000 		.4byte	0
 2290 05cb 00000000 		.4byte	0
 2291              	.LLST18:
 2292 05cf 54020000 		.4byte	.LVL68
 2293 05d3 5C020000 		.4byte	.LVL70
 2294 05d7 0100     		.2byte	0x1
 2295 05d9 51       		.byte	0x51
 2296 05da D8020000 		.4byte	.LVL96
 2297 05de E0020000 		.4byte	.LVL98
 2298 05e2 0100     		.2byte	0x1
 2299 05e4 50       		.byte	0x50
 2300 05e5 00000000 		.4byte	0
 2301 05e9 00000000 		.4byte	0
 2302              	.LLST19:
 2303 05ed 54020000 		.4byte	.LVL68
 2304 05f1 98020000 		.4byte	.LVL85
 2305 05f5 0300     		.2byte	0x3
 2306 05f7 91       		.byte	0x91
 2307 05f8 A07F     		.sleb128 -96
 2308 05fa 98020000 		.4byte	.LVL85
 2309 05fe AA020000 		.4byte	.LVL87
 2310 0602 0100     		.2byte	0x1
 2311 0604 51       		.byte	0x51
 2312 0605 D8020000 		.4byte	.LVL96
 2313 0609 10030000 		.4byte	.LVL107
 2314 060d 0100     		.2byte	0x1
 2315 060f 59       		.byte	0x59
 2316 0610 10030000 		.4byte	.LVL107
 2317 0614 1E030000 		.4byte	.LVL110
 2318 0618 0100     		.2byte	0x1
 2319 061a 52       		.byte	0x52
 2320 061b 00000000 		.4byte	0
 2321 061f 00000000 		.4byte	0
 2322              	.LLST20:
 2323 0623 F0020000 		.4byte	.LVL99
 2324 0627 F2020000 		.4byte	.LVL100
 2325 062b 0300     		.2byte	0x3
 2326 062d 71       		.byte	0x71
 2327 062e 30       		.sleb128 48
 2328 062f 9F       		.byte	0x9f
 2329 0630 F2020000 		.4byte	.LVL100
 2330 0634 F8020000 		.4byte	.LVL102
 2331 0638 0100     		.2byte	0x1
 2332 063a 51       		.byte	0x51
 2333 063b 08030000 		.4byte	.LVL105
 2334 063f 10030000 		.4byte	.LVL107
 2335 0643 0100     		.2byte	0x1
ARM GAS  /tmp/cchosg1M.s 			page 42


 2336 0645 5A       		.byte	0x5a
 2337 0646 00000000 		.4byte	0
 2338 064a 00000000 		.4byte	0
 2339              	.LLST21:
 2340 064e DC020000 		.4byte	.LVL97
 2341 0652 E0020000 		.4byte	.LVL98
 2342 0656 0100     		.2byte	0x1
 2343 0658 5A       		.byte	0x5a
 2344 0659 E0020000 		.4byte	.LVL98
 2345 065d 00030000 		.4byte	.LVL103
 2346 0661 0100     		.2byte	0x1
 2347 0663 5C       		.byte	0x5c
 2348 0664 00030000 		.4byte	.LVL103
 2349 0668 10030000 		.4byte	.LVL107
 2350 066c 0300     		.2byte	0x3
 2351 066e 7C       		.byte	0x7c
 2352 066f 01       		.sleb128 1
 2353 0670 9F       		.byte	0x9f
 2354 0671 00000000 		.4byte	0
 2355 0675 00000000 		.4byte	0
 2356              	.LLST22:
 2357 0679 54020000 		.4byte	.LVL68
 2358 067d 64020000 		.4byte	.LVL71
 2359 0681 0100     		.2byte	0x1
 2360 0683 51       		.byte	0x51
 2361 0684 7E020000 		.4byte	.LVL78
 2362 0688 84020000 		.4byte	.LVL79
 2363 068c 0100     		.2byte	0x1
 2364 068e 56       		.byte	0x56
 2365 068f 84020000 		.4byte	.LVL79
 2366 0693 96020000 		.4byte	.LVL84
 2367 0697 0100     		.2byte	0x1
 2368 0699 51       		.byte	0x51
 2369 069a D8020000 		.4byte	.LVL96
 2370 069e F6020000 		.4byte	.LVL101
 2371 06a2 0100     		.2byte	0x1
 2372 06a4 50       		.byte	0x50
 2373 06a5 02030000 		.4byte	.LVL104
 2374 06a9 0E030000 		.4byte	.LVL106
 2375 06ad 0100     		.2byte	0x1
 2376 06af 52       		.byte	0x52
 2377 06b0 00000000 		.4byte	0
 2378 06b4 00000000 		.4byte	0
 2379              	.LLST23:
 2380 06b8 54020000 		.4byte	.LVL68
 2381 06bc 5C020000 		.4byte	.LVL70
 2382 06c0 0100     		.2byte	0x1
 2383 06c2 51       		.byte	0x51
 2384 06c3 5C020000 		.4byte	.LVL70
 2385 06c7 76020000 		.4byte	.LVL75
 2386 06cb 0100     		.2byte	0x1
 2387 06cd 50       		.byte	0x50
 2388 06ce 7E020000 		.4byte	.LVL78
 2389 06d2 94020000 		.4byte	.LVL83
 2390 06d6 0100     		.2byte	0x1
 2391 06d8 50       		.byte	0x50
 2392 06d9 D8020000 		.4byte	.LVL96
ARM GAS  /tmp/cchosg1M.s 			page 43


 2393 06dd E0020000 		.4byte	.LVL98
 2394 06e1 0100     		.2byte	0x1
 2395 06e3 50       		.byte	0x50
 2396 06e4 E0020000 		.4byte	.LVL98
 2397 06e8 F6020000 		.4byte	.LVL101
 2398 06ec 0100     		.2byte	0x1
 2399 06ee 58       		.byte	0x58
 2400 06ef 00000000 		.4byte	0
 2401 06f3 00000000 		.4byte	0
 2402              	.LLST24:
 2403 06f7 54020000 		.4byte	.LVL68
 2404 06fb 8C020000 		.4byte	.LVL81
 2405 06ff 0100     		.2byte	0x1
 2406 0701 58       		.byte	0x58
 2407 0702 00000000 		.4byte	0
 2408 0706 00000000 		.4byte	0
 2409              	.LLST25:
 2410 070a 54020000 		.4byte	.LVL68
 2411 070e 5C020000 		.4byte	.LVL70
 2412 0712 0100     		.2byte	0x1
 2413 0714 51       		.byte	0x51
 2414 0715 00000000 		.4byte	0
 2415 0719 00000000 		.4byte	0
 2416              	.LLST26:
 2417 071d 54020000 		.4byte	.LVL68
 2418 0721 AA020000 		.4byte	.LVL87
 2419 0725 0300     		.2byte	0x3
 2420 0727 91       		.byte	0x91
 2421 0728 A07F     		.sleb128 -96
 2422 072a 00000000 		.4byte	0
 2423 072e 00000000 		.4byte	0
 2424              	.LLST27:
 2425 0732 64020000 		.4byte	.LVL71
 2426 0736 68020000 		.4byte	.LVL72
 2427 073a 0100     		.2byte	0x1
 2428 073c 51       		.byte	0x51
 2429 073d 68020000 		.4byte	.LVL72
 2430 0741 72020000 		.4byte	.LVL74
 2431 0745 0100     		.2byte	0x1
 2432 0747 52       		.byte	0x52
 2433 0748 90020000 		.4byte	.LVL82
 2434 074c 98020000 		.4byte	.LVL85
 2435 0750 0100     		.2byte	0x1
 2436 0752 59       		.byte	0x59
 2437 0753 00000000 		.4byte	0
 2438 0757 00000000 		.4byte	0
 2439              	.LLST28:
 2440 075b 54020000 		.4byte	.LVL68
 2441 075f 5C020000 		.4byte	.LVL70
 2442 0763 0400     		.2byte	0x4
 2443 0765 91       		.byte	0x91
 2444 0766 B37F     		.sleb128 -77
 2445 0768 9F       		.byte	0x9f
 2446 0769 78020000 		.4byte	.LVL76
 2447 076d 7E020000 		.4byte	.LVL78
 2448 0771 0100     		.2byte	0x1
 2449 0773 5C       		.byte	0x5c
ARM GAS  /tmp/cchosg1M.s 			page 44


 2450 0774 7E020000 		.4byte	.LVL78
 2451 0778 98020000 		.4byte	.LVL85
 2452 077c 0100     		.2byte	0x1
 2453 077e 5A       		.byte	0x5a
 2454 077f 00000000 		.4byte	0
 2455 0783 00000000 		.4byte	0
 2456              		.section	.debug_aranges,"",%progbits
 2457 0000 1C000000 		.4byte	0x1c
 2458 0004 0200     		.2byte	0x2
 2459 0006 00000000 		.4byte	.Ldebug_info0
 2460 000a 04       		.byte	0x4
 2461 000b 00       		.byte	0
 2462 000c 0000     		.2byte	0
 2463 000e 0000     		.2byte	0
 2464 0010 00000000 		.4byte	.LFB9
 2465 0014 68030000 		.4byte	.LFE9-.LFB9
 2466 0018 00000000 		.4byte	0
 2467 001c 00000000 		.4byte	0
 2468              		.section	.debug_ranges,"",%progbits
 2469              	.Ldebug_ranges0:
 2470 0000 18000000 		.4byte	.LBB12
 2471 0004 1C000000 		.4byte	.LBE12
 2472 0008 28000000 		.4byte	.LBB19
 2473 000c 2C000000 		.4byte	.LBE19
 2474 0010 D8020000 		.4byte	.LBB26
 2475 0014 24030000 		.4byte	.LBE26
 2476 0018 00000000 		.4byte	0
 2477 001c 00000000 		.4byte	0
 2478 0020 18000000 		.4byte	.LBB13
 2479 0024 1C000000 		.4byte	.LBE13
 2480 0028 28000000 		.4byte	.LBB17
 2481 002c 2C000000 		.4byte	.LBE17
 2482 0030 D8020000 		.4byte	.LBB18
 2483 0034 24030000 		.4byte	.LBE18
 2484 0038 00000000 		.4byte	0
 2485 003c 00000000 		.4byte	0
 2486 0040 18000000 		.4byte	.LBB14
 2487 0044 1C000000 		.4byte	.LBE14
 2488 0048 28000000 		.4byte	.LBB15
 2489 004c 2C000000 		.4byte	.LBE15
 2490 0050 D8020000 		.4byte	.LBB16
 2491 0054 24030000 		.4byte	.LBE16
 2492 0058 00000000 		.4byte	0
 2493 005c 00000000 		.4byte	0
 2494 0060 5C020000 		.4byte	.LBB20
 2495 0064 94020000 		.4byte	.LBE20
 2496 0068 98020000 		.4byte	.LBB25
 2497 006c A4020000 		.4byte	.LBE25
 2498 0070 00000000 		.4byte	0
 2499 0074 00000000 		.4byte	0
 2500 0078 5C020000 		.4byte	.LBB21
 2501 007c 94020000 		.4byte	.LBE21
 2502 0080 98020000 		.4byte	.LBB24
 2503 0084 A4020000 		.4byte	.LBE24
 2504 0088 00000000 		.4byte	0
 2505 008c 00000000 		.4byte	0
 2506 0090 5C020000 		.4byte	.LBB22
ARM GAS  /tmp/cchosg1M.s 			page 45


 2507 0094 94020000 		.4byte	.LBE22
 2508 0098 98020000 		.4byte	.LBB23
 2509 009c A4020000 		.4byte	.LBE23
 2510 00a0 00000000 		.4byte	0
 2511 00a4 00000000 		.4byte	0
 2512 00a8 00000000 		.4byte	.LFB9
 2513 00ac 68030000 		.4byte	.LFE9
 2514 00b0 00000000 		.4byte	0
 2515 00b4 00000000 		.4byte	0
 2516              		.section	.debug_line,"",%progbits
 2517              	.Ldebug_line0:
 2518 0000 B5020000 		.section	.debug_str,"MS",%progbits,1
 2518      02004C01 
 2518      00000201 
 2518      FB0E0D00 
 2518      01010101 
 2519              	.LASF2:
 2520 0000 73697A65 		.ascii	"size_t\000"
 2520      5F7400
 2521              	.LASF36:
 2522 0007 5F5F6170 		.ascii	"__ap\000"
 2522      00
 2523              	.LASF30:
 2524 000c 69735F6C 		.ascii	"is_long\000"
 2524      6F6E6700 
 2525              	.LASF3:
 2526 0014 756E7369 		.ascii	"unsigned int\000"
 2526      676E6564 
 2526      20696E74 
 2526      00
 2527              	.LASF14:
 2528 0021 626F6F6C 		.ascii	"bool_t\000"
 2528      5F7400
 2529              	.LASF25:
 2530 0028 6C6F6E67 		.ascii	"long_to_string_with_divisor\000"
 2530      5F746F5F 
 2530      73747269 
 2530      6E675F77 
 2530      6974685F 
 2531              	.LASF33:
 2532 0044 474E5520 		.ascii	"GNU C 4.6.2 20110908 (prerelease)\000"
 2532      4320342E 
 2532      362E3220 
 2532      32303131 
 2532      30393038 
 2533              	.LASF1:
 2534 0066 76615F6C 		.ascii	"va_list\000"
 2534      69737400 
 2535              	.LASF22:
 2536 006e 42617365 		.ascii	"BaseSequentialStream\000"
 2536      53657175 
 2536      656E7469 
 2536      616C5374 
 2536      7265616D 
 2537              	.LASF6:
 2538 0083 756E7369 		.ascii	"unsigned char\000"
 2538      676E6564 
ARM GAS  /tmp/cchosg1M.s 			page 46


 2538      20636861 
 2538      7200
 2539              	.LASF35:
 2540 0091 2F686F6D 		.ascii	"/home/aggieair/workspace/ChibiOS_2.6.1/demos/ARMCM4"
 2540      652F6167 
 2540      67696561 
 2540      69722F77 
 2540      6F726B73 
 2541 00c4 2D53544D 		.ascii	"-STM32F407-DISCOVERY/\000"
 2541      33324634 
 2541      30372D44 
 2541      4953434F 
 2541      56455259 
 2542              	.LASF11:
 2543 00da 6C6F6E67 		.ascii	"long unsigned int\000"
 2543      20756E73 
 2543      69676E65 
 2543      6420696E 
 2543      7400
 2544              	.LASF8:
 2545 00ec 73686F72 		.ascii	"short unsigned int\000"
 2545      7420756E 
 2545      7369676E 
 2545      65642069 
 2545      6E7400
 2546              	.LASF20:
 2547 00ff 77726974 		.ascii	"write\000"
 2547      6500
 2548              	.LASF29:
 2549 0105 77696474 		.ascii	"width\000"
 2549      6800
 2550              	.LASF37:
 2551 010b 63687072 		.ascii	"chprintf\000"
 2551      696E7466 
 2551      00
 2552              	.LASF0:
 2553 0114 5F5F676E 		.ascii	"__gnuc_va_list\000"
 2553      75635F76 
 2553      615F6C69 
 2553      737400
 2554              	.LASF21:
 2555 0123 72656164 		.ascii	"read\000"
 2555      00
 2556              	.LASF27:
 2557 0128 66696C6C 		.ascii	"filler\000"
 2557      657200
 2558              	.LASF34:
 2559 012f 2E2E2F2E 		.ascii	"../../os/various/chprintf.c\000"
 2559      2E2F6F73 
 2559      2F766172 
 2559      696F7573 
 2559      2F636870 
 2560              	.LASF13:
 2561 014b 6C6F6E67 		.ascii	"long long unsigned int\000"
 2561      206C6F6E 
 2561      6720756E 
 2561      7369676E 
ARM GAS  /tmp/cchosg1M.s 			page 47


 2561      65642069 
 2562              	.LASF24:
 2563 0162 64697669 		.ascii	"divisor\000"
 2563      736F7200 
 2564              	.LASF23:
 2565 016a 72616469 		.ascii	"radix\000"
 2565      7800
 2566              	.LASF16:
 2567 0170 6D73675F 		.ascii	"msg_t\000"
 2567      7400
 2568              	.LASF9:
 2569 0176 696E7433 		.ascii	"int32_t\000"
 2569      325F7400 
 2570              	.LASF32:
 2571 017e 746D7062 		.ascii	"tmpbuf\000"
 2571      756600
 2572              	.LASF18:
 2573 0185 5F5F7661 		.ascii	"__va_list\000"
 2573      5F6C6973 
 2573      7400
 2574              	.LASF12:
 2575 018f 6C6F6E67 		.ascii	"long long int\000"
 2575      206C6F6E 
 2575      6720696E 
 2575      7400
 2576              	.LASF28:
 2577 019d 70726563 		.ascii	"precision\000"
 2577      6973696F 
 2577      6E00
 2578              	.LASF17:
 2579 01a7 63686172 		.ascii	"char\000"
 2579      00
 2580              	.LASF31:
 2581 01ac 6C656674 		.ascii	"left_align\000"
 2581      5F616C69 
 2581      676E00
 2582              	.LASF7:
 2583 01b7 73686F72 		.ascii	"short int\000"
 2583      7420696E 
 2583      7400
 2584              	.LASF5:
 2585 01c1 75696E74 		.ascii	"uint8_t\000"
 2585      385F7400 
 2586              	.LASF38:
 2587 01c9 756E7369 		.ascii	"unsigned_common\000"
 2587      676E6564 
 2587      5F636F6D 
 2587      6D6F6E00 
 2588              	.LASF10:
 2589 01d9 6C6F6E67 		.ascii	"long int\000"
 2589      20696E74 
 2589      00
 2590              	.LASF4:
 2591 01e2 7369676E 		.ascii	"signed char\000"
 2591      65642063 
 2591      68617200 
 2592              	.LASF26:
ARM GAS  /tmp/cchosg1M.s 			page 48


 2593 01ee 6C746F61 		.ascii	"ltoa\000"
 2593      00
 2594              	.LASF15:
 2595 01f3 5F426F6F 		.ascii	"_Bool\000"
 2595      6C00
 2596              	.LASF19:
 2597 01f9 42617365 		.ascii	"BaseSequentialStreamVMT\000"
 2597      53657175 
 2597      656E7469 
 2597      616C5374 
 2597      7265616D 
 2598              		.ident	"GCC: (Linaro GCC 4.6-2011.09-1) 4.6.2 20110908 (prerelease)"
ARM GAS  /tmp/cchosg1M.s 			page 49


DEFINED SYMBOLS
                            *ABS*:0000000000000000 chprintf.c
     /tmp/cchosg1M.s:18     .text.chprintf:0000000000000000 $t
     /tmp/cchosg1M.s:24     .text.chprintf:0000000000000000 chprintf
     /tmp/cchosg1M.s:226    .text.chprintf:00000000000000cc $d
     /tmp/cchosg1M.s:282    .text.chprintf:0000000000000136 $t
     /tmp/cchosg1M.s:751    .rodata.str1.4:0000000000000000 .LC0
     /tmp/cchosg1M.s:750    .rodata.str1.4:0000000000000000 $d
                     .debug_frame:0000000000000010 $d

NO UNDEFINED SYMBOLS
