ARM GAS  /tmp/ccPhUOBJ.s 			page 1


   1              		.syntax unified
   2              		.cpu cortex-m4
   3              		.fpu softvfp
   4              		.eabi_attribute 20, 1
   5              		.eabi_attribute 21, 1
   6              		.eabi_attribute 23, 3
   7              		.eabi_attribute 24, 1
   8              		.eabi_attribute 25, 1
   9              		.eabi_attribute 26, 1
  10              		.eabi_attribute 30, 2
  11              		.eabi_attribute 18, 4
  12              		.thumb
  13              		.file	"chsys.c"
  14              		.text
  15              	.Ltext0:
  16              		.cfi_sections	.debug_frame
  17              		.section	.text._idle_thread,"ax",%progbits
  18              		.align	2
  19              		.p2align 4,,15
  20              		.global	_idle_thread
  21              		.thumb
  22              		.thumb_func
  23              		.type	_idle_thread, %function
  24              	_idle_thread:
  25              	.LFB7:
  26              		.file 1 "../../os/kernel/src/chsys.c"
  27              		.loc 1 61 0
  28              		.cfi_startproc
  29              		@ args = 0, pretend = 0, frame = 0
  30              		@ frame_needed = 0, uses_anonymous_args = 0
  31              		@ link register save eliminated.
  32              	.LVL0:
  33              		.loc 1 64 0
  34 0000 024B     		ldr	r3, .L4
  35 0002 034A     		ldr	r2, .L4+4
  36 0004 9B69     		ldr	r3, [r3, #24]
  37 0006 9A61     		str	r2, [r3, #24]
  38              	.L2:
  39 0008 FEE7     		b	.L2
  40              	.L5:
  41 000a 00BF     		.align	2
  42              	.L4:
  43 000c 00000000 		.word	rlist
  44 0010 00000000 		.word	.LC0
  45              		.cfi_endproc
  46              	.LFE7:
  47              		.size	_idle_thread, .-_idle_thread
  48 0014 AFF30080 		.section	.text.chSysInit,"ax",%progbits
  48      AFF30080 
  48      AFF30080 
  49              		.align	2
  50              		.p2align 4,,15
  51              		.global	chSysInit
  52              		.thumb
  53              		.thumb_func
  54              		.type	chSysInit, %function
  55              	chSysInit:
ARM GAS  /tmp/ccPhUOBJ.s 			page 2


  56              	.LFB8:
  57              		.loc 1 84 0
  58              		.cfi_startproc
  59              		@ args = 0, pretend = 0, frame = 0
  60              		@ frame_needed = 0, uses_anonymous_args = 0
  61 0000 10B5     		push	{r4, lr}
  62              	.LCFI0:
  63              		.cfi_def_cfa_offset 8
  64              		.cfi_offset 14, -4
  65              		.cfi_offset 4, -8
  66 0002 82B0     		sub	sp, sp, #8
  67              	.LCFI1:
  68              		.cfi_def_cfa_offset 16
  69              		.loc 1 90 0
  70 0004 FFF7FEFF 		bl	_port_init
  71              		.loc 1 91 0
  72 0008 FFF7FEFF 		bl	_scheduler_init
  73              		.loc 1 92 0
  74 000c FFF7FEFF 		bl	_vt_init
  75              		.loc 1 94 0
  76 0010 FFF7FEFF 		bl	_core_init
  77              		.loc 1 97 0
  78 0014 FFF7FEFF 		bl	_heap_init
  79              		.loc 1 104 0
  80 0018 40F20000 		movw	r0, #:lower16:.LANCHOR0
  81 001c 4021     		movs	r1, #64
  82 001e C0F20000 		movt	r0, #:upper16:.LANCHOR0
  83 0022 FFF7FEFF 		bl	_thread_init
  84 0026 40F20001 		movw	r1, #:lower16:rlist
  85 002a C0F20001 		movt	r1, #:upper16:rlist
  86              		.loc 1 105 0
  87 002e 0122     		movs	r2, #1
  88              		.loc 1 104 0
  89 0030 8861     		str	r0, [r1, #24]
  90              		.loc 1 105 0
  91 0032 0277     		strb	r2, [r0, #28]
  92              	.LBB2:
  93              		.loc 1 111 0
  94 0034 0023     		movs	r3, #0
  95              	.LVL1:
  96              	@ 111 "../../os/kernel/src/chsys.c" 1
  97 0036 83F31188 		msr     BASEPRI, r3                    
  98 003a 62B6     		cpsie   i
  99              	@ 0 "" 2
 100              	.LVL2:
 101              		.thumb
 102              	.LBE2:
 103              		.loc 1 115 0
 104 003c 8969     		ldr	r1, [r1, #24]
 105              		.loc 1 121 0
 106 003e 1C46     		mov	r4, r3
 107              		.loc 1 115 0
 108 0040 40F20003 		movw	r3, #:lower16:ch_debug
 109              	.LVL3:
 110 0044 C0F20003 		movt	r3, #:upper16:ch_debug
 111 0048 8B61     		str	r3, [r1, #24]
 112              		.loc 1 121 0
ARM GAS  /tmp/ccPhUOBJ.s 			page 3


 113 004a 40F20000 		movw	r0, #:lower16:.LANCHOR1
 114 004e 40F20003 		movw	r3, #:lower16:_idle_thread
 115 0052 C021     		movs	r1, #192
 116 0054 C0F20003 		movt	r3, #:upper16:_idle_thread
 117 0058 C0F20000 		movt	r0, #:upper16:.LANCHOR1
 118 005c 0094     		str	r4, [sp, #0]
 119              	.LVL4:
 120 005e FFF7FEFF 		bl	chThdCreateStatic
 121              		.loc 1 124 0
 122 0062 02B0     		add	sp, sp, #8
 123 0064 10BD     		pop	{r4, pc}
 124              		.cfi_endproc
 125              	.LFE8:
 126              		.size	chSysInit, .-chSysInit
 127 0066 00BFAFF3 		.section	.text.chSysTimerHandlerI,"ax",%progbits
 127      0080AFF3 
 127      0080
 128              		.align	2
 129              		.p2align 4,,15
 130              		.global	chSysTimerHandlerI
 131              		.thumb
 132              		.thumb_func
 133              		.type	chSysTimerHandlerI, %function
 134              	chSysTimerHandlerI:
 135              	.LFB9:
 136              		.loc 1 137 0
 137              		.cfi_startproc
 138              		@ args = 0, pretend = 0, frame = 0
 139              		@ frame_needed = 0, uses_anonymous_args = 0
 140 0000 38B5     		push	{r3, r4, r5, lr}
 141              	.LCFI2:
 142              		.cfi_def_cfa_offset 16
 143              		.cfi_offset 14, -4
 144              		.cfi_offset 5, -8
 145              		.cfi_offset 4, -12
 146              		.cfi_offset 3, -16
 147              		.loc 1 143 0
 148 0002 134B     		ldr	r3, .L13
 149 0004 9B69     		ldr	r3, [r3, #24]
 150 0006 DA7F     		ldrb	r2, [r3, #31]	@ zero_extendqisi2
 151 0008 0AB1     		cbz	r2, .L8
 152              		.loc 1 145 0
 153 000a 013A     		subs	r2, r2, #1
 154 000c DA77     		strb	r2, [r3, #31]
 155              	.L8:
 156              		.loc 1 148 0
 157 000e 1A6A     		ldr	r2, [r3, #32]
 158              		.loc 1 150 0
 159 0010 104C     		ldr	r4, .L13+4
 160              		.loc 1 148 0
 161 0012 0132     		adds	r2, r2, #1
 162 0014 1A62     		str	r2, [r3, #32]
 163              		.loc 1 150 0
 164 0016 E368     		ldr	r3, [r4, #12]
 165 0018 2168     		ldr	r1, [r4, #0]
 166 001a 0133     		adds	r3, r3, #1
 167 001c A142     		cmp	r1, r4
ARM GAS  /tmp/ccPhUOBJ.s 			page 4


 168 001e E360     		str	r3, [r4, #12]
 169 0020 14D0     		beq	.L7
 170              	.LBB3:
 171              		.loc 1 150 0 is_stmt 0 discriminator 1
 172 0022 8D68     		ldr	r5, [r1, #8]
 173 0024 013D     		subs	r5, r5, #1
 174 0026 8D60     		str	r5, [r1, #8]
 175              	.LVL5:
 176 0028 85B9     		cbnz	r5, .L7
 177              	.LVL6:
 178              	.L11:
 179              	.LBB4:
 180              		.loc 1 150 0 discriminator 3
 181 002a 0B68     		ldr	r3, [r1, #0]
 182 002c CA68     		ldr	r2, [r1, #12]
 183              	.LVL7:
 184 002e 5C60     		str	r4, [r3, #4]
 185 0030 2360     		str	r3, [r4, #0]
 186 0032 CD60     		str	r5, [r1, #12]
 187              	.LBB5:
 188 0034 0023     		movs	r3, #0
 189              	.LVL8:
 190              	@ 150 "../../os/kernel/src/chsys.c" 1
 191 0036 83F31188 		msr     BASEPRI, r3
 192              	@ 0 "" 2
 193              	.LVL9:
 194              		.thumb
 195              	.LBE5:
 196 003a 0869     		ldr	r0, [r1, #16]
 197 003c 9047     		blx	r2
 198              	.LVL10:
 199              	.LBB6:
 200 003e 2023     		movs	r3, #32
 201              	.LVL11:
 202              	@ 150 "../../os/kernel/src/chsys.c" 1
 203 0040 83F31188 		msr     BASEPRI, r3
 204              	@ 0 "" 2
 205              	.LVL12:
 206              		.thumb
 207              	.LBE6:
 208              	.LBE4:
 209 0044 2168     		ldr	r1, [r4, #0]
 210              	.LVL13:
 211 0046 8B68     		ldr	r3, [r1, #8]
 212              	.LVL14:
 213 0048 002B     		cmp	r3, #0
 214 004a EED0     		beq	.L11
 215              	.LVL15:
 216              	.L7:
 217 004c 38BD     		pop	{r3, r4, r5, pc}
 218              	.L14:
 219 004e 00BF     		.align	2
 220              	.L13:
 221 0050 00000000 		.word	rlist
 222 0054 00000000 		.word	vtlist
 223              	.LBE3:
 224              		.cfi_endproc
ARM GAS  /tmp/ccPhUOBJ.s 			page 5


 225              	.LFE9:
 226              		.size	chSysTimerHandlerI, .-chSysTimerHandlerI
 227              		.global	_idle_thread_wa
 228 0058 AFF30080 		.section	.bss.mainthread.1984,"aw",%nobits
 228      AFF30080 
 229              		.align	2
 230              		.set	.LANCHOR0,. + 0
 231              		.type	mainthread.1984, %object
 232              		.size	mainthread.1984, 72
 233              	mainthread.1984:
 234 0000 00000000 		.space	72
 234      00000000 
 234      00000000 
 234      00000000 
 234      00000000 
 235              		.section	.rodata.str1.4,"aMS",%progbits,1
 236              		.align	2
 237              	.LC0:
 238 0000 69646C65 		.ascii	"idle\000"
 238      00
 239 0005 000000   		.section	.bss._idle_thread_wa,"aw",%nobits
 240              		.align	3
 241              		.set	.LANCHOR1,. + 0
 242              		.type	_idle_thread_wa, %object
 243              		.size	_idle_thread_wa, 192
 244              	_idle_thread_wa:
 245 0000 00000000 		.space	192
 245      00000000 
 245      00000000 
 245      00000000 
 245      00000000 
 246              		.text
 247              	.Letext0:
 248              		.file 2 "/opt/paparazzi/arm-multilib/lib/gcc/arm-none-eabi/4.6.2/../../../../arm-none-eabi/include
 249              		.file 3 "../../os/ports/GCC/ARMCMx/chtypes.h"
 250              		.file 4 "../../os/kernel/include/chlists.h"
 251              		.file 5 "../../os/kernel/include/chthreads.h"
 252              		.file 6 "../../os/ports/GCC/ARMCMx/chcore_v7m.h"
 253              		.file 7 "../../os/kernel/include/chvt.h"
 254              		.file 8 "../../os/kernel/include/chschd.h"
 255              		.file 9 "../../os/kernel/include/chmtx.h"
 256              		.file 10 "../../os/kernel/include/chregistry.h"
 257              		.file 11 "../../os/kernel/include/ch.h"
 258              		.section	.debug_info,"",%progbits
 259              	.Ldebug_info0:
 260 0000 CE070000 		.4byte	0x7ce
 261 0004 0200     		.2byte	0x2
 262 0006 00000000 		.4byte	.Ldebug_abbrev0
 263 000a 04       		.byte	0x4
 264 000b 01       		.uleb128 0x1
 265 000c E5010000 		.4byte	.LASF102
 266 0010 01       		.byte	0x1
 267 0011 0D040000 		.4byte	.LASF103
 268 0015 E3000000 		.4byte	.LASF104
 269 0019 00000000 		.4byte	0
 270 001d 00000000 		.4byte	0
 271 0021 00000000 		.4byte	.Ldebug_ranges0+0
ARM GAS  /tmp/ccPhUOBJ.s 			page 6


 272 0025 00000000 		.4byte	.Ldebug_line0
 273 0029 02       		.uleb128 0x2
 274 002a 04       		.byte	0x4
 275 002b 05       		.byte	0x5
 276 002c 696E7400 		.ascii	"int\000"
 277 0030 03       		.uleb128 0x3
 278 0031 04       		.byte	0x4
 279 0032 07       		.byte	0x7
 280 0033 8C010000 		.4byte	.LASF0
 281 0037 03       		.uleb128 0x3
 282 0038 01       		.byte	0x1
 283 0039 06       		.byte	0x6
 284 003a A0000000 		.4byte	.LASF1
 285 003e 04       		.uleb128 0x4
 286 003f 29040000 		.4byte	.LASF4
 287 0043 02       		.byte	0x2
 288 0044 2A       		.byte	0x2a
 289 0045 49000000 		.4byte	0x49
 290 0049 03       		.uleb128 0x3
 291 004a 01       		.byte	0x1
 292 004b 08       		.byte	0x8
 293 004c EC020000 		.4byte	.LASF2
 294 0050 03       		.uleb128 0x3
 295 0051 02       		.byte	0x2
 296 0052 05       		.byte	0x5
 297 0053 04030000 		.4byte	.LASF3
 298 0057 04       		.uleb128 0x4
 299 0058 3E010000 		.4byte	.LASF5
 300 005c 02       		.byte	0x2
 301 005d 36       		.byte	0x36
 302 005e 62000000 		.4byte	0x62
 303 0062 03       		.uleb128 0x3
 304 0063 02       		.byte	0x2
 305 0064 07       		.byte	0x7
 306 0065 D2010000 		.4byte	.LASF6
 307 0069 04       		.uleb128 0x4
 308 006a E4020000 		.4byte	.LASF7
 309 006e 02       		.byte	0x2
 310 006f 4F       		.byte	0x4f
 311 0070 74000000 		.4byte	0x74
 312 0074 03       		.uleb128 0x3
 313 0075 04       		.byte	0x4
 314 0076 05       		.byte	0x5
 315 0077 2C010000 		.4byte	.LASF8
 316 007b 04       		.uleb128 0x4
 317 007c 77030000 		.4byte	.LASF9
 318 0080 02       		.byte	0x2
 319 0081 50       		.byte	0x50
 320 0082 86000000 		.4byte	0x86
 321 0086 03       		.uleb128 0x3
 322 0087 04       		.byte	0x4
 323 0088 07       		.byte	0x7
 324 0089 A1010000 		.4byte	.LASF10
 325 008d 03       		.uleb128 0x3
 326 008e 08       		.byte	0x8
 327 008f 05       		.byte	0x5
 328 0090 92000000 		.4byte	.LASF11
ARM GAS  /tmp/ccPhUOBJ.s 			page 7


 329 0094 04       		.uleb128 0x4
 330 0095 22000000 		.4byte	.LASF12
 331 0099 02       		.byte	0x2
 332 009a 78       		.byte	0x78
 333 009b 9F000000 		.4byte	0x9f
 334 009f 03       		.uleb128 0x3
 335 00a0 08       		.byte	0x8
 336 00a1 07       		.byte	0x7
 337 00a2 45000000 		.4byte	.LASF13
 338 00a6 03       		.uleb128 0x3
 339 00a7 01       		.byte	0x1
 340 00a8 02       		.byte	0x2
 341 00a9 DE020000 		.4byte	.LASF14
 342 00ad 04       		.uleb128 0x4
 343 00ae 0D020000 		.4byte	.LASF15
 344 00b2 03       		.byte	0x3
 345 00b3 2C       		.byte	0x2c
 346 00b4 3E000000 		.4byte	0x3e
 347 00b8 04       		.uleb128 0x4
 348 00b9 35010000 		.4byte	.LASF16
 349 00bd 03       		.byte	0x3
 350 00be 2D       		.byte	0x2d
 351 00bf 3E000000 		.4byte	0x3e
 352 00c3 04       		.uleb128 0x4
 353 00c4 BC020000 		.4byte	.LASF17
 354 00c8 03       		.byte	0x3
 355 00c9 2E       		.byte	0x2e
 356 00ca 3E000000 		.4byte	0x3e
 357 00ce 04       		.uleb128 0x4
 358 00cf D9000000 		.4byte	.LASF18
 359 00d3 03       		.byte	0x3
 360 00d4 2F       		.byte	0x2f
 361 00d5 3E000000 		.4byte	0x3e
 362 00d9 04       		.uleb128 0x4
 363 00da D6020000 		.4byte	.LASF19
 364 00de 03       		.byte	0x3
 365 00df 30       		.byte	0x30
 366 00e0 7B000000 		.4byte	0x7b
 367 00e4 04       		.uleb128 0x4
 368 00e5 07020000 		.4byte	.LASF20
 369 00e9 03       		.byte	0x3
 370 00ea 31       		.byte	0x31
 371 00eb 69000000 		.4byte	0x69
 372 00ef 04       		.uleb128 0x4
 373 00f0 21020000 		.4byte	.LASF21
 374 00f4 03       		.byte	0x3
 375 00f5 33       		.byte	0x33
 376 00f6 7B000000 		.4byte	0x7b
 377 00fa 04       		.uleb128 0x4
 378 00fb AD030000 		.4byte	.LASF22
 379 00ff 03       		.byte	0x3
 380 0100 35       		.byte	0x35
 381 0101 7B000000 		.4byte	0x7b
 382 0105 04       		.uleb128 0x4
 383 0106 58030000 		.4byte	.LASF23
 384 010a 04       		.byte	0x4
 385 010b 2A       		.byte	0x2a
ARM GAS  /tmp/ccPhUOBJ.s 			page 8


 386 010c 10010000 		.4byte	0x110
 387 0110 05       		.uleb128 0x5
 388 0111 58030000 		.4byte	.LASF23
 389 0115 48       		.byte	0x48
 390 0116 05       		.byte	0x5
 391 0117 5E       		.byte	0x5e
 392 0118 35020000 		.4byte	0x235
 393 011c 06       		.uleb128 0x6
 394 011d 3A030000 		.4byte	.LASF24
 395 0121 05       		.byte	0x5
 396 0122 5F       		.byte	0x5f
 397 0123 5A020000 		.4byte	0x25a
 398 0127 02       		.byte	0x2
 399 0128 23       		.byte	0x23
 400 0129 00       		.uleb128 0
 401 012a 06       		.uleb128 0x6
 402 012b CF020000 		.4byte	.LASF25
 403 012f 05       		.byte	0x5
 404 0130 61       		.byte	0x61
 405 0131 5A020000 		.4byte	0x25a
 406 0135 02       		.byte	0x2
 407 0136 23       		.byte	0x23
 408 0137 04       		.uleb128 0x4
 409 0138 06       		.uleb128 0x6
 410 0139 7E000000 		.4byte	.LASF26
 411 013d 05       		.byte	0x5
 412 013e 63       		.byte	0x63
 413 013f D9000000 		.4byte	0xd9
 414 0143 02       		.byte	0x2
 415 0144 23       		.byte	0x23
 416 0145 08       		.uleb128 0x8
 417 0146 06       		.uleb128 0x6
 418 0147 64040000 		.4byte	.LASF27
 419 014b 05       		.byte	0x5
 420 014c 64       		.byte	0x64
 421 014d 33030000 		.4byte	0x333
 422 0151 02       		.byte	0x2
 423 0152 23       		.byte	0x23
 424 0153 0C       		.uleb128 0xc
 425 0154 06       		.uleb128 0x6
 426 0155 51010000 		.4byte	.LASF28
 427 0159 05       		.byte	0x5
 428 015a 66       		.byte	0x66
 429 015b 5A020000 		.4byte	0x25a
 430 015f 02       		.byte	0x2
 431 0160 23       		.byte	0x23
 432 0161 10       		.uleb128 0x10
 433 0162 06       		.uleb128 0x6
 434 0163 7A020000 		.4byte	.LASF29
 435 0167 05       		.byte	0x5
 436 0168 67       		.byte	0x67
 437 0169 5A020000 		.4byte	0x25a
 438 016d 02       		.byte	0x2
 439 016e 23       		.byte	0x23
 440 016f 14       		.uleb128 0x14
 441 0170 06       		.uleb128 0x6
 442 0171 38040000 		.4byte	.LASF30
ARM GAS  /tmp/ccPhUOBJ.s 			page 9


 443 0175 05       		.byte	0x5
 444 0176 6E       		.byte	0x6e
 445 0177 0D050000 		.4byte	0x50d
 446 017b 02       		.byte	0x2
 447 017c 23       		.byte	0x23
 448 017d 18       		.uleb128 0x18
 449 017e 06       		.uleb128 0x6
 450 017f 0E030000 		.4byte	.LASF31
 451 0183 05       		.byte	0x5
 452 0184 79       		.byte	0x79
 453 0185 B8000000 		.4byte	0xb8
 454 0189 02       		.byte	0x2
 455 018a 23       		.byte	0x23
 456 018b 1C       		.uleb128 0x1c
 457 018c 06       		.uleb128 0x6
 458 018d 50030000 		.4byte	.LASF32
 459 0191 05       		.byte	0x5
 460 0192 7D       		.byte	0x7d
 461 0193 AD000000 		.4byte	0xad
 462 0197 02       		.byte	0x2
 463 0198 23       		.byte	0x23
 464 0199 1D       		.uleb128 0x1d
 465 019a 06       		.uleb128 0x6
 466 019b F6030000 		.4byte	.LASF33
 467 019f 05       		.byte	0x5
 468 01a0 82       		.byte	0x82
 469 01a1 C3000000 		.4byte	0xc3
 470 01a5 02       		.byte	0x2
 471 01a6 23       		.byte	0x23
 472 01a7 1E       		.uleb128 0x1e
 473 01a8 06       		.uleb128 0x6
 474 01a9 16030000 		.4byte	.LASF34
 475 01ad 05       		.byte	0x5
 476 01ae 88       		.byte	0x88
 477 01af CE000000 		.4byte	0xce
 478 01b3 02       		.byte	0x2
 479 01b4 23       		.byte	0x23
 480 01b5 1F       		.uleb128 0x1f
 481 01b6 06       		.uleb128 0x6
 482 01b7 CB030000 		.4byte	.LASF35
 483 01bb 05       		.byte	0x5
 484 01bc 8F       		.byte	0x8f
 485 01bd 18040000 		.4byte	0x418
 486 01c1 02       		.byte	0x2
 487 01c2 23       		.byte	0x23
 488 01c3 20       		.uleb128 0x20
 489 01c4 07       		.uleb128 0x7
 490 01c5 705F7500 		.ascii	"p_u\000"
 491 01c9 05       		.byte	0x5
 492 01ca B4       		.byte	0xb4
 493 01cb D8040000 		.4byte	0x4d8
 494 01cf 02       		.byte	0x2
 495 01d0 23       		.byte	0x23
 496 01d1 24       		.uleb128 0x24
 497 01d2 06       		.uleb128 0x6
 498 01d3 6A040000 		.4byte	.LASF36
 499 01d7 05       		.byte	0x5
ARM GAS  /tmp/ccPhUOBJ.s 			page 10


 500 01d8 B9       		.byte	0xb9
 501 01d9 82020000 		.4byte	0x282
 502 01dd 02       		.byte	0x2
 503 01de 23       		.byte	0x23
 504 01df 28       		.uleb128 0x28
 505 01e0 06       		.uleb128 0x6
 506 01e1 D9030000 		.4byte	.LASF37
 507 01e5 05       		.byte	0x5
 508 01e6 BF       		.byte	0xbf
 509 01e7 60020000 		.4byte	0x260
 510 01eb 02       		.byte	0x2
 511 01ec 23       		.byte	0x23
 512 01ed 2C       		.uleb128 0x2c
 513 01ee 06       		.uleb128 0x6
 514 01ef 15000000 		.4byte	.LASF38
 515 01f3 05       		.byte	0x5
 516 01f4 C3       		.byte	0xc3
 517 01f5 E4000000 		.4byte	0xe4
 518 01f9 02       		.byte	0x2
 519 01fa 23       		.byte	0x23
 520 01fb 34       		.uleb128 0x34
 521 01fc 06       		.uleb128 0x6
 522 01fd 6C030000 		.4byte	.LASF39
 523 0201 05       		.byte	0x5
 524 0202 C9       		.byte	0xc9
 525 0203 EF000000 		.4byte	0xef
 526 0207 02       		.byte	0x2
 527 0208 23       		.byte	0x23
 528 0209 38       		.uleb128 0x38
 529 020a 06       		.uleb128 0x6
 530 020b FA020000 		.4byte	.LASF40
 531 020f 05       		.byte	0x5
 532 0210 D0       		.byte	0xd0
 533 0211 1F050000 		.4byte	0x51f
 534 0215 02       		.byte	0x2
 535 0216 23       		.byte	0x23
 536 0217 3C       		.uleb128 0x3c
 537 0218 06       		.uleb128 0x6
 538 0219 B7030000 		.4byte	.LASF41
 539 021d 05       		.byte	0x5
 540 021e D4       		.byte	0xd4
 541 021f D9000000 		.4byte	0xd9
 542 0223 02       		.byte	0x2
 543 0224 23       		.byte	0x23
 544 0225 40       		.uleb128 0x40
 545 0226 06       		.uleb128 0x6
 546 0227 C9000000 		.4byte	.LASF42
 547 022b 05       		.byte	0x5
 548 022c DA       		.byte	0xda
 549 022d 98020000 		.4byte	0x298
 550 0231 02       		.byte	0x2
 551 0232 23       		.byte	0x23
 552 0233 44       		.uleb128 0x44
 553 0234 00       		.byte	0
 554 0235 08       		.uleb128 0x8
 555 0236 08       		.byte	0x8
 556 0237 04       		.byte	0x4
ARM GAS  /tmp/ccPhUOBJ.s 			page 11


 557 0238 61       		.byte	0x61
 558 0239 5A020000 		.4byte	0x25a
 559 023d 06       		.uleb128 0x6
 560 023e 3A030000 		.4byte	.LASF24
 561 0242 04       		.byte	0x4
 562 0243 62       		.byte	0x62
 563 0244 5A020000 		.4byte	0x25a
 564 0248 02       		.byte	0x2
 565 0249 23       		.byte	0x23
 566 024a 00       		.uleb128 0
 567 024b 06       		.uleb128 0x6
 568 024c CF020000 		.4byte	.LASF25
 569 0250 04       		.byte	0x4
 570 0251 64       		.byte	0x64
 571 0252 5A020000 		.4byte	0x25a
 572 0256 02       		.byte	0x2
 573 0257 23       		.byte	0x23
 574 0258 04       		.uleb128 0x4
 575 0259 00       		.byte	0
 576 025a 09       		.uleb128 0x9
 577 025b 04       		.byte	0x4
 578 025c 05010000 		.4byte	0x105
 579 0260 04       		.uleb128 0x4
 580 0261 88020000 		.4byte	.LASF43
 581 0265 04       		.byte	0x4
 582 0266 66       		.byte	0x66
 583 0267 35020000 		.4byte	0x235
 584 026b 08       		.uleb128 0x8
 585 026c 04       		.byte	0x4
 586 026d 04       		.byte	0x4
 587 026e 6B       		.byte	0x6b
 588 026f 82020000 		.4byte	0x282
 589 0273 06       		.uleb128 0x6
 590 0274 3A030000 		.4byte	.LASF24
 591 0278 04       		.byte	0x4
 592 0279 6D       		.byte	0x6d
 593 027a 5A020000 		.4byte	0x25a
 594 027e 02       		.byte	0x2
 595 027f 23       		.byte	0x23
 596 0280 00       		.uleb128 0
 597 0281 00       		.byte	0
 598 0282 04       		.uleb128 0x4
 599 0283 15020000 		.4byte	.LASF44
 600 0287 04       		.byte	0x4
 601 0288 70       		.byte	0x70
 602 0289 6B020000 		.4byte	0x26b
 603 028d 04       		.uleb128 0x4
 604 028e 71010000 		.4byte	.LASF45
 605 0292 06       		.byte	0x6
 606 0293 E5       		.byte	0xe5
 607 0294 98020000 		.4byte	0x298
 608 0298 0A       		.uleb128 0xa
 609 0299 04       		.byte	0x4
 610 029a 04       		.uleb128 0x4
 611 029b 33020000 		.4byte	.LASF46
 612 029f 06       		.byte	0x6
 613 02a0 EB       		.byte	0xeb
ARM GAS  /tmp/ccPhUOBJ.s 			page 12


 614 02a1 94000000 		.4byte	0x94
 615 02a5 0B       		.uleb128 0xb
 616 02a6 D2030000 		.4byte	.LASF47
 617 02aa 24       		.byte	0x24
 618 02ab 06       		.byte	0x6
 619 02ac 0C01     		.2byte	0x10c
 620 02ae 33030000 		.4byte	0x333
 621 02b2 0C       		.uleb128 0xc
 622 02b3 723400   		.ascii	"r4\000"
 623 02b6 06       		.byte	0x6
 624 02b7 1F01     		.2byte	0x11f
 625 02b9 8D020000 		.4byte	0x28d
 626 02bd 02       		.byte	0x2
 627 02be 23       		.byte	0x23
 628 02bf 00       		.uleb128 0
 629 02c0 0C       		.uleb128 0xc
 630 02c1 723500   		.ascii	"r5\000"
 631 02c4 06       		.byte	0x6
 632 02c5 2001     		.2byte	0x120
 633 02c7 8D020000 		.4byte	0x28d
 634 02cb 02       		.byte	0x2
 635 02cc 23       		.byte	0x23
 636 02cd 04       		.uleb128 0x4
 637 02ce 0C       		.uleb128 0xc
 638 02cf 723600   		.ascii	"r6\000"
 639 02d2 06       		.byte	0x6
 640 02d3 2101     		.2byte	0x121
 641 02d5 8D020000 		.4byte	0x28d
 642 02d9 02       		.byte	0x2
 643 02da 23       		.byte	0x23
 644 02db 08       		.uleb128 0x8
 645 02dc 0C       		.uleb128 0xc
 646 02dd 723700   		.ascii	"r7\000"
 647 02e0 06       		.byte	0x6
 648 02e1 2201     		.2byte	0x122
 649 02e3 8D020000 		.4byte	0x28d
 650 02e7 02       		.byte	0x2
 651 02e8 23       		.byte	0x23
 652 02e9 0C       		.uleb128 0xc
 653 02ea 0C       		.uleb128 0xc
 654 02eb 723800   		.ascii	"r8\000"
 655 02ee 06       		.byte	0x6
 656 02ef 2301     		.2byte	0x123
 657 02f1 8D020000 		.4byte	0x28d
 658 02f5 02       		.byte	0x2
 659 02f6 23       		.byte	0x23
 660 02f7 10       		.uleb128 0x10
 661 02f8 0C       		.uleb128 0xc
 662 02f9 723900   		.ascii	"r9\000"
 663 02fc 06       		.byte	0x6
 664 02fd 2401     		.2byte	0x124
 665 02ff 8D020000 		.4byte	0x28d
 666 0303 02       		.byte	0x2
 667 0304 23       		.byte	0x23
 668 0305 14       		.uleb128 0x14
 669 0306 0C       		.uleb128 0xc
 670 0307 72313000 		.ascii	"r10\000"
ARM GAS  /tmp/ccPhUOBJ.s 			page 13


 671 030b 06       		.byte	0x6
 672 030c 2501     		.2byte	0x125
 673 030e 8D020000 		.4byte	0x28d
 674 0312 02       		.byte	0x2
 675 0313 23       		.byte	0x23
 676 0314 18       		.uleb128 0x18
 677 0315 0C       		.uleb128 0xc
 678 0316 72313100 		.ascii	"r11\000"
 679 031a 06       		.byte	0x6
 680 031b 2601     		.2byte	0x126
 681 031d 8D020000 		.4byte	0x28d
 682 0321 02       		.byte	0x2
 683 0322 23       		.byte	0x23
 684 0323 1C       		.uleb128 0x1c
 685 0324 0C       		.uleb128 0xc
 686 0325 6C7200   		.ascii	"lr\000"
 687 0328 06       		.byte	0x6
 688 0329 2701     		.2byte	0x127
 689 032b 8D020000 		.4byte	0x28d
 690 032f 02       		.byte	0x2
 691 0330 23       		.byte	0x23
 692 0331 20       		.uleb128 0x20
 693 0332 00       		.byte	0
 694 0333 0B       		.uleb128 0xb
 695 0334 CA010000 		.4byte	.LASF48
 696 0338 04       		.byte	0x4
 697 0339 06       		.byte	0x6
 698 033a 3101     		.2byte	0x131
 699 033c 50030000 		.4byte	0x350
 700 0340 0C       		.uleb128 0xc
 701 0341 72313300 		.ascii	"r13\000"
 702 0345 06       		.byte	0x6
 703 0346 3201     		.2byte	0x132
 704 0348 50030000 		.4byte	0x350
 705 034c 02       		.byte	0x2
 706 034d 23       		.byte	0x23
 707 034e 00       		.uleb128 0
 708 034f 00       		.byte	0
 709 0350 09       		.uleb128 0x9
 710 0351 04       		.byte	0x4
 711 0352 A5020000 		.4byte	0x2a5
 712 0356 04       		.uleb128 0x4
 713 0357 C2030000 		.4byte	.LASF49
 714 035b 07       		.byte	0x7
 715 035c 58       		.byte	0x58
 716 035d 61030000 		.4byte	0x361
 717 0361 09       		.uleb128 0x9
 718 0362 04       		.byte	0x4
 719 0363 67030000 		.4byte	0x367
 720 0367 0D       		.uleb128 0xd
 721 0368 01       		.byte	0x1
 722 0369 73030000 		.4byte	0x373
 723 036d 0E       		.uleb128 0xe
 724 036e 98020000 		.4byte	0x298
 725 0372 00       		.byte	0
 726 0373 04       		.uleb128 0x4
 727 0374 94030000 		.4byte	.LASF50
ARM GAS  /tmp/ccPhUOBJ.s 			page 14


 728 0378 07       		.byte	0x7
 729 0379 5D       		.byte	0x5d
 730 037a 7E030000 		.4byte	0x37e
 731 037e 05       		.uleb128 0x5
 732 037f 94030000 		.4byte	.LASF50
 733 0383 14       		.byte	0x14
 734 0384 07       		.byte	0x7
 735 0385 64       		.byte	0x64
 736 0386 D1030000 		.4byte	0x3d1
 737 038a 06       		.uleb128 0x6
 738 038b 99010000 		.4byte	.LASF51
 739 038f 07       		.byte	0x7
 740 0390 65       		.byte	0x65
 741 0391 D1030000 		.4byte	0x3d1
 742 0395 02       		.byte	0x2
 743 0396 23       		.byte	0x23
 744 0397 00       		.uleb128 0
 745 0398 06       		.uleb128 0x6
 746 0399 7A010000 		.4byte	.LASF52
 747 039d 07       		.byte	0x7
 748 039e 67       		.byte	0x67
 749 039f D1030000 		.4byte	0x3d1
 750 03a3 02       		.byte	0x2
 751 03a4 23       		.byte	0x23
 752 03a5 04       		.uleb128 0x4
 753 03a6 06       		.uleb128 0x6
 754 03a7 52020000 		.4byte	.LASF53
 755 03ab 07       		.byte	0x7
 756 03ac 69       		.byte	0x69
 757 03ad FA000000 		.4byte	0xfa
 758 03b1 02       		.byte	0x2
 759 03b2 23       		.byte	0x23
 760 03b3 08       		.uleb128 0x8
 761 03b4 06       		.uleb128 0x6
 762 03b5 5A020000 		.4byte	.LASF54
 763 03b9 07       		.byte	0x7
 764 03ba 6A       		.byte	0x6a
 765 03bb 56030000 		.4byte	0x356
 766 03bf 02       		.byte	0x2
 767 03c0 23       		.byte	0x23
 768 03c1 0C       		.uleb128 0xc
 769 03c2 06       		.uleb128 0x6
 770 03c3 E4030000 		.4byte	.LASF55
 771 03c7 07       		.byte	0x7
 772 03c8 6C       		.byte	0x6c
 773 03c9 98020000 		.4byte	0x298
 774 03cd 02       		.byte	0x2
 775 03ce 23       		.byte	0x23
 776 03cf 10       		.uleb128 0x10
 777 03d0 00       		.byte	0
 778 03d1 09       		.uleb128 0x9
 779 03d2 04       		.byte	0x4
 780 03d3 73030000 		.4byte	0x373
 781 03d7 08       		.uleb128 0x8
 782 03d8 10       		.byte	0x10
 783 03d9 07       		.byte	0x7
 784 03da 76       		.byte	0x76
ARM GAS  /tmp/ccPhUOBJ.s 			page 15


 785 03db 18040000 		.4byte	0x418
 786 03df 06       		.uleb128 0x6
 787 03e0 99010000 		.4byte	.LASF51
 788 03e4 07       		.byte	0x7
 789 03e5 77       		.byte	0x77
 790 03e6 D1030000 		.4byte	0x3d1
 791 03ea 02       		.byte	0x2
 792 03eb 23       		.byte	0x23
 793 03ec 00       		.uleb128 0
 794 03ed 06       		.uleb128 0x6
 795 03ee 7A010000 		.4byte	.LASF52
 796 03f2 07       		.byte	0x7
 797 03f3 79       		.byte	0x79
 798 03f4 D1030000 		.4byte	0x3d1
 799 03f8 02       		.byte	0x2
 800 03f9 23       		.byte	0x23
 801 03fa 04       		.uleb128 0x4
 802 03fb 06       		.uleb128 0x6
 803 03fc 52020000 		.4byte	.LASF53
 804 0400 07       		.byte	0x7
 805 0401 7B       		.byte	0x7b
 806 0402 FA000000 		.4byte	0xfa
 807 0406 02       		.byte	0x2
 808 0407 23       		.byte	0x23
 809 0408 08       		.uleb128 0x8
 810 0409 06       		.uleb128 0x6
 811 040a 3F040000 		.4byte	.LASF56
 812 040e 07       		.byte	0x7
 813 040f 7C       		.byte	0x7c
 814 0410 18040000 		.4byte	0x418
 815 0414 02       		.byte	0x2
 816 0415 23       		.byte	0x23
 817 0416 0C       		.uleb128 0xc
 818 0417 00       		.byte	0
 819 0418 0F       		.uleb128 0xf
 820 0419 FA000000 		.4byte	0xfa
 821 041d 04       		.uleb128 0x4
 822 041e 55040000 		.4byte	.LASF57
 823 0422 07       		.byte	0x7
 824 0423 7D       		.byte	0x7d
 825 0424 D7030000 		.4byte	0x3d7
 826 0428 08       		.uleb128 0x8
 827 0429 1C       		.byte	0x1c
 828 042a 08       		.byte	0x8
 829 042b 5E       		.byte	0x5e
 830 042c 85040000 		.4byte	0x485
 831 0430 06       		.uleb128 0x6
 832 0431 8C030000 		.4byte	.LASF58
 833 0435 08       		.byte	0x8
 834 0436 5F       		.byte	0x5f
 835 0437 60020000 		.4byte	0x260
 836 043b 02       		.byte	0x2
 837 043c 23       		.byte	0x23
 838 043d 00       		.uleb128 0
 839 043e 06       		.uleb128 0x6
 840 043f 2C030000 		.4byte	.LASF59
 841 0443 08       		.byte	0x8
ARM GAS  /tmp/ccPhUOBJ.s 			page 16


 842 0444 60       		.byte	0x60
 843 0445 D9000000 		.4byte	0xd9
 844 0449 02       		.byte	0x2
 845 044a 23       		.byte	0x23
 846 044b 08       		.uleb128 0x8
 847 044c 06       		.uleb128 0x6
 848 044d 82020000 		.4byte	.LASF60
 849 0451 08       		.byte	0x8
 850 0452 62       		.byte	0x62
 851 0453 33030000 		.4byte	0x333
 852 0457 02       		.byte	0x2
 853 0458 23       		.byte	0x23
 854 0459 0C       		.uleb128 0xc
 855 045a 06       		.uleb128 0x6
 856 045b 69010000 		.4byte	.LASF61
 857 045f 08       		.byte	0x8
 858 0460 65       		.byte	0x65
 859 0461 5A020000 		.4byte	0x25a
 860 0465 02       		.byte	0x2
 861 0466 23       		.byte	0x23
 862 0467 10       		.uleb128 0x10
 863 0468 06       		.uleb128 0x6
 864 0469 A7020000 		.4byte	.LASF62
 865 046d 08       		.byte	0x8
 866 046e 66       		.byte	0x66
 867 046f 5A020000 		.4byte	0x25a
 868 0473 02       		.byte	0x2
 869 0474 23       		.byte	0x23
 870 0475 14       		.uleb128 0x14
 871 0476 06       		.uleb128 0x6
 872 0477 9D020000 		.4byte	.LASF63
 873 047b 08       		.byte	0x8
 874 047c 69       		.byte	0x69
 875 047d 5A020000 		.4byte	0x25a
 876 0481 02       		.byte	0x2
 877 0482 23       		.byte	0x23
 878 0483 18       		.uleb128 0x18
 879 0484 00       		.byte	0
 880 0485 04       		.uleb128 0x4
 881 0486 FD030000 		.4byte	.LASF64
 882 048a 08       		.byte	0x8
 883 048b 6B       		.byte	0x6b
 884 048c 28040000 		.4byte	0x428
 885 0490 05       		.uleb128 0x5
 886 0491 2D020000 		.4byte	.LASF65
 887 0495 10       		.byte	0x10
 888 0496 09       		.byte	0x9
 889 0497 2C       		.byte	0x2c
 890 0498 C7040000 		.4byte	0x4c7
 891 049c 06       		.uleb128 0x6
 892 049d D1000000 		.4byte	.LASF66
 893 04a1 09       		.byte	0x9
 894 04a2 2D       		.byte	0x2d
 895 04a3 60020000 		.4byte	0x260
 896 04a7 02       		.byte	0x2
 897 04a8 23       		.byte	0x23
 898 04a9 00       		.uleb128 0
ARM GAS  /tmp/ccPhUOBJ.s 			page 17


 899 04aa 06       		.uleb128 0x6
 900 04ab 5C040000 		.4byte	.LASF67
 901 04af 09       		.byte	0x9
 902 04b0 2F       		.byte	0x2f
 903 04b1 5A020000 		.4byte	0x25a
 904 04b5 02       		.byte	0x2
 905 04b6 23       		.byte	0x23
 906 04b7 08       		.uleb128 0x8
 907 04b8 06       		.uleb128 0x6
 908 04b9 A6030000 		.4byte	.LASF68
 909 04bd 09       		.byte	0x9
 910 04be 31       		.byte	0x31
 911 04bf C7040000 		.4byte	0x4c7
 912 04c3 02       		.byte	0x2
 913 04c4 23       		.byte	0x23
 914 04c5 0C       		.uleb128 0xc
 915 04c6 00       		.byte	0
 916 04c7 09       		.uleb128 0x9
 917 04c8 04       		.byte	0x4
 918 04c9 90040000 		.4byte	0x490
 919 04cd 04       		.uleb128 0x4
 920 04ce 2D020000 		.4byte	.LASF65
 921 04d2 09       		.byte	0x9
 922 04d3 33       		.byte	0x33
 923 04d4 90040000 		.4byte	0x490
 924 04d8 10       		.uleb128 0x10
 925 04d9 04       		.byte	0x4
 926 04da 05       		.byte	0x5
 927 04db 96       		.byte	0x96
 928 04dc 0D050000 		.4byte	0x50d
 929 04e0 11       		.uleb128 0x11
 930 04e1 1B000000 		.4byte	.LASF69
 931 04e5 05       		.byte	0x5
 932 04e6 9D       		.byte	0x9d
 933 04e7 E4000000 		.4byte	0xe4
 934 04eb 11       		.uleb128 0x11
 935 04ec 6A000000 		.4byte	.LASF70
 936 04f0 05       		.byte	0x5
 937 04f1 A4       		.byte	0xa4
 938 04f2 E4000000 		.4byte	0xe4
 939 04f6 11       		.uleb128 0x11
 940 04f7 31040000 		.4byte	.LASF71
 941 04fb 05       		.byte	0x5
 942 04fc AB       		.byte	0xab
 943 04fd 98020000 		.4byte	0x298
 944 0501 11       		.uleb128 0x11
 945 0502 33030000 		.4byte	.LASF72
 946 0506 05       		.byte	0x5
 947 0507 B2       		.byte	0xb2
 948 0508 EF000000 		.4byte	0xef
 949 050c 00       		.byte	0
 950 050d 09       		.uleb128 0x9
 951 050e 04       		.byte	0x4
 952 050f 13050000 		.4byte	0x513
 953 0513 12       		.uleb128 0x12
 954 0514 18050000 		.4byte	0x518
 955 0518 03       		.uleb128 0x3
ARM GAS  /tmp/ccPhUOBJ.s 			page 18


 956 0519 01       		.byte	0x1
 957 051a 08       		.byte	0x8
 958 051b A1030000 		.4byte	.LASF73
 959 051f 09       		.uleb128 0x9
 960 0520 04       		.byte	0x4
 961 0521 CD040000 		.4byte	0x4cd
 962 0525 04       		.uleb128 0x4
 963 0526 00000000 		.4byte	.LASF74
 964 052a 05       		.byte	0x5
 965 052b E5       		.byte	0xe5
 966 052c 30050000 		.4byte	0x530
 967 0530 09       		.uleb128 0x9
 968 0531 04       		.byte	0x4
 969 0532 36050000 		.4byte	0x536
 970 0536 13       		.uleb128 0x13
 971 0537 01       		.byte	0x1
 972 0538 E4000000 		.4byte	0xe4
 973 053c 46050000 		.4byte	0x546
 974 0540 0E       		.uleb128 0xe
 975 0541 98020000 		.4byte	0x298
 976 0545 00       		.byte	0
 977 0546 08       		.uleb128 0x8
 978 0547 16       		.byte	0x16
 979 0548 0A       		.byte	0xa
 980 0549 2C       		.byte	0x2c
 981 054a 4B060000 		.4byte	0x64b
 982 054e 06       		.uleb128 0x6
 983 054f BC010000 		.4byte	.LASF75
 984 0553 0A       		.byte	0xa
 985 0554 2D       		.byte	0x2d
 986 0555 4B060000 		.4byte	0x64b
 987 0559 02       		.byte	0x2
 988 055a 23       		.byte	0x23
 989 055b 00       		.uleb128 0
 990 055c 06       		.uleb128 0x6
 991 055d 3E020000 		.4byte	.LASF76
 992 0561 0A       		.byte	0xa
 993 0562 2E       		.byte	0x2e
 994 0563 3E000000 		.4byte	0x3e
 995 0567 02       		.byte	0x2
 996 0568 23       		.byte	0x23
 997 0569 04       		.uleb128 0x4
 998 056a 06       		.uleb128 0x6
 999 056b 95020000 		.4byte	.LASF77
 1000 056f 0A       		.byte	0xa
 1001 0570 2F       		.byte	0x2f
 1002 0571 3E000000 		.4byte	0x3e
 1003 0575 02       		.byte	0x2
 1004 0576 23       		.byte	0x23
 1005 0577 05       		.uleb128 0x5
 1006 0578 06       		.uleb128 0x6
 1007 0579 4A040000 		.4byte	.LASF78
 1008 057d 0A       		.byte	0xa
 1009 057e 30       		.byte	0x30
 1010 057f 57000000 		.4byte	0x57
 1011 0583 02       		.byte	0x2
 1012 0584 23       		.byte	0x23
ARM GAS  /tmp/ccPhUOBJ.s 			page 19


 1013 0585 06       		.uleb128 0x6
 1014 0586 06       		.uleb128 0x6
 1015 0587 C4020000 		.4byte	.LASF79
 1016 058b 0A       		.byte	0xa
 1017 058c 31       		.byte	0x31
 1018 058d 3E000000 		.4byte	0x3e
 1019 0591 02       		.byte	0x2
 1020 0592 23       		.byte	0x23
 1021 0593 08       		.uleb128 0x8
 1022 0594 06       		.uleb128 0x6
 1023 0595 62020000 		.4byte	.LASF80
 1024 0599 0A       		.byte	0xa
 1025 059a 32       		.byte	0x32
 1026 059b 3E000000 		.4byte	0x3e
 1027 059f 02       		.byte	0x2
 1028 05a0 23       		.byte	0x23
 1029 05a1 09       		.uleb128 0x9
 1030 05a2 06       		.uleb128 0x6
 1031 05a3 5C000000 		.4byte	.LASF81
 1032 05a7 0A       		.byte	0xa
 1033 05a8 33       		.byte	0x33
 1034 05a9 3E000000 		.4byte	0x3e
 1035 05ad 02       		.byte	0x2
 1036 05ae 23       		.byte	0x23
 1037 05af 0A       		.uleb128 0xa
 1038 05b0 06       		.uleb128 0x6
 1039 05b1 80030000 		.4byte	.LASF82
 1040 05b5 0A       		.byte	0xa
 1041 05b6 34       		.byte	0x34
 1042 05b7 3E000000 		.4byte	0x3e
 1043 05bb 02       		.byte	0x2
 1044 05bc 23       		.byte	0x23
 1045 05bd 0B       		.uleb128 0xb
 1046 05be 06       		.uleb128 0x6
 1047 05bf EB030000 		.4byte	.LASF83
 1048 05c3 0A       		.byte	0xa
 1049 05c4 35       		.byte	0x35
 1050 05c5 3E000000 		.4byte	0x3e
 1051 05c9 02       		.byte	0x2
 1052 05ca 23       		.byte	0x23
 1053 05cb 0C       		.uleb128 0xc
 1054 05cc 06       		.uleb128 0x6
 1055 05cd 5F030000 		.4byte	.LASF84
 1056 05d1 0A       		.byte	0xa
 1057 05d2 36       		.byte	0x36
 1058 05d3 3E000000 		.4byte	0x3e
 1059 05d7 02       		.byte	0x2
 1060 05d8 23       		.byte	0x23
 1061 05d9 0D       		.uleb128 0xd
 1062 05da 06       		.uleb128 0x6
 1063 05db 08000000 		.4byte	.LASF85
 1064 05df 0A       		.byte	0xa
 1065 05e0 37       		.byte	0x37
 1066 05e1 3E000000 		.4byte	0x3e
 1067 05e5 02       		.byte	0x2
 1068 05e6 23       		.byte	0x23
 1069 05e7 0E       		.uleb128 0xe
ARM GAS  /tmp/ccPhUOBJ.s 			page 20


 1070 05e8 06       		.uleb128 0x6
 1071 05e9 6E020000 		.4byte	.LASF86
 1072 05ed 0A       		.byte	0xa
 1073 05ee 38       		.byte	0x38
 1074 05ef 3E000000 		.4byte	0x3e
 1075 05f3 02       		.byte	0x2
 1076 05f4 23       		.byte	0x23
 1077 05f5 0F       		.uleb128 0xf
 1078 05f6 06       		.uleb128 0x6
 1079 05f7 AC000000 		.4byte	.LASF87
 1080 05fb 0A       		.byte	0xa
 1081 05fc 39       		.byte	0x39
 1082 05fd 3E000000 		.4byte	0x3e
 1083 0601 02       		.byte	0x2
 1084 0602 23       		.byte	0x23
 1085 0603 10       		.uleb128 0x10
 1086 0604 06       		.uleb128 0x6
 1087 0605 85000000 		.4byte	.LASF88
 1088 0609 0A       		.byte	0xa
 1089 060a 3B       		.byte	0x3b
 1090 060b 3E000000 		.4byte	0x3e
 1091 060f 02       		.byte	0x2
 1092 0610 23       		.byte	0x23
 1093 0611 11       		.uleb128 0x11
 1094 0612 06       		.uleb128 0x6
 1095 0613 BC000000 		.4byte	.LASF89
 1096 0617 0A       		.byte	0xa
 1097 0618 3C       		.byte	0x3c
 1098 0619 3E000000 		.4byte	0x3e
 1099 061d 02       		.byte	0x2
 1100 061e 23       		.byte	0x23
 1101 061f 12       		.uleb128 0x12
 1102 0620 06       		.uleb128 0x6
 1103 0621 46020000 		.4byte	.LASF90
 1104 0625 0A       		.byte	0xa
 1105 0626 3D       		.byte	0x3d
 1106 0627 3E000000 		.4byte	0x3e
 1107 062b 02       		.byte	0x2
 1108 062c 23       		.byte	0x23
 1109 062d 13       		.uleb128 0x13
 1110 062e 06       		.uleb128 0x6
 1111 062f 41030000 		.4byte	.LASF91
 1112 0633 0A       		.byte	0xa
 1113 0634 3E       		.byte	0x3e
 1114 0635 3E000000 		.4byte	0x3e
 1115 0639 02       		.byte	0x2
 1116 063a 23       		.byte	0x23
 1117 063b 14       		.uleb128 0x14
 1118 063c 06       		.uleb128 0x6
 1119 063d 20030000 		.4byte	.LASF92
 1120 0641 0A       		.byte	0xa
 1121 0642 40       		.byte	0x40
 1122 0643 3E000000 		.4byte	0x3e
 1123 0647 02       		.byte	0x2
 1124 0648 23       		.byte	0x23
 1125 0649 15       		.uleb128 0x15
 1126 064a 00       		.byte	0
ARM GAS  /tmp/ccPhUOBJ.s 			page 21


 1127 064b 14       		.uleb128 0x14
 1128 064c 18050000 		.4byte	0x518
 1129 0650 5B060000 		.4byte	0x65b
 1130 0654 15       		.uleb128 0x15
 1131 0655 30000000 		.4byte	0x30
 1132 0659 03       		.byte	0x3
 1133 065a 00       		.byte	0
 1134 065b 04       		.uleb128 0x4
 1135 065c 47010000 		.4byte	.LASF93
 1136 0660 0A       		.byte	0xa
 1137 0661 41       		.byte	0x41
 1138 0662 46050000 		.4byte	0x546
 1139 0666 16       		.uleb128 0x16
 1140 0667 01       		.byte	0x1
 1141 0668 AF020000 		.4byte	.LASF94
 1142 066c 01       		.byte	0x1
 1143 066d 3D       		.byte	0x3d
 1144 066e 01       		.byte	0x1
 1145 066f 00000000 		.4byte	.LFB7
 1146 0673 14000000 		.4byte	.LFE7
 1147 0677 02       		.byte	0x2
 1148 0678 7D       		.byte	0x7d
 1149 0679 00       		.sleb128 0
 1150 067a 8A060000 		.4byte	0x68a
 1151 067e 17       		.uleb128 0x17
 1152 067f 7000     		.ascii	"p\000"
 1153 0681 01       		.byte	0x1
 1154 0682 3D       		.byte	0x3d
 1155 0683 98020000 		.4byte	0x298
 1156 0687 01       		.byte	0x1
 1157 0688 50       		.byte	0x50
 1158 0689 00       		.byte	0
 1159 068a 18       		.uleb128 0x18
 1160 068b 01       		.byte	0x1
 1161 068c 82010000 		.4byte	.LASF95
 1162 0690 01       		.byte	0x1
 1163 0691 54       		.byte	0x54
 1164 0692 01       		.byte	0x1
 1165 0693 00000000 		.4byte	.LFB8
 1166 0697 66000000 		.4byte	.LFE8
 1167 069b 00000000 		.4byte	.LLST0
 1168 069f CE060000 		.4byte	0x6ce
 1169 06a3 19       		.uleb128 0x19
 1170 06a4 73000000 		.4byte	.LASF96
 1171 06a8 01       		.byte	0x1
 1172 06a9 55       		.byte	0x55
 1173 06aa 05010000 		.4byte	0x105
 1174 06ae 05       		.byte	0x5
 1175 06af 03       		.byte	0x3
 1176 06b0 00000000 		.4byte	mainthread.1984
 1177 06b4 1A       		.uleb128 0x1a
 1178 06b5 34000000 		.4byte	.LBB2
 1179 06b9 3C000000 		.4byte	.LBE2
 1180 06bd 1B       		.uleb128 0x1b
 1181 06be 746D7000 		.ascii	"tmp\000"
 1182 06c2 01       		.byte	0x1
 1183 06c3 6F       		.byte	0x6f
ARM GAS  /tmp/ccPhUOBJ.s 			page 22


 1184 06c4 7B000000 		.4byte	0x7b
 1185 06c8 2C000000 		.4byte	.LLST1
 1186 06cc 00       		.byte	0
 1187 06cd 00       		.byte	0
 1188 06ce 18       		.uleb128 0x18
 1189 06cf 01       		.byte	0x1
 1190 06d0 32000000 		.4byte	.LASF97
 1191 06d4 01       		.byte	0x1
 1192 06d5 89       		.byte	0x89
 1193 06d6 01       		.byte	0x1
 1194 06d7 00000000 		.4byte	.LFB9
 1195 06db 58000000 		.4byte	.LFE9
 1196 06df 4A000000 		.4byte	.LLST2
 1197 06e3 4F070000 		.4byte	0x74f
 1198 06e7 1A       		.uleb128 0x1a
 1199 06e8 22000000 		.4byte	.LBB3
 1200 06ec 58000000 		.4byte	.LBE3
 1201 06f0 1B       		.uleb128 0x1b
 1202 06f1 76747000 		.ascii	"vtp\000"
 1203 06f5 01       		.byte	0x1
 1204 06f6 96       		.byte	0x96
 1205 06f7 D1030000 		.4byte	0x3d1
 1206 06fb 6A000000 		.4byte	.LLST3
 1207 06ff 1A       		.uleb128 0x1a
 1208 0700 2A000000 		.4byte	.LBB4
 1209 0704 44000000 		.4byte	.LBE4
 1210 0708 1B       		.uleb128 0x1b
 1211 0709 666E00   		.ascii	"fn\000"
 1212 070c 01       		.byte	0x1
 1213 070d 96       		.byte	0x96
 1214 070e 56030000 		.4byte	0x356
 1215 0712 95000000 		.4byte	.LLST4
 1216 0716 1C       		.uleb128 0x1c
 1217 0717 34000000 		.4byte	.LBB5
 1218 071b 3A000000 		.4byte	.LBE5
 1219 071f 33070000 		.4byte	0x733
 1220 0723 1B       		.uleb128 0x1b
 1221 0724 746D7000 		.ascii	"tmp\000"
 1222 0728 01       		.byte	0x1
 1223 0729 96       		.byte	0x96
 1224 072a 7B000000 		.4byte	0x7b
 1225 072e A9000000 		.4byte	.LLST5
 1226 0732 00       		.byte	0
 1227 0733 1A       		.uleb128 0x1a
 1228 0734 3E000000 		.4byte	.LBB6
 1229 0738 44000000 		.4byte	.LBE6
 1230 073c 1B       		.uleb128 0x1b
 1231 073d 746D7000 		.ascii	"tmp\000"
 1232 0741 01       		.byte	0x1
 1233 0742 96       		.byte	0x96
 1234 0743 7B000000 		.4byte	0x7b
 1235 0747 BC000000 		.4byte	.LLST6
 1236 074b 00       		.byte	0
 1237 074c 00       		.byte	0
 1238 074d 00       		.byte	0
 1239 074e 00       		.byte	0
 1240 074f 1D       		.uleb128 0x1d
ARM GAS  /tmp/ccPhUOBJ.s 			page 23


 1241 0750 2B000000 		.4byte	.LASF98
 1242 0754 07       		.byte	0x7
 1243 0755 DB       		.byte	0xdb
 1244 0756 1D040000 		.4byte	0x41d
 1245 075a 01       		.byte	0x1
 1246 075b 01       		.byte	0x1
 1247 075c 1D       		.uleb128 0x1d
 1248 075d 07040000 		.4byte	.LASF99
 1249 0761 08       		.byte	0x8
 1250 0762 6F       		.byte	0x6f
 1251 0763 85040000 		.4byte	0x485
 1252 0767 01       		.byte	0x1
 1253 0768 01       		.byte	0x1
 1254 0769 1D       		.uleb128 0x1d
 1255 076a B3010000 		.4byte	.LASF100
 1256 076e 0A       		.byte	0xa
 1257 076f 7E       		.byte	0x7e
 1258 0770 76070000 		.4byte	0x776
 1259 0774 01       		.byte	0x1
 1260 0775 01       		.byte	0x1
 1261 0776 12       		.uleb128 0x12
 1262 0777 5B060000 		.4byte	0x65b
 1263 077b 14       		.uleb128 0x14
 1264 077c 9A020000 		.4byte	0x29a
 1265 0780 8B070000 		.4byte	0x78b
 1266 0784 15       		.uleb128 0x15
 1267 0785 30000000 		.4byte	0x30
 1268 0789 17       		.byte	0x17
 1269 078a 00       		.byte	0
 1270 078b 1D       		.uleb128 0x1d
 1271 078c 59010000 		.4byte	.LASF101
 1272 0790 0B       		.byte	0xb
 1273 0791 89       		.byte	0x89
 1274 0792 7B070000 		.4byte	0x77b
 1275 0796 01       		.byte	0x1
 1276 0797 01       		.byte	0x1
 1277 0798 1D       		.uleb128 0x1d
 1278 0799 2B000000 		.4byte	.LASF98
 1279 079d 07       		.byte	0x7
 1280 079e DB       		.byte	0xdb
 1281 079f 1D040000 		.4byte	0x41d
 1282 07a3 01       		.byte	0x1
 1283 07a4 01       		.byte	0x1
 1284 07a5 1D       		.uleb128 0x1d
 1285 07a6 07040000 		.4byte	.LASF99
 1286 07aa 08       		.byte	0x8
 1287 07ab 6F       		.byte	0x6f
 1288 07ac 85040000 		.4byte	0x485
 1289 07b0 01       		.byte	0x1
 1290 07b1 01       		.byte	0x1
 1291 07b2 1D       		.uleb128 0x1d
 1292 07b3 B3010000 		.4byte	.LASF100
 1293 07b7 0A       		.byte	0xa
 1294 07b8 7E       		.byte	0x7e
 1295 07b9 76070000 		.4byte	0x776
 1296 07bd 01       		.byte	0x1
 1297 07be 01       		.byte	0x1
ARM GAS  /tmp/ccPhUOBJ.s 			page 24


 1298 07bf 1E       		.uleb128 0x1e
 1299 07c0 59010000 		.4byte	.LASF101
 1300 07c4 01       		.byte	0x1
 1301 07c5 31       		.byte	0x31
 1302 07c6 7B070000 		.4byte	0x77b
 1303 07ca 01       		.byte	0x1
 1304 07cb 05       		.byte	0x5
 1305 07cc 03       		.byte	0x3
 1306 07cd 00000000 		.4byte	_idle_thread_wa
 1307 07d1 00       		.byte	0
 1308              		.section	.debug_abbrev,"",%progbits
 1309              	.Ldebug_abbrev0:
 1310 0000 01       		.uleb128 0x1
 1311 0001 11       		.uleb128 0x11
 1312 0002 01       		.byte	0x1
 1313 0003 25       		.uleb128 0x25
 1314 0004 0E       		.uleb128 0xe
 1315 0005 13       		.uleb128 0x13
 1316 0006 0B       		.uleb128 0xb
 1317 0007 03       		.uleb128 0x3
 1318 0008 0E       		.uleb128 0xe
 1319 0009 1B       		.uleb128 0x1b
 1320 000a 0E       		.uleb128 0xe
 1321 000b 11       		.uleb128 0x11
 1322 000c 01       		.uleb128 0x1
 1323 000d 52       		.uleb128 0x52
 1324 000e 01       		.uleb128 0x1
 1325 000f 55       		.uleb128 0x55
 1326 0010 06       		.uleb128 0x6
 1327 0011 10       		.uleb128 0x10
 1328 0012 06       		.uleb128 0x6
 1329 0013 00       		.byte	0
 1330 0014 00       		.byte	0
 1331 0015 02       		.uleb128 0x2
 1332 0016 24       		.uleb128 0x24
 1333 0017 00       		.byte	0
 1334 0018 0B       		.uleb128 0xb
 1335 0019 0B       		.uleb128 0xb
 1336 001a 3E       		.uleb128 0x3e
 1337 001b 0B       		.uleb128 0xb
 1338 001c 03       		.uleb128 0x3
 1339 001d 08       		.uleb128 0x8
 1340 001e 00       		.byte	0
 1341 001f 00       		.byte	0
 1342 0020 03       		.uleb128 0x3
 1343 0021 24       		.uleb128 0x24
 1344 0022 00       		.byte	0
 1345 0023 0B       		.uleb128 0xb
 1346 0024 0B       		.uleb128 0xb
 1347 0025 3E       		.uleb128 0x3e
 1348 0026 0B       		.uleb128 0xb
 1349 0027 03       		.uleb128 0x3
 1350 0028 0E       		.uleb128 0xe
 1351 0029 00       		.byte	0
 1352 002a 00       		.byte	0
 1353 002b 04       		.uleb128 0x4
 1354 002c 16       		.uleb128 0x16
ARM GAS  /tmp/ccPhUOBJ.s 			page 25


 1355 002d 00       		.byte	0
 1356 002e 03       		.uleb128 0x3
 1357 002f 0E       		.uleb128 0xe
 1358 0030 3A       		.uleb128 0x3a
 1359 0031 0B       		.uleb128 0xb
 1360 0032 3B       		.uleb128 0x3b
 1361 0033 0B       		.uleb128 0xb
 1362 0034 49       		.uleb128 0x49
 1363 0035 13       		.uleb128 0x13
 1364 0036 00       		.byte	0
 1365 0037 00       		.byte	0
 1366 0038 05       		.uleb128 0x5
 1367 0039 13       		.uleb128 0x13
 1368 003a 01       		.byte	0x1
 1369 003b 03       		.uleb128 0x3
 1370 003c 0E       		.uleb128 0xe
 1371 003d 0B       		.uleb128 0xb
 1372 003e 0B       		.uleb128 0xb
 1373 003f 3A       		.uleb128 0x3a
 1374 0040 0B       		.uleb128 0xb
 1375 0041 3B       		.uleb128 0x3b
 1376 0042 0B       		.uleb128 0xb
 1377 0043 01       		.uleb128 0x1
 1378 0044 13       		.uleb128 0x13
 1379 0045 00       		.byte	0
 1380 0046 00       		.byte	0
 1381 0047 06       		.uleb128 0x6
 1382 0048 0D       		.uleb128 0xd
 1383 0049 00       		.byte	0
 1384 004a 03       		.uleb128 0x3
 1385 004b 0E       		.uleb128 0xe
 1386 004c 3A       		.uleb128 0x3a
 1387 004d 0B       		.uleb128 0xb
 1388 004e 3B       		.uleb128 0x3b
 1389 004f 0B       		.uleb128 0xb
 1390 0050 49       		.uleb128 0x49
 1391 0051 13       		.uleb128 0x13
 1392 0052 38       		.uleb128 0x38
 1393 0053 0A       		.uleb128 0xa
 1394 0054 00       		.byte	0
 1395 0055 00       		.byte	0
 1396 0056 07       		.uleb128 0x7
 1397 0057 0D       		.uleb128 0xd
 1398 0058 00       		.byte	0
 1399 0059 03       		.uleb128 0x3
 1400 005a 08       		.uleb128 0x8
 1401 005b 3A       		.uleb128 0x3a
 1402 005c 0B       		.uleb128 0xb
 1403 005d 3B       		.uleb128 0x3b
 1404 005e 0B       		.uleb128 0xb
 1405 005f 49       		.uleb128 0x49
 1406 0060 13       		.uleb128 0x13
 1407 0061 38       		.uleb128 0x38
 1408 0062 0A       		.uleb128 0xa
 1409 0063 00       		.byte	0
 1410 0064 00       		.byte	0
 1411 0065 08       		.uleb128 0x8
ARM GAS  /tmp/ccPhUOBJ.s 			page 26


 1412 0066 13       		.uleb128 0x13
 1413 0067 01       		.byte	0x1
 1414 0068 0B       		.uleb128 0xb
 1415 0069 0B       		.uleb128 0xb
 1416 006a 3A       		.uleb128 0x3a
 1417 006b 0B       		.uleb128 0xb
 1418 006c 3B       		.uleb128 0x3b
 1419 006d 0B       		.uleb128 0xb
 1420 006e 01       		.uleb128 0x1
 1421 006f 13       		.uleb128 0x13
 1422 0070 00       		.byte	0
 1423 0071 00       		.byte	0
 1424 0072 09       		.uleb128 0x9
 1425 0073 0F       		.uleb128 0xf
 1426 0074 00       		.byte	0
 1427 0075 0B       		.uleb128 0xb
 1428 0076 0B       		.uleb128 0xb
 1429 0077 49       		.uleb128 0x49
 1430 0078 13       		.uleb128 0x13
 1431 0079 00       		.byte	0
 1432 007a 00       		.byte	0
 1433 007b 0A       		.uleb128 0xa
 1434 007c 0F       		.uleb128 0xf
 1435 007d 00       		.byte	0
 1436 007e 0B       		.uleb128 0xb
 1437 007f 0B       		.uleb128 0xb
 1438 0080 00       		.byte	0
 1439 0081 00       		.byte	0
 1440 0082 0B       		.uleb128 0xb
 1441 0083 13       		.uleb128 0x13
 1442 0084 01       		.byte	0x1
 1443 0085 03       		.uleb128 0x3
 1444 0086 0E       		.uleb128 0xe
 1445 0087 0B       		.uleb128 0xb
 1446 0088 0B       		.uleb128 0xb
 1447 0089 3A       		.uleb128 0x3a
 1448 008a 0B       		.uleb128 0xb
 1449 008b 3B       		.uleb128 0x3b
 1450 008c 05       		.uleb128 0x5
 1451 008d 01       		.uleb128 0x1
 1452 008e 13       		.uleb128 0x13
 1453 008f 00       		.byte	0
 1454 0090 00       		.byte	0
 1455 0091 0C       		.uleb128 0xc
 1456 0092 0D       		.uleb128 0xd
 1457 0093 00       		.byte	0
 1458 0094 03       		.uleb128 0x3
 1459 0095 08       		.uleb128 0x8
 1460 0096 3A       		.uleb128 0x3a
 1461 0097 0B       		.uleb128 0xb
 1462 0098 3B       		.uleb128 0x3b
 1463 0099 05       		.uleb128 0x5
 1464 009a 49       		.uleb128 0x49
 1465 009b 13       		.uleb128 0x13
 1466 009c 38       		.uleb128 0x38
 1467 009d 0A       		.uleb128 0xa
 1468 009e 00       		.byte	0
ARM GAS  /tmp/ccPhUOBJ.s 			page 27


 1469 009f 00       		.byte	0
 1470 00a0 0D       		.uleb128 0xd
 1471 00a1 15       		.uleb128 0x15
 1472 00a2 01       		.byte	0x1
 1473 00a3 27       		.uleb128 0x27
 1474 00a4 0C       		.uleb128 0xc
 1475 00a5 01       		.uleb128 0x1
 1476 00a6 13       		.uleb128 0x13
 1477 00a7 00       		.byte	0
 1478 00a8 00       		.byte	0
 1479 00a9 0E       		.uleb128 0xe
 1480 00aa 05       		.uleb128 0x5
 1481 00ab 00       		.byte	0
 1482 00ac 49       		.uleb128 0x49
 1483 00ad 13       		.uleb128 0x13
 1484 00ae 00       		.byte	0
 1485 00af 00       		.byte	0
 1486 00b0 0F       		.uleb128 0xf
 1487 00b1 35       		.uleb128 0x35
 1488 00b2 00       		.byte	0
 1489 00b3 49       		.uleb128 0x49
 1490 00b4 13       		.uleb128 0x13
 1491 00b5 00       		.byte	0
 1492 00b6 00       		.byte	0
 1493 00b7 10       		.uleb128 0x10
 1494 00b8 17       		.uleb128 0x17
 1495 00b9 01       		.byte	0x1
 1496 00ba 0B       		.uleb128 0xb
 1497 00bb 0B       		.uleb128 0xb
 1498 00bc 3A       		.uleb128 0x3a
 1499 00bd 0B       		.uleb128 0xb
 1500 00be 3B       		.uleb128 0x3b
 1501 00bf 0B       		.uleb128 0xb
 1502 00c0 01       		.uleb128 0x1
 1503 00c1 13       		.uleb128 0x13
 1504 00c2 00       		.byte	0
 1505 00c3 00       		.byte	0
 1506 00c4 11       		.uleb128 0x11
 1507 00c5 0D       		.uleb128 0xd
 1508 00c6 00       		.byte	0
 1509 00c7 03       		.uleb128 0x3
 1510 00c8 0E       		.uleb128 0xe
 1511 00c9 3A       		.uleb128 0x3a
 1512 00ca 0B       		.uleb128 0xb
 1513 00cb 3B       		.uleb128 0x3b
 1514 00cc 0B       		.uleb128 0xb
 1515 00cd 49       		.uleb128 0x49
 1516 00ce 13       		.uleb128 0x13
 1517 00cf 00       		.byte	0
 1518 00d0 00       		.byte	0
 1519 00d1 12       		.uleb128 0x12
 1520 00d2 26       		.uleb128 0x26
 1521 00d3 00       		.byte	0
 1522 00d4 49       		.uleb128 0x49
 1523 00d5 13       		.uleb128 0x13
 1524 00d6 00       		.byte	0
 1525 00d7 00       		.byte	0
ARM GAS  /tmp/ccPhUOBJ.s 			page 28


 1526 00d8 13       		.uleb128 0x13
 1527 00d9 15       		.uleb128 0x15
 1528 00da 01       		.byte	0x1
 1529 00db 27       		.uleb128 0x27
 1530 00dc 0C       		.uleb128 0xc
 1531 00dd 49       		.uleb128 0x49
 1532 00de 13       		.uleb128 0x13
 1533 00df 01       		.uleb128 0x1
 1534 00e0 13       		.uleb128 0x13
 1535 00e1 00       		.byte	0
 1536 00e2 00       		.byte	0
 1537 00e3 14       		.uleb128 0x14
 1538 00e4 01       		.uleb128 0x1
 1539 00e5 01       		.byte	0x1
 1540 00e6 49       		.uleb128 0x49
 1541 00e7 13       		.uleb128 0x13
 1542 00e8 01       		.uleb128 0x1
 1543 00e9 13       		.uleb128 0x13
 1544 00ea 00       		.byte	0
 1545 00eb 00       		.byte	0
 1546 00ec 15       		.uleb128 0x15
 1547 00ed 21       		.uleb128 0x21
 1548 00ee 00       		.byte	0
 1549 00ef 49       		.uleb128 0x49
 1550 00f0 13       		.uleb128 0x13
 1551 00f1 2F       		.uleb128 0x2f
 1552 00f2 0B       		.uleb128 0xb
 1553 00f3 00       		.byte	0
 1554 00f4 00       		.byte	0
 1555 00f5 16       		.uleb128 0x16
 1556 00f6 2E       		.uleb128 0x2e
 1557 00f7 01       		.byte	0x1
 1558 00f8 3F       		.uleb128 0x3f
 1559 00f9 0C       		.uleb128 0xc
 1560 00fa 03       		.uleb128 0x3
 1561 00fb 0E       		.uleb128 0xe
 1562 00fc 3A       		.uleb128 0x3a
 1563 00fd 0B       		.uleb128 0xb
 1564 00fe 3B       		.uleb128 0x3b
 1565 00ff 0B       		.uleb128 0xb
 1566 0100 27       		.uleb128 0x27
 1567 0101 0C       		.uleb128 0xc
 1568 0102 11       		.uleb128 0x11
 1569 0103 01       		.uleb128 0x1
 1570 0104 12       		.uleb128 0x12
 1571 0105 01       		.uleb128 0x1
 1572 0106 40       		.uleb128 0x40
 1573 0107 0A       		.uleb128 0xa
 1574 0108 01       		.uleb128 0x1
 1575 0109 13       		.uleb128 0x13
 1576 010a 00       		.byte	0
 1577 010b 00       		.byte	0
 1578 010c 17       		.uleb128 0x17
 1579 010d 05       		.uleb128 0x5
 1580 010e 00       		.byte	0
 1581 010f 03       		.uleb128 0x3
 1582 0110 08       		.uleb128 0x8
ARM GAS  /tmp/ccPhUOBJ.s 			page 29


 1583 0111 3A       		.uleb128 0x3a
 1584 0112 0B       		.uleb128 0xb
 1585 0113 3B       		.uleb128 0x3b
 1586 0114 0B       		.uleb128 0xb
 1587 0115 49       		.uleb128 0x49
 1588 0116 13       		.uleb128 0x13
 1589 0117 02       		.uleb128 0x2
 1590 0118 0A       		.uleb128 0xa
 1591 0119 00       		.byte	0
 1592 011a 00       		.byte	0
 1593 011b 18       		.uleb128 0x18
 1594 011c 2E       		.uleb128 0x2e
 1595 011d 01       		.byte	0x1
 1596 011e 3F       		.uleb128 0x3f
 1597 011f 0C       		.uleb128 0xc
 1598 0120 03       		.uleb128 0x3
 1599 0121 0E       		.uleb128 0xe
 1600 0122 3A       		.uleb128 0x3a
 1601 0123 0B       		.uleb128 0xb
 1602 0124 3B       		.uleb128 0x3b
 1603 0125 0B       		.uleb128 0xb
 1604 0126 27       		.uleb128 0x27
 1605 0127 0C       		.uleb128 0xc
 1606 0128 11       		.uleb128 0x11
 1607 0129 01       		.uleb128 0x1
 1608 012a 12       		.uleb128 0x12
 1609 012b 01       		.uleb128 0x1
 1610 012c 40       		.uleb128 0x40
 1611 012d 06       		.uleb128 0x6
 1612 012e 01       		.uleb128 0x1
 1613 012f 13       		.uleb128 0x13
 1614 0130 00       		.byte	0
 1615 0131 00       		.byte	0
 1616 0132 19       		.uleb128 0x19
 1617 0133 34       		.uleb128 0x34
 1618 0134 00       		.byte	0
 1619 0135 03       		.uleb128 0x3
 1620 0136 0E       		.uleb128 0xe
 1621 0137 3A       		.uleb128 0x3a
 1622 0138 0B       		.uleb128 0xb
 1623 0139 3B       		.uleb128 0x3b
 1624 013a 0B       		.uleb128 0xb
 1625 013b 49       		.uleb128 0x49
 1626 013c 13       		.uleb128 0x13
 1627 013d 02       		.uleb128 0x2
 1628 013e 0A       		.uleb128 0xa
 1629 013f 00       		.byte	0
 1630 0140 00       		.byte	0
 1631 0141 1A       		.uleb128 0x1a
 1632 0142 0B       		.uleb128 0xb
 1633 0143 01       		.byte	0x1
 1634 0144 11       		.uleb128 0x11
 1635 0145 01       		.uleb128 0x1
 1636 0146 12       		.uleb128 0x12
 1637 0147 01       		.uleb128 0x1
 1638 0148 00       		.byte	0
 1639 0149 00       		.byte	0
ARM GAS  /tmp/ccPhUOBJ.s 			page 30


 1640 014a 1B       		.uleb128 0x1b
 1641 014b 34       		.uleb128 0x34
 1642 014c 00       		.byte	0
 1643 014d 03       		.uleb128 0x3
 1644 014e 08       		.uleb128 0x8
 1645 014f 3A       		.uleb128 0x3a
 1646 0150 0B       		.uleb128 0xb
 1647 0151 3B       		.uleb128 0x3b
 1648 0152 0B       		.uleb128 0xb
 1649 0153 49       		.uleb128 0x49
 1650 0154 13       		.uleb128 0x13
 1651 0155 02       		.uleb128 0x2
 1652 0156 06       		.uleb128 0x6
 1653 0157 00       		.byte	0
 1654 0158 00       		.byte	0
 1655 0159 1C       		.uleb128 0x1c
 1656 015a 0B       		.uleb128 0xb
 1657 015b 01       		.byte	0x1
 1658 015c 11       		.uleb128 0x11
 1659 015d 01       		.uleb128 0x1
 1660 015e 12       		.uleb128 0x12
 1661 015f 01       		.uleb128 0x1
 1662 0160 01       		.uleb128 0x1
 1663 0161 13       		.uleb128 0x13
 1664 0162 00       		.byte	0
 1665 0163 00       		.byte	0
 1666 0164 1D       		.uleb128 0x1d
 1667 0165 34       		.uleb128 0x34
 1668 0166 00       		.byte	0
 1669 0167 03       		.uleb128 0x3
 1670 0168 0E       		.uleb128 0xe
 1671 0169 3A       		.uleb128 0x3a
 1672 016a 0B       		.uleb128 0xb
 1673 016b 3B       		.uleb128 0x3b
 1674 016c 0B       		.uleb128 0xb
 1675 016d 49       		.uleb128 0x49
 1676 016e 13       		.uleb128 0x13
 1677 016f 3F       		.uleb128 0x3f
 1678 0170 0C       		.uleb128 0xc
 1679 0171 3C       		.uleb128 0x3c
 1680 0172 0C       		.uleb128 0xc
 1681 0173 00       		.byte	0
 1682 0174 00       		.byte	0
 1683 0175 1E       		.uleb128 0x1e
 1684 0176 34       		.uleb128 0x34
 1685 0177 00       		.byte	0
 1686 0178 03       		.uleb128 0x3
 1687 0179 0E       		.uleb128 0xe
 1688 017a 3A       		.uleb128 0x3a
 1689 017b 0B       		.uleb128 0xb
 1690 017c 3B       		.uleb128 0x3b
 1691 017d 0B       		.uleb128 0xb
 1692 017e 49       		.uleb128 0x49
 1693 017f 13       		.uleb128 0x13
 1694 0180 3F       		.uleb128 0x3f
 1695 0181 0C       		.uleb128 0xc
 1696 0182 02       		.uleb128 0x2
ARM GAS  /tmp/ccPhUOBJ.s 			page 31


 1697 0183 0A       		.uleb128 0xa
 1698 0184 00       		.byte	0
 1699 0185 00       		.byte	0
 1700 0186 00       		.byte	0
 1701              		.section	.debug_loc,"",%progbits
 1702              	.Ldebug_loc0:
 1703              	.LLST0:
 1704 0000 00000000 		.4byte	.LFB8
 1705 0004 02000000 		.4byte	.LCFI0
 1706 0008 0200     		.2byte	0x2
 1707 000a 7D       		.byte	0x7d
 1708 000b 00       		.sleb128 0
 1709 000c 02000000 		.4byte	.LCFI0
 1710 0010 04000000 		.4byte	.LCFI1
 1711 0014 0200     		.2byte	0x2
 1712 0016 7D       		.byte	0x7d
 1713 0017 08       		.sleb128 8
 1714 0018 04000000 		.4byte	.LCFI1
 1715 001c 66000000 		.4byte	.LFE8
 1716 0020 0200     		.2byte	0x2
 1717 0022 7D       		.byte	0x7d
 1718 0023 10       		.sleb128 16
 1719 0024 00000000 		.4byte	0
 1720 0028 00000000 		.4byte	0
 1721              	.LLST1:
 1722 002c 3C000000 		.4byte	.LVL2
 1723 0030 44000000 		.4byte	.LVL3
 1724 0034 0100     		.2byte	0x1
 1725 0036 53       		.byte	0x53
 1726 0037 5E000000 		.4byte	.LVL4
 1727 003b 66000000 		.4byte	.LFE8
 1728 003f 0100     		.2byte	0x1
 1729 0041 54       		.byte	0x54
 1730 0042 00000000 		.4byte	0
 1731 0046 00000000 		.4byte	0
 1732              	.LLST2:
 1733 004a 00000000 		.4byte	.LFB9
 1734 004e 02000000 		.4byte	.LCFI2
 1735 0052 0200     		.2byte	0x2
 1736 0054 7D       		.byte	0x7d
 1737 0055 00       		.sleb128 0
 1738 0056 02000000 		.4byte	.LCFI2
 1739 005a 58000000 		.4byte	.LFE9
 1740 005e 0200     		.2byte	0x2
 1741 0060 7D       		.byte	0x7d
 1742 0061 10       		.sleb128 16
 1743 0062 00000000 		.4byte	0
 1744 0066 00000000 		.4byte	0
 1745              	.LLST3:
 1746 006a 28000000 		.4byte	.LVL5
 1747 006e 2A000000 		.4byte	.LVL6
 1748 0072 0200     		.2byte	0x2
 1749 0074 74       		.byte	0x74
 1750 0075 00       		.sleb128 0
 1751 0076 2A000000 		.4byte	.LVL6
 1752 007a 3D000000 		.4byte	.LVL10-1
 1753 007e 0100     		.2byte	0x1
ARM GAS  /tmp/ccPhUOBJ.s 			page 32


 1754 0080 51       		.byte	0x51
 1755 0081 46000000 		.4byte	.LVL13
 1756 0085 4C000000 		.4byte	.LVL15
 1757 0089 0200     		.2byte	0x2
 1758 008b 74       		.byte	0x74
 1759 008c 00       		.sleb128 0
 1760 008d 00000000 		.4byte	0
 1761 0091 00000000 		.4byte	0
 1762              	.LLST4:
 1763 0095 2E000000 		.4byte	.LVL7
 1764 0099 3D000000 		.4byte	.LVL10-1
 1765 009d 0200     		.2byte	0x2
 1766 009f 71       		.byte	0x71
 1767 00a0 0C       		.sleb128 12
 1768 00a1 00000000 		.4byte	0
 1769 00a5 00000000 		.4byte	0
 1770              	.LLST5:
 1771 00a9 3A000000 		.4byte	.LVL9
 1772 00ad 3D000000 		.4byte	.LVL10-1
 1773 00b1 0100     		.2byte	0x1
 1774 00b3 53       		.byte	0x53
 1775 00b4 00000000 		.4byte	0
 1776 00b8 00000000 		.4byte	0
 1777              	.LLST6:
 1778 00bc 44000000 		.4byte	.LVL12
 1779 00c0 48000000 		.4byte	.LVL14
 1780 00c4 0100     		.2byte	0x1
 1781 00c6 53       		.byte	0x53
 1782 00c7 00000000 		.4byte	0
 1783 00cb 00000000 		.4byte	0
 1784              		.section	.debug_aranges,"",%progbits
 1785 0000 2C000000 		.4byte	0x2c
 1786 0004 0200     		.2byte	0x2
 1787 0006 00000000 		.4byte	.Ldebug_info0
 1788 000a 04       		.byte	0x4
 1789 000b 00       		.byte	0
 1790 000c 0000     		.2byte	0
 1791 000e 0000     		.2byte	0
 1792 0010 00000000 		.4byte	.LFB7
 1793 0014 14000000 		.4byte	.LFE7-.LFB7
 1794 0018 00000000 		.4byte	.LFB8
 1795 001c 66000000 		.4byte	.LFE8-.LFB8
 1796 0020 00000000 		.4byte	.LFB9
 1797 0024 58000000 		.4byte	.LFE9-.LFB9
 1798 0028 00000000 		.4byte	0
 1799 002c 00000000 		.4byte	0
 1800              		.section	.debug_ranges,"",%progbits
 1801              	.Ldebug_ranges0:
 1802 0000 00000000 		.4byte	.LFB7
 1803 0004 14000000 		.4byte	.LFE7
 1804 0008 00000000 		.4byte	.LFB8
 1805 000c 66000000 		.4byte	.LFE8
 1806 0010 00000000 		.4byte	.LFB9
 1807 0014 58000000 		.4byte	.LFE9
 1808 0018 00000000 		.4byte	0
 1809 001c 00000000 		.4byte	0
 1810              		.section	.debug_line,"",%progbits
ARM GAS  /tmp/ccPhUOBJ.s 			page 33


 1811              	.Ldebug_line0:
 1812 0000 94010000 		.section	.debug_str,"MS",%progbits,1
 1812      02003C01 
 1812      00000201 
 1812      FB0E0D00 
 1812      01010101 
 1813              	.LASF74:
 1814 0000 7466756E 		.ascii	"tfunc_t\000"
 1814      635F7400 
 1815              	.LASF85:
 1816 0008 63665F6F 		.ascii	"cf_off_older\000"
 1816      66665F6F 
 1816      6C646572 
 1816      00
 1817              	.LASF38:
 1818 0015 705F6D73 		.ascii	"p_msg\000"
 1818      6700
 1819              	.LASF69:
 1820 001b 7264796D 		.ascii	"rdymsg\000"
 1820      736700
 1821              	.LASF12:
 1822 0022 75696E74 		.ascii	"uint64_t\000"
 1822      36345F74 
 1822      00
 1823              	.LASF98:
 1824 002b 76746C69 		.ascii	"vtlist\000"
 1824      737400
 1825              	.LASF97:
 1826 0032 63685379 		.ascii	"chSysTimerHandlerI\000"
 1826      7354696D 
 1826      65724861 
 1826      6E646C65 
 1826      724900
 1827              	.LASF13:
 1828 0045 6C6F6E67 		.ascii	"long long unsigned int\000"
 1828      206C6F6E 
 1828      6720756E 
 1828      7369676E 
 1828      65642069 
 1829              	.LASF81:
 1830 005c 63685F74 		.ascii	"ch_threadsize\000"
 1830      68726561 
 1830      6473697A 
 1830      6500
 1831              	.LASF70:
 1832 006a 65786974 		.ascii	"exitcode\000"
 1832      636F6465 
 1832      00
 1833              	.LASF96:
 1834 0073 6D61696E 		.ascii	"mainthread\000"
 1834      74687265 
 1834      616400
 1835              	.LASF26:
 1836 007e 705F7072 		.ascii	"p_prio\000"
 1836      696F00
 1837              	.LASF88:
 1838 0085 63665F6F 		.ascii	"cf_off_state\000"
ARM GAS  /tmp/ccPhUOBJ.s 			page 34


 1838      66665F73 
 1838      74617465 
 1838      00
 1839              	.LASF11:
 1840 0092 6C6F6E67 		.ascii	"long long int\000"
 1840      206C6F6E 
 1840      6720696E 
 1840      7400
 1841              	.LASF1:
 1842 00a0 7369676E 		.ascii	"signed char\000"
 1842      65642063 
 1842      68617200 
 1843              	.LASF87:
 1844 00ac 63665F6F 		.ascii	"cf_off_stklimit\000"
 1844      66665F73 
 1844      746B6C69 
 1844      6D697400 
 1845              	.LASF89:
 1846 00bc 63665F6F 		.ascii	"cf_off_flags\000"
 1846      66665F66 
 1846      6C616773 
 1846      00
 1847              	.LASF42:
 1848 00c9 705F6D70 		.ascii	"p_mpool\000"
 1848      6F6F6C00 
 1849              	.LASF66:
 1850 00d1 6D5F7175 		.ascii	"m_queue\000"
 1850      65756500 
 1851              	.LASF18:
 1852 00d9 74736C69 		.ascii	"tslices_t\000"
 1852      6365735F 
 1852      7400
 1853              	.LASF104:
 1854 00e3 2F686F6D 		.ascii	"/home/aggieair/workspace/ChibiOS_2.6.1/demos/ARMCM4"
 1854      652F6167 
 1854      67696561 
 1854      69722F77 
 1854      6F726B73 
 1855 0116 2D53544D 		.ascii	"-STM32F407-DISCOVERY/\000"
 1855      33324634 
 1855      30372D44 
 1855      4953434F 
 1855      56455259 
 1856              	.LASF8:
 1857 012c 6C6F6E67 		.ascii	"long int\000"
 1857      20696E74 
 1857      00
 1858              	.LASF16:
 1859 0135 74737461 		.ascii	"tstate_t\000"
 1859      74655F74 
 1859      00
 1860              	.LASF5:
 1861 013e 75696E74 		.ascii	"uint16_t\000"
 1861      31365F74 
 1861      00
 1862              	.LASF93:
 1863 0147 63686465 		.ascii	"chdebug_t\000"
ARM GAS  /tmp/ccPhUOBJ.s 			page 35


 1863      6275675F 
 1863      7400
 1864              	.LASF28:
 1865 0151 705F6E65 		.ascii	"p_newer\000"
 1865      77657200 
 1866              	.LASF101:
 1867 0159 5F69646C 		.ascii	"_idle_thread_wa\000"
 1867      655F7468 
 1867      72656164 
 1867      5F776100 
 1868              	.LASF61:
 1869 0169 725F6E65 		.ascii	"r_newer\000"
 1869      77657200 
 1870              	.LASF45:
 1871 0171 72656761 		.ascii	"regarm_t\000"
 1871      726D5F74 
 1871      00
 1872              	.LASF52:
 1873 017a 76745F70 		.ascii	"vt_prev\000"
 1873      72657600 
 1874              	.LASF95:
 1875 0182 63685379 		.ascii	"chSysInit\000"
 1875      73496E69 
 1875      7400
 1876              	.LASF0:
 1877 018c 756E7369 		.ascii	"unsigned int\000"
 1877      676E6564 
 1877      20696E74 
 1877      00
 1878              	.LASF51:
 1879 0199 76745F6E 		.ascii	"vt_next\000"
 1879      65787400 
 1880              	.LASF10:
 1881 01a1 6C6F6E67 		.ascii	"long unsigned int\000"
 1881      20756E73 
 1881      69676E65 
 1881      6420696E 
 1881      7400
 1882              	.LASF100:
 1883 01b3 63685F64 		.ascii	"ch_debug\000"
 1883      65627567 
 1883      00
 1884              	.LASF75:
 1885 01bc 63685F69 		.ascii	"ch_identifier\000"
 1885      64656E74 
 1885      69666965 
 1885      7200
 1886              	.LASF48:
 1887 01ca 636F6E74 		.ascii	"context\000"
 1887      65787400 
 1888              	.LASF6:
 1889 01d2 73686F72 		.ascii	"short unsigned int\000"
 1889      7420756E 
 1889      7369676E 
 1889      65642069 
 1889      6E7400
 1890              	.LASF102:
ARM GAS  /tmp/ccPhUOBJ.s 			page 36


 1891 01e5 474E5520 		.ascii	"GNU C 4.6.2 20110908 (prerelease)\000"
 1891      4320342E 
 1891      362E3220 
 1891      32303131 
 1891      30393038 
 1892              	.LASF20:
 1893 0207 6D73675F 		.ascii	"msg_t\000"
 1893      7400
 1894              	.LASF15:
 1895 020d 746D6F64 		.ascii	"tmode_t\000"
 1895      655F7400 
 1896              	.LASF44:
 1897 0215 54687265 		.ascii	"ThreadsList\000"
 1897      6164734C 
 1897      69737400 
 1898              	.LASF21:
 1899 0221 6576656E 		.ascii	"eventmask_t\000"
 1899      746D6173 
 1899      6B5F7400 
 1900              	.LASF65:
 1901 022d 4D757465 		.ascii	"Mutex\000"
 1901      7800
 1902              	.LASF46:
 1903 0233 73746B61 		.ascii	"stkalign_t\000"
 1903      6C69676E 
 1903      5F7400
 1904              	.LASF76:
 1905 023e 63685F7A 		.ascii	"ch_zero\000"
 1905      65726F00 
 1906              	.LASF90:
 1907 0246 63665F6F 		.ascii	"cf_off_refs\000"
 1907      66665F72 
 1907      65667300 
 1908              	.LASF53:
 1909 0252 76745F74 		.ascii	"vt_time\000"
 1909      696D6500 
 1910              	.LASF54:
 1911 025a 76745F66 		.ascii	"vt_func\000"
 1911      756E6300 
 1912              	.LASF80:
 1913 0262 63685F74 		.ascii	"ch_timesize\000"
 1913      696D6573 
 1913      697A6500 
 1914              	.LASF86:
 1915 026e 63665F6F 		.ascii	"cf_off_name\000"
 1915      66665F6E 
 1915      616D6500 
 1916              	.LASF29:
 1917 027a 705F6F6C 		.ascii	"p_older\000"
 1917      64657200 
 1918              	.LASF60:
 1919 0282 725F6374 		.ascii	"r_ctx\000"
 1919      7800
 1920              	.LASF43:
 1921 0288 54687265 		.ascii	"ThreadsQueue\000"
 1921      61647351 
 1921      75657565 
ARM GAS  /tmp/ccPhUOBJ.s 			page 37


 1921      00
 1922              	.LASF77:
 1923 0295 63685F73 		.ascii	"ch_size\000"
 1923      697A6500 
 1924              	.LASF63:
 1925 029d 725F6375 		.ascii	"r_current\000"
 1925      7272656E 
 1925      7400
 1926              	.LASF62:
 1927 02a7 725F6F6C 		.ascii	"r_older\000"
 1927      64657200 
 1928              	.LASF94:
 1929 02af 5F69646C 		.ascii	"_idle_thread\000"
 1929      655F7468 
 1929      72656164 
 1929      00
 1930              	.LASF17:
 1931 02bc 74726566 		.ascii	"trefs_t\000"
 1931      735F7400 
 1932              	.LASF79:
 1933 02c4 63685F70 		.ascii	"ch_ptrsize\000"
 1933      74727369 
 1933      7A6500
 1934              	.LASF25:
 1935 02cf 705F7072 		.ascii	"p_prev\000"
 1935      657600
 1936              	.LASF19:
 1937 02d6 74707269 		.ascii	"tprio_t\000"
 1937      6F5F7400 
 1938              	.LASF14:
 1939 02de 5F426F6F 		.ascii	"_Bool\000"
 1939      6C00
 1940              	.LASF7:
 1941 02e4 696E7433 		.ascii	"int32_t\000"
 1941      325F7400 
 1942              	.LASF2:
 1943 02ec 756E7369 		.ascii	"unsigned char\000"
 1943      676E6564 
 1943      20636861 
 1943      7200
 1944              	.LASF40:
 1945 02fa 705F6D74 		.ascii	"p_mtxlist\000"
 1945      786C6973 
 1945      7400
 1946              	.LASF3:
 1947 0304 73686F72 		.ascii	"short int\000"
 1947      7420696E 
 1947      7400
 1948              	.LASF31:
 1949 030e 705F7374 		.ascii	"p_state\000"
 1949      61746500 
 1950              	.LASF34:
 1951 0316 705F7072 		.ascii	"p_preempt\000"
 1951      65656D70 
 1951      7400
 1952              	.LASF92:
 1953 0320 63665F6F 		.ascii	"cf_off_time\000"
ARM GAS  /tmp/ccPhUOBJ.s 			page 38


 1953      66665F74 
 1953      696D6500 
 1954              	.LASF59:
 1955 032c 725F7072 		.ascii	"r_prio\000"
 1955      696F00
 1956              	.LASF72:
 1957 0333 65776D61 		.ascii	"ewmask\000"
 1957      736B00
 1958              	.LASF24:
 1959 033a 705F6E65 		.ascii	"p_next\000"
 1959      787400
 1960              	.LASF91:
 1961 0341 63665F6F 		.ascii	"cf_off_preempt\000"
 1961      66665F70 
 1961      7265656D 
 1961      707400
 1962              	.LASF32:
 1963 0350 705F666C 		.ascii	"p_flags\000"
 1963      61677300 
 1964              	.LASF23:
 1965 0358 54687265 		.ascii	"Thread\000"
 1965      616400
 1966              	.LASF84:
 1967 035f 63665F6F 		.ascii	"cf_off_newer\000"
 1967      66665F6E 
 1967      65776572 
 1967      00
 1968              	.LASF39:
 1969 036c 705F6570 		.ascii	"p_epending\000"
 1969      656E6469 
 1969      6E6700
 1970              	.LASF9:
 1971 0377 75696E74 		.ascii	"uint32_t\000"
 1971      33325F74 
 1971      00
 1972              	.LASF82:
 1973 0380 63665F6F 		.ascii	"cf_off_prio\000"
 1973      66665F70 
 1973      72696F00 
 1974              	.LASF58:
 1975 038c 725F7175 		.ascii	"r_queue\000"
 1975      65756500 
 1976              	.LASF50:
 1977 0394 56697274 		.ascii	"VirtualTimer\000"
 1977      75616C54 
 1977      696D6572 
 1977      00
 1978              	.LASF73:
 1979 03a1 63686172 		.ascii	"char\000"
 1979      00
 1980              	.LASF68:
 1981 03a6 6D5F6E65 		.ascii	"m_next\000"
 1981      787400
 1982              	.LASF22:
 1983 03ad 73797374 		.ascii	"systime_t\000"
 1983      696D655F 
 1983      7400
ARM GAS  /tmp/ccPhUOBJ.s 			page 39


 1984              	.LASF41:
 1985 03b7 705F7265 		.ascii	"p_realprio\000"
 1985      616C7072 
 1985      696F00
 1986              	.LASF49:
 1987 03c2 76746675 		.ascii	"vtfunc_t\000"
 1987      6E635F74 
 1987      00
 1988              	.LASF35:
 1989 03cb 705F7469 		.ascii	"p_time\000"
 1989      6D6500
 1990              	.LASF47:
 1991 03d2 696E7463 		.ascii	"intctx\000"
 1991      747800
 1992              	.LASF37:
 1993 03d9 705F6D73 		.ascii	"p_msgqueue\000"
 1993      67717565 
 1993      756500
 1994              	.LASF55:
 1995 03e4 76745F70 		.ascii	"vt_par\000"
 1995      617200
 1996              	.LASF83:
 1997 03eb 63665F6F 		.ascii	"cf_off_ctx\000"
 1997      66665F63 
 1997      747800
 1998              	.LASF33:
 1999 03f6 705F7265 		.ascii	"p_refs\000"
 1999      667300
 2000              	.LASF64:
 2001 03fd 52656164 		.ascii	"ReadyList\000"
 2001      794C6973 
 2001      7400
 2002              	.LASF99:
 2003 0407 726C6973 		.ascii	"rlist\000"
 2003      7400
 2004              	.LASF103:
 2005 040d 2E2E2F2E 		.ascii	"../../os/kernel/src/chsys.c\000"
 2005      2E2F6F73 
 2005      2F6B6572 
 2005      6E656C2F 
 2005      7372632F 
 2006              	.LASF4:
 2007 0429 75696E74 		.ascii	"uint8_t\000"
 2007      385F7400 
 2008              	.LASF71:
 2009 0431 77746F62 		.ascii	"wtobjp\000"
 2009      6A7000
 2010              	.LASF30:
 2011 0438 705F6E61 		.ascii	"p_name\000"
 2011      6D6500
 2012              	.LASF56:
 2013 043f 76745F73 		.ascii	"vt_systime\000"
 2013      79737469 
 2013      6D6500
 2014              	.LASF78:
 2015 044a 63685F76 		.ascii	"ch_version\000"
 2015      65727369 
ARM GAS  /tmp/ccPhUOBJ.s 			page 40


 2015      6F6E00
 2016              	.LASF57:
 2017 0455 56544C69 		.ascii	"VTList\000"
 2017      737400
 2018              	.LASF67:
 2019 045c 6D5F6F77 		.ascii	"m_owner\000"
 2019      6E657200 
 2020              	.LASF27:
 2021 0464 705F6374 		.ascii	"p_ctx\000"
 2021      7800
 2022              	.LASF36:
 2023 046a 705F7761 		.ascii	"p_waiting\000"
 2023      6974696E 
 2023      6700
 2024              		.ident	"GCC: (Linaro GCC 4.6-2011.09-1) 4.6.2 20110908 (prerelease)"
ARM GAS  /tmp/ccPhUOBJ.s 			page 41


DEFINED SYMBOLS
                            *ABS*:0000000000000000 chsys.c
     /tmp/ccPhUOBJ.s:18     .text._idle_thread:0000000000000000 $t
     /tmp/ccPhUOBJ.s:24     .text._idle_thread:0000000000000000 _idle_thread
     /tmp/ccPhUOBJ.s:43     .text._idle_thread:000000000000000c $d
     /tmp/ccPhUOBJ.s:49     .text.chSysInit:0000000000000000 $t
     /tmp/ccPhUOBJ.s:55     .text.chSysInit:0000000000000000 chSysInit
     /tmp/ccPhUOBJ.s:230    .bss.mainthread.1984:0000000000000000 .LANCHOR0
     /tmp/ccPhUOBJ.s:241    .bss._idle_thread_wa:0000000000000000 .LANCHOR1
     /tmp/ccPhUOBJ.s:128    .text.chSysTimerHandlerI:0000000000000000 $t
     /tmp/ccPhUOBJ.s:134    .text.chSysTimerHandlerI:0000000000000000 chSysTimerHandlerI
     /tmp/ccPhUOBJ.s:221    .text.chSysTimerHandlerI:0000000000000050 $d
     /tmp/ccPhUOBJ.s:244    .bss._idle_thread_wa:0000000000000000 _idle_thread_wa
     /tmp/ccPhUOBJ.s:229    .bss.mainthread.1984:0000000000000000 $d
     /tmp/ccPhUOBJ.s:233    .bss.mainthread.1984:0000000000000000 mainthread.1984
     /tmp/ccPhUOBJ.s:236    .rodata.str1.4:0000000000000000 $d
     /tmp/ccPhUOBJ.s:240    .bss._idle_thread_wa:0000000000000000 $d
                     .debug_frame:0000000000000010 $d
     /tmp/ccPhUOBJ.s:48     .text._idle_thread:0000000000000014 $t
     /tmp/ccPhUOBJ.s:228    .text.chSysTimerHandlerI:0000000000000058 $t

UNDEFINED SYMBOLS
rlist
_port_init
_scheduler_init
_vt_init
_core_init
_heap_init
_thread_init
ch_debug
chThdCreateStatic
vtlist
