ARM GAS  /tmp/ccsQC9nf.s 			page 1


   1              		.syntax unified
   2              		.cpu cortex-m4
   3              		.fpu softvfp
   4              		.eabi_attribute 20, 1
   5              		.eabi_attribute 21, 1
   6              		.eabi_attribute 23, 3
   7              		.eabi_attribute 24, 1
   8              		.eabi_attribute 25, 1
   9              		.eabi_attribute 26, 1
  10              		.eabi_attribute 30, 2
  11              		.eabi_attribute 18, 4
  12              		.thumb
  13              		.file	"ext_lld.c"
  14              		.text
  15              	.Ltext0:
  16              		.cfi_sections	.debug_frame
  17              	.Letext0:
  18              		.file 1 "../../os/ports/common/ARMCMx/CMSIS/include/core_cm4.h"
  19              		.file 2 "/opt/paparazzi/arm-multilib/lib/gcc/arm-none-eabi/4.6.2/../../../../arm-none-eabi/include
  20              		.section	.debug_info,"",%progbits
  21              	.Ldebug_info0:
  22 0000 A2000000 		.4byte	0xa2
  23 0004 0200     		.2byte	0x2
  24 0006 00000000 		.4byte	.Ldebug_abbrev0
  25 000a 04       		.byte	0x4
  26 000b 01       		.uleb128 0x1
  27 000c 48000000 		.4byte	.LASF12
  28 0010 01       		.byte	0x1
  29 0011 21000000 		.4byte	.LASF13
  30 0015 6A000000 		.4byte	.LASF14
  31 0019 00000000 		.4byte	.Ltext0
  32 001d 00000000 		.4byte	.Letext0
  33 0021 00000000 		.4byte	.Ldebug_line0
  34 0025 02       		.uleb128 0x2
  35 0026 04       		.byte	0x4
  36 0027 05       		.byte	0x5
  37 0028 696E7400 		.ascii	"int\000"
  38 002c 03       		.uleb128 0x3
  39 002d 04       		.byte	0x4
  40 002e 07       		.byte	0x7
  41 002f 17010000 		.4byte	.LASF0
  42 0033 03       		.uleb128 0x3
  43 0034 01       		.byte	0x1
  44 0035 06       		.byte	0x6
  45 0036 0B010000 		.4byte	.LASF1
  46 003a 03       		.uleb128 0x3
  47 003b 01       		.byte	0x1
  48 003c 08       		.byte	0x8
  49 003d DC000000 		.4byte	.LASF2
  50 0041 03       		.uleb128 0x3
  51 0042 02       		.byte	0x2
  52 0043 05       		.byte	0x5
  53 0044 24010000 		.4byte	.LASF3
  54 0048 03       		.uleb128 0x3
  55 0049 02       		.byte	0x2
  56 004a 07       		.byte	0x7
  57 004b 0E000000 		.4byte	.LASF4
ARM GAS  /tmp/ccsQC9nf.s 			page 2


  58 004f 04       		.uleb128 0x4
  59 0050 2E010000 		.4byte	.LASF15
  60 0054 02       		.byte	0x2
  61 0055 4F       		.byte	0x4f
  62 0056 5A000000 		.4byte	0x5a
  63 005a 03       		.uleb128 0x3
  64 005b 04       		.byte	0x4
  65 005c 05       		.byte	0x5
  66 005d EF000000 		.4byte	.LASF5
  67 0061 03       		.uleb128 0x3
  68 0062 04       		.byte	0x4
  69 0063 07       		.byte	0x7
  70 0064 B3000000 		.4byte	.LASF6
  71 0068 03       		.uleb128 0x3
  72 0069 08       		.byte	0x8
  73 006a 05       		.byte	0x5
  74 006b 00000000 		.4byte	.LASF7
  75 006f 03       		.uleb128 0x3
  76 0070 08       		.byte	0x8
  77 0071 07       		.byte	0x7
  78 0072 C5000000 		.4byte	.LASF8
  79 0076 03       		.uleb128 0x3
  80 0077 01       		.byte	0x1
  81 0078 02       		.byte	0x2
  82 0079 F8000000 		.4byte	.LASF9
  83 007d 03       		.uleb128 0x3
  84 007e 01       		.byte	0x1
  85 007f 08       		.byte	0x8
  86 0080 EA000000 		.4byte	.LASF10
  87 0084 05       		.uleb128 0x5
  88 0085 4F000000 		.4byte	0x4f
  89 0089 06       		.uleb128 0x6
  90 008a FE000000 		.4byte	.LASF11
  91 008e 01       		.byte	0x1
  92 008f 9806     		.2byte	0x698
  93 0091 84000000 		.4byte	0x84
  94 0095 01       		.byte	0x1
  95 0096 01       		.byte	0x1
  96 0097 06       		.uleb128 0x6
  97 0098 FE000000 		.4byte	.LASF11
  98 009c 01       		.byte	0x1
  99 009d 9806     		.2byte	0x698
 100 009f 84000000 		.4byte	0x84
 101 00a3 01       		.byte	0x1
 102 00a4 01       		.byte	0x1
 103 00a5 00       		.byte	0
 104              		.section	.debug_abbrev,"",%progbits
 105              	.Ldebug_abbrev0:
 106 0000 01       		.uleb128 0x1
 107 0001 11       		.uleb128 0x11
 108 0002 01       		.byte	0x1
 109 0003 25       		.uleb128 0x25
 110 0004 0E       		.uleb128 0xe
 111 0005 13       		.uleb128 0x13
 112 0006 0B       		.uleb128 0xb
 113 0007 03       		.uleb128 0x3
 114 0008 0E       		.uleb128 0xe
ARM GAS  /tmp/ccsQC9nf.s 			page 3


 115 0009 1B       		.uleb128 0x1b
 116 000a 0E       		.uleb128 0xe
 117 000b 11       		.uleb128 0x11
 118 000c 01       		.uleb128 0x1
 119 000d 12       		.uleb128 0x12
 120 000e 01       		.uleb128 0x1
 121 000f 10       		.uleb128 0x10
 122 0010 06       		.uleb128 0x6
 123 0011 00       		.byte	0
 124 0012 00       		.byte	0
 125 0013 02       		.uleb128 0x2
 126 0014 24       		.uleb128 0x24
 127 0015 00       		.byte	0
 128 0016 0B       		.uleb128 0xb
 129 0017 0B       		.uleb128 0xb
 130 0018 3E       		.uleb128 0x3e
 131 0019 0B       		.uleb128 0xb
 132 001a 03       		.uleb128 0x3
 133 001b 08       		.uleb128 0x8
 134 001c 00       		.byte	0
 135 001d 00       		.byte	0
 136 001e 03       		.uleb128 0x3
 137 001f 24       		.uleb128 0x24
 138 0020 00       		.byte	0
 139 0021 0B       		.uleb128 0xb
 140 0022 0B       		.uleb128 0xb
 141 0023 3E       		.uleb128 0x3e
 142 0024 0B       		.uleb128 0xb
 143 0025 03       		.uleb128 0x3
 144 0026 0E       		.uleb128 0xe
 145 0027 00       		.byte	0
 146 0028 00       		.byte	0
 147 0029 04       		.uleb128 0x4
 148 002a 16       		.uleb128 0x16
 149 002b 00       		.byte	0
 150 002c 03       		.uleb128 0x3
 151 002d 0E       		.uleb128 0xe
 152 002e 3A       		.uleb128 0x3a
 153 002f 0B       		.uleb128 0xb
 154 0030 3B       		.uleb128 0x3b
 155 0031 0B       		.uleb128 0xb
 156 0032 49       		.uleb128 0x49
 157 0033 13       		.uleb128 0x13
 158 0034 00       		.byte	0
 159 0035 00       		.byte	0
 160 0036 05       		.uleb128 0x5
 161 0037 35       		.uleb128 0x35
 162 0038 00       		.byte	0
 163 0039 49       		.uleb128 0x49
 164 003a 13       		.uleb128 0x13
 165 003b 00       		.byte	0
 166 003c 00       		.byte	0
 167 003d 06       		.uleb128 0x6
 168 003e 34       		.uleb128 0x34
 169 003f 00       		.byte	0
 170 0040 03       		.uleb128 0x3
 171 0041 0E       		.uleb128 0xe
ARM GAS  /tmp/ccsQC9nf.s 			page 4


 172 0042 3A       		.uleb128 0x3a
 173 0043 0B       		.uleb128 0xb
 174 0044 3B       		.uleb128 0x3b
 175 0045 05       		.uleb128 0x5
 176 0046 49       		.uleb128 0x49
 177 0047 13       		.uleb128 0x13
 178 0048 3F       		.uleb128 0x3f
 179 0049 0C       		.uleb128 0xc
 180 004a 3C       		.uleb128 0x3c
 181 004b 0C       		.uleb128 0xc
 182 004c 00       		.byte	0
 183 004d 00       		.byte	0
 184 004e 00       		.byte	0
 185              		.section	.debug_line,"",%progbits
 186              	.Ldebug_line0:
 187 0000 B8000000 		.section	.debug_str,"MS",%progbits,1
 187      0200B200 
 187      00000201 
 187      FB0E0D00 
 187      01010101 
 188              	.LASF7:
 189 0000 6C6F6E67 		.ascii	"long long int\000"
 189      206C6F6E 
 189      6720696E 
 189      7400
 190              	.LASF4:
 191 000e 73686F72 		.ascii	"short unsigned int\000"
 191      7420756E 
 191      7369676E 
 191      65642069 
 191      6E7400
 192              	.LASF13:
 193 0021 2E2E2F2E 		.ascii	"../../os/hal/platforms/STM32/ext_lld.c\000"
 193      2E2F6F73 
 193      2F68616C 
 193      2F706C61 
 193      74666F72 
 194              	.LASF12:
 195 0048 474E5520 		.ascii	"GNU C 4.6.2 20110908 (prerelease)\000"
 195      4320342E 
 195      362E3220 
 195      32303131 
 195      30393038 
 196              	.LASF14:
 197 006a 2F686F6D 		.ascii	"/home/aggieair/workspace/ChibiOS_2.6.1/demos/ARMCM4"
 197      652F6167 
 197      67696561 
 197      69722F77 
 197      6F726B73 
 198 009d 2D53544D 		.ascii	"-STM32F407-DISCOVERY/\000"
 198      33324634 
 198      30372D44 
 198      4953434F 
 198      56455259 
 199              	.LASF6:
 200 00b3 6C6F6E67 		.ascii	"long unsigned int\000"
 200      20756E73 
ARM GAS  /tmp/ccsQC9nf.s 			page 5


 200      69676E65 
 200      6420696E 
 200      7400
 201              	.LASF8:
 202 00c5 6C6F6E67 		.ascii	"long long unsigned int\000"
 202      206C6F6E 
 202      6720756E 
 202      7369676E 
 202      65642069 
 203              	.LASF2:
 204 00dc 756E7369 		.ascii	"unsigned char\000"
 204      676E6564 
 204      20636861 
 204      7200
 205              	.LASF10:
 206 00ea 63686172 		.ascii	"char\000"
 206      00
 207              	.LASF5:
 208 00ef 6C6F6E67 		.ascii	"long int\000"
 208      20696E74 
 208      00
 209              	.LASF9:
 210 00f8 5F426F6F 		.ascii	"_Bool\000"
 210      6C00
 211              	.LASF11:
 212 00fe 49544D5F 		.ascii	"ITM_RxBuffer\000"
 212      52784275 
 212      66666572 
 212      00
 213              	.LASF1:
 214 010b 7369676E 		.ascii	"signed char\000"
 214      65642063 
 214      68617200 
 215              	.LASF0:
 216 0117 756E7369 		.ascii	"unsigned int\000"
 216      676E6564 
 216      20696E74 
 216      00
 217              	.LASF3:
 218 0124 73686F72 		.ascii	"short int\000"
 218      7420696E 
 218      7400
 219              	.LASF15:
 220 012e 696E7433 		.ascii	"int32_t\000"
 220      325F7400 
 221              		.ident	"GCC: (Linaro GCC 4.6-2011.09-1) 4.6.2 20110908 (prerelease)"
ARM GAS  /tmp/ccsQC9nf.s 			page 6


DEFINED SYMBOLS
                            *ABS*:0000000000000000 ext_lld.c

NO UNDEFINED SYMBOLS
