ARM GAS  /tmp/ccsaTagF.s 			page 1


   1              		.syntax unified
   2              		.cpu cortex-m4
   3              		.fpu softvfp
   4              		.eabi_attribute 20, 1
   5              		.eabi_attribute 21, 1
   6              		.eabi_attribute 23, 3
   7              		.eabi_attribute 24, 1
   8              		.eabi_attribute 25, 1
   9              		.eabi_attribute 26, 1
  10              		.eabi_attribute 30, 2
  11              		.eabi_attribute 18, 4
  12              		.thumb
  13              		.file	"nvic.c"
  14              		.text
  15              	.Ltext0:
  16              		.cfi_sections	.debug_frame
  17              		.section	.text.nvicEnableVector,"ax",%progbits
  18              		.align	2
  19              		.p2align 4,,15
  20              		.global	nvicEnableVector
  21              		.thumb
  22              		.thumb_func
  23              		.type	nvicEnableVector, %function
  24              	nvicEnableVector:
  25              	.LFB7:
  26              		.file 1 "../../os/ports/common/ARMCMx/nvic.c"
  27              		.loc 1 46 0
  28              		.cfi_startproc
  29              		@ args = 0, pretend = 0, frame = 0
  30              		@ frame_needed = 0, uses_anonymous_args = 0
  31              		@ link register save eliminated.
  32              	.LVL0:
  33 0000 F0B4     		push	{r4, r5, r6, r7}
  34              	.LCFI0:
  35              		.cfi_def_cfa_offset 16
  36              		.cfi_offset 7, -4
  37              		.cfi_offset 6, -8
  38              		.cfi_offset 5, -12
  39              		.cfi_offset 4, -16
  40              		.loc 1 49 0
  41 0002 4FF46143 		mov	r3, #57600
  42 0006 8408     		lsrs	r4, r0, #2
  43 0008 CEF20003 		movt	r3, 57344
  44 000c C034     		adds	r4, r4, #192
  45              		.loc 1 47 0
  46 000e 00F00305 		and	r5, r0, #3
  47              		.loc 1 49 0
  48 0012 53F82470 		ldr	r7, [r3, r4, lsl #2]
  49              		.loc 1 47 0
  50 0016 ED00     		lsls	r5, r5, #3
  51              		.loc 1 49 0
  52 0018 FF26     		movs	r6, #255
  53              		.loc 1 50 0
  54 001a 4209     		lsrs	r2, r0, #5
  55              		.loc 1 49 0
  56 001c AE40     		lsls	r6, r6, r5
  57 001e 27EA0606 		bic	r6, r7, r6
ARM GAS  /tmp/ccsaTagF.s 			page 2


  58 0022 11FA05F5 		lsls	r5, r1, r5
  59              		.loc 1 50 0
  60 0026 00F01F00 		and	r0, r0, #31
  61              	.LVL1:
  62 002a 02F16007 		add	r7, r2, #96
  63 002e 0121     		movs	r1, #1
  64              	.LVL2:
  65 0030 11FA00F0 		lsls	r0, r1, r0
  66              		.loc 1 49 0
  67 0034 2E43     		orrs	r6, r6, r5
  68 0036 43F82460 		str	r6, [r3, r4, lsl #2]
  69              		.loc 1 50 0
  70 003a 43F82700 		str	r0, [r3, r7, lsl #2]
  71              		.loc 1 51 0
  72 003e 43F82200 		str	r0, [r3, r2, lsl #2]
  73              		.loc 1 52 0
  74 0042 F0BC     		pop	{r4, r5, r6, r7}
  75 0044 7047     		bx	lr
  76              		.cfi_endproc
  77              	.LFE7:
  78              		.size	nvicEnableVector, .-nvicEnableVector
  79 0046 00BFAFF3 		.section	.text.nvicDisableVector,"ax",%progbits
  79      0080AFF3 
  79      0080
  80              		.align	2
  81              		.p2align 4,,15
  82              		.global	nvicDisableVector
  83              		.thumb
  84              		.thumb_func
  85              		.type	nvicDisableVector, %function
  86              	nvicDisableVector:
  87              	.LFB8:
  88              		.loc 1 60 0
  89              		.cfi_startproc
  90              		@ args = 0, pretend = 0, frame = 0
  91              		@ frame_needed = 0, uses_anonymous_args = 0
  92              		@ link register save eliminated.
  93              	.LVL3:
  94              		.loc 1 63 0
  95 0000 4109     		lsrs	r1, r0, #5
  96 0002 4FF46143 		mov	r3, #57600
  97              		.loc 1 60 0
  98 0006 10B4     		push	{r4}
  99              	.LCFI1:
 100              		.cfi_def_cfa_offset 4
 101              		.cfi_offset 4, -4
 102              		.loc 1 63 0
 103 0008 CEF20003 		movt	r3, 57344
 104 000c 00F01F02 		and	r2, r0, #31
 105 0010 2031     		adds	r1, r1, #32
 106 0012 0124     		movs	r4, #1
 107 0014 9440     		lsls	r4, r4, r2
 108              		.loc 1 64 0
 109 0016 8208     		lsrs	r2, r0, #2
 110              		.loc 1 63 0
 111 0018 43F82140 		str	r4, [r3, r1, lsl #2]
 112              		.loc 1 64 0
ARM GAS  /tmp/ccsaTagF.s 			page 3


 113 001c C032     		adds	r2, r2, #192
 114              		.loc 1 61 0
 115 001e 00F00300 		and	r0, r0, #3
 116              	.LVL4:
 117              		.loc 1 64 0
 118 0022 53F82210 		ldr	r1, [r3, r2, lsl #2]
 119              		.loc 1 61 0
 120 0026 C000     		lsls	r0, r0, #3
 121              	.LVL5:
 122              		.loc 1 64 0
 123 0028 FF24     		movs	r4, #255
 124 002a 14FA00F0 		lsls	r0, r4, r0
 125              	.LVL6:
 126 002e 21EA0000 		bic	r0, r1, r0
 127 0032 43F82200 		str	r0, [r3, r2, lsl #2]
 128              		.loc 1 65 0
 129 0036 10BC     		pop	{r4}
 130 0038 7047     		bx	lr
 131              		.cfi_endproc
 132              	.LFE8:
 133              		.size	nvicDisableVector, .-nvicDisableVector
 134 003a 00BFAFF3 		.section	.text.nvicSetSystemHandlerPriority,"ax",%progbits
 134      0080
 135              		.align	2
 136              		.p2align 4,,15
 137              		.global	nvicSetSystemHandlerPriority
 138              		.thumb
 139              		.thumb_func
 140              		.type	nvicSetSystemHandlerPriority, %function
 141              	nvicSetSystemHandlerPriority:
 142              	.LFB9:
 143              		.loc 1 74 0
 144              		.cfi_startproc
 145              		@ args = 0, pretend = 0, frame = 0
 146              		@ frame_needed = 0, uses_anonymous_args = 0
 147              		@ link register save eliminated.
 148              	.LVL7:
 149              		.loc 1 77 0
 150 0000 8208     		lsrs	r2, r0, #2
 151 0002 4FF46D43 		mov	r3, #60672
 152 0006 CEF20003 		movt	r3, 57344
 153 000a 0632     		adds	r2, r2, #6
 154              		.loc 1 75 0
 155 000c 00F00300 		and	r0, r0, #3
 156              	.LVL8:
 157              		.loc 1 74 0
 158 0010 30B4     		push	{r4, r5}
 159              	.LCFI2:
 160              		.cfi_def_cfa_offset 8
 161              		.cfi_offset 5, -4
 162              		.cfi_offset 4, -8
 163              		.loc 1 75 0
 164 0012 C000     		lsls	r0, r0, #3
 165              		.loc 1 77 0
 166 0014 53F82250 		ldr	r5, [r3, r2, lsl #2]
 167              		.loc 1 78 0
 168 0018 FF24     		movs	r4, #255
ARM GAS  /tmp/ccsaTagF.s 			page 4


 169 001a 8440     		lsls	r4, r4, r0
 170              		.loc 1 77 0
 171 001c 25EA0404 		bic	r4, r5, r4
 172              		.loc 1 78 0
 173 0020 11FA00F0 		lsls	r0, r1, r0
 174 0024 0443     		orrs	r4, r4, r0
 175              		.loc 1 77 0
 176 0026 43F82240 		str	r4, [r3, r2, lsl #2]
 177              		.loc 1 79 0
 178 002a 30BC     		pop	{r4, r5}
 179 002c 7047     		bx	lr
 180              		.cfi_endproc
 181              	.LFE9:
 182              		.size	nvicSetSystemHandlerPriority, .-nvicSetSystemHandlerPriority
 183 002e 00BF     		.text
 184              	.Letext0:
 185              		.file 2 "../../os/ports/common/ARMCMx/nvic.h"
 186              		.file 3 "/opt/paparazzi/arm-multilib/lib/gcc/arm-none-eabi/4.6.2/../../../../arm-none-eabi/include
 187              		.section	.debug_info,"",%progbits
 188              	.Ldebug_info0:
 189 0000 3A040000 		.4byte	0x43a
 190 0004 0200     		.2byte	0x2
 191 0006 00000000 		.4byte	.Ldebug_abbrev0
 192 000a 04       		.byte	0x4
 193 000b 01       		.uleb128 0x1
 194 000c 5E000000 		.4byte	.LASF44
 195 0010 01       		.byte	0x1
 196 0011 0F000000 		.4byte	.LASF45
 197 0015 73010000 		.4byte	.LASF46
 198 0019 00000000 		.4byte	0
 199 001d 00000000 		.4byte	0
 200 0021 00000000 		.4byte	.Ldebug_ranges0+0
 201 0025 00000000 		.4byte	.Ldebug_line0
 202 0029 02       		.uleb128 0x2
 203 002a 04       		.byte	0x4
 204 002b 05       		.byte	0x5
 205 002c 696E7400 		.ascii	"int\000"
 206 0030 03       		.uleb128 0x3
 207 0031 04       		.byte	0x4
 208 0032 07       		.byte	0x7
 209 0033 07010000 		.4byte	.LASF0
 210 0037 03       		.uleb128 0x3
 211 0038 01       		.byte	0x1
 212 0039 06       		.byte	0x6
 213 003a DF010000 		.4byte	.LASF1
 214 003e 03       		.uleb128 0x3
 215 003f 01       		.byte	0x1
 216 0040 08       		.byte	0x8
 217 0041 80000000 		.4byte	.LASF2
 218 0045 03       		.uleb128 0x3
 219 0046 02       		.byte	0x2
 220 0047 05       		.byte	0x5
 221 0048 FD000000 		.4byte	.LASF3
 222 004c 03       		.uleb128 0x3
 223 004d 02       		.byte	0x2
 224 004e 07       		.byte	0x7
 225 004f BE000000 		.4byte	.LASF4
ARM GAS  /tmp/ccsaTagF.s 			page 5


 226 0053 03       		.uleb128 0x3
 227 0054 04       		.byte	0x4
 228 0055 05       		.byte	0x5
 229 0056 D1010000 		.4byte	.LASF5
 230 005a 04       		.uleb128 0x4
 231 005b C8010000 		.4byte	.LASF22
 232 005f 03       		.byte	0x3
 233 0060 50       		.byte	0x50
 234 0061 65000000 		.4byte	0x65
 235 0065 03       		.uleb128 0x3
 236 0066 04       		.byte	0x4
 237 0067 07       		.byte	0x7
 238 0068 E0000000 		.4byte	.LASF6
 239 006c 03       		.uleb128 0x3
 240 006d 08       		.byte	0x8
 241 006e 05       		.byte	0x5
 242 006f 55010000 		.4byte	.LASF7
 243 0073 03       		.uleb128 0x3
 244 0074 08       		.byte	0x8
 245 0075 07       		.byte	0x7
 246 0076 1E010000 		.4byte	.LASF8
 247 007a 03       		.uleb128 0x3
 248 007b 01       		.byte	0x1
 249 007c 02       		.byte	0x2
 250 007d 53000000 		.4byte	.LASF9
 251 0081 05       		.uleb128 0x5
 252 0082 65000000 		.4byte	0x65
 253 0086 06       		.uleb128 0x6
 254 0087 040E     		.2byte	0xe04
 255 0089 02       		.byte	0x2
 256 008a 6A       		.byte	0x6a
 257 008b 51010000 		.4byte	0x151
 258 008f 07       		.uleb128 0x7
 259 0090 6E010000 		.4byte	.LASF10
 260 0094 02       		.byte	0x2
 261 0095 6B       		.byte	0x6b
 262 0096 61010000 		.4byte	0x161
 263 009a 02       		.byte	0x2
 264 009b 23       		.byte	0x23
 265 009c 00       		.uleb128 0
 266 009d 07       		.uleb128 0x7
 267 009e 8E000000 		.4byte	.LASF11
 268 00a2 02       		.byte	0x2
 269 00a3 6C       		.byte	0x6c
 270 00a4 76010000 		.4byte	0x176
 271 00a8 02       		.byte	0x2
 272 00a9 23       		.byte	0x23
 273 00aa 20       		.uleb128 0x20
 274 00ab 07       		.uleb128 0x7
 275 00ac 59000000 		.4byte	.LASF12
 276 00b0 02       		.byte	0x2
 277 00b1 6D       		.byte	0x6d
 278 00b2 7B010000 		.4byte	0x17b
 279 00b6 03       		.byte	0x3
 280 00b7 23       		.byte	0x23
 281 00b8 8001     		.uleb128 0x80
 282 00ba 07       		.uleb128 0x7
ARM GAS  /tmp/ccsaTagF.s 			page 6


 283 00bb 96000000 		.4byte	.LASF13
 284 00bf 02       		.byte	0x2
 285 00c0 6E       		.byte	0x6e
 286 00c1 80010000 		.4byte	0x180
 287 00c5 03       		.byte	0x3
 288 00c6 23       		.byte	0x23
 289 00c7 A001     		.uleb128 0xa0
 290 00c9 07       		.uleb128 0x7
 291 00ca 14010000 		.4byte	.LASF14
 292 00ce 02       		.byte	0x2
 293 00cf 6F       		.byte	0x6f
 294 00d0 85010000 		.4byte	0x185
 295 00d4 03       		.byte	0x3
 296 00d5 23       		.byte	0x23
 297 00d6 8002     		.uleb128 0x100
 298 00d8 07       		.uleb128 0x7
 299 00d9 9E000000 		.4byte	.LASF15
 300 00dd 02       		.byte	0x2
 301 00de 70       		.byte	0x70
 302 00df 8A010000 		.4byte	0x18a
 303 00e3 03       		.byte	0x3
 304 00e4 23       		.byte	0x23
 305 00e5 A002     		.uleb128 0x120
 306 00e7 07       		.uleb128 0x7
 307 00e8 05000000 		.4byte	.LASF16
 308 00ec 02       		.byte	0x2
 309 00ed 71       		.byte	0x71
 310 00ee 8F010000 		.4byte	0x18f
 311 00f2 03       		.byte	0x3
 312 00f3 23       		.byte	0x23
 313 00f4 8003     		.uleb128 0x180
 314 00f6 07       		.uleb128 0x7
 315 00f7 A6000000 		.4byte	.LASF17
 316 00fb 02       		.byte	0x2
 317 00fc 72       		.byte	0x72
 318 00fd 94010000 		.4byte	0x194
 319 0101 03       		.byte	0x3
 320 0102 23       		.byte	0x23
 321 0103 A003     		.uleb128 0x1a0
 322 0105 07       		.uleb128 0x7
 323 0106 08020000 		.4byte	.LASF18
 324 010a 02       		.byte	0x2
 325 010b 73       		.byte	0x73
 326 010c 99010000 		.4byte	0x199
 327 0110 03       		.byte	0x3
 328 0111 23       		.byte	0x23
 329 0112 8004     		.uleb128 0x200
 330 0114 07       		.uleb128 0x7
 331 0115 AE000000 		.4byte	.LASF19
 332 0119 02       		.byte	0x2
 333 011a 74       		.byte	0x74
 334 011b AE010000 		.4byte	0x1ae
 335 011f 03       		.byte	0x3
 336 0120 23       		.byte	0x23
 337 0121 A004     		.uleb128 0x220
 338 0123 08       		.uleb128 0x8
 339 0124 49505200 		.ascii	"IPR\000"
ARM GAS  /tmp/ccsaTagF.s 			page 7


 340 0128 02       		.byte	0x2
 341 0129 75       		.byte	0x75
 342 012a C3010000 		.4byte	0x1c3
 343 012e 03       		.byte	0x3
 344 012f 23       		.byte	0x23
 345 0130 8006     		.uleb128 0x300
 346 0132 07       		.uleb128 0x7
 347 0133 B6000000 		.4byte	.LASF20
 348 0137 02       		.byte	0x2
 349 0138 76       		.byte	0x76
 350 0139 D9010000 		.4byte	0x1d9
 351 013d 03       		.byte	0x3
 352 013e 23       		.byte	0x23
 353 013f F007     		.uleb128 0x3f0
 354 0141 07       		.uleb128 0x7
 355 0142 F8000000 		.4byte	.LASF21
 356 0146 02       		.byte	0x2
 357 0147 77       		.byte	0x77
 358 0148 81000000 		.4byte	0x81
 359 014c 03       		.byte	0x3
 360 014d 23       		.byte	0x23
 361 014e 801C     		.uleb128 0xe00
 362 0150 00       		.byte	0
 363 0151 09       		.uleb128 0x9
 364 0152 65000000 		.4byte	0x65
 365 0156 61010000 		.4byte	0x161
 366 015a 0A       		.uleb128 0xa
 367 015b 30000000 		.4byte	0x30
 368 015f 07       		.byte	0x7
 369 0160 00       		.byte	0
 370 0161 05       		.uleb128 0x5
 371 0162 51010000 		.4byte	0x151
 372 0166 09       		.uleb128 0x9
 373 0167 65000000 		.4byte	0x65
 374 016b 76010000 		.4byte	0x176
 375 016f 0A       		.uleb128 0xa
 376 0170 30000000 		.4byte	0x30
 377 0174 17       		.byte	0x17
 378 0175 00       		.byte	0
 379 0176 05       		.uleb128 0x5
 380 0177 66010000 		.4byte	0x166
 381 017b 05       		.uleb128 0x5
 382 017c 51010000 		.4byte	0x151
 383 0180 05       		.uleb128 0x5
 384 0181 66010000 		.4byte	0x166
 385 0185 05       		.uleb128 0x5
 386 0186 51010000 		.4byte	0x151
 387 018a 05       		.uleb128 0x5
 388 018b 66010000 		.4byte	0x166
 389 018f 05       		.uleb128 0x5
 390 0190 51010000 		.4byte	0x151
 391 0194 05       		.uleb128 0x5
 392 0195 66010000 		.4byte	0x166
 393 0199 05       		.uleb128 0x5
 394 019a 51010000 		.4byte	0x151
 395 019e 09       		.uleb128 0x9
 396 019f 65000000 		.4byte	0x65
ARM GAS  /tmp/ccsaTagF.s 			page 8


 397 01a3 AE010000 		.4byte	0x1ae
 398 01a7 0A       		.uleb128 0xa
 399 01a8 30000000 		.4byte	0x30
 400 01ac 37       		.byte	0x37
 401 01ad 00       		.byte	0
 402 01ae 05       		.uleb128 0x5
 403 01af 9E010000 		.4byte	0x19e
 404 01b3 09       		.uleb128 0x9
 405 01b4 65000000 		.4byte	0x65
 406 01b8 C3010000 		.4byte	0x1c3
 407 01bc 0A       		.uleb128 0xa
 408 01bd 30000000 		.4byte	0x30
 409 01c1 3B       		.byte	0x3b
 410 01c2 00       		.byte	0
 411 01c3 05       		.uleb128 0x5
 412 01c4 B3010000 		.4byte	0x1b3
 413 01c8 09       		.uleb128 0x9
 414 01c9 65000000 		.4byte	0x65
 415 01cd D9010000 		.4byte	0x1d9
 416 01d1 0B       		.uleb128 0xb
 417 01d2 30000000 		.4byte	0x30
 418 01d6 8302     		.2byte	0x283
 419 01d8 00       		.byte	0
 420 01d9 05       		.uleb128 0x5
 421 01da C8010000 		.4byte	0x1c8
 422 01de 04       		.uleb128 0x4
 423 01df 45000000 		.4byte	.LASF23
 424 01e3 02       		.byte	0x2
 425 01e4 78       		.byte	0x78
 426 01e5 86000000 		.4byte	0x86
 427 01e9 0C       		.uleb128 0xc
 428 01ea 8C       		.byte	0x8c
 429 01eb 02       		.byte	0x2
 430 01ec 89       		.byte	0x89
 431 01ed 19030000 		.4byte	0x319
 432 01f1 07       		.uleb128 0x7
 433 01f2 63010000 		.4byte	.LASF24
 434 01f6 02       		.byte	0x2
 435 01f7 8A       		.byte	0x8a
 436 01f8 81000000 		.4byte	0x81
 437 01fc 02       		.byte	0x2
 438 01fd 23       		.byte	0x23
 439 01fe 00       		.uleb128 0
 440 01ff 07       		.uleb128 0x7
 441 0200 35010000 		.4byte	.LASF25
 442 0204 02       		.byte	0x2
 443 0205 8B       		.byte	0x8b
 444 0206 81000000 		.4byte	0x81
 445 020a 02       		.byte	0x2
 446 020b 23       		.byte	0x23
 447 020c 04       		.uleb128 0x4
 448 020d 07       		.uleb128 0x7
 449 020e 4E000000 		.4byte	.LASF26
 450 0212 02       		.byte	0x2
 451 0213 8C       		.byte	0x8c
 452 0214 81000000 		.4byte	0x81
 453 0218 02       		.byte	0x2
ARM GAS  /tmp/ccsaTagF.s 			page 9


 454 0219 23       		.byte	0x23
 455 021a 08       		.uleb128 0x8
 456 021b 07       		.uleb128 0x7
 457 021c 42010000 		.4byte	.LASF27
 458 0220 02       		.byte	0x2
 459 0221 8D       		.byte	0x8d
 460 0222 81000000 		.4byte	0x81
 461 0226 02       		.byte	0x2
 462 0227 23       		.byte	0x23
 463 0228 0C       		.uleb128 0xc
 464 0229 08       		.uleb128 0x8
 465 022a 53435200 		.ascii	"SCR\000"
 466 022e 02       		.byte	0x2
 467 022f 8E       		.byte	0x8e
 468 0230 81000000 		.4byte	0x81
 469 0234 02       		.byte	0x2
 470 0235 23       		.byte	0x23
 471 0236 10       		.uleb128 0x10
 472 0237 08       		.uleb128 0x8
 473 0238 43435200 		.ascii	"CCR\000"
 474 023c 02       		.byte	0x2
 475 023d 8F       		.byte	0x8f
 476 023e 81000000 		.4byte	0x81
 477 0242 02       		.byte	0x2
 478 0243 23       		.byte	0x23
 479 0244 14       		.uleb128 0x14
 480 0245 07       		.uleb128 0x7
 481 0246 DA010000 		.4byte	.LASF28
 482 024a 02       		.byte	0x2
 483 024b 90       		.byte	0x90
 484 024c 29030000 		.4byte	0x329
 485 0250 02       		.byte	0x2
 486 0251 23       		.byte	0x23
 487 0252 18       		.uleb128 0x18
 488 0253 07       		.uleb128 0x7
 489 0254 C2010000 		.4byte	.LASF29
 490 0258 02       		.byte	0x2
 491 0259 91       		.byte	0x91
 492 025a 81000000 		.4byte	0x81
 493 025e 02       		.byte	0x2
 494 025f 23       		.byte	0x23
 495 0260 24       		.uleb128 0x24
 496 0261 07       		.uleb128 0x7
 497 0262 D1000000 		.4byte	.LASF30
 498 0266 02       		.byte	0x2
 499 0267 92       		.byte	0x92
 500 0268 81000000 		.4byte	0x81
 501 026c 02       		.byte	0x2
 502 026d 23       		.byte	0x23
 503 026e 28       		.uleb128 0x28
 504 026f 07       		.uleb128 0x7
 505 0270 DB000000 		.4byte	.LASF31
 506 0274 02       		.byte	0x2
 507 0275 93       		.byte	0x93
 508 0276 81000000 		.4byte	0x81
 509 027a 02       		.byte	0x2
 510 027b 23       		.byte	0x23
ARM GAS  /tmp/ccsaTagF.s 			page 10


 511 027c 2C       		.uleb128 0x2c
 512 027d 07       		.uleb128 0x7
 513 027e 19010000 		.4byte	.LASF32
 514 0282 02       		.byte	0x2
 515 0283 94       		.byte	0x94
 516 0284 81000000 		.4byte	0x81
 517 0288 02       		.byte	0x2
 518 0289 23       		.byte	0x23
 519 028a 30       		.uleb128 0x30
 520 028b 07       		.uleb128 0x7
 521 028c BC010000 		.4byte	.LASF33
 522 0290 02       		.byte	0x2
 523 0291 95       		.byte	0x95
 524 0292 81000000 		.4byte	0x81
 525 0296 02       		.byte	0x2
 526 0297 23       		.byte	0x23
 527 0298 34       		.uleb128 0x34
 528 0299 07       		.uleb128 0x7
 529 029a 48010000 		.4byte	.LASF34
 530 029e 02       		.byte	0x2
 531 029f 96       		.byte	0x96
 532 02a0 81000000 		.4byte	0x81
 533 02a4 02       		.byte	0x2
 534 02a5 23       		.byte	0x23
 535 02a6 38       		.uleb128 0x38
 536 02a7 07       		.uleb128 0x7
 537 02a8 D6000000 		.4byte	.LASF35
 538 02ac 02       		.byte	0x2
 539 02ad 97       		.byte	0x97
 540 02ae 81000000 		.4byte	0x81
 541 02b2 02       		.byte	0x2
 542 02b3 23       		.byte	0x23
 543 02b4 3C       		.uleb128 0x3c
 544 02b5 08       		.uleb128 0x8
 545 02b6 50465200 		.ascii	"PFR\000"
 546 02ba 02       		.byte	0x2
 547 02bb 98       		.byte	0x98
 548 02bc 3E030000 		.4byte	0x33e
 549 02c0 02       		.byte	0x2
 550 02c1 23       		.byte	0x23
 551 02c2 40       		.uleb128 0x40
 552 02c3 08       		.uleb128 0x8
 553 02c4 44465200 		.ascii	"DFR\000"
 554 02c8 02       		.byte	0x2
 555 02c9 99       		.byte	0x99
 556 02ca 81000000 		.4byte	0x81
 557 02ce 02       		.byte	0x2
 558 02cf 23       		.byte	0x23
 559 02d0 48       		.uleb128 0x48
 560 02d1 08       		.uleb128 0x8
 561 02d2 41445200 		.ascii	"ADR\000"
 562 02d6 02       		.byte	0x2
 563 02d7 9A       		.byte	0x9a
 564 02d8 81000000 		.4byte	0x81
 565 02dc 02       		.byte	0x2
 566 02dd 23       		.byte	0x23
 567 02de 4C       		.uleb128 0x4c
ARM GAS  /tmp/ccsaTagF.s 			page 11


 568 02df 07       		.uleb128 0x7
 569 02e0 0A000000 		.4byte	.LASF36
 570 02e4 02       		.byte	0x2
 571 02e5 9B       		.byte	0x9b
 572 02e6 53030000 		.4byte	0x353
 573 02ea 02       		.byte	0x2
 574 02eb 23       		.byte	0x23
 575 02ec 50       		.uleb128 0x50
 576 02ed 08       		.uleb128 0x8
 577 02ee 53415200 		.ascii	"SAR\000"
 578 02f2 02       		.byte	0x2
 579 02f3 9C       		.byte	0x9c
 580 02f4 68030000 		.4byte	0x368
 581 02f8 02       		.byte	0x2
 582 02f9 23       		.byte	0x23
 583 02fa 60       		.uleb128 0x60
 584 02fb 07       		.uleb128 0x7
 585 02fc 8E000000 		.4byte	.LASF11
 586 0300 02       		.byte	0x2
 587 0301 9D       		.byte	0x9d
 588 0302 6D030000 		.4byte	0x36d
 589 0306 02       		.byte	0x2
 590 0307 23       		.byte	0x23
 591 0308 74       		.uleb128 0x74
 592 0309 07       		.uleb128 0x7
 593 030a F2000000 		.4byte	.LASF37
 594 030e 02       		.byte	0x2
 595 030f 9E       		.byte	0x9e
 596 0310 81000000 		.4byte	0x81
 597 0314 03       		.byte	0x3
 598 0315 23       		.byte	0x23
 599 0316 8801     		.uleb128 0x88
 600 0318 00       		.byte	0
 601 0319 09       		.uleb128 0x9
 602 031a 65000000 		.4byte	0x65
 603 031e 29030000 		.4byte	0x329
 604 0322 0A       		.uleb128 0xa
 605 0323 30000000 		.4byte	0x30
 606 0327 02       		.byte	0x2
 607 0328 00       		.byte	0
 608 0329 05       		.uleb128 0x5
 609 032a 19030000 		.4byte	0x319
 610 032e 09       		.uleb128 0x9
 611 032f 65000000 		.4byte	0x65
 612 0333 3E030000 		.4byte	0x33e
 613 0337 0A       		.uleb128 0xa
 614 0338 30000000 		.4byte	0x30
 615 033c 01       		.byte	0x1
 616 033d 00       		.byte	0
 617 033e 05       		.uleb128 0x5
 618 033f 2E030000 		.4byte	0x32e
 619 0343 09       		.uleb128 0x9
 620 0344 65000000 		.4byte	0x65
 621 0348 53030000 		.4byte	0x353
 622 034c 0A       		.uleb128 0xa
 623 034d 30000000 		.4byte	0x30
 624 0351 03       		.byte	0x3
ARM GAS  /tmp/ccsaTagF.s 			page 12


 625 0352 00       		.byte	0
 626 0353 05       		.uleb128 0x5
 627 0354 43030000 		.4byte	0x343
 628 0358 09       		.uleb128 0x9
 629 0359 65000000 		.4byte	0x65
 630 035d 68030000 		.4byte	0x368
 631 0361 0A       		.uleb128 0xa
 632 0362 30000000 		.4byte	0x30
 633 0366 04       		.byte	0x4
 634 0367 00       		.byte	0
 635 0368 05       		.uleb128 0x5
 636 0369 58030000 		.4byte	0x358
 637 036d 05       		.uleb128 0x5
 638 036e 58030000 		.4byte	0x358
 639 0372 04       		.uleb128 0x4
 640 0373 3A010000 		.4byte	.LASF38
 641 0377 02       		.byte	0x2
 642 0378 9F       		.byte	0x9f
 643 0379 E9010000 		.4byte	0x1e9
 644 037d 03       		.uleb128 0x3
 645 037e 01       		.byte	0x1
 646 037f 08       		.byte	0x8
 647 0380 69010000 		.4byte	.LASF39
 648 0384 0D       		.uleb128 0xd
 649 0385 01       		.byte	0x1
 650 0386 0D020000 		.4byte	.LASF41
 651 038a 01       		.byte	0x1
 652 038b 2E       		.byte	0x2e
 653 038c 01       		.byte	0x1
 654 038d 00000000 		.4byte	.LFB7
 655 0391 46000000 		.4byte	.LFE7
 656 0395 00000000 		.4byte	.LLST0
 657 0399 C8030000 		.4byte	0x3c8
 658 039d 0E       		.uleb128 0xe
 659 039e 6E00     		.ascii	"n\000"
 660 03a0 01       		.byte	0x1
 661 03a1 2E       		.byte	0x2e
 662 03a2 5A000000 		.4byte	0x5a
 663 03a6 20000000 		.4byte	.LLST1
 664 03aa 0F       		.uleb128 0xf
 665 03ab 00000000 		.4byte	.LASF40
 666 03af 01       		.byte	0x1
 667 03b0 2E       		.byte	0x2e
 668 03b1 5A000000 		.4byte	0x5a
 669 03b5 33000000 		.4byte	.LLST2
 670 03b9 10       		.uleb128 0x10
 671 03ba 736800   		.ascii	"sh\000"
 672 03bd 01       		.byte	0x1
 673 03be 2F       		.byte	0x2f
 674 03bf 30000000 		.4byte	0x30
 675 03c3 46000000 		.4byte	.LLST3
 676 03c7 00       		.byte	0
 677 03c8 0D       		.uleb128 0xd
 678 03c9 01       		.byte	0x1
 679 03ca 33000000 		.4byte	.LASF42
 680 03ce 01       		.byte	0x1
 681 03cf 3C       		.byte	0x3c
ARM GAS  /tmp/ccsaTagF.s 			page 13


 682 03d0 01       		.byte	0x1
 683 03d1 00000000 		.4byte	.LFB8
 684 03d5 3A000000 		.4byte	.LFE8
 685 03d9 5F000000 		.4byte	.LLST4
 686 03dd FD030000 		.4byte	0x3fd
 687 03e1 0E       		.uleb128 0xe
 688 03e2 6E00     		.ascii	"n\000"
 689 03e4 01       		.byte	0x1
 690 03e5 3C       		.byte	0x3c
 691 03e6 5A000000 		.4byte	0x5a
 692 03ea 7F000000 		.4byte	.LLST5
 693 03ee 10       		.uleb128 0x10
 694 03ef 736800   		.ascii	"sh\000"
 695 03f2 01       		.byte	0x1
 696 03f3 3D       		.byte	0x3d
 697 03f4 30000000 		.4byte	0x30
 698 03f8 92000000 		.4byte	.LLST6
 699 03fc 00       		.byte	0
 700 03fd 11       		.uleb128 0x11
 701 03fe 01       		.byte	0x1
 702 03ff EB010000 		.4byte	.LASF47
 703 0403 01       		.byte	0x1
 704 0404 4A       		.byte	0x4a
 705 0405 01       		.byte	0x1
 706 0406 00000000 		.4byte	.LFB9
 707 040a 2E000000 		.4byte	.LFE9
 708 040e B6000000 		.4byte	.LLST7
 709 0412 0F       		.uleb128 0xf
 710 0413 4D010000 		.4byte	.LASF43
 711 0417 01       		.byte	0x1
 712 0418 4A       		.byte	0x4a
 713 0419 5A000000 		.4byte	0x5a
 714 041d D6000000 		.4byte	.LLST8
 715 0421 12       		.uleb128 0x12
 716 0422 00000000 		.4byte	.LASF40
 717 0426 01       		.byte	0x1
 718 0427 4A       		.byte	0x4a
 719 0428 5A000000 		.4byte	0x5a
 720 042c 01       		.byte	0x1
 721 042d 51       		.byte	0x51
 722 042e 10       		.uleb128 0x10
 723 042f 736800   		.ascii	"sh\000"
 724 0432 01       		.byte	0x1
 725 0433 4B       		.byte	0x4b
 726 0434 30000000 		.4byte	0x30
 727 0438 E9000000 		.4byte	.LLST9
 728 043c 00       		.byte	0
 729 043d 00       		.byte	0
 730              		.section	.debug_abbrev,"",%progbits
 731              	.Ldebug_abbrev0:
 732 0000 01       		.uleb128 0x1
 733 0001 11       		.uleb128 0x11
 734 0002 01       		.byte	0x1
 735 0003 25       		.uleb128 0x25
 736 0004 0E       		.uleb128 0xe
 737 0005 13       		.uleb128 0x13
 738 0006 0B       		.uleb128 0xb
ARM GAS  /tmp/ccsaTagF.s 			page 14


 739 0007 03       		.uleb128 0x3
 740 0008 0E       		.uleb128 0xe
 741 0009 1B       		.uleb128 0x1b
 742 000a 0E       		.uleb128 0xe
 743 000b 11       		.uleb128 0x11
 744 000c 01       		.uleb128 0x1
 745 000d 52       		.uleb128 0x52
 746 000e 01       		.uleb128 0x1
 747 000f 55       		.uleb128 0x55
 748 0010 06       		.uleb128 0x6
 749 0011 10       		.uleb128 0x10
 750 0012 06       		.uleb128 0x6
 751 0013 00       		.byte	0
 752 0014 00       		.byte	0
 753 0015 02       		.uleb128 0x2
 754 0016 24       		.uleb128 0x24
 755 0017 00       		.byte	0
 756 0018 0B       		.uleb128 0xb
 757 0019 0B       		.uleb128 0xb
 758 001a 3E       		.uleb128 0x3e
 759 001b 0B       		.uleb128 0xb
 760 001c 03       		.uleb128 0x3
 761 001d 08       		.uleb128 0x8
 762 001e 00       		.byte	0
 763 001f 00       		.byte	0
 764 0020 03       		.uleb128 0x3
 765 0021 24       		.uleb128 0x24
 766 0022 00       		.byte	0
 767 0023 0B       		.uleb128 0xb
 768 0024 0B       		.uleb128 0xb
 769 0025 3E       		.uleb128 0x3e
 770 0026 0B       		.uleb128 0xb
 771 0027 03       		.uleb128 0x3
 772 0028 0E       		.uleb128 0xe
 773 0029 00       		.byte	0
 774 002a 00       		.byte	0
 775 002b 04       		.uleb128 0x4
 776 002c 16       		.uleb128 0x16
 777 002d 00       		.byte	0
 778 002e 03       		.uleb128 0x3
 779 002f 0E       		.uleb128 0xe
 780 0030 3A       		.uleb128 0x3a
 781 0031 0B       		.uleb128 0xb
 782 0032 3B       		.uleb128 0x3b
 783 0033 0B       		.uleb128 0xb
 784 0034 49       		.uleb128 0x49
 785 0035 13       		.uleb128 0x13
 786 0036 00       		.byte	0
 787 0037 00       		.byte	0
 788 0038 05       		.uleb128 0x5
 789 0039 35       		.uleb128 0x35
 790 003a 00       		.byte	0
 791 003b 49       		.uleb128 0x49
 792 003c 13       		.uleb128 0x13
 793 003d 00       		.byte	0
 794 003e 00       		.byte	0
 795 003f 06       		.uleb128 0x6
ARM GAS  /tmp/ccsaTagF.s 			page 15


 796 0040 13       		.uleb128 0x13
 797 0041 01       		.byte	0x1
 798 0042 0B       		.uleb128 0xb
 799 0043 05       		.uleb128 0x5
 800 0044 3A       		.uleb128 0x3a
 801 0045 0B       		.uleb128 0xb
 802 0046 3B       		.uleb128 0x3b
 803 0047 0B       		.uleb128 0xb
 804 0048 01       		.uleb128 0x1
 805 0049 13       		.uleb128 0x13
 806 004a 00       		.byte	0
 807 004b 00       		.byte	0
 808 004c 07       		.uleb128 0x7
 809 004d 0D       		.uleb128 0xd
 810 004e 00       		.byte	0
 811 004f 03       		.uleb128 0x3
 812 0050 0E       		.uleb128 0xe
 813 0051 3A       		.uleb128 0x3a
 814 0052 0B       		.uleb128 0xb
 815 0053 3B       		.uleb128 0x3b
 816 0054 0B       		.uleb128 0xb
 817 0055 49       		.uleb128 0x49
 818 0056 13       		.uleb128 0x13
 819 0057 38       		.uleb128 0x38
 820 0058 0A       		.uleb128 0xa
 821 0059 00       		.byte	0
 822 005a 00       		.byte	0
 823 005b 08       		.uleb128 0x8
 824 005c 0D       		.uleb128 0xd
 825 005d 00       		.byte	0
 826 005e 03       		.uleb128 0x3
 827 005f 08       		.uleb128 0x8
 828 0060 3A       		.uleb128 0x3a
 829 0061 0B       		.uleb128 0xb
 830 0062 3B       		.uleb128 0x3b
 831 0063 0B       		.uleb128 0xb
 832 0064 49       		.uleb128 0x49
 833 0065 13       		.uleb128 0x13
 834 0066 38       		.uleb128 0x38
 835 0067 0A       		.uleb128 0xa
 836 0068 00       		.byte	0
 837 0069 00       		.byte	0
 838 006a 09       		.uleb128 0x9
 839 006b 01       		.uleb128 0x1
 840 006c 01       		.byte	0x1
 841 006d 49       		.uleb128 0x49
 842 006e 13       		.uleb128 0x13
 843 006f 01       		.uleb128 0x1
 844 0070 13       		.uleb128 0x13
 845 0071 00       		.byte	0
 846 0072 00       		.byte	0
 847 0073 0A       		.uleb128 0xa
 848 0074 21       		.uleb128 0x21
 849 0075 00       		.byte	0
 850 0076 49       		.uleb128 0x49
 851 0077 13       		.uleb128 0x13
 852 0078 2F       		.uleb128 0x2f
ARM GAS  /tmp/ccsaTagF.s 			page 16


 853 0079 0B       		.uleb128 0xb
 854 007a 00       		.byte	0
 855 007b 00       		.byte	0
 856 007c 0B       		.uleb128 0xb
 857 007d 21       		.uleb128 0x21
 858 007e 00       		.byte	0
 859 007f 49       		.uleb128 0x49
 860 0080 13       		.uleb128 0x13
 861 0081 2F       		.uleb128 0x2f
 862 0082 05       		.uleb128 0x5
 863 0083 00       		.byte	0
 864 0084 00       		.byte	0
 865 0085 0C       		.uleb128 0xc
 866 0086 13       		.uleb128 0x13
 867 0087 01       		.byte	0x1
 868 0088 0B       		.uleb128 0xb
 869 0089 0B       		.uleb128 0xb
 870 008a 3A       		.uleb128 0x3a
 871 008b 0B       		.uleb128 0xb
 872 008c 3B       		.uleb128 0x3b
 873 008d 0B       		.uleb128 0xb
 874 008e 01       		.uleb128 0x1
 875 008f 13       		.uleb128 0x13
 876 0090 00       		.byte	0
 877 0091 00       		.byte	0
 878 0092 0D       		.uleb128 0xd
 879 0093 2E       		.uleb128 0x2e
 880 0094 01       		.byte	0x1
 881 0095 3F       		.uleb128 0x3f
 882 0096 0C       		.uleb128 0xc
 883 0097 03       		.uleb128 0x3
 884 0098 0E       		.uleb128 0xe
 885 0099 3A       		.uleb128 0x3a
 886 009a 0B       		.uleb128 0xb
 887 009b 3B       		.uleb128 0x3b
 888 009c 0B       		.uleb128 0xb
 889 009d 27       		.uleb128 0x27
 890 009e 0C       		.uleb128 0xc
 891 009f 11       		.uleb128 0x11
 892 00a0 01       		.uleb128 0x1
 893 00a1 12       		.uleb128 0x12
 894 00a2 01       		.uleb128 0x1
 895 00a3 40       		.uleb128 0x40
 896 00a4 06       		.uleb128 0x6
 897 00a5 01       		.uleb128 0x1
 898 00a6 13       		.uleb128 0x13
 899 00a7 00       		.byte	0
 900 00a8 00       		.byte	0
 901 00a9 0E       		.uleb128 0xe
 902 00aa 05       		.uleb128 0x5
 903 00ab 00       		.byte	0
 904 00ac 03       		.uleb128 0x3
 905 00ad 08       		.uleb128 0x8
 906 00ae 3A       		.uleb128 0x3a
 907 00af 0B       		.uleb128 0xb
 908 00b0 3B       		.uleb128 0x3b
 909 00b1 0B       		.uleb128 0xb
ARM GAS  /tmp/ccsaTagF.s 			page 17


 910 00b2 49       		.uleb128 0x49
 911 00b3 13       		.uleb128 0x13
 912 00b4 02       		.uleb128 0x2
 913 00b5 06       		.uleb128 0x6
 914 00b6 00       		.byte	0
 915 00b7 00       		.byte	0
 916 00b8 0F       		.uleb128 0xf
 917 00b9 05       		.uleb128 0x5
 918 00ba 00       		.byte	0
 919 00bb 03       		.uleb128 0x3
 920 00bc 0E       		.uleb128 0xe
 921 00bd 3A       		.uleb128 0x3a
 922 00be 0B       		.uleb128 0xb
 923 00bf 3B       		.uleb128 0x3b
 924 00c0 0B       		.uleb128 0xb
 925 00c1 49       		.uleb128 0x49
 926 00c2 13       		.uleb128 0x13
 927 00c3 02       		.uleb128 0x2
 928 00c4 06       		.uleb128 0x6
 929 00c5 00       		.byte	0
 930 00c6 00       		.byte	0
 931 00c7 10       		.uleb128 0x10
 932 00c8 34       		.uleb128 0x34
 933 00c9 00       		.byte	0
 934 00ca 03       		.uleb128 0x3
 935 00cb 08       		.uleb128 0x8
 936 00cc 3A       		.uleb128 0x3a
 937 00cd 0B       		.uleb128 0xb
 938 00ce 3B       		.uleb128 0x3b
 939 00cf 0B       		.uleb128 0xb
 940 00d0 49       		.uleb128 0x49
 941 00d1 13       		.uleb128 0x13
 942 00d2 02       		.uleb128 0x2
 943 00d3 06       		.uleb128 0x6
 944 00d4 00       		.byte	0
 945 00d5 00       		.byte	0
 946 00d6 11       		.uleb128 0x11
 947 00d7 2E       		.uleb128 0x2e
 948 00d8 01       		.byte	0x1
 949 00d9 3F       		.uleb128 0x3f
 950 00da 0C       		.uleb128 0xc
 951 00db 03       		.uleb128 0x3
 952 00dc 0E       		.uleb128 0xe
 953 00dd 3A       		.uleb128 0x3a
 954 00de 0B       		.uleb128 0xb
 955 00df 3B       		.uleb128 0x3b
 956 00e0 0B       		.uleb128 0xb
 957 00e1 27       		.uleb128 0x27
 958 00e2 0C       		.uleb128 0xc
 959 00e3 11       		.uleb128 0x11
 960 00e4 01       		.uleb128 0x1
 961 00e5 12       		.uleb128 0x12
 962 00e6 01       		.uleb128 0x1
 963 00e7 40       		.uleb128 0x40
 964 00e8 06       		.uleb128 0x6
 965 00e9 00       		.byte	0
 966 00ea 00       		.byte	0
ARM GAS  /tmp/ccsaTagF.s 			page 18


 967 00eb 12       		.uleb128 0x12
 968 00ec 05       		.uleb128 0x5
 969 00ed 00       		.byte	0
 970 00ee 03       		.uleb128 0x3
 971 00ef 0E       		.uleb128 0xe
 972 00f0 3A       		.uleb128 0x3a
 973 00f1 0B       		.uleb128 0xb
 974 00f2 3B       		.uleb128 0x3b
 975 00f3 0B       		.uleb128 0xb
 976 00f4 49       		.uleb128 0x49
 977 00f5 13       		.uleb128 0x13
 978 00f6 02       		.uleb128 0x2
 979 00f7 0A       		.uleb128 0xa
 980 00f8 00       		.byte	0
 981 00f9 00       		.byte	0
 982 00fa 00       		.byte	0
 983              		.section	.debug_loc,"",%progbits
 984              	.Ldebug_loc0:
 985              	.LLST0:
 986 0000 00000000 		.4byte	.LFB7
 987 0004 02000000 		.4byte	.LCFI0
 988 0008 0200     		.2byte	0x2
 989 000a 7D       		.byte	0x7d
 990 000b 00       		.sleb128 0
 991 000c 02000000 		.4byte	.LCFI0
 992 0010 46000000 		.4byte	.LFE7
 993 0014 0200     		.2byte	0x2
 994 0016 7D       		.byte	0x7d
 995 0017 10       		.sleb128 16
 996 0018 00000000 		.4byte	0
 997 001c 00000000 		.4byte	0
 998              	.LLST1:
 999 0020 00000000 		.4byte	.LVL0
 1000 0024 2A000000 		.4byte	.LVL1
 1001 0028 0100     		.2byte	0x1
 1002 002a 50       		.byte	0x50
 1003 002b 00000000 		.4byte	0
 1004 002f 00000000 		.4byte	0
 1005              	.LLST2:
 1006 0033 00000000 		.4byte	.LVL0
 1007 0037 30000000 		.4byte	.LVL2
 1008 003b 0100     		.2byte	0x1
 1009 003d 51       		.byte	0x51
 1010 003e 00000000 		.4byte	0
 1011 0042 00000000 		.4byte	0
 1012              	.LLST3:
 1013 0046 00000000 		.4byte	.LVL0
 1014 004a 2A000000 		.4byte	.LVL1
 1015 004e 0700     		.2byte	0x7
 1016 0050 70       		.byte	0x70
 1017 0051 00       		.sleb128 0
 1018 0052 33       		.byte	0x33
 1019 0053 1A       		.byte	0x1a
 1020 0054 33       		.byte	0x33
 1021 0055 24       		.byte	0x24
 1022 0056 9F       		.byte	0x9f
 1023 0057 00000000 		.4byte	0
ARM GAS  /tmp/ccsaTagF.s 			page 19


 1024 005b 00000000 		.4byte	0
 1025              	.LLST4:
 1026 005f 00000000 		.4byte	.LFB8
 1027 0063 08000000 		.4byte	.LCFI1
 1028 0067 0200     		.2byte	0x2
 1029 0069 7D       		.byte	0x7d
 1030 006a 00       		.sleb128 0
 1031 006b 08000000 		.4byte	.LCFI1
 1032 006f 3A000000 		.4byte	.LFE8
 1033 0073 0200     		.2byte	0x2
 1034 0075 7D       		.byte	0x7d
 1035 0076 04       		.sleb128 4
 1036 0077 00000000 		.4byte	0
 1037 007b 00000000 		.4byte	0
 1038              	.LLST5:
 1039 007f 00000000 		.4byte	.LVL3
 1040 0083 22000000 		.4byte	.LVL4
 1041 0087 0100     		.2byte	0x1
 1042 0089 50       		.byte	0x50
 1043 008a 00000000 		.4byte	0
 1044 008e 00000000 		.4byte	0
 1045              	.LLST6:
 1046 0092 00000000 		.4byte	.LVL3
 1047 0096 22000000 		.4byte	.LVL4
 1048 009a 0700     		.2byte	0x7
 1049 009c 70       		.byte	0x70
 1050 009d 00       		.sleb128 0
 1051 009e 33       		.byte	0x33
 1052 009f 1A       		.byte	0x1a
 1053 00a0 33       		.byte	0x33
 1054 00a1 24       		.byte	0x24
 1055 00a2 9F       		.byte	0x9f
 1056 00a3 28000000 		.4byte	.LVL5
 1057 00a7 2E000000 		.4byte	.LVL6
 1058 00ab 0100     		.2byte	0x1
 1059 00ad 50       		.byte	0x50
 1060 00ae 00000000 		.4byte	0
 1061 00b2 00000000 		.4byte	0
 1062              	.LLST7:
 1063 00b6 00000000 		.4byte	.LFB9
 1064 00ba 12000000 		.4byte	.LCFI2
 1065 00be 0200     		.2byte	0x2
 1066 00c0 7D       		.byte	0x7d
 1067 00c1 00       		.sleb128 0
 1068 00c2 12000000 		.4byte	.LCFI2
 1069 00c6 2E000000 		.4byte	.LFE9
 1070 00ca 0200     		.2byte	0x2
 1071 00cc 7D       		.byte	0x7d
 1072 00cd 08       		.sleb128 8
 1073 00ce 00000000 		.4byte	0
 1074 00d2 00000000 		.4byte	0
 1075              	.LLST8:
 1076 00d6 00000000 		.4byte	.LVL7
 1077 00da 10000000 		.4byte	.LVL8
 1078 00de 0100     		.2byte	0x1
 1079 00e0 50       		.byte	0x50
 1080 00e1 00000000 		.4byte	0
ARM GAS  /tmp/ccsaTagF.s 			page 20


 1081 00e5 00000000 		.4byte	0
 1082              	.LLST9:
 1083 00e9 00000000 		.4byte	.LVL7
 1084 00ed 10000000 		.4byte	.LVL8
 1085 00f1 0700     		.2byte	0x7
 1086 00f3 70       		.byte	0x70
 1087 00f4 00       		.sleb128 0
 1088 00f5 33       		.byte	0x33
 1089 00f6 1A       		.byte	0x1a
 1090 00f7 33       		.byte	0x33
 1091 00f8 24       		.byte	0x24
 1092 00f9 9F       		.byte	0x9f
 1093 00fa 00000000 		.4byte	0
 1094 00fe 00000000 		.4byte	0
 1095              		.section	.debug_aranges,"",%progbits
 1096 0000 2C000000 		.4byte	0x2c
 1097 0004 0200     		.2byte	0x2
 1098 0006 00000000 		.4byte	.Ldebug_info0
 1099 000a 04       		.byte	0x4
 1100 000b 00       		.byte	0
 1101 000c 0000     		.2byte	0
 1102 000e 0000     		.2byte	0
 1103 0010 00000000 		.4byte	.LFB7
 1104 0014 46000000 		.4byte	.LFE7-.LFB7
 1105 0018 00000000 		.4byte	.LFB8
 1106 001c 3A000000 		.4byte	.LFE8-.LFB8
 1107 0020 00000000 		.4byte	.LFB9
 1108 0024 2E000000 		.4byte	.LFE9-.LFB9
 1109 0028 00000000 		.4byte	0
 1110 002c 00000000 		.4byte	0
 1111              		.section	.debug_ranges,"",%progbits
 1112              	.Ldebug_ranges0:
 1113 0000 00000000 		.4byte	.LFB7
 1114 0004 46000000 		.4byte	.LFE7
 1115 0008 00000000 		.4byte	.LFB8
 1116 000c 3A000000 		.4byte	.LFE8
 1117 0010 00000000 		.4byte	.LFB9
 1118 0014 2E000000 		.4byte	.LFE9
 1119 0018 00000000 		.4byte	0
 1120 001c 00000000 		.4byte	0
 1121              		.section	.debug_line,"",%progbits
 1122              	.Ldebug_line0:
 1123 0000 FF000000 		.section	.debug_str,"MS",%progbits,1
 1123      0200AA00 
 1123      00000201 
 1123      FB0E0D00 
 1123      01010101 
 1124              	.LASF40:
 1125 0000 7072696F 		.ascii	"prio\000"
 1125      00
 1126              	.LASF16:
 1127 0005 49435052 		.ascii	"ICPR\000"
 1127      00
 1128              	.LASF36:
 1129 000a 4D4D4652 		.ascii	"MMFR\000"
 1129      00
 1130              	.LASF45:
ARM GAS  /tmp/ccsaTagF.s 			page 21


 1131 000f 2E2E2F2E 		.ascii	"../../os/ports/common/ARMCMx/nvic.c\000"
 1131      2E2F6F73 
 1131      2F706F72 
 1131      74732F63 
 1131      6F6D6D6F 
 1132              	.LASF42:
 1133 0033 6E766963 		.ascii	"nvicDisableVector\000"
 1133      44697361 
 1133      626C6556 
 1133      6563746F 
 1133      7200
 1134              	.LASF23:
 1135 0045 434D785F 		.ascii	"CMx_NVIC\000"
 1135      4E564943 
 1135      00
 1136              	.LASF26:
 1137 004e 56544F52 		.ascii	"VTOR\000"
 1137      00
 1138              	.LASF9:
 1139 0053 5F426F6F 		.ascii	"_Bool\000"
 1139      6C00
 1140              	.LASF12:
 1141 0059 49434552 		.ascii	"ICER\000"
 1141      00
 1142              	.LASF44:
 1143 005e 474E5520 		.ascii	"GNU C 4.6.2 20110908 (prerelease)\000"
 1143      4320342E 
 1143      362E3220 
 1143      32303131 
 1143      30393038 
 1144              	.LASF2:
 1145 0080 756E7369 		.ascii	"unsigned char\000"
 1145      676E6564 
 1145      20636861 
 1145      7200
 1146              	.LASF11:
 1147 008e 756E7573 		.ascii	"unused1\000"
 1147      65643100 
 1148              	.LASF13:
 1149 0096 756E7573 		.ascii	"unused2\000"
 1149      65643200 
 1150              	.LASF15:
 1151 009e 756E7573 		.ascii	"unused3\000"
 1151      65643300 
 1152              	.LASF17:
 1153 00a6 756E7573 		.ascii	"unused4\000"
 1153      65643400 
 1154              	.LASF19:
 1155 00ae 756E7573 		.ascii	"unused5\000"
 1155      65643500 
 1156              	.LASF20:
 1157 00b6 756E7573 		.ascii	"unused6\000"
 1157      65643600 
 1158              	.LASF4:
 1159 00be 73686F72 		.ascii	"short unsigned int\000"
 1159      7420756E 
 1159      7369676E 
ARM GAS  /tmp/ccsaTagF.s 			page 22


 1159      65642069 
 1159      6E7400
 1160              	.LASF30:
 1161 00d1 43465352 		.ascii	"CFSR\000"
 1161      00
 1162              	.LASF35:
 1163 00d6 41465352 		.ascii	"AFSR\000"
 1163      00
 1164              	.LASF31:
 1165 00db 48465352 		.ascii	"HFSR\000"
 1165      00
 1166              	.LASF6:
 1167 00e0 6C6F6E67 		.ascii	"long unsigned int\000"
 1167      20756E73 
 1167      69676E65 
 1167      6420696E 
 1167      7400
 1168              	.LASF37:
 1169 00f2 43504143 		.ascii	"CPACR\000"
 1169      5200
 1170              	.LASF21:
 1171 00f8 53544952 		.ascii	"STIR\000"
 1171      00
 1172              	.LASF3:
 1173 00fd 73686F72 		.ascii	"short int\000"
 1173      7420696E 
 1173      7400
 1174              	.LASF0:
 1175 0107 756E7369 		.ascii	"unsigned int\000"
 1175      676E6564 
 1175      20696E74 
 1175      00
 1176              	.LASF14:
 1177 0114 49535052 		.ascii	"ISPR\000"
 1177      00
 1178              	.LASF32:
 1179 0119 44465352 		.ascii	"DFSR\000"
 1179      00
 1180              	.LASF8:
 1181 011e 6C6F6E67 		.ascii	"long long unsigned int\000"
 1181      206C6F6E 
 1181      6720756E 
 1181      7369676E 
 1181      65642069 
 1182              	.LASF25:
 1183 0135 49435352 		.ascii	"ICSR\000"
 1183      00
 1184              	.LASF38:
 1185 013a 434D785F 		.ascii	"CMx_SCB\000"
 1185      53434200 
 1186              	.LASF27:
 1187 0142 41495243 		.ascii	"AIRCR\000"
 1187      5200
 1188              	.LASF34:
 1189 0148 42464152 		.ascii	"BFAR\000"
 1189      00
 1190              	.LASF43:
ARM GAS  /tmp/ccsaTagF.s 			page 23


 1191 014d 68616E64 		.ascii	"handler\000"
 1191      6C657200 
 1192              	.LASF7:
 1193 0155 6C6F6E67 		.ascii	"long long int\000"
 1193      206C6F6E 
 1193      6720696E 
 1193      7400
 1194              	.LASF24:
 1195 0163 43505549 		.ascii	"CPUID\000"
 1195      4400
 1196              	.LASF39:
 1197 0169 63686172 		.ascii	"char\000"
 1197      00
 1198              	.LASF10:
 1199 016e 49534552 		.ascii	"ISER\000"
 1199      00
 1200              	.LASF46:
 1201 0173 2F686F6D 		.ascii	"/home/aggieair/workspace/ChibiOS_2.6.1/demos/ARMCM4"
 1201      652F6167 
 1201      67696561 
 1201      69722F77 
 1201      6F726B73 
 1202 01a6 2D53544D 		.ascii	"-STM32F407-DISCOVERY/\000"
 1202      33324634 
 1202      30372D44 
 1202      4953434F 
 1202      56455259 
 1203              	.LASF33:
 1204 01bc 4D4D4641 		.ascii	"MMFAR\000"
 1204      5200
 1205              	.LASF29:
 1206 01c2 53484353 		.ascii	"SHCSR\000"
 1206      5200
 1207              	.LASF22:
 1208 01c8 75696E74 		.ascii	"uint32_t\000"
 1208      33325F74 
 1208      00
 1209              	.LASF5:
 1210 01d1 6C6F6E67 		.ascii	"long int\000"
 1210      20696E74 
 1210      00
 1211              	.LASF28:
 1212 01da 53485052 		.ascii	"SHPR\000"
 1212      00
 1213              	.LASF1:
 1214 01df 7369676E 		.ascii	"signed char\000"
 1214      65642063 
 1214      68617200 
 1215              	.LASF47:
 1216 01eb 6E766963 		.ascii	"nvicSetSystemHandlerPriority\000"
 1216      53657453 
 1216      79737465 
 1216      6D48616E 
 1216      646C6572 
 1217              	.LASF18:
 1218 0208 49414252 		.ascii	"IABR\000"
 1218      00
ARM GAS  /tmp/ccsaTagF.s 			page 24


 1219              	.LASF41:
 1220 020d 6E766963 		.ascii	"nvicEnableVector\000"
 1220      456E6162 
 1220      6C655665 
 1220      63746F72 
 1220      00
 1221              		.ident	"GCC: (Linaro GCC 4.6-2011.09-1) 4.6.2 20110908 (prerelease)"
ARM GAS  /tmp/ccsaTagF.s 			page 25


DEFINED SYMBOLS
                            *ABS*:0000000000000000 nvic.c
     /tmp/ccsaTagF.s:18     .text.nvicEnableVector:0000000000000000 $t
     /tmp/ccsaTagF.s:24     .text.nvicEnableVector:0000000000000000 nvicEnableVector
     /tmp/ccsaTagF.s:80     .text.nvicDisableVector:0000000000000000 $t
     /tmp/ccsaTagF.s:86     .text.nvicDisableVector:0000000000000000 nvicDisableVector
     /tmp/ccsaTagF.s:135    .text.nvicSetSystemHandlerPriority:0000000000000000 $t
     /tmp/ccsaTagF.s:141    .text.nvicSetSystemHandlerPriority:0000000000000000 nvicSetSystemHandlerPriority
                     .debug_frame:0000000000000010 $d

NO UNDEFINED SYMBOLS
