ARM GAS  /tmp/cczWFKFx.s 			page 1


   1              		.syntax unified
   2              		.cpu cortex-m3
   3              		.fpu softvfp
   4              		.eabi_attribute 20, 1
   5              		.eabi_attribute 21, 1
   6              		.eabi_attribute 23, 3
   7              		.eabi_attribute 24, 1
   8              		.eabi_attribute 25, 1
   9              		.eabi_attribute 26, 1
  10              		.eabi_attribute 30, 2
  11              		.eabi_attribute 18, 4
  12              		.thumb
  13              		.file	"chcore.c"
  14              		.text
  15              	.Ltext0:
  16              		.cfi_sections	.debug_frame
  17              		.section	.text.port_halt,"ax",%progbits
  18              		.align	2
  19              		.p2align 4,,15
  20              		.weak	port_halt
  21              		.thumb
  22              		.thumb_func
  23              		.type	port_halt, %function
  24              	port_halt:
  25              	.LFB7:
  26              		.file 1 "../../os/ports/GCC/ARMCMx/chcore.c"
  27              		.loc 1 46 0
  28              		.cfi_startproc
  29              		@ args = 0, pretend = 0, frame = 0
  30              		@ frame_needed = 0, uses_anonymous_args = 0
  31              		@ link register save eliminated.
  32              		.loc 1 48 0
  33              	@ 48 "../../os/ports/GCC/ARMCMx/chcore.c" 1
  34 0000 72B6     		cpsid   i
  35              	@ 0 "" 2
  36              		.thumb
  37              	.L2:
  38 0002 FEE7     		b	.L2
  39              		.cfi_endproc
  40              	.LFE7:
  41              		.size	port_halt, .-port_halt
  42 0004 AFF30080 		.text
  42      AFF30080 
  42      AFF30080 
  43              	.Letext0:
  44              		.section	.debug_info,"",%progbits
  45              	.Ldebug_info0:
  46 0000 8E000000 		.4byte	0x8e
  47 0004 0200     		.2byte	0x2
  48 0006 00000000 		.4byte	.Ldebug_abbrev0
  49 000a 04       		.byte	0x4
  50 000b 01       		.uleb128 0x1
  51 000c 67000000 		.4byte	.LASF11
  52 0010 01       		.byte	0x1
  53 0011 1B000000 		.4byte	.LASF12
  54 0015 CA000000 		.4byte	.LASF13
  55 0019 00000000 		.4byte	0
ARM GAS  /tmp/cczWFKFx.s 			page 2


  56 001d 00000000 		.4byte	0
  57 0021 00000000 		.4byte	.Ldebug_ranges0+0
  58 0025 00000000 		.4byte	.Ldebug_line0
  59 0029 02       		.uleb128 0x2
  60 002a 04       		.byte	0x4
  61 002b 05       		.byte	0x5
  62 002c 696E7400 		.ascii	"int\000"
  63 0030 03       		.uleb128 0x3
  64 0031 04       		.byte	0x4
  65 0032 07       		.byte	0x7
  66 0033 0E000000 		.4byte	.LASF0
  67 0037 03       		.uleb128 0x3
  68 0038 01       		.byte	0x1
  69 0039 06       		.byte	0x6
  70 003a BE000000 		.4byte	.LASF1
  71 003e 03       		.uleb128 0x3
  72 003f 01       		.byte	0x1
  73 0040 08       		.byte	0x8
  74 0041 89000000 		.4byte	.LASF2
  75 0045 03       		.uleb128 0x3
  76 0046 02       		.byte	0x2
  77 0047 05       		.byte	0x5
  78 0048 13010000 		.4byte	.LASF3
  79 004c 03       		.uleb128 0x3
  80 004d 02       		.byte	0x2
  81 004e 07       		.byte	0x7
  82 004f AB000000 		.4byte	.LASF4
  83 0053 03       		.uleb128 0x3
  84 0054 04       		.byte	0x4
  85 0055 05       		.byte	0x5
  86 0056 9C000000 		.4byte	.LASF5
  87 005a 03       		.uleb128 0x3
  88 005b 04       		.byte	0x4
  89 005c 07       		.byte	0x7
  90 005d 3E000000 		.4byte	.LASF6
  91 0061 03       		.uleb128 0x3
  92 0062 08       		.byte	0x8
  93 0063 05       		.byte	0x5
  94 0064 00000000 		.4byte	.LASF7
  95 0068 03       		.uleb128 0x3
  96 0069 08       		.byte	0x8
  97 006a 07       		.byte	0x7
  98 006b 50000000 		.4byte	.LASF8
  99 006f 03       		.uleb128 0x3
 100 0070 01       		.byte	0x1
 101 0071 02       		.byte	0x2
 102 0072 A5000000 		.4byte	.LASF9
 103 0076 03       		.uleb128 0x3
 104 0077 01       		.byte	0x1
 105 0078 08       		.byte	0x8
 106 0079 97000000 		.4byte	.LASF10
 107 007d 04       		.uleb128 0x4
 108 007e 01       		.byte	0x1
 109 007f 09010000 		.4byte	.LASF14
 110 0083 01       		.byte	0x1
 111 0084 2E       		.byte	0x2e
 112 0085 01       		.byte	0x1
ARM GAS  /tmp/cczWFKFx.s 			page 3


 113 0086 00000000 		.4byte	.LFB7
 114 008a 04000000 		.4byte	.LFE7
 115 008e 02       		.byte	0x2
 116 008f 7D       		.byte	0x7d
 117 0090 00       		.sleb128 0
 118 0091 00       		.byte	0
 119              		.section	.debug_abbrev,"",%progbits
 120              	.Ldebug_abbrev0:
 121 0000 01       		.uleb128 0x1
 122 0001 11       		.uleb128 0x11
 123 0002 01       		.byte	0x1
 124 0003 25       		.uleb128 0x25
 125 0004 0E       		.uleb128 0xe
 126 0005 13       		.uleb128 0x13
 127 0006 0B       		.uleb128 0xb
 128 0007 03       		.uleb128 0x3
 129 0008 0E       		.uleb128 0xe
 130 0009 1B       		.uleb128 0x1b
 131 000a 0E       		.uleb128 0xe
 132 000b 11       		.uleb128 0x11
 133 000c 01       		.uleb128 0x1
 134 000d 52       		.uleb128 0x52
 135 000e 01       		.uleb128 0x1
 136 000f 55       		.uleb128 0x55
 137 0010 06       		.uleb128 0x6
 138 0011 10       		.uleb128 0x10
 139 0012 06       		.uleb128 0x6
 140 0013 00       		.byte	0
 141 0014 00       		.byte	0
 142 0015 02       		.uleb128 0x2
 143 0016 24       		.uleb128 0x24
 144 0017 00       		.byte	0
 145 0018 0B       		.uleb128 0xb
 146 0019 0B       		.uleb128 0xb
 147 001a 3E       		.uleb128 0x3e
 148 001b 0B       		.uleb128 0xb
 149 001c 03       		.uleb128 0x3
 150 001d 08       		.uleb128 0x8
 151 001e 00       		.byte	0
 152 001f 00       		.byte	0
 153 0020 03       		.uleb128 0x3
 154 0021 24       		.uleb128 0x24
 155 0022 00       		.byte	0
 156 0023 0B       		.uleb128 0xb
 157 0024 0B       		.uleb128 0xb
 158 0025 3E       		.uleb128 0x3e
 159 0026 0B       		.uleb128 0xb
 160 0027 03       		.uleb128 0x3
 161 0028 0E       		.uleb128 0xe
 162 0029 00       		.byte	0
 163 002a 00       		.byte	0
 164 002b 04       		.uleb128 0x4
 165 002c 2E       		.uleb128 0x2e
 166 002d 00       		.byte	0
 167 002e 3F       		.uleb128 0x3f
 168 002f 0C       		.uleb128 0xc
 169 0030 03       		.uleb128 0x3
ARM GAS  /tmp/cczWFKFx.s 			page 4


 170 0031 0E       		.uleb128 0xe
 171 0032 3A       		.uleb128 0x3a
 172 0033 0B       		.uleb128 0xb
 173 0034 3B       		.uleb128 0x3b
 174 0035 0B       		.uleb128 0xb
 175 0036 27       		.uleb128 0x27
 176 0037 0C       		.uleb128 0xc
 177 0038 11       		.uleb128 0x11
 178 0039 01       		.uleb128 0x1
 179 003a 12       		.uleb128 0x12
 180 003b 01       		.uleb128 0x1
 181 003c 40       		.uleb128 0x40
 182 003d 0A       		.uleb128 0xa
 183 003e 00       		.byte	0
 184 003f 00       		.byte	0
 185 0040 00       		.byte	0
 186              		.section	.debug_aranges,"",%progbits
 187 0000 1C000000 		.4byte	0x1c
 188 0004 0200     		.2byte	0x2
 189 0006 00000000 		.4byte	.Ldebug_info0
 190 000a 04       		.byte	0x4
 191 000b 00       		.byte	0
 192 000c 0000     		.2byte	0
 193 000e 0000     		.2byte	0
 194 0010 00000000 		.4byte	.LFB7
 195 0014 04000000 		.4byte	.LFE7-.LFB7
 196 0018 00000000 		.4byte	0
 197 001c 00000000 		.4byte	0
 198              		.section	.debug_ranges,"",%progbits
 199              	.Ldebug_ranges0:
 200 0000 00000000 		.4byte	.LFB7
 201 0004 04000000 		.4byte	.LFE7
 202 0008 00000000 		.4byte	0
 203 000c 00000000 		.4byte	0
 204              		.section	.debug_line,"",%progbits
 205              	.Ldebug_line0:
 206 0000 4F000000 		.section	.debug_str,"MS",%progbits,1
 206      02003900 
 206      00000201 
 206      FB0E0D00 
 206      01010101 
 207              	.LASF7:
 208 0000 6C6F6E67 		.ascii	"long long int\000"
 208      206C6F6E 
 208      6720696E 
 208      7400
 209              	.LASF0:
 210 000e 756E7369 		.ascii	"unsigned int\000"
 210      676E6564 
 210      20696E74 
 210      00
 211              	.LASF12:
 212 001b 2E2E2F2E 		.ascii	"../../os/ports/GCC/ARMCMx/chcore.c\000"
 212      2E2F6F73 
 212      2F706F72 
 212      74732F47 
 212      43432F41 
ARM GAS  /tmp/cczWFKFx.s 			page 5


 213              	.LASF6:
 214 003e 6C6F6E67 		.ascii	"long unsigned int\000"
 214      20756E73 
 214      69676E65 
 214      6420696E 
 214      7400
 215              	.LASF8:
 216 0050 6C6F6E67 		.ascii	"long long unsigned int\000"
 216      206C6F6E 
 216      6720756E 
 216      7369676E 
 216      65642069 
 217              	.LASF11:
 218 0067 474E5520 		.ascii	"GNU C 4.6.2 20110908 (prerelease)\000"
 218      4320342E 
 218      362E3220 
 218      32303131 
 218      30393038 
 219              	.LASF2:
 220 0089 756E7369 		.ascii	"unsigned char\000"
 220      676E6564 
 220      20636861 
 220      7200
 221              	.LASF10:
 222 0097 63686172 		.ascii	"char\000"
 222      00
 223              	.LASF5:
 224 009c 6C6F6E67 		.ascii	"long int\000"
 224      20696E74 
 224      00
 225              	.LASF9:
 226 00a5 5F426F6F 		.ascii	"_Bool\000"
 226      6C00
 227              	.LASF4:
 228 00ab 73686F72 		.ascii	"short unsigned int\000"
 228      7420756E 
 228      7369676E 
 228      65642069 
 228      6E7400
 229              	.LASF1:
 230 00be 7369676E 		.ascii	"signed char\000"
 230      65642063 
 230      68617200 
 231              	.LASF13:
 232 00ca 2F686F6D 		.ascii	"/home/aggieair/workspace/ChibiOS_2.6.1/demos/ARMCM3"
 232      652F6167 
 232      67696561 
 232      69722F77 
 232      6F726B73 
 233 00fd 2D53544D 		.ascii	"-STM32F103/\000"
 233      33324631 
 233      30332F00 
 234              	.LASF14:
 235 0109 706F7274 		.ascii	"port_halt\000"
 235      5F68616C 
 235      7400
 236              	.LASF3:
ARM GAS  /tmp/cczWFKFx.s 			page 6


 237 0113 73686F72 		.ascii	"short int\000"
 237      7420696E 
 237      7400
 238              		.ident	"GCC: (Linaro GCC 4.6-2011.09-1) 4.6.2 20110908 (prerelease)"
ARM GAS  /tmp/cczWFKFx.s 			page 7


DEFINED SYMBOLS
                            *ABS*:0000000000000000 chcore.c
     /tmp/cczWFKFx.s:18     .text.port_halt:0000000000000000 $t
     /tmp/cczWFKFx.s:24     .text.port_halt:0000000000000000 port_halt
                     .debug_frame:0000000000000010 $d

NO UNDEFINED SYMBOLS
