ARM GAS  /tmp/cc1BVy31.s 			page 1


   1              		.syntax unified
   2              		.cpu cortex-m3
   3              		.fpu softvfp
   4              		.eabi_attribute 20, 1
   5              		.eabi_attribute 21, 1
   6              		.eabi_attribute 23, 3
   7              		.eabi_attribute 24, 1
   8              		.eabi_attribute 25, 1
   9              		.eabi_attribute 26, 1
  10              		.eabi_attribute 30, 2
  11              		.eabi_attribute 18, 4
  12              		.thumb
  13              		.file	"main.c"
  14              		.text
  15              	.Ltext0:
  16              		.cfi_sections	.debug_frame
  17              		.section	.text.Thread1,"ax",%progbits
  18              		.align	2
  19              		.p2align 4,,15
  20              		.thumb
  21              		.thumb_func
  22              		.type	Thread1, %function
  23              	Thread1:
  24              	.LFB63:
  25              		.file 1 "main.c"
  26              		.loc 1 25 0
  27              		.cfi_startproc
  28              		@ args = 0, pretend = 0, frame = 0
  29              		@ frame_needed = 0, uses_anonymous_args = 0
  30              	.LVL0:
  31              		.loc 1 28 0
  32 0000 0A4B     		ldr	r3, .L4
  33              		.loc 1 25 0
  34 0002 70B5     		push	{r4, r5, r6, lr}
  35              	.LCFI0:
  36              		.cfi_def_cfa_offset 16
  37              		.cfi_offset 14, -4
  38              		.cfi_offset 6, -8
  39              		.cfi_offset 5, -12
  40              		.cfi_offset 4, -16
  41              		.loc 1 28 0
  42 0004 9B69     		ldr	r3, [r3, #24]
  43              		.loc 1 30 0
  44 0006 4FF48054 		mov	r4, #4096
  45              		.loc 1 28 0
  46 000a 094A     		ldr	r2, .L4+4
  47              		.loc 1 30 0
  48 000c 2546     		mov	r5, r4
  49              		.loc 1 28 0
  50 000e 9A61     		str	r2, [r3, #24]
  51              		.loc 1 30 0
  52 0010 C4F20104 		movt	r4, 16385
  53 0014 2E46     		mov	r6, r5
  54              	.LVL1:
  55              	.L2:
  56              		.loc 1 30 0 is_stmt 0 discriminator 1
  57 0016 6661     		str	r6, [r4, #20]
ARM GAS  /tmp/cc1BVy31.s 			page 2


  58              		.loc 1 31 0 is_stmt 1 discriminator 1
  59 0018 4FF4FA70 		mov	r0, #500
  60 001c FFF7FEFF 		bl	chThdSleep
  61              		.loc 1 32 0 discriminator 1
  62 0020 2561     		str	r5, [r4, #16]
  63              		.loc 1 33 0 discriminator 1
  64 0022 4FF4FA70 		mov	r0, #500
  65 0026 FFF7FEFF 		bl	chThdSleep
  66 002a F4E7     		b	.L2
  67              	.L5:
  68              		.align	2
  69              	.L4:
  70 002c 00000000 		.word	rlist
  71 0030 00000000 		.word	.LC0
  72              		.cfi_endproc
  73              	.LFE63:
  74              		.size	Thread1, .-Thread1
  75 0034 AFF30080 		.section	.text.startup.main,"ax",%progbits
  75      AFF30080 
  75      AFF30080 
  76              		.align	2
  77              		.p2align 4,,15
  78              		.global	main
  79              		.thumb
  80              		.thumb_func
  81              		.type	main, %function
  82              	main:
  83              	.LFB64:
  84              		.loc 1 40 0
  85              		.cfi_startproc
  86              		@ args = 0, pretend = 0, frame = 0
  87              		@ frame_needed = 0, uses_anonymous_args = 0
  88 0000 10B5     		push	{r4, lr}
  89              	.LCFI1:
  90              		.cfi_def_cfa_offset 8
  91              		.cfi_offset 14, -4
  92              		.cfi_offset 4, -8
  93 0002 82B0     		sub	sp, sp, #8
  94              	.LCFI2:
  95              		.cfi_def_cfa_offset 16
  96              		.loc 1 49 0
  97 0004 FFF7FEFF 		bl	halInit
  98              		.loc 1 60 0
  99 0008 0024     		movs	r4, #0
 100              		.loc 1 50 0
 101 000a FFF7FEFF 		bl	chSysInit
 102              		.loc 1 55 0
 103 000e 0E48     		ldr	r0, .L9
 104 0010 0021     		movs	r1, #0
 105 0012 FFF7FEFF 		bl	sdStart
 106              		.loc 1 60 0
 107 0016 0094     		str	r4, [sp, #0]
 108 0018 0C48     		ldr	r0, .L9+4
 109 001a 4FF49871 		mov	r1, #304
 110 001e 4022     		movs	r2, #64
 111 0020 0B4B     		ldr	r3, .L9+8
 112              		.loc 1 67 0
ARM GAS  /tmp/cc1BVy31.s 			page 3


 113 0022 4FF40064 		mov	r4, #2048
 114              		.loc 1 60 0
 115 0026 FFF7FEFF 		bl	chThdCreateStatic
 116              		.loc 1 67 0
 117 002a C4F20104 		movt	r4, 16385
 118 002e 03E0     		b	.L8
 119              	.L7:
 120              		.loc 1 69 0
 121 0030 4FF4FA70 		mov	r0, #500
 122 0034 FFF7FEFF 		bl	chThdSleep
 123              	.L8:
 124              		.loc 1 67 0
 125 0038 A368     		ldr	r3, [r4, #8]
 126 003a DB07     		lsls	r3, r3, #31
 127 003c F8D5     		bpl	.L7
 128              		.loc 1 68 0
 129 003e 0248     		ldr	r0, .L9
 130 0040 FFF7FEFF 		bl	TestThread
 131 0044 F4E7     		b	.L7
 132              	.L10:
 133 0046 00BF     		.align	2
 134              	.L9:
 135 0048 00000000 		.word	SD2
 136 004c 00000000 		.word	.LANCHOR0
 137 0050 00000000 		.word	Thread1
 138              		.cfi_endproc
 139              	.LFE64:
 140              		.size	main, .-main
 141 0054 AFF30080 		.section	.bss.waThread1,"aw",%nobits
 141      AFF30080 
 141      AFF30080 
 142              		.align	3
 143              		.set	.LANCHOR0,. + 0
 144              		.type	waThread1, %object
 145              		.size	waThread1, 304
 146              	waThread1:
 147 0000 00000000 		.space	304
 147      00000000 
 147      00000000 
 147      00000000 
 147      00000000 
 148              		.section	.rodata.str1.4,"aMS",%progbits,1
 149              		.align	2
 150              	.LC0:
 151 0000 626C696E 		.ascii	"blinker\000"
 151      6B657200 
 152              		.text
 153              	.Letext0:
 154              		.file 2 "/opt/paparazzi/arm-multilib/lib/gcc/arm-none-eabi/4.6.2/include/stddef.h"
 155              		.file 3 "/opt/paparazzi/arm-multilib/lib/gcc/arm-none-eabi/4.6.2/../../../../arm-none-eabi/include
 156              		.file 4 "../../os/ports/GCC/ARMCMx/chtypes.h"
 157              		.file 5 "../../os/kernel/include/chlists.h"
 158              		.file 6 "../../os/kernel/include/chthreads.h"
 159              		.file 7 "../../os/ports/GCC/ARMCMx/chcore_v7m.h"
 160              		.file 8 "../../os/kernel/include/chschd.h"
 161              		.file 9 "../../os/kernel/include/chmtx.h"
 162              		.file 10 "../../os/kernel/include/chevents.h"
ARM GAS  /tmp/cc1BVy31.s 			page 4


 163              		.file 11 "../../os/kernel/include/chqueues.h"
 164              		.file 12 "../../os/hal/platforms/STM32F1xx/stm32f10x.h"
 165              		.file 13 "../../os/hal/platforms/STM32/GPIOv1/pal_lld.h"
 166              		.file 14 "../../os/hal/include/serial.h"
 167              		.file 15 "../../os/ports/common/ARMCMx/CMSIS/include/core_cm3.h"
 168              		.file 16 "../../os/hal/platforms/STM32/USARTv1/serial_lld.h"
 169              		.section	.debug_info,"",%progbits
 170              	.Ldebug_info0:
 171 0000 300A0000 		.4byte	0xa30
 172 0004 0200     		.2byte	0x2
 173 0006 00000000 		.4byte	.Ldebug_abbrev0
 174 000a 04       		.byte	0x4
 175 000b 01       		.uleb128 0x1
 176 000c C9010000 		.4byte	.LASF118
 177 0010 01       		.byte	0x1
 178 0011 98020000 		.4byte	.LASF119
 179 0015 F5000000 		.4byte	.LASF120
 180 0019 00000000 		.4byte	0
 181 001d 00000000 		.4byte	0
 182 0021 00000000 		.4byte	.Ldebug_ranges0+0
 183 0025 00000000 		.4byte	.Ldebug_line0
 184 0029 02       		.uleb128 0x2
 185 002a 04       		.byte	0x4
 186 002b 05       		.byte	0x5
 187 002c 696E7400 		.ascii	"int\000"
 188 0030 03       		.uleb128 0x3
 189 0031 00000000 		.4byte	.LASF2
 190 0035 02       		.byte	0x2
 191 0036 D4       		.byte	0xd4
 192 0037 3B000000 		.4byte	0x3b
 193 003b 04       		.uleb128 0x4
 194 003c 04       		.byte	0x4
 195 003d 07       		.byte	0x7
 196 003e 5F010000 		.4byte	.LASF0
 197 0042 04       		.uleb128 0x4
 198 0043 01       		.byte	0x1
 199 0044 06       		.byte	0x6
 200 0045 8E000000 		.4byte	.LASF1
 201 0049 03       		.uleb128 0x3
 202 004a 73040000 		.4byte	.LASF3
 203 004e 03       		.byte	0x3
 204 004f 2A       		.byte	0x2a
 205 0050 54000000 		.4byte	0x54
 206 0054 04       		.uleb128 0x4
 207 0055 01       		.byte	0x1
 208 0056 08       		.byte	0x8
 209 0057 22030000 		.4byte	.LASF4
 210 005b 04       		.uleb128 0x4
 211 005c 02       		.byte	0x2
 212 005d 05       		.byte	0x5
 213 005e 4F030000 		.4byte	.LASF5
 214 0062 03       		.uleb128 0x3
 215 0063 6C010000 		.4byte	.LASF6
 216 0067 03       		.byte	0x3
 217 0068 36       		.byte	0x36
 218 0069 6D000000 		.4byte	0x6d
 219 006d 04       		.uleb128 0x4
ARM GAS  /tmp/cc1BVy31.s 			page 5


 220 006e 02       		.byte	0x2
 221 006f 07       		.byte	0x7
 222 0070 B6010000 		.4byte	.LASF7
 223 0074 03       		.uleb128 0x3
 224 0075 1A030000 		.4byte	.LASF8
 225 0079 03       		.byte	0x3
 226 007a 4F       		.byte	0x4f
 227 007b 7F000000 		.4byte	0x7f
 228 007f 04       		.uleb128 0x4
 229 0080 04       		.byte	0x4
 230 0081 05       		.byte	0x5
 231 0082 C4000000 		.4byte	.LASF9
 232 0086 03       		.uleb128 0x3
 233 0087 C3030000 		.4byte	.LASF10
 234 008b 03       		.byte	0x3
 235 008c 50       		.byte	0x50
 236 008d 91000000 		.4byte	0x91
 237 0091 04       		.uleb128 0x4
 238 0092 04       		.byte	0x4
 239 0093 07       		.byte	0x7
 240 0094 EB030000 		.4byte	.LASF11
 241 0098 04       		.uleb128 0x4
 242 0099 08       		.byte	0x8
 243 009a 05       		.byte	0x5
 244 009b 80000000 		.4byte	.LASF12
 245 009f 03       		.uleb128 0x3
 246 00a0 0E000000 		.4byte	.LASF13
 247 00a4 03       		.byte	0x3
 248 00a5 78       		.byte	0x78
 249 00a6 AA000000 		.4byte	0xaa
 250 00aa 04       		.uleb128 0x4
 251 00ab 08       		.byte	0x8
 252 00ac 07       		.byte	0x7
 253 00ad 30000000 		.4byte	.LASF14
 254 00b1 04       		.uleb128 0x4
 255 00b2 01       		.byte	0x1
 256 00b3 02       		.byte	0x2
 257 00b4 14030000 		.4byte	.LASF15
 258 00b8 03       		.uleb128 0x3
 259 00b9 0D020000 		.4byte	.LASF16
 260 00bd 04       		.byte	0x4
 261 00be 2C       		.byte	0x2c
 262 00bf 49000000 		.4byte	0x49
 263 00c3 03       		.uleb128 0x3
 264 00c4 CD000000 		.4byte	.LASF17
 265 00c8 04       		.byte	0x4
 266 00c9 2D       		.byte	0x2d
 267 00ca 49000000 		.4byte	0x49
 268 00ce 03       		.uleb128 0x3
 269 00cf B9020000 		.4byte	.LASF18
 270 00d3 04       		.byte	0x4
 271 00d4 2E       		.byte	0x2e
 272 00d5 49000000 		.4byte	0x49
 273 00d9 03       		.uleb128 0x3
 274 00da B4000000 		.4byte	.LASF19
 275 00de 04       		.byte	0x4
 276 00df 2F       		.byte	0x2f
ARM GAS  /tmp/cc1BVy31.s 			page 6


 277 00e0 49000000 		.4byte	0x49
 278 00e4 03       		.uleb128 0x3
 279 00e5 04030000 		.4byte	.LASF20
 280 00e9 04       		.byte	0x4
 281 00ea 30       		.byte	0x30
 282 00eb 86000000 		.4byte	0x86
 283 00ef 03       		.uleb128 0x3
 284 00f0 EB010000 		.4byte	.LASF21
 285 00f4 04       		.byte	0x4
 286 00f5 31       		.byte	0x31
 287 00f6 74000000 		.4byte	0x74
 288 00fa 03       		.uleb128 0x3
 289 00fb 21020000 		.4byte	.LASF22
 290 00ff 04       		.byte	0x4
 291 0100 33       		.byte	0x33
 292 0101 86000000 		.4byte	0x86
 293 0105 03       		.uleb128 0x3
 294 0106 47000000 		.4byte	.LASF23
 295 010a 04       		.byte	0x4
 296 010b 34       		.byte	0x34
 297 010c 86000000 		.4byte	0x86
 298 0110 03       		.uleb128 0x3
 299 0111 18040000 		.4byte	.LASF24
 300 0115 04       		.byte	0x4
 301 0116 35       		.byte	0x35
 302 0117 86000000 		.4byte	0x86
 303 011b 03       		.uleb128 0x3
 304 011c 98030000 		.4byte	.LASF25
 305 0120 05       		.byte	0x5
 306 0121 2A       		.byte	0x2a
 307 0122 26010000 		.4byte	0x126
 308 0126 05       		.uleb128 0x5
 309 0127 98030000 		.4byte	.LASF25
 310 012b 48       		.byte	0x48
 311 012c 06       		.byte	0x6
 312 012d 5E       		.byte	0x5e
 313 012e 4B020000 		.4byte	0x24b
 314 0132 06       		.uleb128 0x6
 315 0133 79030000 		.4byte	.LASF26
 316 0137 06       		.byte	0x6
 317 0138 5F       		.byte	0x5f
 318 0139 70020000 		.4byte	0x270
 319 013d 02       		.byte	0x2
 320 013e 23       		.byte	0x23
 321 013f 00       		.uleb128 0
 322 0140 06       		.uleb128 0x6
 323 0141 F3020000 		.4byte	.LASF27
 324 0145 06       		.byte	0x6
 325 0146 61       		.byte	0x61
 326 0147 70020000 		.4byte	0x270
 327 014b 02       		.byte	0x2
 328 014c 23       		.byte	0x23
 329 014d 04       		.uleb128 0x4
 330 014e 06       		.uleb128 0x6
 331 014f 69000000 		.4byte	.LASF28
 332 0153 06       		.byte	0x6
 333 0154 63       		.byte	0x63
ARM GAS  /tmp/cc1BVy31.s 			page 7


 334 0155 E4000000 		.4byte	0xe4
 335 0159 02       		.byte	0x2
 336 015a 23       		.byte	0x23
 337 015b 08       		.uleb128 0x8
 338 015c 06       		.uleb128 0x6
 339 015d A3040000 		.4byte	.LASF29
 340 0161 06       		.byte	0x6
 341 0162 64       		.byte	0x64
 342 0163 49030000 		.4byte	0x349
 343 0167 02       		.byte	0x2
 344 0168 23       		.byte	0x23
 345 0169 0C       		.uleb128 0xc
 346 016a 06       		.uleb128 0x6
 347 016b 34010000 		.4byte	.LASF30
 348 016f 06       		.byte	0x6
 349 0170 66       		.byte	0x66
 350 0171 70020000 		.4byte	0x270
 351 0175 02       		.byte	0x2
 352 0176 23       		.byte	0x23
 353 0177 10       		.uleb128 0x10
 354 0178 06       		.uleb128 0x6
 355 0179 7D020000 		.4byte	.LASF31
 356 017d 06       		.byte	0x6
 357 017e 67       		.byte	0x67
 358 017f 70020000 		.4byte	0x270
 359 0183 02       		.byte	0x2
 360 0184 23       		.byte	0x23
 361 0185 14       		.uleb128 0x14
 362 0186 06       		.uleb128 0x6
 363 0187 4B040000 		.4byte	.LASF32
 364 018b 06       		.byte	0x6
 365 018c 6E       		.byte	0x6e
 366 018d D7040000 		.4byte	0x4d7
 367 0191 02       		.byte	0x2
 368 0192 23       		.byte	0x23
 369 0193 18       		.uleb128 0x18
 370 0194 06       		.uleb128 0x6
 371 0195 59030000 		.4byte	.LASF33
 372 0199 06       		.byte	0x6
 373 019a 79       		.byte	0x79
 374 019b C3000000 		.4byte	0xc3
 375 019f 02       		.byte	0x2
 376 01a0 23       		.byte	0x23
 377 01a1 1C       		.uleb128 0x1c
 378 01a2 06       		.uleb128 0x6
 379 01a3 80030000 		.4byte	.LASF34
 380 01a7 06       		.byte	0x6
 381 01a8 7D       		.byte	0x7d
 382 01a9 B8000000 		.4byte	0xb8
 383 01ad 02       		.byte	0x2
 384 01ae 23       		.byte	0x23
 385 01af 1D       		.uleb128 0x1d
 386 01b0 06       		.uleb128 0x6
 387 01b1 D6000000 		.4byte	.LASF35
 388 01b5 06       		.byte	0x6
 389 01b6 82       		.byte	0x82
 390 01b7 CE000000 		.4byte	0xce
ARM GAS  /tmp/cc1BVy31.s 			page 8


 391 01bb 02       		.byte	0x2
 392 01bc 23       		.byte	0x23
 393 01bd 1E       		.uleb128 0x1e
 394 01be 06       		.uleb128 0x6
 395 01bf 61030000 		.4byte	.LASF36
 396 01c3 06       		.byte	0x6
 397 01c4 88       		.byte	0x88
 398 01c5 D9000000 		.4byte	0xd9
 399 01c9 02       		.byte	0x2
 400 01ca 23       		.byte	0x23
 401 01cb 1F       		.uleb128 0x1f
 402 01cc 06       		.uleb128 0x6
 403 01cd 85010000 		.4byte	.LASF37
 404 01d1 06       		.byte	0x6
 405 01d2 8F       		.byte	0x8f
 406 01d3 71030000 		.4byte	0x371
 407 01d7 02       		.byte	0x2
 408 01d8 23       		.byte	0x23
 409 01d9 20       		.uleb128 0x20
 410 01da 07       		.uleb128 0x7
 411 01db 705F7500 		.ascii	"p_u\000"
 412 01df 06       		.byte	0x6
 413 01e0 B4       		.byte	0xb4
 414 01e1 A2040000 		.4byte	0x4a2
 415 01e5 02       		.byte	0x2
 416 01e6 23       		.byte	0x23
 417 01e7 24       		.uleb128 0x24
 418 01e8 06       		.uleb128 0x6
 419 01e9 A9040000 		.4byte	.LASF38
 420 01ed 06       		.byte	0x6
 421 01ee B9       		.byte	0xb9
 422 01ef 98020000 		.4byte	0x298
 423 01f3 02       		.byte	0x2
 424 01f4 23       		.byte	0x23
 425 01f5 28       		.uleb128 0x28
 426 01f6 06       		.uleb128 0x6
 427 01f7 93010000 		.4byte	.LASF39
 428 01fb 06       		.byte	0x6
 429 01fc BF       		.byte	0xbf
 430 01fd 76020000 		.4byte	0x276
 431 0201 02       		.byte	0x2
 432 0202 23       		.byte	0x23
 433 0203 2C       		.uleb128 0x2c
 434 0204 06       		.uleb128 0x6
 435 0205 90040000 		.4byte	.LASF40
 436 0209 06       		.byte	0x6
 437 020a C3       		.byte	0xc3
 438 020b EF000000 		.4byte	0xef
 439 020f 02       		.byte	0x2
 440 0210 23       		.byte	0x23
 441 0211 34       		.uleb128 0x34
 442 0212 06       		.uleb128 0x6
 443 0213 A4030000 		.4byte	.LASF41
 444 0217 06       		.byte	0x6
 445 0218 C9       		.byte	0xc9
 446 0219 FA000000 		.4byte	0xfa
 447 021d 02       		.byte	0x2
ARM GAS  /tmp/cc1BVy31.s 			page 9


 448 021e 23       		.byte	0x23
 449 021f 38       		.uleb128 0x38
 450 0220 06       		.uleb128 0x6
 451 0221 45030000 		.4byte	.LASF42
 452 0225 06       		.byte	0x6
 453 0226 D0       		.byte	0xd0
 454 0227 E9040000 		.4byte	0x4e9
 455 022b 02       		.byte	0x2
 456 022c 23       		.byte	0x23
 457 022d 3C       		.uleb128 0x3c
 458 022e 06       		.uleb128 0x6
 459 022f 22040000 		.4byte	.LASF43
 460 0233 06       		.byte	0x6
 461 0234 D4       		.byte	0xd4
 462 0235 E4000000 		.4byte	0xe4
 463 0239 02       		.byte	0x2
 464 023a 23       		.byte	0x23
 465 023b 40       		.uleb128 0x40
 466 023c 06       		.uleb128 0x6
 467 023d A4000000 		.4byte	.LASF44
 468 0241 06       		.byte	0x6
 469 0242 DA       		.byte	0xda
 470 0243 AE020000 		.4byte	0x2ae
 471 0247 02       		.byte	0x2
 472 0248 23       		.byte	0x23
 473 0249 44       		.uleb128 0x44
 474 024a 00       		.byte	0
 475 024b 08       		.uleb128 0x8
 476 024c 08       		.byte	0x8
 477 024d 05       		.byte	0x5
 478 024e 61       		.byte	0x61
 479 024f 70020000 		.4byte	0x270
 480 0253 06       		.uleb128 0x6
 481 0254 79030000 		.4byte	.LASF26
 482 0258 05       		.byte	0x5
 483 0259 62       		.byte	0x62
 484 025a 70020000 		.4byte	0x270
 485 025e 02       		.byte	0x2
 486 025f 23       		.byte	0x23
 487 0260 00       		.uleb128 0
 488 0261 06       		.uleb128 0x6
 489 0262 F3020000 		.4byte	.LASF27
 490 0266 05       		.byte	0x5
 491 0267 64       		.byte	0x64
 492 0268 70020000 		.4byte	0x270
 493 026c 02       		.byte	0x2
 494 026d 23       		.byte	0x23
 495 026e 04       		.uleb128 0x4
 496 026f 00       		.byte	0
 497 0270 09       		.uleb128 0x9
 498 0271 04       		.byte	0x4
 499 0272 1B010000 		.4byte	0x11b
 500 0276 03       		.uleb128 0x3
 501 0277 8B020000 		.4byte	.LASF45
 502 027b 05       		.byte	0x5
 503 027c 66       		.byte	0x66
 504 027d 4B020000 		.4byte	0x24b
ARM GAS  /tmp/cc1BVy31.s 			page 10


 505 0281 08       		.uleb128 0x8
 506 0282 04       		.byte	0x4
 507 0283 05       		.byte	0x5
 508 0284 6B       		.byte	0x6b
 509 0285 98020000 		.4byte	0x298
 510 0289 06       		.uleb128 0x6
 511 028a 79030000 		.4byte	.LASF26
 512 028e 05       		.byte	0x5
 513 028f 6D       		.byte	0x6d
 514 0290 70020000 		.4byte	0x270
 515 0294 02       		.byte	0x2
 516 0295 23       		.byte	0x23
 517 0296 00       		.uleb128 0
 518 0297 00       		.byte	0
 519 0298 03       		.uleb128 0x3
 520 0299 15020000 		.4byte	.LASF46
 521 029d 05       		.byte	0x5
 522 029e 70       		.byte	0x70
 523 029f 81020000 		.4byte	0x281
 524 02a3 03       		.uleb128 0x3
 525 02a4 44010000 		.4byte	.LASF47
 526 02a8 07       		.byte	0x7
 527 02a9 E5       		.byte	0xe5
 528 02aa AE020000 		.4byte	0x2ae
 529 02ae 0A       		.uleb128 0xa
 530 02af 04       		.byte	0x4
 531 02b0 03       		.uleb128 0x3
 532 02b1 4F020000 		.4byte	.LASF48
 533 02b5 07       		.byte	0x7
 534 02b6 EB       		.byte	0xeb
 535 02b7 9F000000 		.4byte	0x9f
 536 02bb 0B       		.uleb128 0xb
 537 02bc 35040000 		.4byte	.LASF49
 538 02c0 24       		.byte	0x24
 539 02c1 07       		.byte	0x7
 540 02c2 0C01     		.2byte	0x10c
 541 02c4 49030000 		.4byte	0x349
 542 02c8 0C       		.uleb128 0xc
 543 02c9 723400   		.ascii	"r4\000"
 544 02cc 07       		.byte	0x7
 545 02cd 1F01     		.2byte	0x11f
 546 02cf A3020000 		.4byte	0x2a3
 547 02d3 02       		.byte	0x2
 548 02d4 23       		.byte	0x23
 549 02d5 00       		.uleb128 0
 550 02d6 0C       		.uleb128 0xc
 551 02d7 723500   		.ascii	"r5\000"
 552 02da 07       		.byte	0x7
 553 02db 2001     		.2byte	0x120
 554 02dd A3020000 		.4byte	0x2a3
 555 02e1 02       		.byte	0x2
 556 02e2 23       		.byte	0x23
 557 02e3 04       		.uleb128 0x4
 558 02e4 0C       		.uleb128 0xc
 559 02e5 723600   		.ascii	"r6\000"
 560 02e8 07       		.byte	0x7
 561 02e9 2101     		.2byte	0x121
ARM GAS  /tmp/cc1BVy31.s 			page 11


 562 02eb A3020000 		.4byte	0x2a3
 563 02ef 02       		.byte	0x2
 564 02f0 23       		.byte	0x23
 565 02f1 08       		.uleb128 0x8
 566 02f2 0C       		.uleb128 0xc
 567 02f3 723700   		.ascii	"r7\000"
 568 02f6 07       		.byte	0x7
 569 02f7 2201     		.2byte	0x122
 570 02f9 A3020000 		.4byte	0x2a3
 571 02fd 02       		.byte	0x2
 572 02fe 23       		.byte	0x23
 573 02ff 0C       		.uleb128 0xc
 574 0300 0C       		.uleb128 0xc
 575 0301 723800   		.ascii	"r8\000"
 576 0304 07       		.byte	0x7
 577 0305 2301     		.2byte	0x123
 578 0307 A3020000 		.4byte	0x2a3
 579 030b 02       		.byte	0x2
 580 030c 23       		.byte	0x23
 581 030d 10       		.uleb128 0x10
 582 030e 0C       		.uleb128 0xc
 583 030f 723900   		.ascii	"r9\000"
 584 0312 07       		.byte	0x7
 585 0313 2401     		.2byte	0x124
 586 0315 A3020000 		.4byte	0x2a3
 587 0319 02       		.byte	0x2
 588 031a 23       		.byte	0x23
 589 031b 14       		.uleb128 0x14
 590 031c 0C       		.uleb128 0xc
 591 031d 72313000 		.ascii	"r10\000"
 592 0321 07       		.byte	0x7
 593 0322 2501     		.2byte	0x125
 594 0324 A3020000 		.4byte	0x2a3
 595 0328 02       		.byte	0x2
 596 0329 23       		.byte	0x23
 597 032a 18       		.uleb128 0x18
 598 032b 0C       		.uleb128 0xc
 599 032c 72313100 		.ascii	"r11\000"
 600 0330 07       		.byte	0x7
 601 0331 2601     		.2byte	0x126
 602 0333 A3020000 		.4byte	0x2a3
 603 0337 02       		.byte	0x2
 604 0338 23       		.byte	0x23
 605 0339 1C       		.uleb128 0x1c
 606 033a 0C       		.uleb128 0xc
 607 033b 6C7200   		.ascii	"lr\000"
 608 033e 07       		.byte	0x7
 609 033f 2701     		.2byte	0x127
 610 0341 A3020000 		.4byte	0x2a3
 611 0345 02       		.byte	0x2
 612 0346 23       		.byte	0x23
 613 0347 20       		.uleb128 0x20
 614 0348 00       		.byte	0
 615 0349 0B       		.uleb128 0xb
 616 034a 2D040000 		.4byte	.LASF50
 617 034e 04       		.byte	0x4
 618 034f 07       		.byte	0x7
ARM GAS  /tmp/cc1BVy31.s 			page 12


 619 0350 3101     		.2byte	0x131
 620 0352 66030000 		.4byte	0x366
 621 0356 0C       		.uleb128 0xc
 622 0357 72313300 		.ascii	"r13\000"
 623 035b 07       		.byte	0x7
 624 035c 3201     		.2byte	0x132
 625 035e 66030000 		.4byte	0x366
 626 0362 02       		.byte	0x2
 627 0363 23       		.byte	0x23
 628 0364 00       		.uleb128 0
 629 0365 00       		.byte	0
 630 0366 09       		.uleb128 0x9
 631 0367 04       		.byte	0x4
 632 0368 BB020000 		.4byte	0x2bb
 633 036c 0D       		.uleb128 0xd
 634 036d 86000000 		.4byte	0x86
 635 0371 0D       		.uleb128 0xd
 636 0372 10010000 		.4byte	0x110
 637 0376 08       		.uleb128 0x8
 638 0377 1C       		.byte	0x1c
 639 0378 08       		.byte	0x8
 640 0379 5E       		.byte	0x5e
 641 037a D3030000 		.4byte	0x3d3
 642 037e 06       		.uleb128 0x6
 643 037f CC030000 		.4byte	.LASF51
 644 0383 08       		.byte	0x8
 645 0384 5F       		.byte	0x5f
 646 0385 76020000 		.4byte	0x276
 647 0389 02       		.byte	0x2
 648 038a 23       		.byte	0x23
 649 038b 00       		.uleb128 0
 650 038c 06       		.uleb128 0x6
 651 038d 6B030000 		.4byte	.LASF52
 652 0391 08       		.byte	0x8
 653 0392 60       		.byte	0x60
 654 0393 E4000000 		.4byte	0xe4
 655 0397 02       		.byte	0x2
 656 0398 23       		.byte	0x23
 657 0399 08       		.uleb128 0x8
 658 039a 06       		.uleb128 0x6
 659 039b 85020000 		.4byte	.LASF53
 660 039f 08       		.byte	0x8
 661 03a0 62       		.byte	0x62
 662 03a1 49030000 		.4byte	0x349
 663 03a5 02       		.byte	0x2
 664 03a6 23       		.byte	0x23
 665 03a7 0C       		.uleb128 0xc
 666 03a8 06       		.uleb128 0x6
 667 03a9 3C010000 		.4byte	.LASF54
 668 03ad 08       		.byte	0x8
 669 03ae 65       		.byte	0x65
 670 03af 70020000 		.4byte	0x270
 671 03b3 02       		.byte	0x2
 672 03b4 23       		.byte	0x23
 673 03b5 10       		.uleb128 0x10
 674 03b6 06       		.uleb128 0x6
 675 03b7 9F020000 		.4byte	.LASF55
ARM GAS  /tmp/cc1BVy31.s 			page 13


 676 03bb 08       		.byte	0x8
 677 03bc 66       		.byte	0x66
 678 03bd 70020000 		.4byte	0x270
 679 03c1 02       		.byte	0x2
 680 03c2 23       		.byte	0x23
 681 03c3 14       		.uleb128 0x14
 682 03c4 06       		.uleb128 0x6
 683 03c5 FD030000 		.4byte	.LASF56
 684 03c9 08       		.byte	0x8
 685 03ca 69       		.byte	0x69
 686 03cb 70020000 		.4byte	0x270
 687 03cf 02       		.byte	0x2
 688 03d0 23       		.byte	0x23
 689 03d1 18       		.uleb128 0x18
 690 03d2 00       		.byte	0
 691 03d3 03       		.uleb128 0x3
 692 03d4 5A040000 		.4byte	.LASF57
 693 03d8 08       		.byte	0x8
 694 03d9 6B       		.byte	0x6b
 695 03da 76030000 		.4byte	0x376
 696 03de 05       		.uleb128 0x5
 697 03df 77020000 		.4byte	.LASF58
 698 03e3 10       		.byte	0x10
 699 03e4 09       		.byte	0x9
 700 03e5 2C       		.byte	0x2c
 701 03e6 15040000 		.4byte	0x415
 702 03ea 06       		.uleb128 0x6
 703 03eb AC000000 		.4byte	.LASF59
 704 03ef 09       		.byte	0x9
 705 03f0 2D       		.byte	0x2d
 706 03f1 76020000 		.4byte	0x276
 707 03f5 02       		.byte	0x2
 708 03f6 23       		.byte	0x23
 709 03f7 00       		.uleb128 0
 710 03f8 06       		.uleb128 0x6
 711 03f9 9B040000 		.4byte	.LASF60
 712 03fd 09       		.byte	0x9
 713 03fe 2F       		.byte	0x2f
 714 03ff 70020000 		.4byte	0x270
 715 0403 02       		.byte	0x2
 716 0404 23       		.byte	0x23
 717 0405 08       		.uleb128 0x8
 718 0406 06       		.uleb128 0x6
 719 0407 11040000 		.4byte	.LASF61
 720 040b 09       		.byte	0x9
 721 040c 31       		.byte	0x31
 722 040d 15040000 		.4byte	0x415
 723 0411 02       		.byte	0x2
 724 0412 23       		.byte	0x23
 725 0413 0C       		.uleb128 0xc
 726 0414 00       		.byte	0
 727 0415 09       		.uleb128 0x9
 728 0416 04       		.byte	0x4
 729 0417 DE030000 		.4byte	0x3de
 730 041b 03       		.uleb128 0x3
 731 041c 77020000 		.4byte	.LASF58
 732 0420 09       		.byte	0x9
ARM GAS  /tmp/cc1BVy31.s 			page 14


 733 0421 33       		.byte	0x33
 734 0422 DE030000 		.4byte	0x3de
 735 0426 03       		.uleb128 0x3
 736 0427 7B040000 		.4byte	.LASF62
 737 042b 0A       		.byte	0xa
 738 042c 2C       		.byte	0x2c
 739 042d 31040000 		.4byte	0x431
 740 0431 05       		.uleb128 0x5
 741 0432 7B040000 		.4byte	.LASF62
 742 0436 10       		.byte	0x10
 743 0437 0A       		.byte	0xa
 744 0438 31       		.byte	0x31
 745 0439 76040000 		.4byte	0x476
 746 043d 06       		.uleb128 0x6
 747 043e 88030000 		.4byte	.LASF63
 748 0442 0A       		.byte	0xa
 749 0443 32       		.byte	0x32
 750 0444 76040000 		.4byte	0x476
 751 0448 02       		.byte	0x2
 752 0449 23       		.byte	0x23
 753 044a 00       		.uleb128 0
 754 044b 06       		.uleb128 0x6
 755 044c 30030000 		.4byte	.LASF64
 756 0450 0A       		.byte	0xa
 757 0451 35       		.byte	0x35
 758 0452 70020000 		.4byte	0x270
 759 0456 02       		.byte	0x2
 760 0457 23       		.byte	0x23
 761 0458 04       		.uleb128 0x4
 762 0459 06       		.uleb128 0x6
 763 045a A7020000 		.4byte	.LASF65
 764 045e 0A       		.byte	0xa
 765 045f 37       		.byte	0x37
 766 0460 FA000000 		.4byte	0xfa
 767 0464 02       		.byte	0x2
 768 0465 23       		.byte	0x23
 769 0466 08       		.uleb128 0x8
 770 0467 06       		.uleb128 0x6
 771 0468 3C030000 		.4byte	.LASF66
 772 046c 0A       		.byte	0xa
 773 046d 3A       		.byte	0x3a
 774 046e 05010000 		.4byte	0x105
 775 0472 02       		.byte	0x2
 776 0473 23       		.byte	0x23
 777 0474 0C       		.uleb128 0xc
 778 0475 00       		.byte	0
 779 0476 09       		.uleb128 0x9
 780 0477 04       		.byte	0x4
 781 0478 26040000 		.4byte	0x426
 782 047c 05       		.uleb128 0x5
 783 047d 4D010000 		.4byte	.LASF67
 784 0481 04       		.byte	0x4
 785 0482 0A       		.byte	0xa
 786 0483 41       		.byte	0x41
 787 0484 97040000 		.4byte	0x497
 788 0488 06       		.uleb128 0x6
 789 0489 52040000 		.4byte	.LASF68
ARM GAS  /tmp/cc1BVy31.s 			page 15


 790 048d 0A       		.byte	0xa
 791 048e 42       		.byte	0x42
 792 048f 76040000 		.4byte	0x476
 793 0493 02       		.byte	0x2
 794 0494 23       		.byte	0x23
 795 0495 00       		.uleb128 0
 796 0496 00       		.byte	0
 797 0497 03       		.uleb128 0x3
 798 0498 4D010000 		.4byte	.LASF67
 799 049c 0A       		.byte	0xa
 800 049d 45       		.byte	0x45
 801 049e 7C040000 		.4byte	0x47c
 802 04a2 0E       		.uleb128 0xe
 803 04a3 04       		.byte	0x4
 804 04a4 06       		.byte	0x6
 805 04a5 96       		.byte	0x96
 806 04a6 D7040000 		.4byte	0x4d7
 807 04aa 0F       		.uleb128 0xf
 808 04ab 07000000 		.4byte	.LASF69
 809 04af 06       		.byte	0x6
 810 04b0 9D       		.byte	0x9d
 811 04b1 EF000000 		.4byte	0xef
 812 04b5 0F       		.uleb128 0xf
 813 04b6 53000000 		.4byte	.LASF70
 814 04ba 06       		.byte	0x6
 815 04bb A4       		.byte	0xa4
 816 04bc EF000000 		.4byte	0xef
 817 04c0 0F       		.uleb128 0xf
 818 04c1 89040000 		.4byte	.LASF71
 819 04c5 06       		.byte	0x6
 820 04c6 AB       		.byte	0xab
 821 04c7 AE020000 		.4byte	0x2ae
 822 04cb 0F       		.uleb128 0xf
 823 04cc 72030000 		.4byte	.LASF72
 824 04d0 06       		.byte	0x6
 825 04d1 B2       		.byte	0xb2
 826 04d2 FA000000 		.4byte	0xfa
 827 04d6 00       		.byte	0
 828 04d7 09       		.uleb128 0x9
 829 04d8 04       		.byte	0x4
 830 04d9 DD040000 		.4byte	0x4dd
 831 04dd 10       		.uleb128 0x10
 832 04de E2040000 		.4byte	0x4e2
 833 04e2 04       		.uleb128 0x4
 834 04e3 01       		.byte	0x1
 835 04e4 08       		.byte	0x8
 836 04e5 0C040000 		.4byte	.LASF73
 837 04e9 09       		.uleb128 0x9
 838 04ea 04       		.byte	0x4
 839 04eb 1B040000 		.4byte	0x41b
 840 04ef 09       		.uleb128 0x9
 841 04f0 04       		.byte	0x4
 842 04f1 F5040000 		.4byte	0x4f5
 843 04f5 11       		.uleb128 0x11
 844 04f6 01       		.byte	0x1
 845 04f7 EF000000 		.4byte	0xef
 846 04fb 05050000 		.4byte	0x505
ARM GAS  /tmp/cc1BVy31.s 			page 16


 847 04ff 12       		.uleb128 0x12
 848 0500 AE020000 		.4byte	0x2ae
 849 0504 00       		.byte	0
 850 0505 03       		.uleb128 0x3
 851 0506 42020000 		.4byte	.LASF74
 852 050a 0B       		.byte	0xb
 853 050b 37       		.byte	0x37
 854 050c 10050000 		.4byte	0x510
 855 0510 05       		.uleb128 0x5
 856 0511 42020000 		.4byte	.LASF74
 857 0515 24       		.byte	0x24
 858 0516 0B       		.byte	0xb
 859 0517 45       		.byte	0x45
 860 0518 8D050000 		.4byte	0x58d
 861 051c 06       		.uleb128 0x6
 862 051d 76000000 		.4byte	.LASF75
 863 0521 0B       		.byte	0xb
 864 0522 46       		.byte	0x46
 865 0523 76020000 		.4byte	0x276
 866 0527 02       		.byte	0x2
 867 0528 23       		.byte	0x23
 868 0529 00       		.uleb128 0
 869 052a 06       		.uleb128 0x6
 870 052b 6D020000 		.4byte	.LASF76
 871 052f 0B       		.byte	0xb
 872 0530 47       		.byte	0x47
 873 0531 30000000 		.4byte	0x30
 874 0535 02       		.byte	0x2
 875 0536 23       		.byte	0x23
 876 0537 08       		.uleb128 0x8
 877 0538 06       		.uleb128 0x6
 878 0539 DD000000 		.4byte	.LASF77
 879 053d 0B       		.byte	0xb
 880 053e 48       		.byte	0x48
 881 053f B0050000 		.4byte	0x5b0
 882 0543 02       		.byte	0x2
 883 0544 23       		.byte	0x23
 884 0545 0C       		.uleb128 0xc
 885 0546 06       		.uleb128 0x6
 886 0547 45040000 		.4byte	.LASF78
 887 054b 0B       		.byte	0xb
 888 054c 49       		.byte	0x49
 889 054d B0050000 		.4byte	0x5b0
 890 0551 02       		.byte	0x2
 891 0552 23       		.byte	0x23
 892 0553 10       		.uleb128 0x10
 893 0554 06       		.uleb128 0x6
 894 0555 E6000000 		.4byte	.LASF79
 895 0559 0B       		.byte	0xb
 896 055a 4B       		.byte	0x4b
 897 055b B0050000 		.4byte	0x5b0
 898 055f 02       		.byte	0x2
 899 0560 23       		.byte	0x23
 900 0561 14       		.uleb128 0x14
 901 0562 06       		.uleb128 0x6
 902 0563 0C030000 		.4byte	.LASF80
 903 0567 0B       		.byte	0xb
ARM GAS  /tmp/cc1BVy31.s 			page 17


 904 0568 4C       		.byte	0x4c
 905 0569 B0050000 		.4byte	0x5b0
 906 056d 02       		.byte	0x2
 907 056e 23       		.byte	0x23
 908 056f 18       		.uleb128 0x18
 909 0570 06       		.uleb128 0x6
 910 0571 64040000 		.4byte	.LASF81
 911 0575 0B       		.byte	0xb
 912 0576 4D       		.byte	0x4d
 913 0577 8D050000 		.4byte	0x58d
 914 057b 02       		.byte	0x2
 915 057c 23       		.byte	0x23
 916 057d 1C       		.uleb128 0x1c
 917 057e 06       		.uleb128 0x6
 918 057f EE000000 		.4byte	.LASF82
 919 0583 0B       		.byte	0xb
 920 0584 4E       		.byte	0x4e
 921 0585 AE020000 		.4byte	0x2ae
 922 0589 02       		.byte	0x2
 923 058a 23       		.byte	0x23
 924 058b 20       		.uleb128 0x20
 925 058c 00       		.byte	0
 926 058d 03       		.uleb128 0x3
 927 058e 38020000 		.4byte	.LASF83
 928 0592 0B       		.byte	0xb
 929 0593 3A       		.byte	0x3a
 930 0594 98050000 		.4byte	0x598
 931 0598 09       		.uleb128 0x9
 932 0599 04       		.byte	0x4
 933 059a 9E050000 		.4byte	0x59e
 934 059e 13       		.uleb128 0x13
 935 059f 01       		.byte	0x1
 936 05a0 AA050000 		.4byte	0x5aa
 937 05a4 12       		.uleb128 0x12
 938 05a5 AA050000 		.4byte	0x5aa
 939 05a9 00       		.byte	0
 940 05aa 09       		.uleb128 0x9
 941 05ab 04       		.byte	0x4
 942 05ac 05050000 		.4byte	0x505
 943 05b0 09       		.uleb128 0x9
 944 05b1 04       		.byte	0x4
 945 05b2 49000000 		.4byte	0x49
 946 05b6 03       		.uleb128 0x3
 947 05b7 2D020000 		.4byte	.LASF84
 948 05bb 0B       		.byte	0xb
 949 05bc 82       		.byte	0x82
 950 05bd 05050000 		.4byte	0x505
 951 05c1 03       		.uleb128 0x3
 952 05c2 17000000 		.4byte	.LASF85
 953 05c6 0B       		.byte	0xb
 954 05c7 F5       		.byte	0xf5
 955 05c8 05050000 		.4byte	0x505
 956 05cc 11       		.uleb128 0x11
 957 05cd 01       		.byte	0x1
 958 05ce 30000000 		.4byte	0x30
 959 05d2 E6050000 		.4byte	0x5e6
 960 05d6 12       		.uleb128 0x12
ARM GAS  /tmp/cc1BVy31.s 			page 18


 961 05d7 AE020000 		.4byte	0x2ae
 962 05db 12       		.uleb128 0x12
 963 05dc E6050000 		.4byte	0x5e6
 964 05e0 12       		.uleb128 0x12
 965 05e1 30000000 		.4byte	0x30
 966 05e5 00       		.byte	0
 967 05e6 09       		.uleb128 0x9
 968 05e7 04       		.byte	0x4
 969 05e8 EC050000 		.4byte	0x5ec
 970 05ec 10       		.uleb128 0x10
 971 05ed 49000000 		.4byte	0x49
 972 05f1 09       		.uleb128 0x9
 973 05f2 04       		.byte	0x4
 974 05f3 CC050000 		.4byte	0x5cc
 975 05f7 11       		.uleb128 0x11
 976 05f8 01       		.byte	0x1
 977 05f9 30000000 		.4byte	0x30
 978 05fd 11060000 		.4byte	0x611
 979 0601 12       		.uleb128 0x12
 980 0602 AE020000 		.4byte	0x2ae
 981 0606 12       		.uleb128 0x12
 982 0607 B0050000 		.4byte	0x5b0
 983 060b 12       		.uleb128 0x12
 984 060c 30000000 		.4byte	0x30
 985 0610 00       		.byte	0
 986 0611 09       		.uleb128 0x9
 987 0612 04       		.byte	0x4
 988 0613 F7050000 		.4byte	0x5f7
 989 0617 11       		.uleb128 0x11
 990 0618 01       		.byte	0x1
 991 0619 EF000000 		.4byte	0xef
 992 061d 2C060000 		.4byte	0x62c
 993 0621 12       		.uleb128 0x12
 994 0622 AE020000 		.4byte	0x2ae
 995 0626 12       		.uleb128 0x12
 996 0627 49000000 		.4byte	0x49
 997 062b 00       		.byte	0
 998 062c 09       		.uleb128 0x9
 999 062d 04       		.byte	0x4
 1000 062e 17060000 		.4byte	0x617
 1001 0632 0D       		.uleb128 0xd
 1002 0633 62000000 		.4byte	0x62
 1003 0637 0D       		.uleb128 0xd
 1004 0638 74000000 		.4byte	0x74
 1005 063c 14       		.uleb128 0x14
 1006 063d 1C       		.byte	0x1c
 1007 063e 0C       		.byte	0xc
 1008 063f F803     		.2byte	0x3f8
 1009 0641 AF060000 		.4byte	0x6af
 1010 0645 0C       		.uleb128 0xc
 1011 0646 43524C00 		.ascii	"CRL\000"
 1012 064a 0C       		.byte	0xc
 1013 064b FA03     		.2byte	0x3fa
 1014 064d 6C030000 		.4byte	0x36c
 1015 0651 02       		.byte	0x2
 1016 0652 23       		.byte	0x23
 1017 0653 00       		.uleb128 0
ARM GAS  /tmp/cc1BVy31.s 			page 19


 1018 0654 0C       		.uleb128 0xc
 1019 0655 43524800 		.ascii	"CRH\000"
 1020 0659 0C       		.byte	0xc
 1021 065a FB03     		.2byte	0x3fb
 1022 065c 6C030000 		.4byte	0x36c
 1023 0660 02       		.byte	0x2
 1024 0661 23       		.byte	0x23
 1025 0662 04       		.uleb128 0x4
 1026 0663 0C       		.uleb128 0xc
 1027 0664 49445200 		.ascii	"IDR\000"
 1028 0668 0C       		.byte	0xc
 1029 0669 FC03     		.2byte	0x3fc
 1030 066b 6C030000 		.4byte	0x36c
 1031 066f 02       		.byte	0x2
 1032 0670 23       		.byte	0x23
 1033 0671 08       		.uleb128 0x8
 1034 0672 0C       		.uleb128 0xc
 1035 0673 4F445200 		.ascii	"ODR\000"
 1036 0677 0C       		.byte	0xc
 1037 0678 FD03     		.2byte	0x3fd
 1038 067a 6C030000 		.4byte	0x36c
 1039 067e 02       		.byte	0x2
 1040 067f 23       		.byte	0x23
 1041 0680 0C       		.uleb128 0xc
 1042 0681 15       		.uleb128 0x15
 1043 0682 9A000000 		.4byte	.LASF86
 1044 0686 0C       		.byte	0xc
 1045 0687 FE03     		.2byte	0x3fe
 1046 0689 6C030000 		.4byte	0x36c
 1047 068d 02       		.byte	0x2
 1048 068e 23       		.byte	0x23
 1049 068f 10       		.uleb128 0x10
 1050 0690 0C       		.uleb128 0xc
 1051 0691 42525200 		.ascii	"BRR\000"
 1052 0695 0C       		.byte	0xc
 1053 0696 FF03     		.2byte	0x3ff
 1054 0698 6C030000 		.4byte	0x36c
 1055 069c 02       		.byte	0x2
 1056 069d 23       		.byte	0x23
 1057 069e 14       		.uleb128 0x14
 1058 069f 15       		.uleb128 0x15
 1059 06a0 9F030000 		.4byte	.LASF87
 1060 06a4 0C       		.byte	0xc
 1061 06a5 0004     		.2byte	0x400
 1062 06a7 6C030000 		.4byte	0x36c
 1063 06ab 02       		.byte	0x2
 1064 06ac 23       		.byte	0x23
 1065 06ad 18       		.uleb128 0x18
 1066 06ae 00       		.byte	0
 1067 06af 16       		.uleb128 0x16
 1068 06b0 9E010000 		.4byte	.LASF88
 1069 06b4 0C       		.byte	0xc
 1070 06b5 0104     		.2byte	0x401
 1071 06b7 3C060000 		.4byte	0x63c
 1072 06bb 14       		.uleb128 0x14
 1073 06bc 1C       		.byte	0x1c
 1074 06bd 0C       		.byte	0xc
ARM GAS  /tmp/cc1BVy31.s 			page 20


 1075 06be E104     		.2byte	0x4e1
 1076 06c0 95070000 		.4byte	0x795
 1077 06c4 0C       		.uleb128 0xc
 1078 06c5 535200   		.ascii	"SR\000"
 1079 06c8 0C       		.byte	0xc
 1080 06c9 E304     		.2byte	0x4e3
 1081 06cb 32060000 		.4byte	0x632
 1082 06cf 02       		.byte	0x2
 1083 06d0 23       		.byte	0x23
 1084 06d1 00       		.uleb128 0
 1085 06d2 15       		.uleb128 0x15
 1086 06d3 C1020000 		.4byte	.LASF89
 1087 06d7 0C       		.byte	0xc
 1088 06d8 E404     		.2byte	0x4e4
 1089 06da 62000000 		.4byte	0x62
 1090 06de 02       		.byte	0x2
 1091 06df 23       		.byte	0x23
 1092 06e0 02       		.uleb128 0x2
 1093 06e1 0C       		.uleb128 0xc
 1094 06e2 445200   		.ascii	"DR\000"
 1095 06e5 0C       		.byte	0xc
 1096 06e6 E504     		.2byte	0x4e5
 1097 06e8 32060000 		.4byte	0x632
 1098 06ec 02       		.byte	0x2
 1099 06ed 23       		.byte	0x23
 1100 06ee 04       		.uleb128 0x4
 1101 06ef 15       		.uleb128 0x15
 1102 06f0 CB020000 		.4byte	.LASF90
 1103 06f4 0C       		.byte	0xc
 1104 06f5 E604     		.2byte	0x4e6
 1105 06f7 62000000 		.4byte	0x62
 1106 06fb 02       		.byte	0x2
 1107 06fc 23       		.byte	0x23
 1108 06fd 06       		.uleb128 0x6
 1109 06fe 0C       		.uleb128 0xc
 1110 06ff 42525200 		.ascii	"BRR\000"
 1111 0703 0C       		.byte	0xc
 1112 0704 E704     		.2byte	0x4e7
 1113 0706 32060000 		.4byte	0x632
 1114 070a 02       		.byte	0x2
 1115 070b 23       		.byte	0x23
 1116 070c 08       		.uleb128 0x8
 1117 070d 15       		.uleb128 0x15
 1118 070e D5020000 		.4byte	.LASF91
 1119 0712 0C       		.byte	0xc
 1120 0713 E804     		.2byte	0x4e8
 1121 0715 62000000 		.4byte	0x62
 1122 0719 02       		.byte	0x2
 1123 071a 23       		.byte	0x23
 1124 071b 0A       		.uleb128 0xa
 1125 071c 0C       		.uleb128 0xc
 1126 071d 43523100 		.ascii	"CR1\000"
 1127 0721 0C       		.byte	0xc
 1128 0722 E904     		.2byte	0x4e9
 1129 0724 32060000 		.4byte	0x632
 1130 0728 02       		.byte	0x2
 1131 0729 23       		.byte	0x23
ARM GAS  /tmp/cc1BVy31.s 			page 21


 1132 072a 0C       		.uleb128 0xc
 1133 072b 15       		.uleb128 0x15
 1134 072c DF020000 		.4byte	.LASF92
 1135 0730 0C       		.byte	0xc
 1136 0731 EA04     		.2byte	0x4ea
 1137 0733 62000000 		.4byte	0x62
 1138 0737 02       		.byte	0x2
 1139 0738 23       		.byte	0x23
 1140 0739 0E       		.uleb128 0xe
 1141 073a 0C       		.uleb128 0xc
 1142 073b 43523200 		.ascii	"CR2\000"
 1143 073f 0C       		.byte	0xc
 1144 0740 EB04     		.2byte	0x4eb
 1145 0742 32060000 		.4byte	0x632
 1146 0746 02       		.byte	0x2
 1147 0747 23       		.byte	0x23
 1148 0748 10       		.uleb128 0x10
 1149 0749 15       		.uleb128 0x15
 1150 074a E9020000 		.4byte	.LASF93
 1151 074e 0C       		.byte	0xc
 1152 074f EC04     		.2byte	0x4ec
 1153 0751 62000000 		.4byte	0x62
 1154 0755 02       		.byte	0x2
 1155 0756 23       		.byte	0x23
 1156 0757 12       		.uleb128 0x12
 1157 0758 0C       		.uleb128 0xc
 1158 0759 43523300 		.ascii	"CR3\000"
 1159 075d 0C       		.byte	0xc
 1160 075e ED04     		.2byte	0x4ed
 1161 0760 32060000 		.4byte	0x632
 1162 0764 02       		.byte	0x2
 1163 0765 23       		.byte	0x23
 1164 0766 14       		.uleb128 0x14
 1165 0767 15       		.uleb128 0x15
 1166 0768 B9030000 		.4byte	.LASF94
 1167 076c 0C       		.byte	0xc
 1168 076d EE04     		.2byte	0x4ee
 1169 076f 62000000 		.4byte	0x62
 1170 0773 02       		.byte	0x2
 1171 0774 23       		.byte	0x23
 1172 0775 16       		.uleb128 0x16
 1173 0776 15       		.uleb128 0x15
 1174 0777 9F000000 		.4byte	.LASF95
 1175 077b 0C       		.byte	0xc
 1176 077c EF04     		.2byte	0x4ef
 1177 077e 32060000 		.4byte	0x632
 1178 0782 02       		.byte	0x2
 1179 0783 23       		.byte	0x23
 1180 0784 18       		.uleb128 0x18
 1181 0785 15       		.uleb128 0x15
 1182 0786 FA020000 		.4byte	.LASF96
 1183 078a 0C       		.byte	0xc
 1184 078b F004     		.2byte	0x4f0
 1185 078d 62000000 		.4byte	0x62
 1186 0791 02       		.byte	0x2
 1187 0792 23       		.byte	0x23
 1188 0793 1A       		.uleb128 0x1a
ARM GAS  /tmp/cc1BVy31.s 			page 22


 1189 0794 00       		.byte	0
 1190 0795 16       		.uleb128 0x16
 1191 0796 F8010000 		.4byte	.LASF97
 1192 079a 0C       		.byte	0xc
 1193 079b F104     		.2byte	0x4f1
 1194 079d BB060000 		.4byte	0x6bb
 1195 07a1 11       		.uleb128 0x11
 1196 07a2 01       		.byte	0x1
 1197 07a3 EF000000 		.4byte	0xef
 1198 07a7 BB070000 		.4byte	0x7bb
 1199 07ab 12       		.uleb128 0x12
 1200 07ac AE020000 		.4byte	0x2ae
 1201 07b0 12       		.uleb128 0x12
 1202 07b1 49000000 		.4byte	0x49
 1203 07b5 12       		.uleb128 0x12
 1204 07b6 10010000 		.4byte	0x110
 1205 07ba 00       		.byte	0
 1206 07bb 09       		.uleb128 0x9
 1207 07bc 04       		.byte	0x4
 1208 07bd A1070000 		.4byte	0x7a1
 1209 07c1 11       		.uleb128 0x11
 1210 07c2 01       		.byte	0x1
 1211 07c3 EF000000 		.4byte	0xef
 1212 07c7 D6070000 		.4byte	0x7d6
 1213 07cb 12       		.uleb128 0x12
 1214 07cc AE020000 		.4byte	0x2ae
 1215 07d0 12       		.uleb128 0x12
 1216 07d1 10010000 		.4byte	0x110
 1217 07d5 00       		.byte	0
 1218 07d6 09       		.uleb128 0x9
 1219 07d7 04       		.byte	0x4
 1220 07d8 C1070000 		.4byte	0x7c1
 1221 07dc 11       		.uleb128 0x11
 1222 07dd 01       		.byte	0x1
 1223 07de 30000000 		.4byte	0x30
 1224 07e2 FB070000 		.4byte	0x7fb
 1225 07e6 12       		.uleb128 0x12
 1226 07e7 AE020000 		.4byte	0x2ae
 1227 07eb 12       		.uleb128 0x12
 1228 07ec E6050000 		.4byte	0x5e6
 1229 07f0 12       		.uleb128 0x12
 1230 07f1 30000000 		.4byte	0x30
 1231 07f5 12       		.uleb128 0x12
 1232 07f6 10010000 		.4byte	0x110
 1233 07fa 00       		.byte	0
 1234 07fb 09       		.uleb128 0x9
 1235 07fc 04       		.byte	0x4
 1236 07fd DC070000 		.4byte	0x7dc
 1237 0801 11       		.uleb128 0x11
 1238 0802 01       		.byte	0x1
 1239 0803 30000000 		.4byte	0x30
 1240 0807 20080000 		.4byte	0x820
 1241 080b 12       		.uleb128 0x12
 1242 080c AE020000 		.4byte	0x2ae
 1243 0810 12       		.uleb128 0x12
 1244 0811 B0050000 		.4byte	0x5b0
 1245 0815 12       		.uleb128 0x12
ARM GAS  /tmp/cc1BVy31.s 			page 23


 1246 0816 30000000 		.4byte	0x30
 1247 081a 12       		.uleb128 0x12
 1248 081b 10010000 		.4byte	0x110
 1249 081f 00       		.byte	0
 1250 0820 09       		.uleb128 0x9
 1251 0821 04       		.byte	0x4
 1252 0822 01080000 		.4byte	0x801
 1253 0826 03       		.uleb128 0x3
 1254 0827 23000000 		.4byte	.LASF98
 1255 082b 0D       		.byte	0xd
 1256 082c 6D       		.byte	0x6d
 1257 082d 86000000 		.4byte	0x86
 1258 0831 17       		.uleb128 0x17
 1259 0832 01       		.byte	0x1
 1260 0833 0E       		.byte	0xe
 1261 0834 64       		.byte	0x64
 1262 0835 4C080000 		.4byte	0x84c
 1263 0839 18       		.uleb128 0x18
 1264 083a AF030000 		.4byte	.LASF99
 1265 083e 00       		.sleb128 0
 1266 083f 18       		.uleb128 0x18
 1267 0840 90030000 		.4byte	.LASF100
 1268 0844 01       		.sleb128 1
 1269 0845 18       		.uleb128 0x18
 1270 0846 3C040000 		.4byte	.LASF101
 1271 084a 02       		.sleb128 2
 1272 084b 00       		.byte	0
 1273 084c 03       		.uleb128 0x3
 1274 084d D4030000 		.4byte	.LASF102
 1275 0851 0E       		.byte	0xe
 1276 0852 68       		.byte	0x68
 1277 0853 31080000 		.4byte	0x831
 1278 0857 03       		.uleb128 0x3
 1279 0858 DE030000 		.4byte	.LASF103
 1280 085c 0E       		.byte	0xe
 1281 085d 6D       		.byte	0x6d
 1282 085e 62080000 		.4byte	0x862
 1283 0862 05       		.uleb128 0x5
 1284 0863 DE030000 		.4byte	.LASF103
 1285 0867 78       		.byte	0x78
 1286 0868 0E       		.byte	0xe
 1287 0869 87       		.byte	0x87
 1288 086a DD080000 		.4byte	0x8dd
 1289 086e 07       		.uleb128 0x7
 1290 086f 766D7400 		.ascii	"vmt\000"
 1291 0873 0E       		.byte	0xe
 1292 0874 89       		.byte	0x89
 1293 0875 5A090000 		.4byte	0x95a
 1294 0879 02       		.byte	0x2
 1295 087a 23       		.byte	0x23
 1296 087b 00       		.uleb128 0
 1297 087c 06       		.uleb128 0x6
 1298 087d B0010000 		.4byte	.LASF104
 1299 0881 0E       		.byte	0xe
 1300 0882 8A       		.byte	0x8a
 1301 0883 97040000 		.4byte	0x497
 1302 0887 02       		.byte	0x2
ARM GAS  /tmp/cc1BVy31.s 			page 24


 1303 0888 23       		.byte	0x23
 1304 0889 04       		.uleb128 0x4
 1305 088a 06       		.uleb128 0x6
 1306 088b BE000000 		.4byte	.LASF105
 1307 088f 0E       		.byte	0xe
 1308 0890 8A       		.byte	0x8a
 1309 0891 4C080000 		.4byte	0x84c
 1310 0895 02       		.byte	0x2
 1311 0896 23       		.byte	0x23
 1312 0897 08       		.uleb128 0x8
 1313 0898 06       		.uleb128 0x6
 1314 0899 8C010000 		.4byte	.LASF106
 1315 089d 0E       		.byte	0xe
 1316 089e 8A       		.byte	0x8a
 1317 089f B6050000 		.4byte	0x5b6
 1318 08a3 02       		.byte	0x2
 1319 08a4 23       		.byte	0x23
 1320 08a5 0C       		.uleb128 0xc
 1321 08a6 06       		.uleb128 0x6
 1322 08a7 F1010000 		.4byte	.LASF107
 1323 08ab 0E       		.byte	0xe
 1324 08ac 8A       		.byte	0x8a
 1325 08ad C1050000 		.4byte	0x5c1
 1326 08b1 02       		.byte	0x2
 1327 08b2 23       		.byte	0x23
 1328 08b3 30       		.uleb128 0x30
 1329 08b4 07       		.uleb128 0x7
 1330 08b5 696200   		.ascii	"ib\000"
 1331 08b8 0E       		.byte	0xe
 1332 08b9 8A       		.byte	0x8a
 1333 08ba 65090000 		.4byte	0x965
 1334 08be 02       		.byte	0x2
 1335 08bf 23       		.byte	0x23
 1336 08c0 54       		.uleb128 0x54
 1337 08c1 07       		.uleb128 0x7
 1338 08c2 6F6200   		.ascii	"ob\000"
 1339 08c5 0E       		.byte	0xe
 1340 08c6 8A       		.byte	0x8a
 1341 08c7 65090000 		.4byte	0x965
 1342 08cb 02       		.byte	0x2
 1343 08cc 23       		.byte	0x23
 1344 08cd 64       		.uleb128 0x64
 1345 08ce 06       		.uleb128 0x6
 1346 08cf 59010000 		.4byte	.LASF108
 1347 08d3 0E       		.byte	0xe
 1348 08d4 8A       		.byte	0x8a
 1349 08d5 75090000 		.4byte	0x975
 1350 08d9 02       		.byte	0x2
 1351 08da 23       		.byte	0x23
 1352 08db 74       		.uleb128 0x74
 1353 08dc 00       		.byte	0
 1354 08dd 05       		.uleb128 0x5
 1355 08de 75010000 		.4byte	.LASF109
 1356 08e2 20       		.byte	0x20
 1357 08e3 0E       		.byte	0xe
 1358 08e4 7C       		.byte	0x7c
 1359 08e5 5A090000 		.4byte	0x95a
ARM GAS  /tmp/cc1BVy31.s 			page 25


 1360 08e9 06       		.uleb128 0x6
 1361 08ea 62020000 		.4byte	.LASF110
 1362 08ee 0E       		.byte	0xe
 1363 08ef 7D       		.byte	0x7d
 1364 08f0 F1050000 		.4byte	0x5f1
 1365 08f4 02       		.byte	0x2
 1366 08f5 23       		.byte	0x23
 1367 08f6 00       		.uleb128 0
 1368 08f7 06       		.uleb128 0x6
 1369 08f8 07040000 		.4byte	.LASF111
 1370 08fc 0E       		.byte	0xe
 1371 08fd 7D       		.byte	0x7d
 1372 08fe 11060000 		.4byte	0x611
 1373 0902 02       		.byte	0x2
 1374 0903 23       		.byte	0x23
 1375 0904 04       		.uleb128 0x4
 1376 0905 07       		.uleb128 0x7
 1377 0906 70757400 		.ascii	"put\000"
 1378 090a 0E       		.byte	0xe
 1379 090b 7D       		.byte	0x7d
 1380 090c 2C060000 		.4byte	0x62c
 1381 0910 02       		.byte	0x2
 1382 0911 23       		.byte	0x23
 1383 0912 08       		.uleb128 0x8
 1384 0913 07       		.uleb128 0x7
 1385 0914 67657400 		.ascii	"get\000"
 1386 0918 0E       		.byte	0xe
 1387 0919 7D       		.byte	0x7d
 1388 091a EF040000 		.4byte	0x4ef
 1389 091e 02       		.byte	0x2
 1390 091f 23       		.byte	0x23
 1391 0920 0C       		.uleb128 0xc
 1392 0921 06       		.uleb128 0x6
 1393 0922 68020000 		.4byte	.LASF112
 1394 0926 0E       		.byte	0xe
 1395 0927 7D       		.byte	0x7d
 1396 0928 BB070000 		.4byte	0x7bb
 1397 092c 02       		.byte	0x2
 1398 092d 23       		.byte	0x23
 1399 092e 10       		.uleb128 0x10
 1400 092f 06       		.uleb128 0x6
 1401 0930 AB010000 		.4byte	.LASF113
 1402 0934 0E       		.byte	0xe
 1403 0935 7D       		.byte	0x7d
 1404 0936 D6070000 		.4byte	0x7d6
 1405 093a 02       		.byte	0x2
 1406 093b 23       		.byte	0x23
 1407 093c 14       		.uleb128 0x14
 1408 093d 06       		.uleb128 0x6
 1409 093e 06020000 		.4byte	.LASF114
 1410 0942 0E       		.byte	0xe
 1411 0943 7D       		.byte	0x7d
 1412 0944 FB070000 		.4byte	0x7fb
 1413 0948 02       		.byte	0x2
 1414 0949 23       		.byte	0x23
 1415 094a 18       		.uleb128 0x18
 1416 094b 06       		.uleb128 0x6
ARM GAS  /tmp/cc1BVy31.s 			page 26


 1417 094c 70000000 		.4byte	.LASF115
 1418 0950 0E       		.byte	0xe
 1419 0951 7D       		.byte	0x7d
 1420 0952 20080000 		.4byte	0x820
 1421 0956 02       		.byte	0x2
 1422 0957 23       		.byte	0x23
 1423 0958 1C       		.uleb128 0x1c
 1424 0959 00       		.byte	0
 1425 095a 09       		.uleb128 0x9
 1426 095b 04       		.byte	0x4
 1427 095c 60090000 		.4byte	0x960
 1428 0960 10       		.uleb128 0x10
 1429 0961 DD080000 		.4byte	0x8dd
 1430 0965 19       		.uleb128 0x19
 1431 0966 49000000 		.4byte	0x49
 1432 096a 75090000 		.4byte	0x975
 1433 096e 1A       		.uleb128 0x1a
 1434 096f 3B000000 		.4byte	0x3b
 1435 0973 0F       		.byte	0xf
 1436 0974 00       		.byte	0
 1437 0975 09       		.uleb128 0x9
 1438 0976 04       		.byte	0x4
 1439 0977 95070000 		.4byte	0x795
 1440 097b 19       		.uleb128 0x19
 1441 097c B0020000 		.4byte	0x2b0
 1442 0980 8B090000 		.4byte	0x98b
 1443 0984 1A       		.uleb128 0x1a
 1444 0985 3B000000 		.4byte	0x3b
 1445 0989 25       		.byte	0x25
 1446 098a 00       		.byte	0
 1447 098b 1B       		.uleb128 0x1b
 1448 098c 5A020000 		.4byte	.LASF121
 1449 0990 01       		.byte	0x1
 1450 0991 19       		.byte	0x19
 1451 0992 01       		.byte	0x1
 1452 0993 EF000000 		.4byte	0xef
 1453 0997 00000000 		.4byte	.LFB63
 1454 099b 34000000 		.4byte	.LFE63
 1455 099f 00000000 		.4byte	.LLST0
 1456 09a3 B7090000 		.4byte	0x9b7
 1457 09a7 1C       		.uleb128 0x1c
 1458 09a8 61726700 		.ascii	"arg\000"
 1459 09ac 01       		.byte	0x1
 1460 09ad 19       		.byte	0x19
 1461 09ae AE020000 		.4byte	0x2ae
 1462 09b2 20000000 		.4byte	.LLST1
 1463 09b6 00       		.byte	0
 1464 09b7 1D       		.uleb128 0x1d
 1465 09b8 01       		.byte	0x1
 1466 09b9 96040000 		.4byte	.LASF122
 1467 09bd 01       		.byte	0x1
 1468 09be 28       		.byte	0x28
 1469 09bf 01       		.byte	0x1
 1470 09c0 29000000 		.4byte	0x29
 1471 09c4 00000000 		.4byte	.LFB64
 1472 09c8 54000000 		.4byte	.LFE64
 1473 09cc 33000000 		.4byte	.LLST2
ARM GAS  /tmp/cc1BVy31.s 			page 27


 1474 09d0 1E       		.uleb128 0x1e
 1475 09d1 6D040000 		.4byte	.LASF116
 1476 09d5 08       		.byte	0x8
 1477 09d6 6F       		.byte	0x6f
 1478 09d7 D3030000 		.4byte	0x3d3
 1479 09db 01       		.byte	0x1
 1480 09dc 01       		.byte	0x1
 1481 09dd 1F       		.uleb128 0x1f
 1482 09de 5C000000 		.4byte	.LASF117
 1483 09e2 0F       		.byte	0xf
 1484 09e3 0706     		.2byte	0x607
 1485 09e5 37060000 		.4byte	0x637
 1486 09e9 01       		.byte	0x1
 1487 09ea 01       		.byte	0x1
 1488 09eb 20       		.uleb128 0x20
 1489 09ec 53443200 		.ascii	"SD2\000"
 1490 09f0 10       		.byte	0x10
 1491 09f1 1201     		.2byte	0x112
 1492 09f3 57080000 		.4byte	0x857
 1493 09f7 01       		.byte	0x1
 1494 09f8 01       		.byte	0x1
 1495 09f9 21       		.uleb128 0x21
 1496 09fa AF020000 		.4byte	.LASF123
 1497 09fe 01       		.byte	0x1
 1498 09ff 18       		.byte	0x18
 1499 0a00 7B090000 		.4byte	0x97b
 1500 0a04 05       		.byte	0x5
 1501 0a05 03       		.byte	0x3
 1502 0a06 00000000 		.4byte	waThread1
 1503 0a0a 1E       		.uleb128 0x1e
 1504 0a0b 6D040000 		.4byte	.LASF116
 1505 0a0f 08       		.byte	0x8
 1506 0a10 6F       		.byte	0x6f
 1507 0a11 D3030000 		.4byte	0x3d3
 1508 0a15 01       		.byte	0x1
 1509 0a16 01       		.byte	0x1
 1510 0a17 1F       		.uleb128 0x1f
 1511 0a18 5C000000 		.4byte	.LASF117
 1512 0a1c 0F       		.byte	0xf
 1513 0a1d 0706     		.2byte	0x607
 1514 0a1f 37060000 		.4byte	0x637
 1515 0a23 01       		.byte	0x1
 1516 0a24 01       		.byte	0x1
 1517 0a25 20       		.uleb128 0x20
 1518 0a26 53443200 		.ascii	"SD2\000"
 1519 0a2a 10       		.byte	0x10
 1520 0a2b 1201     		.2byte	0x112
 1521 0a2d 57080000 		.4byte	0x857
 1522 0a31 01       		.byte	0x1
 1523 0a32 01       		.byte	0x1
 1524 0a33 00       		.byte	0
 1525              		.section	.debug_abbrev,"",%progbits
 1526              	.Ldebug_abbrev0:
 1527 0000 01       		.uleb128 0x1
 1528 0001 11       		.uleb128 0x11
 1529 0002 01       		.byte	0x1
 1530 0003 25       		.uleb128 0x25
ARM GAS  /tmp/cc1BVy31.s 			page 28


 1531 0004 0E       		.uleb128 0xe
 1532 0005 13       		.uleb128 0x13
 1533 0006 0B       		.uleb128 0xb
 1534 0007 03       		.uleb128 0x3
 1535 0008 0E       		.uleb128 0xe
 1536 0009 1B       		.uleb128 0x1b
 1537 000a 0E       		.uleb128 0xe
 1538 000b 11       		.uleb128 0x11
 1539 000c 01       		.uleb128 0x1
 1540 000d 52       		.uleb128 0x52
 1541 000e 01       		.uleb128 0x1
 1542 000f 55       		.uleb128 0x55
 1543 0010 06       		.uleb128 0x6
 1544 0011 10       		.uleb128 0x10
 1545 0012 06       		.uleb128 0x6
 1546 0013 00       		.byte	0
 1547 0014 00       		.byte	0
 1548 0015 02       		.uleb128 0x2
 1549 0016 24       		.uleb128 0x24
 1550 0017 00       		.byte	0
 1551 0018 0B       		.uleb128 0xb
 1552 0019 0B       		.uleb128 0xb
 1553 001a 3E       		.uleb128 0x3e
 1554 001b 0B       		.uleb128 0xb
 1555 001c 03       		.uleb128 0x3
 1556 001d 08       		.uleb128 0x8
 1557 001e 00       		.byte	0
 1558 001f 00       		.byte	0
 1559 0020 03       		.uleb128 0x3
 1560 0021 16       		.uleb128 0x16
 1561 0022 00       		.byte	0
 1562 0023 03       		.uleb128 0x3
 1563 0024 0E       		.uleb128 0xe
 1564 0025 3A       		.uleb128 0x3a
 1565 0026 0B       		.uleb128 0xb
 1566 0027 3B       		.uleb128 0x3b
 1567 0028 0B       		.uleb128 0xb
 1568 0029 49       		.uleb128 0x49
 1569 002a 13       		.uleb128 0x13
 1570 002b 00       		.byte	0
 1571 002c 00       		.byte	0
 1572 002d 04       		.uleb128 0x4
 1573 002e 24       		.uleb128 0x24
 1574 002f 00       		.byte	0
 1575 0030 0B       		.uleb128 0xb
 1576 0031 0B       		.uleb128 0xb
 1577 0032 3E       		.uleb128 0x3e
 1578 0033 0B       		.uleb128 0xb
 1579 0034 03       		.uleb128 0x3
 1580 0035 0E       		.uleb128 0xe
 1581 0036 00       		.byte	0
 1582 0037 00       		.byte	0
 1583 0038 05       		.uleb128 0x5
 1584 0039 13       		.uleb128 0x13
 1585 003a 01       		.byte	0x1
 1586 003b 03       		.uleb128 0x3
 1587 003c 0E       		.uleb128 0xe
ARM GAS  /tmp/cc1BVy31.s 			page 29


 1588 003d 0B       		.uleb128 0xb
 1589 003e 0B       		.uleb128 0xb
 1590 003f 3A       		.uleb128 0x3a
 1591 0040 0B       		.uleb128 0xb
 1592 0041 3B       		.uleb128 0x3b
 1593 0042 0B       		.uleb128 0xb
 1594 0043 01       		.uleb128 0x1
 1595 0044 13       		.uleb128 0x13
 1596 0045 00       		.byte	0
 1597 0046 00       		.byte	0
 1598 0047 06       		.uleb128 0x6
 1599 0048 0D       		.uleb128 0xd
 1600 0049 00       		.byte	0
 1601 004a 03       		.uleb128 0x3
 1602 004b 0E       		.uleb128 0xe
 1603 004c 3A       		.uleb128 0x3a
 1604 004d 0B       		.uleb128 0xb
 1605 004e 3B       		.uleb128 0x3b
 1606 004f 0B       		.uleb128 0xb
 1607 0050 49       		.uleb128 0x49
 1608 0051 13       		.uleb128 0x13
 1609 0052 38       		.uleb128 0x38
 1610 0053 0A       		.uleb128 0xa
 1611 0054 00       		.byte	0
 1612 0055 00       		.byte	0
 1613 0056 07       		.uleb128 0x7
 1614 0057 0D       		.uleb128 0xd
 1615 0058 00       		.byte	0
 1616 0059 03       		.uleb128 0x3
 1617 005a 08       		.uleb128 0x8
 1618 005b 3A       		.uleb128 0x3a
 1619 005c 0B       		.uleb128 0xb
 1620 005d 3B       		.uleb128 0x3b
 1621 005e 0B       		.uleb128 0xb
 1622 005f 49       		.uleb128 0x49
 1623 0060 13       		.uleb128 0x13
 1624 0061 38       		.uleb128 0x38
 1625 0062 0A       		.uleb128 0xa
 1626 0063 00       		.byte	0
 1627 0064 00       		.byte	0
 1628 0065 08       		.uleb128 0x8
 1629 0066 13       		.uleb128 0x13
 1630 0067 01       		.byte	0x1
 1631 0068 0B       		.uleb128 0xb
 1632 0069 0B       		.uleb128 0xb
 1633 006a 3A       		.uleb128 0x3a
 1634 006b 0B       		.uleb128 0xb
 1635 006c 3B       		.uleb128 0x3b
 1636 006d 0B       		.uleb128 0xb
 1637 006e 01       		.uleb128 0x1
 1638 006f 13       		.uleb128 0x13
 1639 0070 00       		.byte	0
 1640 0071 00       		.byte	0
 1641 0072 09       		.uleb128 0x9
 1642 0073 0F       		.uleb128 0xf
 1643 0074 00       		.byte	0
 1644 0075 0B       		.uleb128 0xb
ARM GAS  /tmp/cc1BVy31.s 			page 30


 1645 0076 0B       		.uleb128 0xb
 1646 0077 49       		.uleb128 0x49
 1647 0078 13       		.uleb128 0x13
 1648 0079 00       		.byte	0
 1649 007a 00       		.byte	0
 1650 007b 0A       		.uleb128 0xa
 1651 007c 0F       		.uleb128 0xf
 1652 007d 00       		.byte	0
 1653 007e 0B       		.uleb128 0xb
 1654 007f 0B       		.uleb128 0xb
 1655 0080 00       		.byte	0
 1656 0081 00       		.byte	0
 1657 0082 0B       		.uleb128 0xb
 1658 0083 13       		.uleb128 0x13
 1659 0084 01       		.byte	0x1
 1660 0085 03       		.uleb128 0x3
 1661 0086 0E       		.uleb128 0xe
 1662 0087 0B       		.uleb128 0xb
 1663 0088 0B       		.uleb128 0xb
 1664 0089 3A       		.uleb128 0x3a
 1665 008a 0B       		.uleb128 0xb
 1666 008b 3B       		.uleb128 0x3b
 1667 008c 05       		.uleb128 0x5
 1668 008d 01       		.uleb128 0x1
 1669 008e 13       		.uleb128 0x13
 1670 008f 00       		.byte	0
 1671 0090 00       		.byte	0
 1672 0091 0C       		.uleb128 0xc
 1673 0092 0D       		.uleb128 0xd
 1674 0093 00       		.byte	0
 1675 0094 03       		.uleb128 0x3
 1676 0095 08       		.uleb128 0x8
 1677 0096 3A       		.uleb128 0x3a
 1678 0097 0B       		.uleb128 0xb
 1679 0098 3B       		.uleb128 0x3b
 1680 0099 05       		.uleb128 0x5
 1681 009a 49       		.uleb128 0x49
 1682 009b 13       		.uleb128 0x13
 1683 009c 38       		.uleb128 0x38
 1684 009d 0A       		.uleb128 0xa
 1685 009e 00       		.byte	0
 1686 009f 00       		.byte	0
 1687 00a0 0D       		.uleb128 0xd
 1688 00a1 35       		.uleb128 0x35
 1689 00a2 00       		.byte	0
 1690 00a3 49       		.uleb128 0x49
 1691 00a4 13       		.uleb128 0x13
 1692 00a5 00       		.byte	0
 1693 00a6 00       		.byte	0
 1694 00a7 0E       		.uleb128 0xe
 1695 00a8 17       		.uleb128 0x17
 1696 00a9 01       		.byte	0x1
 1697 00aa 0B       		.uleb128 0xb
 1698 00ab 0B       		.uleb128 0xb
 1699 00ac 3A       		.uleb128 0x3a
 1700 00ad 0B       		.uleb128 0xb
 1701 00ae 3B       		.uleb128 0x3b
ARM GAS  /tmp/cc1BVy31.s 			page 31


 1702 00af 0B       		.uleb128 0xb
 1703 00b0 01       		.uleb128 0x1
 1704 00b1 13       		.uleb128 0x13
 1705 00b2 00       		.byte	0
 1706 00b3 00       		.byte	0
 1707 00b4 0F       		.uleb128 0xf
 1708 00b5 0D       		.uleb128 0xd
 1709 00b6 00       		.byte	0
 1710 00b7 03       		.uleb128 0x3
 1711 00b8 0E       		.uleb128 0xe
 1712 00b9 3A       		.uleb128 0x3a
 1713 00ba 0B       		.uleb128 0xb
 1714 00bb 3B       		.uleb128 0x3b
 1715 00bc 0B       		.uleb128 0xb
 1716 00bd 49       		.uleb128 0x49
 1717 00be 13       		.uleb128 0x13
 1718 00bf 00       		.byte	0
 1719 00c0 00       		.byte	0
 1720 00c1 10       		.uleb128 0x10
 1721 00c2 26       		.uleb128 0x26
 1722 00c3 00       		.byte	0
 1723 00c4 49       		.uleb128 0x49
 1724 00c5 13       		.uleb128 0x13
 1725 00c6 00       		.byte	0
 1726 00c7 00       		.byte	0
 1727 00c8 11       		.uleb128 0x11
 1728 00c9 15       		.uleb128 0x15
 1729 00ca 01       		.byte	0x1
 1730 00cb 27       		.uleb128 0x27
 1731 00cc 0C       		.uleb128 0xc
 1732 00cd 49       		.uleb128 0x49
 1733 00ce 13       		.uleb128 0x13
 1734 00cf 01       		.uleb128 0x1
 1735 00d0 13       		.uleb128 0x13
 1736 00d1 00       		.byte	0
 1737 00d2 00       		.byte	0
 1738 00d3 12       		.uleb128 0x12
 1739 00d4 05       		.uleb128 0x5
 1740 00d5 00       		.byte	0
 1741 00d6 49       		.uleb128 0x49
 1742 00d7 13       		.uleb128 0x13
 1743 00d8 00       		.byte	0
 1744 00d9 00       		.byte	0
 1745 00da 13       		.uleb128 0x13
 1746 00db 15       		.uleb128 0x15
 1747 00dc 01       		.byte	0x1
 1748 00dd 27       		.uleb128 0x27
 1749 00de 0C       		.uleb128 0xc
 1750 00df 01       		.uleb128 0x1
 1751 00e0 13       		.uleb128 0x13
 1752 00e1 00       		.byte	0
 1753 00e2 00       		.byte	0
 1754 00e3 14       		.uleb128 0x14
 1755 00e4 13       		.uleb128 0x13
 1756 00e5 01       		.byte	0x1
 1757 00e6 0B       		.uleb128 0xb
 1758 00e7 0B       		.uleb128 0xb
ARM GAS  /tmp/cc1BVy31.s 			page 32


 1759 00e8 3A       		.uleb128 0x3a
 1760 00e9 0B       		.uleb128 0xb
 1761 00ea 3B       		.uleb128 0x3b
 1762 00eb 05       		.uleb128 0x5
 1763 00ec 01       		.uleb128 0x1
 1764 00ed 13       		.uleb128 0x13
 1765 00ee 00       		.byte	0
 1766 00ef 00       		.byte	0
 1767 00f0 15       		.uleb128 0x15
 1768 00f1 0D       		.uleb128 0xd
 1769 00f2 00       		.byte	0
 1770 00f3 03       		.uleb128 0x3
 1771 00f4 0E       		.uleb128 0xe
 1772 00f5 3A       		.uleb128 0x3a
 1773 00f6 0B       		.uleb128 0xb
 1774 00f7 3B       		.uleb128 0x3b
 1775 00f8 05       		.uleb128 0x5
 1776 00f9 49       		.uleb128 0x49
 1777 00fa 13       		.uleb128 0x13
 1778 00fb 38       		.uleb128 0x38
 1779 00fc 0A       		.uleb128 0xa
 1780 00fd 00       		.byte	0
 1781 00fe 00       		.byte	0
 1782 00ff 16       		.uleb128 0x16
 1783 0100 16       		.uleb128 0x16
 1784 0101 00       		.byte	0
 1785 0102 03       		.uleb128 0x3
 1786 0103 0E       		.uleb128 0xe
 1787 0104 3A       		.uleb128 0x3a
 1788 0105 0B       		.uleb128 0xb
 1789 0106 3B       		.uleb128 0x3b
 1790 0107 05       		.uleb128 0x5
 1791 0108 49       		.uleb128 0x49
 1792 0109 13       		.uleb128 0x13
 1793 010a 00       		.byte	0
 1794 010b 00       		.byte	0
 1795 010c 17       		.uleb128 0x17
 1796 010d 04       		.uleb128 0x4
 1797 010e 01       		.byte	0x1
 1798 010f 0B       		.uleb128 0xb
 1799 0110 0B       		.uleb128 0xb
 1800 0111 3A       		.uleb128 0x3a
 1801 0112 0B       		.uleb128 0xb
 1802 0113 3B       		.uleb128 0x3b
 1803 0114 0B       		.uleb128 0xb
 1804 0115 01       		.uleb128 0x1
 1805 0116 13       		.uleb128 0x13
 1806 0117 00       		.byte	0
 1807 0118 00       		.byte	0
 1808 0119 18       		.uleb128 0x18
 1809 011a 28       		.uleb128 0x28
 1810 011b 00       		.byte	0
 1811 011c 03       		.uleb128 0x3
 1812 011d 0E       		.uleb128 0xe
 1813 011e 1C       		.uleb128 0x1c
 1814 011f 0D       		.uleb128 0xd
 1815 0120 00       		.byte	0
ARM GAS  /tmp/cc1BVy31.s 			page 33


 1816 0121 00       		.byte	0
 1817 0122 19       		.uleb128 0x19
 1818 0123 01       		.uleb128 0x1
 1819 0124 01       		.byte	0x1
 1820 0125 49       		.uleb128 0x49
 1821 0126 13       		.uleb128 0x13
 1822 0127 01       		.uleb128 0x1
 1823 0128 13       		.uleb128 0x13
 1824 0129 00       		.byte	0
 1825 012a 00       		.byte	0
 1826 012b 1A       		.uleb128 0x1a
 1827 012c 21       		.uleb128 0x21
 1828 012d 00       		.byte	0
 1829 012e 49       		.uleb128 0x49
 1830 012f 13       		.uleb128 0x13
 1831 0130 2F       		.uleb128 0x2f
 1832 0131 0B       		.uleb128 0xb
 1833 0132 00       		.byte	0
 1834 0133 00       		.byte	0
 1835 0134 1B       		.uleb128 0x1b
 1836 0135 2E       		.uleb128 0x2e
 1837 0136 01       		.byte	0x1
 1838 0137 03       		.uleb128 0x3
 1839 0138 0E       		.uleb128 0xe
 1840 0139 3A       		.uleb128 0x3a
 1841 013a 0B       		.uleb128 0xb
 1842 013b 3B       		.uleb128 0x3b
 1843 013c 0B       		.uleb128 0xb
 1844 013d 27       		.uleb128 0x27
 1845 013e 0C       		.uleb128 0xc
 1846 013f 49       		.uleb128 0x49
 1847 0140 13       		.uleb128 0x13
 1848 0141 11       		.uleb128 0x11
 1849 0142 01       		.uleb128 0x1
 1850 0143 12       		.uleb128 0x12
 1851 0144 01       		.uleb128 0x1
 1852 0145 40       		.uleb128 0x40
 1853 0146 06       		.uleb128 0x6
 1854 0147 01       		.uleb128 0x1
 1855 0148 13       		.uleb128 0x13
 1856 0149 00       		.byte	0
 1857 014a 00       		.byte	0
 1858 014b 1C       		.uleb128 0x1c
 1859 014c 05       		.uleb128 0x5
 1860 014d 00       		.byte	0
 1861 014e 03       		.uleb128 0x3
 1862 014f 08       		.uleb128 0x8
 1863 0150 3A       		.uleb128 0x3a
 1864 0151 0B       		.uleb128 0xb
 1865 0152 3B       		.uleb128 0x3b
 1866 0153 0B       		.uleb128 0xb
 1867 0154 49       		.uleb128 0x49
 1868 0155 13       		.uleb128 0x13
 1869 0156 02       		.uleb128 0x2
 1870 0157 06       		.uleb128 0x6
 1871 0158 00       		.byte	0
 1872 0159 00       		.byte	0
ARM GAS  /tmp/cc1BVy31.s 			page 34


 1873 015a 1D       		.uleb128 0x1d
 1874 015b 2E       		.uleb128 0x2e
 1875 015c 00       		.byte	0
 1876 015d 3F       		.uleb128 0x3f
 1877 015e 0C       		.uleb128 0xc
 1878 015f 03       		.uleb128 0x3
 1879 0160 0E       		.uleb128 0xe
 1880 0161 3A       		.uleb128 0x3a
 1881 0162 0B       		.uleb128 0xb
 1882 0163 3B       		.uleb128 0x3b
 1883 0164 0B       		.uleb128 0xb
 1884 0165 27       		.uleb128 0x27
 1885 0166 0C       		.uleb128 0xc
 1886 0167 49       		.uleb128 0x49
 1887 0168 13       		.uleb128 0x13
 1888 0169 11       		.uleb128 0x11
 1889 016a 01       		.uleb128 0x1
 1890 016b 12       		.uleb128 0x12
 1891 016c 01       		.uleb128 0x1
 1892 016d 40       		.uleb128 0x40
 1893 016e 06       		.uleb128 0x6
 1894 016f 00       		.byte	0
 1895 0170 00       		.byte	0
 1896 0171 1E       		.uleb128 0x1e
 1897 0172 34       		.uleb128 0x34
 1898 0173 00       		.byte	0
 1899 0174 03       		.uleb128 0x3
 1900 0175 0E       		.uleb128 0xe
 1901 0176 3A       		.uleb128 0x3a
 1902 0177 0B       		.uleb128 0xb
 1903 0178 3B       		.uleb128 0x3b
 1904 0179 0B       		.uleb128 0xb
 1905 017a 49       		.uleb128 0x49
 1906 017b 13       		.uleb128 0x13
 1907 017c 3F       		.uleb128 0x3f
 1908 017d 0C       		.uleb128 0xc
 1909 017e 3C       		.uleb128 0x3c
 1910 017f 0C       		.uleb128 0xc
 1911 0180 00       		.byte	0
 1912 0181 00       		.byte	0
 1913 0182 1F       		.uleb128 0x1f
 1914 0183 34       		.uleb128 0x34
 1915 0184 00       		.byte	0
 1916 0185 03       		.uleb128 0x3
 1917 0186 0E       		.uleb128 0xe
 1918 0187 3A       		.uleb128 0x3a
 1919 0188 0B       		.uleb128 0xb
 1920 0189 3B       		.uleb128 0x3b
 1921 018a 05       		.uleb128 0x5
 1922 018b 49       		.uleb128 0x49
 1923 018c 13       		.uleb128 0x13
 1924 018d 3F       		.uleb128 0x3f
 1925 018e 0C       		.uleb128 0xc
 1926 018f 3C       		.uleb128 0x3c
 1927 0190 0C       		.uleb128 0xc
 1928 0191 00       		.byte	0
 1929 0192 00       		.byte	0
ARM GAS  /tmp/cc1BVy31.s 			page 35


 1930 0193 20       		.uleb128 0x20
 1931 0194 34       		.uleb128 0x34
 1932 0195 00       		.byte	0
 1933 0196 03       		.uleb128 0x3
 1934 0197 08       		.uleb128 0x8
 1935 0198 3A       		.uleb128 0x3a
 1936 0199 0B       		.uleb128 0xb
 1937 019a 3B       		.uleb128 0x3b
 1938 019b 05       		.uleb128 0x5
 1939 019c 49       		.uleb128 0x49
 1940 019d 13       		.uleb128 0x13
 1941 019e 3F       		.uleb128 0x3f
 1942 019f 0C       		.uleb128 0xc
 1943 01a0 3C       		.uleb128 0x3c
 1944 01a1 0C       		.uleb128 0xc
 1945 01a2 00       		.byte	0
 1946 01a3 00       		.byte	0
 1947 01a4 21       		.uleb128 0x21
 1948 01a5 34       		.uleb128 0x34
 1949 01a6 00       		.byte	0
 1950 01a7 03       		.uleb128 0x3
 1951 01a8 0E       		.uleb128 0xe
 1952 01a9 3A       		.uleb128 0x3a
 1953 01aa 0B       		.uleb128 0xb
 1954 01ab 3B       		.uleb128 0x3b
 1955 01ac 0B       		.uleb128 0xb
 1956 01ad 49       		.uleb128 0x49
 1957 01ae 13       		.uleb128 0x13
 1958 01af 02       		.uleb128 0x2
 1959 01b0 0A       		.uleb128 0xa
 1960 01b1 00       		.byte	0
 1961 01b2 00       		.byte	0
 1962 01b3 00       		.byte	0
 1963              		.section	.debug_loc,"",%progbits
 1964              	.Ldebug_loc0:
 1965              	.LLST0:
 1966 0000 00000000 		.4byte	.LFB63
 1967 0004 04000000 		.4byte	.LCFI0
 1968 0008 0200     		.2byte	0x2
 1969 000a 7D       		.byte	0x7d
 1970 000b 00       		.sleb128 0
 1971 000c 04000000 		.4byte	.LCFI0
 1972 0010 34000000 		.4byte	.LFE63
 1973 0014 0200     		.2byte	0x2
 1974 0016 7D       		.byte	0x7d
 1975 0017 10       		.sleb128 16
 1976 0018 00000000 		.4byte	0
 1977 001c 00000000 		.4byte	0
 1978              	.LLST1:
 1979 0020 00000000 		.4byte	.LVL0
 1980 0024 16000000 		.4byte	.LVL1
 1981 0028 0100     		.2byte	0x1
 1982 002a 50       		.byte	0x50
 1983 002b 00000000 		.4byte	0
 1984 002f 00000000 		.4byte	0
 1985              	.LLST2:
 1986 0033 00000000 		.4byte	.LFB64
ARM GAS  /tmp/cc1BVy31.s 			page 36


 1987 0037 02000000 		.4byte	.LCFI1
 1988 003b 0200     		.2byte	0x2
 1989 003d 7D       		.byte	0x7d
 1990 003e 00       		.sleb128 0
 1991 003f 02000000 		.4byte	.LCFI1
 1992 0043 04000000 		.4byte	.LCFI2
 1993 0047 0200     		.2byte	0x2
 1994 0049 7D       		.byte	0x7d
 1995 004a 08       		.sleb128 8
 1996 004b 04000000 		.4byte	.LCFI2
 1997 004f 54000000 		.4byte	.LFE64
 1998 0053 0200     		.2byte	0x2
 1999 0055 7D       		.byte	0x7d
 2000 0056 10       		.sleb128 16
 2001 0057 00000000 		.4byte	0
 2002 005b 00000000 		.4byte	0
 2003              		.section	.debug_aranges,"",%progbits
 2004 0000 24000000 		.4byte	0x24
 2005 0004 0200     		.2byte	0x2
 2006 0006 00000000 		.4byte	.Ldebug_info0
 2007 000a 04       		.byte	0x4
 2008 000b 00       		.byte	0
 2009 000c 0000     		.2byte	0
 2010 000e 0000     		.2byte	0
 2011 0010 00000000 		.4byte	.LFB63
 2012 0014 34000000 		.4byte	.LFE63-.LFB63
 2013 0018 00000000 		.4byte	.LFB64
 2014 001c 54000000 		.4byte	.LFE64-.LFB64
 2015 0020 00000000 		.4byte	0
 2016 0024 00000000 		.4byte	0
 2017              		.section	.debug_ranges,"",%progbits
 2018              	.Ldebug_ranges0:
 2019 0000 00000000 		.4byte	.LFB63
 2020 0004 34000000 		.4byte	.LFE63
 2021 0008 00000000 		.4byte	.LFB64
 2022 000c 54000000 		.4byte	.LFE64
 2023 0010 00000000 		.4byte	0
 2024 0014 00000000 		.4byte	0
 2025              		.section	.debug_line,"",%progbits
 2026              	.Ldebug_line0:
 2027 0000 B2020000 		.section	.debug_str,"MS",%progbits,1
 2027      02005D02 
 2027      00000201 
 2027      FB0E0D00 
 2027      01010101 
 2028              	.LASF2:
 2029 0000 73697A65 		.ascii	"size_t\000"
 2029      5F7400
 2030              	.LASF69:
 2031 0007 7264796D 		.ascii	"rdymsg\000"
 2031      736700
 2032              	.LASF13:
 2033 000e 75696E74 		.ascii	"uint64_t\000"
 2033      36345F74 
 2033      00
 2034              	.LASF85:
 2035 0017 4F757470 		.ascii	"OutputQueue\000"
ARM GAS  /tmp/cc1BVy31.s 			page 37


 2035      75745175 
 2035      65756500 
 2036              	.LASF98:
 2037 0023 696F706F 		.ascii	"ioportmask_t\000"
 2037      72746D61 
 2037      736B5F74 
 2037      00
 2038              	.LASF14:
 2039 0030 6C6F6E67 		.ascii	"long long unsigned int\000"
 2039      206C6F6E 
 2039      6720756E 
 2039      7369676E 
 2039      65642069 
 2040              	.LASF23:
 2041 0047 666C6167 		.ascii	"flagsmask_t\000"
 2041      736D6173 
 2041      6B5F7400 
 2042              	.LASF70:
 2043 0053 65786974 		.ascii	"exitcode\000"
 2043      636F6465 
 2043      00
 2044              	.LASF117:
 2045 005c 49544D5F 		.ascii	"ITM_RxBuffer\000"
 2045      52784275 
 2045      66666572 
 2045      00
 2046              	.LASF28:
 2047 0069 705F7072 		.ascii	"p_prio\000"
 2047      696F00
 2048              	.LASF115:
 2049 0070 72656164 		.ascii	"readt\000"
 2049      7400
 2050              	.LASF75:
 2051 0076 715F7761 		.ascii	"q_waiting\000"
 2051      6974696E 
 2051      6700
 2052              	.LASF12:
 2053 0080 6C6F6E67 		.ascii	"long long int\000"
 2053      206C6F6E 
 2053      6720696E 
 2053      7400
 2054              	.LASF1:
 2055 008e 7369676E 		.ascii	"signed char\000"
 2055      65642063 
 2055      68617200 
 2056              	.LASF86:
 2057 009a 42535252 		.ascii	"BSRR\000"
 2057      00
 2058              	.LASF95:
 2059 009f 47545052 		.ascii	"GTPR\000"
 2059      00
 2060              	.LASF44:
 2061 00a4 705F6D70 		.ascii	"p_mpool\000"
 2061      6F6F6C00 
 2062              	.LASF59:
 2063 00ac 6D5F7175 		.ascii	"m_queue\000"
 2063      65756500 
ARM GAS  /tmp/cc1BVy31.s 			page 38


 2064              	.LASF19:
 2065 00b4 74736C69 		.ascii	"tslices_t\000"
 2065      6365735F 
 2065      7400
 2066              	.LASF105:
 2067 00be 73746174 		.ascii	"state\000"
 2067      6500
 2068              	.LASF9:
 2069 00c4 6C6F6E67 		.ascii	"long int\000"
 2069      20696E74 
 2069      00
 2070              	.LASF17:
 2071 00cd 74737461 		.ascii	"tstate_t\000"
 2071      74655F74 
 2071      00
 2072              	.LASF35:
 2073 00d6 705F7265 		.ascii	"p_refs\000"
 2073      667300
 2074              	.LASF77:
 2075 00dd 715F6275 		.ascii	"q_buffer\000"
 2075      66666572 
 2075      00
 2076              	.LASF79:
 2077 00e6 715F7772 		.ascii	"q_wrptr\000"
 2077      70747200 
 2078              	.LASF82:
 2079 00ee 715F6C69 		.ascii	"q_link\000"
 2079      6E6B00
 2080              	.LASF120:
 2081 00f5 2F686F6D 		.ascii	"/home/aggieair/workspace/ChibiOS_2.6.1/demos/ARMCM3"
 2081      652F6167 
 2081      67696561 
 2081      69722F77 
 2081      6F726B73 
 2082 0128 2D53544D 		.ascii	"-STM32F103/\000"
 2082      33324631 
 2082      30332F00 
 2083              	.LASF30:
 2084 0134 705F6E65 		.ascii	"p_newer\000"
 2084      77657200 
 2085              	.LASF54:
 2086 013c 725F6E65 		.ascii	"r_newer\000"
 2086      77657200 
 2087              	.LASF47:
 2088 0144 72656761 		.ascii	"regarm_t\000"
 2088      726D5F74 
 2088      00
 2089              	.LASF67:
 2090 014d 4576656E 		.ascii	"EventSource\000"
 2090      74536F75 
 2090      72636500 
 2091              	.LASF108:
 2092 0159 75736172 		.ascii	"usart\000"
 2092      7400
 2093              	.LASF0:
 2094 015f 756E7369 		.ascii	"unsigned int\000"
 2094      676E6564 
ARM GAS  /tmp/cc1BVy31.s 			page 39


 2094      20696E74 
 2094      00
 2095              	.LASF6:
 2096 016c 75696E74 		.ascii	"uint16_t\000"
 2096      31365F74 
 2096      00
 2097              	.LASF109:
 2098 0175 53657269 		.ascii	"SerialDriverVMT\000"
 2098      616C4472 
 2098      69766572 
 2098      564D5400 
 2099              	.LASF37:
 2100 0185 705F7469 		.ascii	"p_time\000"
 2100      6D6500
 2101              	.LASF106:
 2102 018c 69717565 		.ascii	"iqueue\000"
 2102      756500
 2103              	.LASF39:
 2104 0193 705F6D73 		.ascii	"p_msgqueue\000"
 2104      67717565 
 2104      756500
 2105              	.LASF88:
 2106 019e 4750494F 		.ascii	"GPIO_TypeDef\000"
 2106      5F547970 
 2106      65446566 
 2106      00
 2107              	.LASF113:
 2108 01ab 67657474 		.ascii	"gett\000"
 2108      00
 2109              	.LASF104:
 2110 01b0 6576656E 		.ascii	"event\000"
 2110      7400
 2111              	.LASF7:
 2112 01b6 73686F72 		.ascii	"short unsigned int\000"
 2112      7420756E 
 2112      7369676E 
 2112      65642069 
 2112      6E7400
 2113              	.LASF118:
 2114 01c9 474E5520 		.ascii	"GNU C 4.6.2 20110908 (prerelease)\000"
 2114      4320342E 
 2114      362E3220 
 2114      32303131 
 2114      30393038 
 2115              	.LASF21:
 2116 01eb 6D73675F 		.ascii	"msg_t\000"
 2116      7400
 2117              	.LASF107:
 2118 01f1 6F717565 		.ascii	"oqueue\000"
 2118      756500
 2119              	.LASF97:
 2120 01f8 55534152 		.ascii	"USART_TypeDef\000"
 2120      545F5479 
 2120      70654465 
 2120      6600
 2121              	.LASF114:
 2122 0206 77726974 		.ascii	"writet\000"
ARM GAS  /tmp/cc1BVy31.s 			page 40


 2122      657400
 2123              	.LASF16:
 2124 020d 746D6F64 		.ascii	"tmode_t\000"
 2124      655F7400 
 2125              	.LASF46:
 2126 0215 54687265 		.ascii	"ThreadsList\000"
 2126      6164734C 
 2126      69737400 
 2127              	.LASF22:
 2128 0221 6576656E 		.ascii	"eventmask_t\000"
 2128      746D6173 
 2128      6B5F7400 
 2129              	.LASF84:
 2130 022d 496E7075 		.ascii	"InputQueue\000"
 2130      74517565 
 2130      756500
 2131              	.LASF83:
 2132 0238 716E6F74 		.ascii	"qnotify_t\000"
 2132      6966795F 
 2132      7400
 2133              	.LASF74:
 2134 0242 47656E65 		.ascii	"GenericQueue\000"
 2134      72696351 
 2134      75657565 
 2134      00
 2135              	.LASF48:
 2136 024f 73746B61 		.ascii	"stkalign_t\000"
 2136      6C69676E 
 2136      5F7400
 2137              	.LASF121:
 2138 025a 54687265 		.ascii	"Thread1\000"
 2138      61643100 
 2139              	.LASF110:
 2140 0262 77726974 		.ascii	"write\000"
 2140      6500
 2141              	.LASF112:
 2142 0268 70757474 		.ascii	"putt\000"
 2142      00
 2143              	.LASF76:
 2144 026d 715F636F 		.ascii	"q_counter\000"
 2144      756E7465 
 2144      7200
 2145              	.LASF58:
 2146 0277 4D757465 		.ascii	"Mutex\000"
 2146      7800
 2147              	.LASF31:
 2148 027d 705F6F6C 		.ascii	"p_older\000"
 2148      64657200 
 2149              	.LASF53:
 2150 0285 725F6374 		.ascii	"r_ctx\000"
 2150      7800
 2151              	.LASF45:
 2152 028b 54687265 		.ascii	"ThreadsQueue\000"
 2152      61647351 
 2152      75657565 
 2152      00
 2153              	.LASF119:
ARM GAS  /tmp/cc1BVy31.s 			page 41


 2154 0298 6D61696E 		.ascii	"main.c\000"
 2154      2E6300
 2155              	.LASF55:
 2156 029f 725F6F6C 		.ascii	"r_older\000"
 2156      64657200 
 2157              	.LASF65:
 2158 02a7 656C5F6D 		.ascii	"el_mask\000"
 2158      61736B00 
 2159              	.LASF123:
 2160 02af 77615468 		.ascii	"waThread1\000"
 2160      72656164 
 2160      3100
 2161              	.LASF18:
 2162 02b9 74726566 		.ascii	"trefs_t\000"
 2162      735F7400 
 2163              	.LASF89:
 2164 02c1 52455345 		.ascii	"RESERVED0\000"
 2164      52564544 
 2164      3000
 2165              	.LASF90:
 2166 02cb 52455345 		.ascii	"RESERVED1\000"
 2166      52564544 
 2166      3100
 2167              	.LASF91:
 2168 02d5 52455345 		.ascii	"RESERVED2\000"
 2168      52564544 
 2168      3200
 2169              	.LASF92:
 2170 02df 52455345 		.ascii	"RESERVED3\000"
 2170      52564544 
 2170      3300
 2171              	.LASF93:
 2172 02e9 52455345 		.ascii	"RESERVED4\000"
 2172      52564544 
 2172      3400
 2173              	.LASF27:
 2174 02f3 705F7072 		.ascii	"p_prev\000"
 2174      657600
 2175              	.LASF96:
 2176 02fa 52455345 		.ascii	"RESERVED6\000"
 2176      52564544 
 2176      3600
 2177              	.LASF20:
 2178 0304 74707269 		.ascii	"tprio_t\000"
 2178      6F5F7400 
 2179              	.LASF80:
 2180 030c 715F7264 		.ascii	"q_rdptr\000"
 2180      70747200 
 2181              	.LASF15:
 2182 0314 5F426F6F 		.ascii	"_Bool\000"
 2182      6C00
 2183              	.LASF8:
 2184 031a 696E7433 		.ascii	"int32_t\000"
 2184      325F7400 
 2185              	.LASF4:
 2186 0322 756E7369 		.ascii	"unsigned char\000"
 2186      676E6564 
ARM GAS  /tmp/cc1BVy31.s 			page 42


 2186      20636861 
 2186      7200
 2187              	.LASF64:
 2188 0330 656C5F6C 		.ascii	"el_listener\000"
 2188      69737465 
 2188      6E657200 
 2189              	.LASF66:
 2190 033c 656C5F66 		.ascii	"el_flags\000"
 2190      6C616773 
 2190      00
 2191              	.LASF42:
 2192 0345 705F6D74 		.ascii	"p_mtxlist\000"
 2192      786C6973 
 2192      7400
 2193              	.LASF5:
 2194 034f 73686F72 		.ascii	"short int\000"
 2194      7420696E 
 2194      7400
 2195              	.LASF33:
 2196 0359 705F7374 		.ascii	"p_state\000"
 2196      61746500 
 2197              	.LASF36:
 2198 0361 705F7072 		.ascii	"p_preempt\000"
 2198      65656D70 
 2198      7400
 2199              	.LASF52:
 2200 036b 725F7072 		.ascii	"r_prio\000"
 2200      696F00
 2201              	.LASF72:
 2202 0372 65776D61 		.ascii	"ewmask\000"
 2202      736B00
 2203              	.LASF26:
 2204 0379 705F6E65 		.ascii	"p_next\000"
 2204      787400
 2205              	.LASF34:
 2206 0380 705F666C 		.ascii	"p_flags\000"
 2206      61677300 
 2207              	.LASF63:
 2208 0388 656C5F6E 		.ascii	"el_next\000"
 2208      65787400 
 2209              	.LASF100:
 2210 0390 53445F53 		.ascii	"SD_STOP\000"
 2210      544F5000 
 2211              	.LASF25:
 2212 0398 54687265 		.ascii	"Thread\000"
 2212      616400
 2213              	.LASF87:
 2214 039f 4C434B52 		.ascii	"LCKR\000"
 2214      00
 2215              	.LASF41:
 2216 03a4 705F6570 		.ascii	"p_epending\000"
 2216      656E6469 
 2216      6E6700
 2217              	.LASF99:
 2218 03af 53445F55 		.ascii	"SD_UNINIT\000"
 2218      4E494E49 
 2218      5400
ARM GAS  /tmp/cc1BVy31.s 			page 43


 2219              	.LASF94:
 2220 03b9 52455345 		.ascii	"RESERVED5\000"
 2220      52564544 
 2220      3500
 2221              	.LASF10:
 2222 03c3 75696E74 		.ascii	"uint32_t\000"
 2222      33325F74 
 2222      00
 2223              	.LASF51:
 2224 03cc 725F7175 		.ascii	"r_queue\000"
 2224      65756500 
 2225              	.LASF102:
 2226 03d4 73647374 		.ascii	"sdstate_t\000"
 2226      6174655F 
 2226      7400
 2227              	.LASF103:
 2228 03de 53657269 		.ascii	"SerialDriver\000"
 2228      616C4472 
 2228      69766572 
 2228      00
 2229              	.LASF11:
 2230 03eb 6C6F6E67 		.ascii	"long unsigned int\000"
 2230      20756E73 
 2230      69676E65 
 2230      6420696E 
 2230      7400
 2231              	.LASF56:
 2232 03fd 725F6375 		.ascii	"r_current\000"
 2232      7272656E 
 2232      7400
 2233              	.LASF111:
 2234 0407 72656164 		.ascii	"read\000"
 2234      00
 2235              	.LASF73:
 2236 040c 63686172 		.ascii	"char\000"
 2236      00
 2237              	.LASF61:
 2238 0411 6D5F6E65 		.ascii	"m_next\000"
 2238      787400
 2239              	.LASF24:
 2240 0418 73797374 		.ascii	"systime_t\000"
 2240      696D655F 
 2240      7400
 2241              	.LASF43:
 2242 0422 705F7265 		.ascii	"p_realprio\000"
 2242      616C7072 
 2242      696F00
 2243              	.LASF50:
 2244 042d 636F6E74 		.ascii	"context\000"
 2244      65787400 
 2245              	.LASF49:
 2246 0435 696E7463 		.ascii	"intctx\000"
 2246      747800
 2247              	.LASF101:
 2248 043c 53445F52 		.ascii	"SD_READY\000"
 2248      45414459 
 2248      00
ARM GAS  /tmp/cc1BVy31.s 			page 44


 2249              	.LASF78:
 2250 0445 715F746F 		.ascii	"q_top\000"
 2250      7000
 2251              	.LASF32:
 2252 044b 705F6E61 		.ascii	"p_name\000"
 2252      6D6500
 2253              	.LASF68:
 2254 0452 65735F6E 		.ascii	"es_next\000"
 2254      65787400 
 2255              	.LASF57:
 2256 045a 52656164 		.ascii	"ReadyList\000"
 2256      794C6973 
 2256      7400
 2257              	.LASF81:
 2258 0464 715F6E6F 		.ascii	"q_notify\000"
 2258      74696679 
 2258      00
 2259              	.LASF116:
 2260 046d 726C6973 		.ascii	"rlist\000"
 2260      7400
 2261              	.LASF3:
 2262 0473 75696E74 		.ascii	"uint8_t\000"
 2262      385F7400 
 2263              	.LASF62:
 2264 047b 4576656E 		.ascii	"EventListener\000"
 2264      744C6973 
 2264      74656E65 
 2264      7200
 2265              	.LASF71:
 2266 0489 77746F62 		.ascii	"wtobjp\000"
 2266      6A7000
 2267              	.LASF40:
 2268 0490 705F6D73 		.ascii	"p_msg\000"
 2268      6700
 2269              	.LASF122:
 2270 0496 6D61696E 		.ascii	"main\000"
 2270      00
 2271              	.LASF60:
 2272 049b 6D5F6F77 		.ascii	"m_owner\000"
 2272      6E657200 
 2273              	.LASF29:
 2274 04a3 705F6374 		.ascii	"p_ctx\000"
 2274      7800
 2275              	.LASF38:
 2276 04a9 705F7761 		.ascii	"p_waiting\000"
 2276      6974696E 
 2276      6700
 2277              		.ident	"GCC: (Linaro GCC 4.6-2011.09-1) 4.6.2 20110908 (prerelease)"
ARM GAS  /tmp/cc1BVy31.s 			page 45


DEFINED SYMBOLS
                            *ABS*:0000000000000000 main.c
     /tmp/cc1BVy31.s:18     .text.Thread1:0000000000000000 $t
     /tmp/cc1BVy31.s:23     .text.Thread1:0000000000000000 Thread1
     /tmp/cc1BVy31.s:70     .text.Thread1:000000000000002c $d
     /tmp/cc1BVy31.s:76     .text.startup.main:0000000000000000 $t
     /tmp/cc1BVy31.s:82     .text.startup.main:0000000000000000 main
     /tmp/cc1BVy31.s:135    .text.startup.main:0000000000000048 $d
     /tmp/cc1BVy31.s:142    .bss.waThread1:0000000000000000 $d
     /tmp/cc1BVy31.s:146    .bss.waThread1:0000000000000000 waThread1
     /tmp/cc1BVy31.s:149    .rodata.str1.4:0000000000000000 $d
                     .debug_frame:0000000000000010 $d
     /tmp/cc1BVy31.s:75     .text.Thread1:0000000000000034 $t
     /tmp/cc1BVy31.s:141    .text.startup.main:0000000000000054 $t

UNDEFINED SYMBOLS
chThdSleep
rlist
halInit
chSysInit
sdStart
chThdCreateStatic
TestThread
SD2
